33.2501 	WARNING 	Font Manager failed to load file /System/Library/PrivateFrameworks/FontServices.framework/Resources/Reserved/PingFangUI.ttc
33.3465 	WARNING 	Font Manager failed to load file /System/Library/PrivateFrameworks/FontServices.framework/Resources/Reserved/PingFangUI.ttc
41.4960 	INFO 	Loaded monitor calibration from ['2026_01_13 14:36']
42.0221 	INFO 	Using renderer 'Apple M2' for graphics
42.0221 	INFO 	OpenGL version supported by driver is 2..
42.1040 	EXP 	Created window1 = Window(allowGUI=False, allowStencil=True, autoLog=True, backendConf=UNKNOWN, backgroundFit=<method-wrapper '__getattribute__' of attributeSetter object at 0x16e9a9690>, backgroundImage=<method-wrapper '__getattribute__' of attributeSetter object at 0x16e9a9630>, bitsMode=UNKNOWN, blendMode='avg', bpc=(8, 8, 8), color=array([0, 0, 0]), colorSpace='rgb', depthBits=8, fullscr=True, gamma=None, gammaErrorPolicy='raise', infoMsg=UNKNOWN, lms=UNKNOWN, monitor=<psychopy.monitors.calibTools.Monitor object at 0x16e95a080>, multiSample=False, name='window1', numSamples=2, pos=[np.float64(0.0), np.float64(0.0)], screen=0, size=array([2940, 1912]), stencilBits=8, stereo=False, title='PsychoPy', units='height', useFBO=True, useRetina=True, viewOri=0.0, viewPos=None, viewScale=None, waitBlanking=True, winType='pyglet')
42.1042 	EXP 	window1: backgroundImage = ''
42.1042 	EXP 	window1: backgroundFit = 'none'
42.6867 	EXP 	window1: Attempting to measure frame rate of screen (0) ...
42.6867 	EXP 	window1: recordFrameIntervals = False
43.0202 	EXP 	window1: recordFrameIntervals = True
43.8540 	WARNING 	Couldn't measure a consistent frame rate!
  - Is your graphics card set to sync to vertical blank?
  - Are you running other processes on your computer?

45.7420 	INFO 	keyboard.Keyboard is using ptb backend.
45.7420 	EXP 	TEST_training_task: status = STARTED
45.9177 	EXP 	Created text_instructions = TextStim(__class__=<class 'psychopy.visual.text.TextStim'>, alignHoriz=method-wrapper(...), alignText='center', alignVert=method-wrapper(...), anchorHoriz='center', anchorVert='center', antialias=True, autoDraw=False, autoLog=True, bold=False, color=array([1., 1., 1.]), colorSpace='rgb', contrast=1.0, depth=0.0, draggable=False, flipHoriz=False, flipVert=False, font='Open Sans', fontFiles=[], height=np.float64(0.05), italic=False, languageStyle='LTR', name='text_instructions', opacity=1, ori=0.0, pos=array([0., 0.]), rgb=UNKNOWN, text=str(...), units='height', win=Window(...), wrapWidth=1)
45.9674 	INFO 	saved data to /Users/oliviayin/Desktop/TEST/data/%(participant)s_%(date)s_24.psydat
45.9679 	INFO 	saved data to '/Users/oliviayin/Desktop/TEST/data/%(participant)s_%(date)s_24.csv'
45.9972 	WARNING 	Stopping key buffers but this could be dangerous ifother keyboards rely on the same.
