33.8647 	WARNING 	Font Manager failed to load file /System/Library/PrivateFrameworks/FontServices.framework/Resources/Reserved/PingFangUI.ttc
33.9669 	WARNING 	Font Manager failed to load file /System/Library/PrivateFrameworks/FontServices.framework/Resources/Reserved/PingFangUI.ttc
41.5642 	INFO 	Loaded monitor calibration from ['2026_01_13 14:36']
41.5794 	WARNING 	User requested fullscreen with size [1024  768], but screen is actually [1470, 956]. Using actual size
41.9448 	INFO 	Using renderer 'Apple M2' for graphics
41.9448 	INFO 	OpenGL version supported by driver is 2..
42.0196 	EXP 	Created window1 = Window(allowGUI=False, allowStencil=False, autoLog=True, backendConf=UNKNOWN, backgroundFit=<method-wrapper '__getattribute__' of attributeSetter object at 0x1703d3430>, backgroundImage=<method-wrapper '__getattribute__' of attributeSetter object at 0x1703d3490>, bitsMode=UNKNOWN, blendMode='avg', bpc=(8, 8, 8), color=array([0, 0, 0]), colorSpace='rgb', depthBits=8, fullscr=True, gamma=None, gammaErrorPolicy='raise', infoMsg=UNKNOWN, lms=UNKNOWN, monitor=<psychopy.monitors.calibTools.Monitor object at 0x1703d9e70>, multiSample=False, name='window1', numSamples=2, pos=[np.float64(0.0), np.float64(0.0)], screen=0, size=array([2940, 1912]), stencilBits=0, stereo=False, title='PsychoPy', units='height', useFBO=True, useRetina=True, viewOri=0.0, viewPos=None, viewScale=None, waitBlanking=True, winType='pyglet')
42.0197 	EXP 	window1: backgroundImage = ''
42.0197 	EXP 	window1: backgroundFit = 'none'
42.5872 	EXP 	window1: Attempting to measure frame rate of screen (0) ...
42.5873 	EXP 	window1: recordFrameIntervals = False
42.9029 	EXP 	window1: recordFrameIntervals = True
43.7429 	WARNING 	Couldn't measure a consistent frame rate!
  - Is your graphics card set to sync to vertical blank?
  - Are you running other processes on your computer?

45.4607 	INFO 	keyboard.Keyboard is using ptb backend.
45.4607 	EXP 	encodingtask: status = STARTED
45.6173 	EXP 	Created text_instructions = TextStim(__class__=<class 'psychopy.visual.text.TextStim'>, alignHoriz=method-wrapper(...), alignText='center', alignVert=method-wrapper(...), anchorHoriz='center', anchorVert='center', antialias=True, autoDraw=False, autoLog=True, bold=False, color=array([1., 1., 1.]), colorSpace='rgb', contrast=1.0, depth=0.0, draggable=False, flipHoriz=False, flipVert=False, font='Open Sans', fontFiles=[], height=np.float64(0.035), italic=False, languageStyle='LTR', name='text_instructions', opacity=1, ori=0.0, pos=array([0., 0.]), rgb=UNKNOWN, text=str(...), units='height', win=Window(...), wrapWidth=1)
45.6182 	EXP 	Created text_keys = TextStim(__class__=<class 'psychopy.visual.text.TextStim'>, alignHoriz=method-wrapper(...), alignText='center', alignVert=method-wrapper(...), anchorHoriz='center', anchorVert='center', antialias=True, autoDraw=False, autoLog=True, bold=False, color=array([1., 1., 1.]), colorSpace='rgb', contrast=1.0, depth=0.0, draggable=False, flipHoriz=False, flipVert=False, font='Open Sans', fontFiles=[], height=0.05, italic=False, languageStyle='LTR', name='text_keys', opacity=1, ori=0.0, pos=array([0., 0.]), rgb=UNKNOWN, text='', units='height', win=Window(...), wrapWidth=1)
45.6193 	EXP 	Created text_2 = TextStim(__class__=<class 'psychopy.visual.text.TextStim'>, alignHoriz=method-wrapper(...), alignText='center', alignVert=method-wrapper(...), anchorHoriz='center', anchorVert='center', antialias=True, autoDraw=False, autoLog=True, bold=False, color=array([1., 1., 1.]), colorSpace='rgb', contrast=1.0, depth=0.0, draggable=False, flipHoriz=False, flipVert=False, font='Open Sans', fontFiles=[], height=np.float64(0.05), italic=False, languageStyle='LTR', name='text_2', opacity=1, ori=0.0, pos=array([0., 0.]), rgb=UNKNOWN, text='', units='height', win=Window(...), wrapWidth=1)
45.6808 	EXP 	Created image_integrated = ImageStim(__class__=<class 'psychopy.visual.image.ImageStim'>, anchor=('center', 'center'), autoLog=True, color=array([1., 1., 1.]), colorSpace='rgb', contrast=1.0, depth=-1.0, draggable=False, flipHoriz=np.False_, flipVert=np.False_, image='default.png', interpolate=True, mask=None, maskParams=None, name='image_integrated', opacity=1, ori=0.0, pos=array([0., 0.]), size=array([1920., 1080.]), texRes=128.0, units='height', win=Window(...))
45.6875 	EXP 	Created text_congruency = TextStim(__class__=<class 'psychopy.visual.text.TextStim'>, alignHoriz=method-wrapper(...), alignText='center', alignVert=method-wrapper(...), anchorHoriz='center', anchorVert='center', antialias=True, autoDraw=False, autoLog=True, bold=False, color=array([1., 1., 1.]), colorSpace='rgb', contrast=1.0, depth=0.0, draggable=False, flipHoriz=False, flipVert=False, font='Open Sans', fontFiles=[], height=np.float64(0.05), italic=False, languageStyle='LTR', name='text_congruency', opacity=1, ori=0.0, pos=array([0., 0.]), rgb=UNKNOWN, text='Related \nor Unrelated?', units='height', win=Window(...), wrapWidth=1)
45.6899 	EXP 	Created text_8 = TextStim(__class__=<class 'psychopy.visual.text.TextStim'>, alignHoriz=method-wrapper(...), alignText='center', alignVert=method-wrapper(...), anchorHoriz='center', anchorVert='center', antialias=True, autoDraw=False, autoLog=True, bold=False, color=array([1., 1., 1.]), colorSpace='rgb', contrast=1.0, depth=0.0, draggable=False, flipHoriz=False, flipVert=False, font='Open Sans', fontFiles=[], height=np.float64(0.05), italic=False, languageStyle='LTR', name='text_8', opacity=1, ori=0.0, pos=array([0., 0.]), rgb=UNKNOWN, text='+', units='height', win=Window(...), wrapWidth=1)
45.6969 	EXP 	Created text_run_pause = TextStim(__class__=<class 'psychopy.visual.text.TextStim'>, alignHoriz=method-wrapper(...), alignText='center', alignVert=method-wrapper(...), anchorHoriz='center', anchorVert='center', antialias=True, autoDraw=False, autoLog=True, bold=False, color=array([1., 1., 1.]), colorSpace='rgb', contrast=1.0, depth=-1.0, draggable=False, flipHoriz=False, flipVert=False, font='Open Sans', fontFiles=[], height=np.float64(0.05), italic=False, languageStyle='LTR', name='text_run_pause', opacity=1, ori=0.0, pos=array([0. , 0.3]), rgb=UNKNOWN, text=str(...), units='height', win=Window(...), wrapWidth=1)
45.6977 	EXP 	Created text_relatedness_pause = TextStim(__class__=<class 'psychopy.visual.text.TextStim'>, alignHoriz=method-wrapper(...), alignText='center', alignVert=method-wrapper(...), anchorHoriz='center', anchorVert='center', antialias=True, autoDraw=False, autoLog=True, bold=False, color=array([1., 1., 1.]), colorSpace='rgb', contrast=1.0, depth=-2.0, draggable=False, flipHoriz=False, flipVert=False, font='Open Sans', fontFiles=[], height=0.05, italic=False, languageStyle='LTR', name='text_relatedness_pause', opacity=1, ori=0.0, pos=array([ 0. , -0.1]), rgb=UNKNOWN, text='', units='height', win=Window(...), wrapWidth=1)
45.6983 	EXP 	Created text_end = TextStim(__class__=<class 'psychopy.visual.text.TextStim'>, alignHoriz=method-wrapper(...), alignText='center', alignVert=method-wrapper(...), anchorHoriz='center', anchorVert='center', antialias=True, autoDraw=False, autoLog=True, bold=False, color=array([1., 1., 1.]), colorSpace='rgb', contrast=1.0, depth=-1.0, draggable=False, flipHoriz=False, flipVert=False, font='Open Sans', fontFiles=[], height=0.05, italic=False, languageStyle='LTR', name='text_end', opacity=1, ori=0.0, pos=array([0., 0.]), rgb=UNKNOWN, text='', units='height', win=Window(...), wrapWidth=1)
0.0151 	EXP 	text_instructions: autoDraw = True
1.0058 	INFO 	Keyboard events cleared
5.3958 	EXP 	Device response: <KeyPress from None: t=5.115979832975427, value=space, duration=None>
5.3961 	EXP 	Device response: <KeyPress from None: t=5.115979832975427, value=space, duration=0.09400033301790245>
5.4240 	DATA 	Keypress: space
5.4287 	INFO 	Keyboard events cleared
5.4286 	WARNING 	t of last frame was 306.09ms (=1/3)
5.4286 	EXP 	text_instructions: autoDraw = False
5.4286 	EXP 	text_keys: height = np.float64(0.05)
5.4286 	EXP 	text_keys: height = np.float64(0.05)
5.4286 	EXP 	text_keys: height = np.float64(0.05)
5.4286 	EXP 	text_keys: text = 'If they are related, press Q\nIf they are unrelated, press P\n\nIMPORTANT: you should press P or Q only when you see the question, AFTER the scene and item disappeared from the screen!\n\nPress SPACEBAR to continue.'
5.4286 	EXP 	text_keys: autoDraw = True
7.0070 	EXP 	Device response: <KeyPress from None: t=7.000632540992228, value=space, duration=None>
7.0134 	DATA 	Keypress: space
7.0180 	EXP 	text_keys: autoDraw = False
7.0180 	EXP 	text_2: autoDraw = True
7.0387 	WARNING 	t of last frame was 20.67ms (=1/48)
7.1125 	EXP 	Device response: <KeyPress from None: t=7.000632540992228, value=space, duration=0.10825741698499769>
9.0234 	EXP 	Imported runs_params.xlsx as conditions, 3 conditions, 1 params
9.0258 	EXP 	New trial (rep=0, index=0): <Trial 0 (0 in rep 0) data={'run': 1, 'thisN': 0, 'thisTrialN': 0, 'thisRepN': 0}>
9.0393 	EXP 	Imported stimuli/stim_lists/stimuli_list_sub_315_run_1.csv as conditions, 80 conditions, 8 params
9.0402 	EXP 	New trial (rep=0, index=0): <Trial 0 (0 in rep 0) data={'scene_stimulus': 'stimuli/TESTscenes/UB_1.jpg', 'scene_cat': 'Undersea', 'scene_label': 'Somar', 'item_stimulus': 'stimuli/items/undersea_object_24.png', 'item_cat': 'Undersea', 'item_type': 'object', 'congruency': 'sc', 'integrated_stimulus': 'stimuli/integrated/undersea_b_undersea_object_24.jpg', 'thisN': 0, 'thisTrialN': 0, 'thisRepN': 0}>
10.2133 	WARNING 	t of last frame was 1207.42ms (=1/0)
10.2133 	EXP 	text_2: autoDraw = False
10.2133 	EXP 	text_2: autoDraw = False
10.2133 	EXP 	image_integrated: image = 'stimuli/integrated/undersea_b_undersea_object_24.jpg'
10.2133 	EXP 	image_integrated: autoDraw = True
11.0381 	INFO 	Keyboard events cleared
11.0378 	EXP 	image_integrated: autoDraw = False
11.0378 	EXP 	text_congruency: autoDraw = True
12.0342 	EXP 	text_congruency: autoDraw = False
12.0342 	EXP 	text_congruency: autoDraw = False
12.0342 	EXP 	text_8: autoDraw = True
13.0237 	EXP 	New trial (rep=0, index=1): <Trial 1 (1 in rep 0) data={'scene_stimulus': 'stimuli/TESTscenes/JA_1.jpg', 'scene_cat': 'Jungle', 'scene_label': 'Negvi', 'item_stimulus': 'stimuli/items/jungle_animal_21.png', 'item_cat': 'Jungle', 'item_type': 'animal', 'congruency': 'sc', 'integrated_stimulus': 'stimuli/integrated/jungle_b_jungle_animal_21.jpg', 'thisN': 1, 'thisTrialN': 1, 'thisRepN': 0}>
13.0715 	WARNING 	t of last frame was 48.64ms (=1/20)
13.0715 	EXP 	text_8: autoDraw = False
13.0715 	EXP 	text_8: autoDraw = False
13.0715 	EXP 	image_integrated: image = 'stimuli/integrated/jungle_b_jungle_animal_21.jpg'
13.0715 	EXP 	image_integrated: autoDraw = True
15.0387 	INFO 	Keyboard events cleared
15.0385 	EXP 	image_integrated: autoDraw = False
15.0385 	EXP 	text_congruency: autoDraw = True
15.5300 	EXP 	Device response: <KeyPress from None: t=15.528145207994385, value=escape, duration=None>
15.6016 	DATA 	Keypress: escape
15.6066 	WARNING 	Multiple dropped frames have occurred - I'll stop bothering you about them!
15.6072 	EXP 	Device response: <KeyPress from None: t=15.528145207994385, value=escape, duration=0.05001812498085201>
15.6073 	EXP 	encodingtask: status = STOPPED
15.6219 	EXP 	text_congruency: autoDraw = False
15.6219 	EXP 	encodingtask: status = STOPPED
15.6264 	INFO 	saved data to '/Users/oliviayin/Desktop/sbl_realistic integration/encoding_task_behav/data/315_encodingtask_2026-04-26_18h13.17.210.csv'
15.6343 	INFO 	saved data to /Users/oliviayin/Desktop/sbl_realistic integration/encoding_task_behav/data/315_encodingtask_2026-04-26_18h13.17.210.psydat
15.8874 	WARNING 	Stopping key buffers but this could be dangerous ifother keyboards rely on the same.
