34.5564 	WARNING 	Font Manager failed to load file /System/Library/PrivateFrameworks/FontServices.framework/Resources/Reserved/PingFangUI.ttc
34.7549 	WARNING 	Font Manager failed to load file /System/Library/PrivateFrameworks/FontServices.framework/Resources/Reserved/PingFangUI.ttc
66.9126 	INFO 	Loaded monitor calibration from ['2026_01_13 14:36']
66.9283 	WARNING 	User requested fullscreen with size [1024  768], but screen is actually [1470, 956]. Using actual size
67.3137 	INFO 	Using renderer 'Apple M2' for graphics
67.3138 	INFO 	OpenGL version supported by driver is 2..
67.3899 	EXP 	Created window1 = Window(allowGUI=False, allowStencil=False, autoLog=True, backendConf=UNKNOWN, backgroundFit=<method-wrapper '__getattribute__' of attributeSetter object at 0x17208f430>, backgroundImage=<method-wrapper '__getattribute__' of attributeSetter object at 0x17208f490>, bitsMode=UNKNOWN, blendMode='avg', bpc=(8, 8, 8), color=array([0, 0, 0]), colorSpace='rgb', depthBits=8, fullscr=True, gamma=None, gammaErrorPolicy='raise', infoMsg=UNKNOWN, lms=UNKNOWN, monitor=<psychopy.monitors.calibTools.Monitor object at 0x172075f30>, multiSample=False, name='window1', numSamples=2, pos=[np.float64(0.0), np.float64(0.0)], screen=0, size=array([2940, 1912]), stencilBits=0, stereo=False, title='PsychoPy', units='height', useFBO=True, useRetina=True, viewOri=0.0, viewPos=None, viewScale=None, waitBlanking=True, winType='pyglet')
67.3901 	EXP 	window1: backgroundImage = ''
67.3901 	EXP 	window1: backgroundFit = 'none'
67.9601 	EXP 	window1: Attempting to measure frame rate of screen (0) ...
67.9601 	EXP 	window1: recordFrameIntervals = False
68.2353 	EXP 	window1: recordFrameIntervals = True
69.0678 	WARNING 	Couldn't measure a consistent frame rate!
  - Is your graphics card set to sync to vertical blank?
  - Are you running other processes on your computer?

70.8478 	INFO 	keyboard.Keyboard is using ptb backend.
70.8479 	EXP 	encodingtask: status = STARTED
71.0092 	EXP 	Created text_instructions = TextStim(__class__=<class 'psychopy.visual.text.TextStim'>, alignHoriz=method-wrapper(...), alignText='center', alignVert=method-wrapper(...), anchorHoriz='center', anchorVert='center', antialias=True, autoDraw=False, autoLog=True, bold=False, color=array([1., 1., 1.]), colorSpace='rgb', contrast=1.0, depth=0.0, draggable=False, flipHoriz=False, flipVert=False, font='Open Sans', fontFiles=[], height=np.float64(0.035), italic=False, languageStyle='LTR', name='text_instructions', opacity=1, ori=0.0, pos=array([0. , 0.2]), rgb=UNKNOWN, text=str(...), units='height', win=Window(...), wrapWidth=1)
71.0102 	EXP 	Created text_keys = TextStim(__class__=<class 'psychopy.visual.text.TextStim'>, alignHoriz=method-wrapper(...), alignText='center', alignVert=method-wrapper(...), anchorHoriz='center', anchorVert='center', antialias=True, autoDraw=False, autoLog=True, bold=False, color=array([1., 1., 1.]), colorSpace='rgb', contrast=1.0, depth=0.0, draggable=False, flipHoriz=False, flipVert=False, font='Open Sans', fontFiles=[], height=0.05, italic=False, languageStyle='LTR', name='text_keys', opacity=1, ori=0.0, pos=array([0., 0.]), rgb=UNKNOWN, text='', units='height', win=Window(...), wrapWidth=1)
71.0112 	EXP 	Created text_2 = TextStim(__class__=<class 'psychopy.visual.text.TextStim'>, alignHoriz=method-wrapper(...), alignText='center', alignVert=method-wrapper(...), anchorHoriz='center', anchorVert='center', antialias=True, autoDraw=False, autoLog=True, bold=False, color=array([1., 1., 1.]), colorSpace='rgb', contrast=1.0, depth=0.0, draggable=False, flipHoriz=False, flipVert=False, font='Open Sans', fontFiles=[], height=np.float64(0.05), italic=False, languageStyle='LTR', name='text_2', opacity=1, ori=0.0, pos=array([0., 0.]), rgb=UNKNOWN, text='', units='height', win=Window(...), wrapWidth=1)
71.0734 	EXP 	Created image_integrated = ImageStim(__class__=<class 'psychopy.visual.image.ImageStim'>, anchor=('center', 'center'), autoLog=True, color=array([1., 1., 1.]), colorSpace='rgb', contrast=1.0, depth=-1.0, draggable=False, flipHoriz=np.False_, flipVert=np.False_, image='default.png', interpolate=True, mask=None, maskParams=None, name='image_integrated', opacity=1, ori=0.0, pos=array([ 0.  , -0.05]), size=array([1.2  , 0.675]), texRes=128.0, units='height', win=Window(...))
71.0800 	EXP 	Created text_congruency = TextStim(__class__=<class 'psychopy.visual.text.TextStim'>, alignHoriz=method-wrapper(...), alignText='center', alignVert=method-wrapper(...), anchorHoriz='center', anchorVert='center', antialias=True, autoDraw=False, autoLog=True, bold=False, color=array([1., 1., 1.]), colorSpace='rgb', contrast=1.0, depth=0.0, draggable=False, flipHoriz=False, flipVert=False, font='Open Sans', fontFiles=[], height=np.float64(0.05), italic=False, languageStyle='LTR', name='text_congruency', opacity=1, ori=0.0, pos=array([0., 0.]), rgb=UNKNOWN, text='Related \nor Unrelated?', units='height', win=Window(...), wrapWidth=1)
71.0823 	EXP 	Created text_8 = TextStim(__class__=<class 'psychopy.visual.text.TextStim'>, alignHoriz=method-wrapper(...), alignText='center', alignVert=method-wrapper(...), anchorHoriz='center', anchorVert='center', antialias=True, autoDraw=False, autoLog=True, bold=False, color=array([1., 1., 1.]), colorSpace='rgb', contrast=1.0, depth=0.0, draggable=False, flipHoriz=False, flipVert=False, font='Open Sans', fontFiles=[], height=np.float64(0.05), italic=False, languageStyle='LTR', name='text_8', opacity=1, ori=0.0, pos=array([0., 0.]), rgb=UNKNOWN, text='+', units='height', win=Window(...), wrapWidth=1)
71.0895 	EXP 	Created text_run_pause = TextStim(__class__=<class 'psychopy.visual.text.TextStim'>, alignHoriz=method-wrapper(...), alignText='center', alignVert=method-wrapper(...), anchorHoriz='center', anchorVert='center', antialias=True, autoDraw=False, autoLog=True, bold=False, color=array([1., 1., 1.]), colorSpace='rgb', contrast=1.0, depth=-1.0, draggable=False, flipHoriz=False, flipVert=False, font='Open Sans', fontFiles=[], height=np.float64(0.05), italic=False, languageStyle='LTR', name='text_run_pause', opacity=1, ori=0.0, pos=array([0. , 0.3]), rgb=UNKNOWN, text=str(...), units='height', win=Window(...), wrapWidth=1)
71.0905 	EXP 	Created text_relatedness_pause = TextStim(__class__=<class 'psychopy.visual.text.TextStim'>, alignHoriz=method-wrapper(...), alignText='center', alignVert=method-wrapper(...), anchorHoriz='center', anchorVert='center', antialias=True, autoDraw=False, autoLog=True, bold=False, color=array([1., 1., 1.]), colorSpace='rgb', contrast=1.0, depth=-2.0, draggable=False, flipHoriz=False, flipVert=False, font='Open Sans', fontFiles=[], height=0.05, italic=False, languageStyle='LTR', name='text_relatedness_pause', opacity=1, ori=0.0, pos=array([ 0. , -0.1]), rgb=UNKNOWN, text='', units='height', win=Window(...), wrapWidth=1)
71.0912 	EXP 	Created text_end = TextStim(__class__=<class 'psychopy.visual.text.TextStim'>, alignHoriz=method-wrapper(...), alignText='center', alignVert=method-wrapper(...), anchorHoriz='center', anchorVert='center', antialias=True, autoDraw=False, autoLog=True, bold=False, color=array([1., 1., 1.]), colorSpace='rgb', contrast=1.0, depth=-1.0, draggable=False, flipHoriz=False, flipVert=False, font='Open Sans', fontFiles=[], height=0.05, italic=False, languageStyle='LTR', name='text_end', opacity=1, ori=0.0, pos=array([0., 0.]), rgb=UNKNOWN, text='', units='height', win=Window(...), wrapWidth=1)
0.0182 	EXP 	text_instructions: autoDraw = True
1.0014 	INFO 	Keyboard events cleared
4.3853 	EXP 	Device response: <KeyPress from None: t=4.094156917009968, value=space, duration=None>
4.3856 	EXP 	Device response: <KeyPress from None: t=4.094156917009968, value=space, duration=0.07402095798170194>
4.4133 	DATA 	Keypress: space
4.4181 	INFO 	Keyboard events cleared
4.4180 	WARNING 	t of last frame was 324.01ms (=1/3)
4.4180 	EXP 	text_instructions: autoDraw = False
4.4180 	EXP 	text_keys: height = np.float64(0.05)
4.4180 	EXP 	text_keys: height = np.float64(0.05)
4.4180 	EXP 	text_keys: height = np.float64(0.05)
4.4180 	EXP 	text_keys: text = 'If they are related, press P\nIf they are unrelated, press Q\n\nIMPORTANT: you should press P or Q only when you see the question, AFTER the scene and item disappeared from the screen!\n\nPress SPACEBAR to continue.'
4.4180 	EXP 	text_keys: autoDraw = True
5.3014 	EXP 	Device response: <KeyPress from None: t=5.296868125005858, value=space, duration=None>
5.3073 	DATA 	Keypress: space
5.3122 	EXP 	text_keys: autoDraw = False
5.3122 	EXP 	text_2: autoDraw = True
5.4129 	EXP 	Device response: <KeyPress from None: t=5.296868125005858, value=space, duration=0.10422058298718184>
8.6745 	EXP 	Imported runs_params.xlsx as conditions, 3 conditions, 1 params
8.6770 	EXP 	New trial (rep=0, index=0): <Trial 0 (0 in rep 0) data={'run': 1, 'thisN': 0, 'thisTrialN': 0, 'thisRepN': 0}>
8.6901 	EXP 	Imported stimuli/stim_lists/stimuli_list_sub_320_run_1.csv as conditions, 80 conditions, 8 params
8.6910 	EXP 	New trial (rep=0, index=0): <Trial 0 (0 in rep 0) data={'scene_stimulus': 'stimuli/TESTscenes/UA_1.jpg', 'scene_cat': 'Undersea', 'scene_label': 'Somar', 'item_stimulus': 'stimuli/items/jungle_object_4.png', 'item_cat': 'Jungle', 'item_type': 'object', 'congruency': 'si', 'integrated_stimulus': 'stimuli/integrated/jungle_a_jungle_object_4.jpg', 'thisN': 0, 'thisTrialN': 0, 'thisRepN': 0}>
9.9469 	WARNING 	t of last frame was 2647.03ms (=1/0)
9.9469 	EXP 	text_2: autoDraw = False
9.9469 	EXP 	text_2: autoDraw = False
9.9469 	EXP 	image_integrated: image = 'stimuli/integrated/jungle_a_jungle_object_4.jpg'
9.9469 	EXP 	image_integrated: autoDraw = True
10.6863 	INFO 	Keyboard events cleared
10.6861 	EXP 	image_integrated: autoDraw = False
10.6861 	EXP 	text_congruency: autoDraw = True
11.6931 	EXP 	text_congruency: autoDraw = False
11.6931 	EXP 	text_8: autoDraw = True
11.9298 	EXP 	Device response: <KeyPress from None: t=11.922978249989683, value=p, duration=None>
11.9360 	DATA 	Keypress: p
12.0010 	EXP 	Device response: <KeyPress from None: t=11.922978249989683, value=p, duration=0.07400433300063014>
12.1630 	EXP 	Device response: <KeyPress from None: t=12.160638833011035, value=p, duration=None>
12.1691 	DATA 	Keypress: p
12.1949 	EXP 	Device response: <KeyPress from None: t=12.160638833011035, value=p, duration=0.03225683397613466>
12.6785 	EXP 	New trial (rep=0, index=1): <Trial 1 (1 in rep 0) data={'scene_stimulus': 'stimuli/TESTscenes/JB_1.jpg', 'scene_cat': 'Jungle', 'scene_label': 'Tulon', 'item_stimulus': 'stimuli/items/undersea_object_20.png', 'item_cat': 'Undersea', 'item_type': 'object', 'congruency': 'si', 'integrated_stimulus': 'stimuli/integrated/undersea_b_undersea_object_20.jpg', 'thisN': 1, 'thisTrialN': 1, 'thisRepN': 0}>
12.7191 	WARNING 	t of last frame was 41.15ms (=1/24)
12.7191 	EXP 	text_8: autoDraw = False
12.7191 	EXP 	image_integrated: image = 'stimuli/integrated/undersea_b_undersea_object_20.jpg'
12.7191 	EXP 	image_integrated: autoDraw = True
14.6841 	INFO 	Keyboard events cleared
14.6839 	EXP 	image_integrated: autoDraw = False
14.6839 	EXP 	text_congruency: autoDraw = True
15.2678 	EXP 	Device response: <KeyPress from None: t=15.2644112080161, value=q, duration=None>
15.2738 	DATA 	Keypress: q
15.2796 	EXP 	text_congruency: autoDraw = False
15.2796 	EXP 	text_8: autoDraw = True
15.3626 	EXP 	Device response: <KeyPress from None: t=15.2644112080161, value=q, duration=0.08447012497344986>
16.2670 	EXP 	New trial (rep=0, index=2): <Trial 2 (2 in rep 0) data={'scene_stimulus': 'stimuli/TESTscenes/UB_1.jpg', 'scene_cat': 'Undersea', 'scene_label': 'Malbow', 'item_stimulus': 'stimuli/items/jungle_animal_21.png', 'item_cat': 'Jungle', 'item_type': 'animal', 'congruency': 'si', 'integrated_stimulus': 'stimuli/integrated/jungle_b_jungle_animal_21.jpg', 'thisN': 2, 'thisTrialN': 2, 'thisRepN': 0}>
17.2383 	WARNING 	t of last frame was 971.87ms (=1/1)
17.2383 	EXP 	text_8: autoDraw = False
17.2383 	EXP 	text_8: autoDraw = False
17.2383 	EXP 	image_integrated: image = 'stimuli/integrated/jungle_b_jungle_animal_21.jpg'
17.2383 	EXP 	image_integrated: autoDraw = True
18.2841 	INFO 	Keyboard events cleared
18.2839 	EXP 	image_integrated: autoDraw = False
18.2839 	EXP 	text_congruency: autoDraw = True
18.8176 	EXP 	Device response: <KeyPress from None: t=18.816478166991146, value=q, duration=None>
18.8275 	EXP 	text_congruency: autoDraw = False
18.8275 	EXP 	text_8: autoDraw = True
18.8330 	DATA 	Keypress: q
18.9116 	EXP 	Device response: <KeyPress from None: t=18.816478166991146, value=q, duration=0.0923194580245763>
19.8116 	EXP 	New trial (rep=0, index=3): <Trial 3 (3 in rep 0) data={'scene_stimulus': 'stimuli/TESTscenes/UA_1.jpg', 'scene_cat': 'Undersea', 'scene_label': 'Somar', 'item_stimulus': 'stimuli/items/jungle_object_15.png', 'item_cat': 'Jungle', 'item_type': 'object', 'congruency': 'si', 'integrated_stimulus': 'stimuli/integrated/jungle_b_jungle_object_15.jpg', 'thisN': 3, 'thisTrialN': 3, 'thisRepN': 0}>
19.8509 	WARNING 	Multiple dropped frames have occurred - I'll stop bothering you about them!
19.8509 	EXP 	text_8: autoDraw = False
19.8509 	EXP 	text_8: autoDraw = False
19.8509 	EXP 	image_integrated: image = 'stimuli/integrated/jungle_b_jungle_object_15.jpg'
19.8509 	EXP 	image_integrated: autoDraw = True
21.8341 	INFO 	Keyboard events cleared
21.8339 	EXP 	image_integrated: autoDraw = False
21.8339 	EXP 	text_congruency: autoDraw = True
22.6463 	EXP 	Device response: <KeyPress from None: t=22.642346375010675, value=q, duration=None>
22.6532 	DATA 	Keypress: q
22.6583 	EXP 	text_congruency: autoDraw = False
22.6583 	EXP 	text_8: autoDraw = True
22.6954 	EXP 	Device response: <KeyPress from None: t=22.642346375010675, value=q, duration=0.04825512500246987>
23.6451 	EXP 	New trial (rep=0, index=4): <Trial 4 (4 in rep 0) data={'scene_stimulus': 'stimuli/TESTscenes/JA_1.jpg', 'scene_cat': 'Jungle', 'scene_label': 'Negvi', 'item_stimulus': 'stimuli/items/undersea_animal_28.png', 'item_cat': 'Undersea', 'item_type': 'animal', 'congruency': 'si', 'integrated_stimulus': 'stimuli/integrated/undersea_a_undersea_animal_28.jpg', 'thisN': 4, 'thisTrialN': 4, 'thisRepN': 0}>
24.7019 	EXP 	text_8: autoDraw = False
24.7019 	EXP 	text_8: autoDraw = False
24.7019 	EXP 	image_integrated: image = 'stimuli/integrated/undersea_a_undersea_animal_28.jpg'
24.7019 	EXP 	image_integrated: autoDraw = True
25.6611 	INFO 	Keyboard events cleared
25.6608 	EXP 	image_integrated: autoDraw = False
25.6608 	EXP 	text_congruency: autoDraw = True
26.6508 	EXP 	text_congruency: autoDraw = False
26.6508 	EXP 	text_congruency: autoDraw = False
26.6508 	EXP 	text_8: autoDraw = True
26.9958 	EXP 	Device response: <KeyPress from None: t=26.994434041989734, value=q, duration=None>
27.0072 	DATA 	Keypress: q
27.0454 	EXP 	Device response: <KeyPress from None: t=26.994434041989734, value=q, duration=0.046101541025564075>
27.6341 	EXP 	New trial (rep=0, index=5): <Trial 5 (5 in rep 0) data={'scene_stimulus': 'stimuli/TESTscenes/UA_1.jpg', 'scene_cat': 'Undersea', 'scene_label': 'Somar', 'item_stimulus': 'stimuli/items/undersea_animal_7.png', 'item_cat': 'Undersea', 'item_type': 'animal', 'congruency': 'sc', 'integrated_stimulus': 'stimuli/integrated/undersea_a_undersea_animal_7.jpg', 'thisN': 5, 'thisTrialN': 5, 'thisRepN': 0}>
27.6723 	EXP 	text_8: autoDraw = False
27.6723 	EXP 	text_8: autoDraw = False
27.6723 	EXP 	image_integrated: image = 'stimuli/integrated/undersea_a_undersea_animal_7.jpg'
27.6723 	EXP 	image_integrated: autoDraw = True
29.6609 	INFO 	Keyboard events cleared
29.6607 	EXP 	image_integrated: autoDraw = False
29.6607 	EXP 	text_congruency: autoDraw = True
30.1345 	EXP 	Device response: <KeyPress from None: t=30.132167708012275, value=escape, duration=None>
30.2061 	DATA 	Keypress: escape
30.2118 	EXP 	Device response: <KeyPress from None: t=30.132167708012275, value=escape, duration=0.06824745898484252>
30.2118 	EXP 	encodingtask: status = STOPPED
30.2268 	EXP 	text_congruency: autoDraw = False
30.2269 	EXP 	encodingtask: status = STOPPED
30.2305 	INFO 	saved data to '/Users/oliviayin/Desktop/sbl_realistic integration/encoding_task_behav/data/320_encodingtask_2026-04-26_18h05.09.851.csv'
30.2331 	INFO 	saved data to /Users/oliviayin/Desktop/sbl_realistic integration/encoding_task_behav/data/320_encodingtask_2026-04-26_18h05.09.851.psydat
30.4798 	WARNING 	Stopping key buffers but this could be dangerous ifother keyboards rely on the same.
