22.1053 	WARNING 	Font Manager failed to load file /System/Library/PrivateFrameworks/FontServices.framework/Resources/Reserved/PingFangUI.ttc
22.2095 	WARNING 	Font Manager failed to load file /System/Library/PrivateFrameworks/FontServices.framework/Resources/Reserved/PingFangUI.ttc
40.0008 	INFO 	Loaded monitor calibration from ['2026_01_13 14:36']
40.0311 	WARNING 	User requested fullscreen with size [1024  768], but screen is actually [1470, 956]. Using actual size
40.4048 	INFO 	Using renderer 'Apple M2' for graphics
40.4048 	INFO 	OpenGL version supported by driver is 2..
40.4681 	EXP 	Created window1 = Window(allowGUI=False, allowStencil=False, autoLog=True, backendConf=UNKNOWN, backgroundFit=<method-wrapper '__getattribute__' of attributeSetter object at 0x170244c10>, backgroundImage=<method-wrapper '__getattribute__' of attributeSetter object at 0x170244bb0>, bitsMode=UNKNOWN, blendMode='avg', bpc=(8, 8, 8), color=array([0, 0, 0]), colorSpace='rgb', depthBits=8, fullscr=True, gamma=None, gammaErrorPolicy='raise', infoMsg=UNKNOWN, lms=UNKNOWN, monitor=<psychopy.monitors.calibTools.Monitor object at 0x170142320>, multiSample=False, name='window1', numSamples=2, pos=[np.float64(0.0), np.float64(0.0)], screen=0, size=array([2940, 1912]), stencilBits=0, stereo=False, title='PsychoPy', units='height', useFBO=True, useRetina=True, viewOri=0.0, viewPos=None, viewScale=None, waitBlanking=True, winType='pyglet')
40.4682 	EXP 	window1: backgroundImage = ''
40.4682 	EXP 	window1: backgroundFit = 'none'
40.8075 	EXP 	window1: Attempting to measure frame rate of screen (0) ...
40.8076 	EXP 	window1: recordFrameIntervals = False
41.1033 	EXP 	window1: recordFrameIntervals = True
41.9414 	WARNING 	Couldn't measure a consistent frame rate!
  - Is your graphics card set to sync to vertical blank?
  - Are you running other processes on your computer?

43.2193 	INFO 	keyboard.Keyboard is using ptb backend.
43.2194 	EXP 	encodingtask: status = STARTED
43.3882 	EXP 	Created text_instructions = TextStim(__class__=<class 'psychopy.visual.text.TextStim'>, alignHoriz=method-wrapper(...), alignText='center', alignVert=method-wrapper(...), anchorHoriz='center', anchorVert='center', antialias=True, autoDraw=False, autoLog=True, bold=False, color=array([1., 1., 1.]), colorSpace='rgb', contrast=1.0, depth=0.0, draggable=False, flipHoriz=False, flipVert=False, font='Open Sans', fontFiles=[], height=np.float64(0.045), italic=False, languageStyle='LTR', name='text_instructions', opacity=1, ori=0.0, pos=array([0., 0.]), rgb=UNKNOWN, text=str(...), units='height', win=Window(...), wrapWidth=1)
43.3888 	EXP 	Created text_keys = TextStim(__class__=<class 'psychopy.visual.text.TextStim'>, alignHoriz=method-wrapper(...), alignText='center', alignVert=method-wrapper(...), anchorHoriz='center', anchorVert='center', antialias=True, autoDraw=False, autoLog=True, bold=False, color=array([1., 1., 1.]), colorSpace='rgb', contrast=1.0, depth=0.0, draggable=False, flipHoriz=False, flipVert=False, font='Open Sans', fontFiles=[], height=0.05, italic=False, languageStyle='LTR', name='text_keys', opacity=1, ori=0.0, pos=array([0., 0.]), rgb=UNKNOWN, text='', units='height', win=Window(...), wrapWidth=1)
43.3894 	EXP 	Created text_2 = TextStim(__class__=<class 'psychopy.visual.text.TextStim'>, alignHoriz=method-wrapper(...), alignText='center', alignVert=method-wrapper(...), anchorHoriz='center', anchorVert='center', antialias=True, autoDraw=False, autoLog=True, bold=False, color=array([1., 1., 1.]), colorSpace='rgb', contrast=1.0, depth=0.0, draggable=False, flipHoriz=False, flipVert=False, font='Open Sans', fontFiles=[], height=np.float64(0.05), italic=False, languageStyle='LTR', name='text_2', opacity=1, ori=0.0, pos=array([0., 0.]), rgb=UNKNOWN, text='', units='height', win=Window(...), wrapWidth=1)
43.4401 	EXP 	Created image_integrated = ImageStim(__class__=<class 'psychopy.visual.image.ImageStim'>, anchor=('center', 'center'), autoLog=True, color=array([1., 1., 1.]), colorSpace='rgb', contrast=1.0, depth=-1.0, draggable=False, flipHoriz=np.False_, flipVert=np.False_, image='default.png', interpolate=True, mask=None, maskParams=None, name='image_integrated', opacity=1, ori=0.0, pos=array([0., 0.]), size=array([1.2  , 0.675]), texRes=128.0, units='height', win=Window(...))
43.4455 	EXP 	Created text_congruency = TextStim(__class__=<class 'psychopy.visual.text.TextStim'>, alignHoriz=method-wrapper(...), alignText='center', alignVert=method-wrapper(...), anchorHoriz='center', anchorVert='center', antialias=True, autoDraw=False, autoLog=True, bold=False, color=array([1., 1., 1.]), colorSpace='rgb', contrast=1.0, depth=0.0, draggable=False, flipHoriz=False, flipVert=False, font='Open Sans', fontFiles=[], height=np.float64(0.05), italic=False, languageStyle='LTR', name='text_congruency', opacity=1, ori=0.0, pos=array([0., 0.]), rgb=UNKNOWN, text='Related \nor Unrelated?', units='height', win=Window(...), wrapWidth=1)
43.4473 	EXP 	Created text_8 = TextStim(__class__=<class 'psychopy.visual.text.TextStim'>, alignHoriz=method-wrapper(...), alignText='center', alignVert=method-wrapper(...), anchorHoriz='center', anchorVert='center', antialias=True, autoDraw=False, autoLog=True, bold=False, color=array([1., 1., 1.]), colorSpace='rgb', contrast=1.0, depth=0.0, draggable=False, flipHoriz=False, flipVert=False, font='Open Sans', fontFiles=[], height=np.float64(0.05), italic=False, languageStyle='LTR', name='text_8', opacity=1, ori=0.0, pos=array([0., 0.]), rgb=UNKNOWN, text='+', units='height', win=Window(...), wrapWidth=1)
43.4679 	EXP 	Created text_run_pause = TextStim(__class__=<class 'psychopy.visual.text.TextStim'>, alignHoriz=method-wrapper(...), alignText='center', alignVert=method-wrapper(...), anchorHoriz='center', anchorVert='center', antialias=True, autoDraw=False, autoLog=True, bold=False, color=array([1., 1., 1.]), colorSpace='rgb', contrast=1.0, depth=-1.0, draggable=False, flipHoriz=False, flipVert=False, font='Open Sans', fontFiles=[], height=np.float64(0.05), italic=False, languageStyle='LTR', name='text_run_pause', opacity=1, ori=0.0, pos=array([0. , 0.3]), rgb=UNKNOWN, text=str(...), units='height', win=Window(...), wrapWidth=1)
43.4698 	EXP 	Created text_relatedness_pause = TextStim(__class__=<class 'psychopy.visual.text.TextStim'>, alignHoriz=method-wrapper(...), alignText='center', alignVert=method-wrapper(...), anchorHoriz='center', anchorVert='center', antialias=True, autoDraw=False, autoLog=True, bold=False, color=array([1., 1., 1.]), colorSpace='rgb', contrast=1.0, depth=-2.0, draggable=False, flipHoriz=False, flipVert=False, font='Open Sans', fontFiles=[], height=0.05, italic=False, languageStyle='LTR', name='text_relatedness_pause', opacity=1, ori=0.0, pos=array([ 0. , -0.1]), rgb=UNKNOWN, text='', units='height', win=Window(...), wrapWidth=1)
43.4715 	EXP 	Created text_end = TextStim(__class__=<class 'psychopy.visual.text.TextStim'>, alignHoriz=method-wrapper(...), alignText='center', alignVert=method-wrapper(...), anchorHoriz='center', anchorVert='center', antialias=True, autoDraw=False, autoLog=True, bold=False, color=array([1., 1., 1.]), colorSpace='rgb', contrast=1.0, depth=-1.0, draggable=False, flipHoriz=False, flipVert=False, font='Open Sans', fontFiles=[], height=0.05, italic=False, languageStyle='LTR', name='text_end', opacity=1, ori=0.0, pos=array([0., 0.]), rgb=UNKNOWN, text='', units='height', win=Window(...), wrapWidth=1)
0.0594 	EXP 	text_instructions: autoDraw = True
1.0458 	INFO 	Keyboard events cleared
2.5085 	EXP 	Device response: <KeyPress from None: t=2.2400581249967217, value=space, duration=None>
2.5087 	EXP 	Device response: <KeyPress from None: t=2.2400581249967217, value=space, duration=0.07798037497559562>
2.5405 	DATA 	Keypress: space
2.5457 	INFO 	Keyboard events cleared
2.5457 	WARNING 	t of last frame was 299.96ms (=1/3)
2.5457 	EXP 	text_instructions: autoDraw = False
2.5457 	EXP 	text_keys: height = np.float64(0.05)
2.5457 	EXP 	text_keys: height = np.float64(0.05)
2.5457 	EXP 	text_keys: height = np.float64(0.05)
2.5457 	EXP 	text_keys: text = 'If they are related, press Q\nIf they are unrelated, press P\n\nIMPORTANT: you should press P or Q only when you see the question, AFTER the scene and item disappeared from the screen!\n\nPress SPACEBAR to continue.'
2.5457 	EXP 	text_keys: autoDraw = True
4.2304 	EXP 	Device response: <KeyPress from None: t=4.2237774999812245, value=space, duration=None>
4.2373 	DATA 	Keypress: space
4.2421 	EXP 	text_keys: autoDraw = False
4.2421 	EXP 	text_2: autoDraw = True
4.3303 	EXP 	Device response: <KeyPress from None: t=4.2237774999812245, value=space, duration=0.10419562499737367>
4.3560 	WARNING 	t of last frame was 20.87ms (=1/47)
6.2502 	EXP 	Imported runs_params.xlsx as conditions, 3 conditions, 1 params
6.2557 	EXP 	New trial (rep=0, index=0): <Trial 0 (0 in rep 0) data={'run': 1, 'thisN': 0, 'thisTrialN': 0, 'thisRepN': 0}>
6.2972 	INFO 	saved data to /Users/oliviayin/Desktop/sbl_realistic integration/encoding_task_behav/data/330_encodingtask_2026-05-26_14h03.48.167.psydat
6.2978 	INFO 	saved data to '/Users/oliviayin/Desktop/sbl_realistic integration/encoding_task_behav/data/330_encodingtask_2026-05-26_14h03.48.167.csv'
6.3228 	WARNING 	Stopping key buffers but this could be dangerous ifother keyboards rely on the same.
