23.5102 	WARNING 	Font Manager failed to load file /System/Library/PrivateFrameworks/FontServices.framework/Resources/Reserved/PingFangUI.ttc
23.5980 	WARNING 	Font Manager failed to load file /System/Library/PrivateFrameworks/FontServices.framework/Resources/Reserved/PingFangUI.ttc
30.6484 	INFO 	Loaded monitor calibration from ['2026_01_13 14:36']
30.6893 	WARNING 	User requested fullscreen with size [1024  768], but screen is actually [1470, 956]. Using actual size
31.1591 	INFO 	Using renderer 'Apple M2' for graphics
31.1591 	INFO 	OpenGL version supported by driver is 2..
31.2275 	EXP 	Created window1 = Window(allowGUI=False, allowStencil=False, autoLog=True, backendConf=UNKNOWN, backgroundFit=<method-wrapper '__getattribute__' of attributeSetter object at 0x172571780>, backgroundImage=<method-wrapper '__getattribute__' of attributeSetter object at 0x172571720>, bitsMode=UNKNOWN, blendMode='avg', bpc=(8, 8, 8), color=array([0, 0, 0]), colorSpace='rgb', depthBits=8, fullscr=True, gamma=None, gammaErrorPolicy='raise', infoMsg=UNKNOWN, lms=UNKNOWN, monitor=<psychopy.monitors.calibTools.Monitor object at 0x1725b92d0>, multiSample=False, name='window1', numSamples=2, pos=[np.float64(0.0), np.float64(0.0)], screen=0, size=array([2940, 1912]), stencilBits=0, stereo=False, title='PsychoPy', units='height', useFBO=True, useRetina=True, viewOri=0.0, viewPos=None, viewScale=None, waitBlanking=True, winType='pyglet')
31.2276 	EXP 	window1: backgroundImage = ''
31.2276 	EXP 	window1: backgroundFit = 'none'
31.5734 	EXP 	window1: Attempting to measure frame rate of screen (0) ...
31.5734 	EXP 	window1: recordFrameIntervals = False
31.8644 	EXP 	window1: recordFrameIntervals = True
32.7011 	WARNING 	Couldn't measure a consistent frame rate!
  - Is your graphics card set to sync to vertical blank?
  - Are you running other processes on your computer?

35.2412 	INFO 	keyboard.Keyboard is using ptb backend.
35.2413 	EXP 	encodingtask: status = STARTED
35.4288 	EXP 	Created text_instructions = TextStim(__class__=<class 'psychopy.visual.text.TextStim'>, alignHoriz=method-wrapper(...), alignText='center', alignVert=method-wrapper(...), anchorHoriz='center', anchorVert='center', antialias=True, autoDraw=False, autoLog=True, bold=False, color=array([1., 1., 1.]), colorSpace='rgb', contrast=1.0, depth=0.0, draggable=False, flipHoriz=False, flipVert=False, font='Open Sans', fontFiles=[], height=np.float64(0.045), italic=False, languageStyle='LTR', name='text_instructions', opacity=1, ori=0.0, pos=array([0., 0.]), rgb=UNKNOWN, text=str(...), units='height', win=Window(...), wrapWidth=1)
35.4294 	EXP 	Created text_keys = TextStim(__class__=<class 'psychopy.visual.text.TextStim'>, alignHoriz=method-wrapper(...), alignText='center', alignVert=method-wrapper(...), anchorHoriz='center', anchorVert='center', antialias=True, autoDraw=False, autoLog=True, bold=False, color=array([1., 1., 1.]), colorSpace='rgb', contrast=1.0, depth=0.0, draggable=False, flipHoriz=False, flipVert=False, font='Open Sans', fontFiles=[], height=0.05, italic=False, languageStyle='LTR', name='text_keys', opacity=1, ori=0.0, pos=array([0., 0.]), rgb=UNKNOWN, text='', units='height', win=Window(...), wrapWidth=1)
35.4300 	EXP 	Created text_2 = TextStim(__class__=<class 'psychopy.visual.text.TextStim'>, alignHoriz=method-wrapper(...), alignText='center', alignVert=method-wrapper(...), anchorHoriz='center', anchorVert='center', antialias=True, autoDraw=False, autoLog=True, bold=False, color=array([1., 1., 1.]), colorSpace='rgb', contrast=1.0, depth=0.0, draggable=False, flipHoriz=False, flipVert=False, font='Open Sans', fontFiles=[], height=np.float64(0.05), italic=False, languageStyle='LTR', name='text_2', opacity=1, ori=0.0, pos=array([0., 0.]), rgb=UNKNOWN, text='', units='height', win=Window(...), wrapWidth=1)
35.4758 	EXP 	Created image_integrated = ImageStim(__class__=<class 'psychopy.visual.image.ImageStim'>, anchor=('center', 'center'), autoLog=True, color=array([1., 1., 1.]), colorSpace='rgb', contrast=1.0, depth=-1.0, draggable=False, flipHoriz=np.False_, flipVert=np.False_, image='default.png', interpolate=True, mask=None, maskParams=None, name='image_integrated', opacity=1, ori=0.0, pos=array([0., 0.]), size=array([1.2  , 0.675]), texRes=128.0, units='height', win=Window(...))
35.4800 	EXP 	Created text_congruency = TextStim(__class__=<class 'psychopy.visual.text.TextStim'>, alignHoriz=method-wrapper(...), alignText='center', alignVert=method-wrapper(...), anchorHoriz='center', anchorVert='center', antialias=True, autoDraw=False, autoLog=True, bold=False, color=array([1., 1., 1.]), colorSpace='rgb', contrast=1.0, depth=0.0, draggable=False, flipHoriz=False, flipVert=False, font='Open Sans', fontFiles=[], height=np.float64(0.05), italic=False, languageStyle='LTR', name='text_congruency', opacity=1, ori=0.0, pos=array([0., 0.]), rgb=UNKNOWN, text='Related \nor Unrelated?', units='height', win=Window(...), wrapWidth=1)
35.4814 	EXP 	Created text_8 = TextStim(__class__=<class 'psychopy.visual.text.TextStim'>, alignHoriz=method-wrapper(...), alignText='center', alignVert=method-wrapper(...), anchorHoriz='center', anchorVert='center', antialias=True, autoDraw=False, autoLog=True, bold=False, color=array([1., 1., 1.]), colorSpace='rgb', contrast=1.0, depth=0.0, draggable=False, flipHoriz=False, flipVert=False, font='Open Sans', fontFiles=[], height=np.float64(0.05), italic=False, languageStyle='LTR', name='text_8', opacity=1, ori=0.0, pos=array([0., 0.]), rgb=UNKNOWN, text='+', units='height', win=Window(...), wrapWidth=1)
35.4854 	EXP 	Created text_run_pause = TextStim(__class__=<class 'psychopy.visual.text.TextStim'>, alignHoriz=method-wrapper(...), alignText='center', alignVert=method-wrapper(...), anchorHoriz='center', anchorVert='center', antialias=True, autoDraw=False, autoLog=True, bold=False, color=array([1., 1., 1.]), colorSpace='rgb', contrast=1.0, depth=-1.0, draggable=False, flipHoriz=False, flipVert=False, font='Open Sans', fontFiles=[], height=np.float64(0.05), italic=False, languageStyle='LTR', name='text_run_pause', opacity=1, ori=0.0, pos=array([0. , 0.3]), rgb=UNKNOWN, text=str(...), units='height', win=Window(...), wrapWidth=1)
35.4858 	EXP 	Created text_relatedness_pause = TextStim(__class__=<class 'psychopy.visual.text.TextStim'>, alignHoriz=method-wrapper(...), alignText='center', alignVert=method-wrapper(...), anchorHoriz='center', anchorVert='center', antialias=True, autoDraw=False, autoLog=True, bold=False, color=array([1., 1., 1.]), colorSpace='rgb', contrast=1.0, depth=-2.0, draggable=False, flipHoriz=False, flipVert=False, font='Open Sans', fontFiles=[], height=0.05, italic=False, languageStyle='LTR', name='text_relatedness_pause', opacity=1, ori=0.0, pos=array([ 0. , -0.1]), rgb=UNKNOWN, text='', units='height', win=Window(...), wrapWidth=1)
35.4862 	EXP 	Created text_end = TextStim(__class__=<class 'psychopy.visual.text.TextStim'>, alignHoriz=method-wrapper(...), alignText='center', alignVert=method-wrapper(...), anchorHoriz='center', anchorVert='center', antialias=True, autoDraw=False, autoLog=True, bold=False, color=array([1., 1., 1.]), colorSpace='rgb', contrast=1.0, depth=-1.0, draggable=False, flipHoriz=False, flipVert=False, font='Open Sans', fontFiles=[], height=0.05, italic=False, languageStyle='LTR', name='text_end', opacity=1, ori=0.0, pos=array([0., 0.]), rgb=UNKNOWN, text='', units='height', win=Window(...), wrapWidth=1)
0.0237 	EXP 	text_instructions: autoDraw = True
1.0079 	INFO 	Keyboard events cleared
3.8204 	EXP 	Device response: <KeyPress from None: t=3.5628721660468727, value=space, duration=None>
3.8206 	EXP 	Device response: <KeyPress from None: t=3.5628721660468727, value=space, duration=0.08205870899837464>
3.8454 	DATA 	Keypress: space
3.8502 	INFO 	Keyboard events cleared
3.8501 	WARNING 	t of last frame was 275.24ms (=1/3)
3.8501 	EXP 	text_instructions: autoDraw = False
3.8501 	EXP 	text_keys: height = np.float64(0.05)
3.8501 	EXP 	text_keys: height = np.float64(0.05)
3.8501 	EXP 	text_keys: height = np.float64(0.05)
3.8501 	EXP 	text_keys: text = 'If they are related, press Q\nIf they are unrelated, press P\n\nIMPORTANT: respond only AFTER the scene and item disappear.\n\nPress SPACEBAR to continue.'
3.8501 	EXP 	text_keys: autoDraw = True
9.5260 	EXP 	Device response: <KeyPress from None: t=9.514657624997199, value=space, duration=None>
9.5343 	DATA 	Keypress: space
9.5392 	EXP 	text_keys: autoDraw = False
9.5392 	EXP 	text_2: autoDraw = True
9.5792 	EXP 	Device response: <KeyPress from None: t=9.514657624997199, value=space, duration=0.061903916066512465>
11.5464 	EXP 	Imported runs_params.xlsx as conditions, 3 conditions, 1 params
11.5533 	EXP 	New trial (rep=0, index=0): <Trial 0 (0 in rep 0) data={'run': 1, 'thisN': 0, 'thisTrialN': 0, 'thisRepN': 0}>
11.5685 	EXP 	Imported stimuli/stim_lists/stimuli_list_sub_330_run_1.csv as conditions, 80 conditions, 9 params
11.5693 	EXP 	New trial (rep=0, index=0): <Trial 0 (0 in rep 0) data={'scene_stimulus': 'stimuli/scenes/UA_1.jpg', 'scene_cat': 'Undersea', 'scene_label': 'Tulon', 'canonical_item': 'stimuli/items/jungle_animal_17.png', 'item_cat': 'Jungle', 'item_type': 'animal', 'congruency': 'si', 'integrated_stimulus': 'stimuli/integrated/ocean_a_jungle_animal_17.jpg', 'recalled_stimulus': 'stimuli/recalled/recalled_ocean_a_jungle_animal_17.jpg', 'thisN': 0, 'thisTrialN': 0, 'thisRepN': 0}>
11.6078 	WARNING 	t of last frame was 83.15ms (=1/12)
11.6078 	EXP 	text_2: autoDraw = False
11.6078 	EXP 	text_2: autoDraw = False
11.6078 	EXP 	image_integrated: image = 'stimuli/integrated/ocean_a_jungle_animal_17.jpg'
11.6078 	EXP 	image_integrated: autoDraw = True
13.5646 	INFO 	Keyboard events cleared
13.5644 	EXP 	image_integrated: autoDraw = False
13.5644 	EXP 	text_congruency: autoDraw = True
14.2586 	EXP 	Device response: <KeyPress from None: t=14.249512457987294, value=q, duration=None>
14.2677 	DATA 	Keypress: q
14.2723 	EXP 	text_congruency: autoDraw = False
14.2723 	EXP 	text_8: autoDraw = True
14.3744 	EXP 	Device response: <KeyPress from None: t=14.249512457987294, value=q, duration=0.11394404200837016>
15.2584 	EXP 	New trial (rep=0, index=1): <Trial 1 (1 in rep 0) data={'scene_stimulus': 'stimuli/scenes/UB_1.jpg', 'scene_cat': 'Undersea', 'scene_label': 'Somar', 'canonical_item': 'stimuli/items/undersea_animal_10.png', 'item_cat': 'Undersea', 'item_type': 'animal', 'congruency': 'sc', 'integrated_stimulus': 'stimuli/integrated/ocean_b_undersea_animal_10.jpg', 'recalled_stimulus': 'stimuli/recalled/recalled_ocean_b_undersea_animal_10.jpg', 'thisN': 1, 'thisTrialN': 1, 'thisRepN': 0}>
15.2912 	WARNING 	t of last frame was 33.43ms (=1/29)
15.2912 	EXP 	text_8: autoDraw = False
15.2912 	EXP 	text_8: autoDraw = False
15.2912 	EXP 	image_integrated: image = 'stimuli/integrated/ocean_b_undersea_animal_10.jpg'
15.2912 	EXP 	image_integrated: autoDraw = True
17.2746 	INFO 	Keyboard events cleared
17.2744 	EXP 	image_integrated: autoDraw = False
17.2744 	EXP 	text_congruency: autoDraw = True
17.5643 	EXP 	Device response: <KeyPress from None: t=17.558091250015423, value=q, duration=None>
17.5703 	DATA 	Keypress: q
17.5913 	WARNING 	t of last frame was 28.08ms (=1/35)
17.5913 	EXP 	text_congruency: autoDraw = False
17.5913 	EXP 	text_8: autoDraw = True
17.6925 	EXP 	Device response: <KeyPress from None: t=17.558091250015423, value=q, duration=0.12842950003687292>
18.5749 	EXP 	New trial (rep=0, index=2): <Trial 2 (2 in rep 0) data={'scene_stimulus': 'stimuli/scenes/UA_1.jpg', 'scene_cat': 'Undersea', 'scene_label': 'Tulon', 'canonical_item': 'stimuli/items/jungle_object_15.png', 'item_cat': 'Jungle', 'item_type': 'object', 'congruency': 'si', 'integrated_stimulus': 'stimuli/integrated/ocean_a_jungle_object_15.jpg', 'recalled_stimulus': 'stimuli/recalled/recalled_ocean_a_jungle_object_15.jpg', 'thisN': 2, 'thisTrialN': 2, 'thisRepN': 0}>
18.5990 	WARNING 	Multiple dropped frames have occurred - I'll stop bothering you about them!
18.5990 	EXP 	text_8: autoDraw = False
18.5990 	EXP 	image_integrated: image = 'stimuli/integrated/ocean_a_jungle_object_15.jpg'
18.5990 	EXP 	image_integrated: autoDraw = True
20.5798 	INFO 	Keyboard events cleared
20.5797 	EXP 	image_integrated: autoDraw = False
20.5797 	EXP 	text_congruency: autoDraw = True
20.8424 	EXP 	Device response: <KeyPress from None: t=20.840230041067116, value=p, duration=None>
20.8480 	EXP 	text_congruency: autoDraw = False
20.8480 	EXP 	text_8: autoDraw = True
20.8527 	DATA 	Keypress: p
20.9589 	EXP 	Device response: <KeyPress from None: t=20.840230041067116, value=p, duration=0.11618495895527303>
21.8418 	EXP 	New trial (rep=0, index=3): <Trial 3 (3 in rep 0) data={'scene_stimulus': 'stimuli/scenes/UB_1.jpg', 'scene_cat': 'Undersea', 'scene_label': 'Somar', 'canonical_item': 'stimuli/items/undersea_object_1.png', 'item_cat': 'Undersea', 'item_type': 'object', 'congruency': 'sc', 'integrated_stimulus': 'stimuli/integrated/ocean_b_undersea_object_1.jpg', 'recalled_stimulus': 'stimuli/recalled/recalled_ocean_b_undersea_object_1.jpg', 'thisN': 3, 'thisTrialN': 3, 'thisRepN': 0}>
21.8675 	EXP 	text_8: autoDraw = False
21.8675 	EXP 	text_8: autoDraw = False
21.8675 	EXP 	image_integrated: image = 'stimuli/integrated/ocean_b_undersea_object_1.jpg'
21.8675 	EXP 	image_integrated: autoDraw = True
23.8583 	INFO 	Keyboard events cleared
23.8581 	EXP 	image_integrated: autoDraw = False
23.8581 	EXP 	text_congruency: autoDraw = True
24.1249 	EXP 	Device response: <KeyPress from None: t=24.1200149160577, value=q, duration=None>
24.1291 	EXP 	text_congruency: autoDraw = False
24.1291 	EXP 	text_8: autoDraw = True
24.1321 	DATA 	Keypress: q
24.2758 	EXP 	Device response: <KeyPress from None: t=24.1200149160577, value=q, duration=0.14829466689843684>
25.1138 	EXP 	New trial (rep=0, index=4): <Trial 4 (4 in rep 0) data={'scene_stimulus': 'stimuli/scenes/UA_1.jpg', 'scene_cat': 'Undersea', 'scene_label': 'Tulon', 'canonical_item': 'stimuli/items/jungle_object_13.png', 'item_cat': 'Jungle', 'item_type': 'object', 'congruency': 'si', 'integrated_stimulus': 'stimuli/integrated/ocean_a_jungle_object_13.jpg', 'recalled_stimulus': 'stimuli/recalled/recalled_ocean_a_jungle_object_13.jpg', 'thisN': 4, 'thisTrialN': 4, 'thisRepN': 0}>
25.1371 	EXP 	text_8: autoDraw = False
25.1371 	EXP 	text_8: autoDraw = False
25.1371 	EXP 	image_integrated: image = 'stimuli/integrated/ocean_a_jungle_object_13.jpg'
25.1371 	EXP 	image_integrated: autoDraw = True
27.1295 	INFO 	Keyboard events cleared
27.1294 	EXP 	image_integrated: autoDraw = False
27.1294 	EXP 	image_integrated: autoDraw = False
27.1294 	EXP 	text_congruency: autoDraw = True
27.9981 	EXP 	Device response: <KeyPress from None: t=27.99385291605722, value=p, duration=None>
28.0040 	DATA 	Keypress: p
28.0126 	EXP 	text_congruency: autoDraw = False
28.0126 	EXP 	text_8: autoDraw = True
28.1256 	EXP 	Device response: <KeyPress from None: t=27.99385291605722, value=p, duration=0.12843866692855954>
28.9973 	EXP 	New trial (rep=0, index=5): <Trial 5 (5 in rep 0) data={'scene_stimulus': 'stimuli/scenes/JB_1.jpg', 'scene_cat': 'Jungle', 'scene_label': 'Negvi', 'canonical_item': 'stimuli/items/undersea_object_17.png', 'item_cat': 'Undersea', 'item_type': 'object', 'congruency': 'si', 'integrated_stimulus': 'stimuli/integrated/jungle_b_undersea_object_17.jpg', 'recalled_stimulus': 'stimuli/recalled/recalled_jungle_b_undersea_object_17.jpg', 'thisN': 5, 'thisTrialN': 5, 'thisRepN': 0}>
29.0199 	EXP 	text_8: autoDraw = False
29.0199 	EXP 	text_8: autoDraw = False
29.0199 	EXP 	image_integrated: image = 'stimuli/integrated/jungle_b_undersea_object_17.jpg'
29.0199 	EXP 	image_integrated: autoDraw = True
31.0136 	INFO 	Keyboard events cleared
31.0134 	EXP 	image_integrated: autoDraw = False
31.0134 	EXP 	text_congruency: autoDraw = True
31.4475 	EXP 	Device response: <KeyPress from None: t=31.443658458068967, value=p, duration=None>
31.4541 	DATA 	Keypress: p
31.4626 	EXP 	text_congruency: autoDraw = False
31.4626 	EXP 	text_8: autoDraw = True
31.6253 	EXP 	Device response: <KeyPress from None: t=31.443658458068967, value=p, duration=0.17289945797529072>
32.4464 	EXP 	New trial (rep=0, index=6): <Trial 6 (6 in rep 0) data={'scene_stimulus': 'stimuli/scenes/JA_1.jpg', 'scene_cat': 'Jungle', 'scene_label': 'Malbow', 'canonical_item': 'stimuli/items/undersea_object_3.png', 'item_cat': 'Undersea', 'item_type': 'object', 'congruency': 'si', 'integrated_stimulus': 'stimuli/integrated/jungle_a_undersea_object_3.jpg', 'recalled_stimulus': 'stimuli/recalled/recalled_jungle_a_undersea_object_3.jpg', 'thisN': 6, 'thisTrialN': 6, 'thisRepN': 0}>
32.4753 	EXP 	text_8: autoDraw = False
32.4753 	EXP 	text_8: autoDraw = False
32.4753 	EXP 	image_integrated: image = 'stimuli/integrated/jungle_a_undersea_object_3.jpg'
32.4753 	EXP 	image_integrated: autoDraw = True
34.4639 	INFO 	Keyboard events cleared
34.4637 	EXP 	image_integrated: autoDraw = False
34.4637 	EXP 	text_congruency: autoDraw = True
34.9090 	EXP 	Device response: <KeyPress from None: t=34.90060854097828, value=p, duration=None>
34.9122 	DATA 	Keypress: p
34.9165 	EXP 	text_congruency: autoDraw = False
34.9165 	EXP 	text_8: autoDraw = True
35.0078 	EXP 	Device response: <KeyPress from None: t=34.90060854097828, value=p, duration=0.1043940840754658>
35.9082 	EXP 	New trial (rep=0, index=7): <Trial 7 (7 in rep 0) data={'scene_stimulus': 'stimuli/scenes/UA_1.jpg', 'scene_cat': 'Undersea', 'scene_label': 'Tulon', 'canonical_item': 'stimuli/items/undersea_object_11.png', 'item_cat': 'Undersea', 'item_type': 'object', 'congruency': 'sc', 'integrated_stimulus': 'stimuli/integrated/ocean_a_undersea_object_11.jpg', 'recalled_stimulus': 'stimuli/recalled/recalled_ocean_a_undersea_object_11.jpg', 'thisN': 7, 'thisTrialN': 7, 'thisRepN': 0}>
35.9355 	EXP 	text_8: autoDraw = False
35.9355 	EXP 	text_8: autoDraw = False
35.9355 	EXP 	image_integrated: image = 'stimuli/integrated/ocean_a_undersea_object_11.jpg'
35.9355 	EXP 	image_integrated: autoDraw = True
37.9246 	INFO 	Keyboard events cleared
37.9244 	EXP 	image_integrated: autoDraw = False
37.9244 	EXP 	text_congruency: autoDraw = True
38.2643 	EXP 	Device response: <KeyPress from None: t=38.26248441601638, value=q, duration=None>
38.2708 	DATA 	Keypress: q
38.2790 	EXP 	text_congruency: autoDraw = False
38.2790 	EXP 	text_8: autoDraw = True
38.3916 	EXP 	Device response: <KeyPress from None: t=38.26248441601638, value=q, duration=0.11643983400426805>
39.2633 	EXP 	New trial (rep=0, index=8): <Trial 8 (8 in rep 0) data={'scene_stimulus': 'stimuli/scenes/JA_1.jpg', 'scene_cat': 'Jungle', 'scene_label': 'Malbow', 'canonical_item': 'stimuli/items/undersea_animal_11.png', 'item_cat': 'Undersea', 'item_type': 'animal', 'congruency': 'si', 'integrated_stimulus': 'stimuli/integrated/jungle_a_undersea_animal_11.jpg', 'recalled_stimulus': 'stimuli/recalled/recalled_jungle_a_undersea_animal_11.jpg', 'thisN': 8, 'thisTrialN': 8, 'thisRepN': 0}>
39.2871 	EXP 	text_8: autoDraw = False
39.2871 	EXP 	text_8: autoDraw = False
39.2871 	EXP 	image_integrated: image = 'stimuli/integrated/jungle_a_undersea_animal_11.jpg'
39.2871 	EXP 	image_integrated: autoDraw = True
41.2804 	INFO 	Keyboard events cleared
41.2802 	EXP 	image_integrated: autoDraw = False
41.2802 	EXP 	text_congruency: autoDraw = True
41.6736 	EXP 	Device response: <KeyPress from None: t=41.666464291047305, value=p, duration=None>
41.6752 	DATA 	Keypress: p
41.6782 	EXP 	text_congruency: autoDraw = False
41.6782 	EXP 	text_8: autoDraw = True
41.7740 	EXP 	Device response: <KeyPress from None: t=41.666464291047305, value=p, duration=0.10032183397561312>
42.6617 	EXP 	New trial (rep=0, index=9): <Trial 9 (9 in rep 0) data={'scene_stimulus': 'stimuli/scenes/UA_1.jpg', 'scene_cat': 'Undersea', 'scene_label': 'Tulon', 'canonical_item': 'stimuli/items/undersea_animal_2.png', 'item_cat': 'Undersea', 'item_type': 'animal', 'congruency': 'sc', 'integrated_stimulus': 'stimuli/integrated/ocean_a_undersea_animal_2.jpg', 'recalled_stimulus': 'stimuli/recalled/recalled_ocean_a_undersea_animal_2.jpg', 'thisN': 9, 'thisTrialN': 9, 'thisRepN': 0}>
42.6742 	EXP 	text_8: autoDraw = False
42.6742 	EXP 	text_8: autoDraw = False
42.6742 	EXP 	image_integrated: image = 'stimuli/integrated/ocean_a_undersea_animal_2.jpg'
42.6742 	EXP 	image_integrated: autoDraw = True
44.6632 	INFO 	Keyboard events cleared
44.6630 	EXP 	image_integrated: autoDraw = False
44.6630 	EXP 	image_integrated: autoDraw = False
44.6630 	EXP 	text_congruency: autoDraw = True
45.0308 	EXP 	Device response: <KeyPress from None: t=45.02827124996111, value=q, duration=None>
45.0369 	DATA 	Keypress: q
45.0452 	EXP 	text_congruency: autoDraw = False
45.0452 	EXP 	text_8: autoDraw = True
45.1584 	EXP 	Device response: <KeyPress from None: t=45.02827124996111, value=q, duration=0.11942658305633813>
46.0303 	EXP 	New trial (rep=0, index=10): <Trial 10 (10 in rep 0) data={'scene_stimulus': 'stimuli/scenes/UB_1.jpg', 'scene_cat': 'Undersea', 'scene_label': 'Somar', 'canonical_item': 'stimuli/items/jungle_object_9.png', 'item_cat': 'Jungle', 'item_type': 'object', 'congruency': 'si', 'integrated_stimulus': 'stimuli/integrated/ocean_b_jungle_object_9.jpg', 'recalled_stimulus': 'stimuli/recalled/recalled_ocean_b_jungle_object_9.jpg', 'thisN': 10, 'thisTrialN': 10, 'thisRepN': 0}>
46.0524 	EXP 	text_8: autoDraw = False
46.0524 	EXP 	text_8: autoDraw = False
46.0524 	EXP 	image_integrated: image = 'stimuli/integrated/ocean_b_jungle_object_9.jpg'
46.0524 	EXP 	image_integrated: autoDraw = True
48.0459 	INFO 	Keyboard events cleared
48.0458 	EXP 	image_integrated: autoDraw = False
48.0458 	EXP 	text_congruency: autoDraw = True
48.6418 	EXP 	Device response: <KeyPress from None: t=48.63635991606861, value=p, duration=None>
48.6466 	EXP 	text_congruency: autoDraw = False
48.6466 	EXP 	text_8: autoDraw = True
48.6490 	DATA 	Keypress: p
48.7418 	EXP 	Device response: <KeyPress from None: t=48.63635991606861, value=p, duration=0.10029216692782938>
49.6297 	EXP 	New trial (rep=0, index=11): <Trial 11 (11 in rep 0) data={'scene_stimulus': 'stimuli/scenes/JB_1.jpg', 'scene_cat': 'Jungle', 'scene_label': 'Negvi', 'canonical_item': 'stimuli/items/jungle_object_7.png', 'item_cat': 'Jungle', 'item_type': 'object', 'congruency': 'sc', 'integrated_stimulus': 'stimuli/integrated/jungle_b_jungle_object_7.jpg', 'recalled_stimulus': 'stimuli/recalled/recalled_jungle_b_jungle_object_7.jpg', 'thisN': 11, 'thisTrialN': 11, 'thisRepN': 0}>
49.6538 	EXP 	text_8: autoDraw = False
49.6538 	EXP 	text_8: autoDraw = False
49.6538 	EXP 	image_integrated: image = 'stimuli/integrated/jungle_b_jungle_object_7.jpg'
49.6538 	EXP 	image_integrated: autoDraw = True
51.6465 	INFO 	Keyboard events cleared
51.6464 	EXP 	image_integrated: autoDraw = False
51.6464 	EXP 	image_integrated: autoDraw = False
51.6464 	EXP 	text_congruency: autoDraw = True
52.0966 	EXP 	Device response: <KeyPress from None: t=52.09414491604548, value=q, duration=None>
52.1021 	DATA 	Keypress: q
52.1071 	EXP 	text_congruency: autoDraw = False
52.1071 	EXP 	text_8: autoDraw = True
52.2421 	EXP 	Device response: <KeyPress from None: t=52.09414491604548, value=q, duration=0.14040345896501094>
53.0913 	EXP 	New trial (rep=0, index=12): <Trial 12 (12 in rep 0) data={'scene_stimulus': 'stimuli/scenes/UB_1.jpg', 'scene_cat': 'Undersea', 'scene_label': 'Somar', 'canonical_item': 'stimuli/items/undersea_animal_12.png', 'item_cat': 'Undersea', 'item_type': 'animal', 'congruency': 'sc', 'integrated_stimulus': 'stimuli/integrated/ocean_b_undersea_animal_12.jpg', 'recalled_stimulus': 'stimuli/recalled/recalled_ocean_b_undersea_animal_12.jpg', 'thisN': 12, 'thisTrialN': 12, 'thisRepN': 0}>
53.1147 	EXP 	text_8: autoDraw = False
53.1147 	EXP 	text_8: autoDraw = False
53.1147 	EXP 	image_integrated: image = 'stimuli/integrated/ocean_b_undersea_animal_12.jpg'
53.1147 	EXP 	image_integrated: autoDraw = True
55.1137 	INFO 	Keyboard events cleared
55.1136 	EXP 	image_integrated: autoDraw = False
55.1136 	EXP 	text_congruency: autoDraw = True
55.5425 	EXP 	Device response: <KeyPress from None: t=55.5381321660243, value=q, duration=None>
55.5483 	EXP 	text_congruency: autoDraw = False
55.5483 	EXP 	text_8: autoDraw = True
55.5533 	DATA 	Keypress: q
55.6754 	EXP 	Device response: <KeyPress from None: t=55.5381321660243, value=q, duration=0.13226016703993082>
56.5413 	EXP 	New trial (rep=0, index=13): <Trial 13 (13 in rep 0) data={'scene_stimulus': 'stimuli/scenes/JA_1.jpg', 'scene_cat': 'Jungle', 'scene_label': 'Malbow', 'canonical_item': 'stimuli/items/jungle_animal_16.png', 'item_cat': 'Jungle', 'item_type': 'animal', 'congruency': 'sc', 'integrated_stimulus': 'stimuli/integrated/jungle_a_jungle_animal_16.jpg', 'recalled_stimulus': 'stimuli/recalled/recalled_jungle_a_jungle_animal_16.jpg', 'thisN': 13, 'thisTrialN': 13, 'thisRepN': 0}>
56.5696 	EXP 	text_8: autoDraw = False
56.5696 	EXP 	text_8: autoDraw = False
56.5696 	EXP 	image_integrated: image = 'stimuli/integrated/jungle_a_jungle_animal_16.jpg'
56.5696 	EXP 	image_integrated: autoDraw = True
58.5576 	INFO 	Keyboard events cleared
58.5574 	EXP 	image_integrated: autoDraw = False
58.5574 	EXP 	text_congruency: autoDraw = True
59.2586 	EXP 	Device response: <KeyPress from None: t=59.25605141604319, value=q, duration=None>
59.2641 	EXP 	text_congruency: autoDraw = False
59.2641 	EXP 	text_8: autoDraw = True
59.2689 	DATA 	Keypress: q
59.3752 	EXP 	Device response: <KeyPress from None: t=59.25605141604319, value=q, duration=0.1123364589875564>
60.2581 	EXP 	New trial (rep=0, index=14): <Trial 14 (14 in rep 0) data={'scene_stimulus': 'stimuli/scenes/UA_1.jpg', 'scene_cat': 'Undersea', 'scene_label': 'Tulon', 'canonical_item': 'stimuli/items/jungle_object_3.png', 'item_cat': 'Jungle', 'item_type': 'object', 'congruency': 'si', 'integrated_stimulus': 'stimuli/integrated/ocean_a_jungle_object_3.jpg', 'recalled_stimulus': 'stimuli/recalled/recalled_ocean_a_jungle_object_3.jpg', 'thisN': 14, 'thisTrialN': 14, 'thisRepN': 0}>
60.2849 	EXP 	text_8: autoDraw = False
60.2849 	EXP 	text_8: autoDraw = False
60.2849 	EXP 	image_integrated: image = 'stimuli/integrated/ocean_a_jungle_object_3.jpg'
60.2849 	EXP 	image_integrated: autoDraw = True
62.2745 	INFO 	Keyboard events cleared
62.2743 	EXP 	image_integrated: autoDraw = False
62.2743 	EXP 	text_congruency: autoDraw = True
62.8087 	EXP 	Device response: <KeyPress from None: t=62.803102208068594, value=p, duration=None>
62.8148 	EXP 	text_congruency: autoDraw = False
62.8148 	EXP 	text_8: autoDraw = True
62.8199 	DATA 	Keypress: p
62.9254 	EXP 	Device response: <KeyPress from None: t=62.803102208068594, value=p, duration=0.120180832920596>
63.8083 	EXP 	New trial (rep=0, index=15): <Trial 15 (15 in rep 0) data={'scene_stimulus': 'stimuli/scenes/JA_1.jpg', 'scene_cat': 'Jungle', 'scene_label': 'Malbow', 'canonical_item': 'stimuli/items/undersea_animal_15.png', 'item_cat': 'Undersea', 'item_type': 'animal', 'congruency': 'si', 'integrated_stimulus': 'stimuli/integrated/jungle_a_undersea_animal_15.jpg', 'recalled_stimulus': 'stimuli/recalled/recalled_jungle_a_undersea_animal_15.jpg', 'thisN': 15, 'thisTrialN': 15, 'thisRepN': 0}>
63.8380 	EXP 	text_8: autoDraw = False
63.8380 	EXP 	text_8: autoDraw = False
63.8380 	EXP 	image_integrated: image = 'stimuli/integrated/jungle_a_undersea_animal_15.jpg'
63.8380 	EXP 	image_integrated: autoDraw = True
64.5969 	EXP 	Device response: <KeyPress from None: t=64.59590254107025, value=p, duration=None>
64.6108 	DATA 	Keypress: p
64.7251 	EXP 	Device response: <KeyPress from None: t=64.59590254107025, value=p, duration=0.12024683388881385>
65.8244 	INFO 	Keyboard events cleared
65.8242 	EXP 	image_integrated: autoDraw = False
65.8242 	EXP 	text_congruency: autoDraw = True
66.1087 	EXP 	Device response: <KeyPress from None: t=66.10485133295879, value=p, duration=None>
66.1148 	EXP 	text_congruency: autoDraw = False
66.1148 	EXP 	text_8: autoDraw = True
66.1196 	DATA 	Keypress: p
66.2149 	EXP 	Device response: <KeyPress from None: t=66.10485133295879, value=p, duration=0.10833391710184515>
67.1083 	EXP 	New trial (rep=0, index=16): <Trial 16 (16 in rep 0) data={'scene_stimulus': 'stimuli/scenes/JB_1.jpg', 'scene_cat': 'Jungle', 'scene_label': 'Negvi', 'canonical_item': 'stimuli/items/undersea_animal_19.png', 'item_cat': 'Undersea', 'item_type': 'animal', 'congruency': 'si', 'integrated_stimulus': 'stimuli/integrated/jungle_b_undersea_animal_19.jpg', 'recalled_stimulus': 'stimuli/recalled/recalled_jungle_b_undersea_animal_19.jpg', 'thisN': 16, 'thisTrialN': 16, 'thisRepN': 0}>
67.1409 	EXP 	text_8: autoDraw = False
67.1409 	EXP 	text_8: autoDraw = False
67.1409 	EXP 	image_integrated: image = 'stimuli/integrated/jungle_b_undersea_animal_19.jpg'
67.1409 	EXP 	image_integrated: autoDraw = True
69.1242 	INFO 	Keyboard events cleared
69.1240 	EXP 	image_integrated: autoDraw = False
69.1240 	EXP 	text_congruency: autoDraw = True
70.1120 	EXP 	text_congruency: autoDraw = False
70.1120 	EXP 	text_congruency: autoDraw = False
70.1120 	EXP 	text_8: autoDraw = True
70.5429 	EXP 	Device response: <KeyPress from None: t=70.5385749579873, value=p, duration=None>
70.5549 	DATA 	Keypress: p
70.5915 	EXP 	Device response: <KeyPress from None: t=70.5385749579873, value=p, duration=0.049944667029194534>
71.0963 	EXP 	New trial (rep=0, index=17): <Trial 17 (17 in rep 0) data={'scene_stimulus': 'stimuli/scenes/JA_1.jpg', 'scene_cat': 'Jungle', 'scene_label': 'Malbow', 'canonical_item': 'stimuli/items/undersea_object_15.png', 'item_cat': 'Undersea', 'item_type': 'object', 'congruency': 'si', 'integrated_stimulus': 'stimuli/integrated/jungle_a_undersea_object_15.jpg', 'recalled_stimulus': 'stimuli/recalled/recalled_jungle_a_undersea_object_15.jpg', 'thisN': 17, 'thisTrialN': 17, 'thisRepN': 0}>
71.1217 	EXP 	text_8: autoDraw = False
71.1217 	EXP 	text_8: autoDraw = False
71.1217 	EXP 	image_integrated: image = 'stimuli/integrated/jungle_a_undersea_object_15.jpg'
71.1217 	EXP 	image_integrated: autoDraw = True
73.1129 	INFO 	Keyboard events cleared
73.1127 	EXP 	image_integrated: autoDraw = False
73.1127 	EXP 	image_integrated: autoDraw = False
73.1127 	EXP 	text_congruency: autoDraw = True
73.3641 	EXP 	Device response: <KeyPress from None: t=73.36014920799062, value=p, duration=None>
73.3700 	DATA 	Keypress: p
73.3786 	EXP 	text_congruency: autoDraw = False
73.3786 	EXP 	text_8: autoDraw = True
73.4580 	EXP 	Device response: <KeyPress from None: t=73.36014920799062, value=p, duration=0.08819920802488923>
74.3638 	EXP 	New trial (rep=0, index=18): <Trial 18 (18 in rep 0) data={'scene_stimulus': 'stimuli/scenes/UA_1.jpg', 'scene_cat': 'Undersea', 'scene_label': 'Tulon', 'canonical_item': 'stimuli/items/undersea_object_16.png', 'item_cat': 'Undersea', 'item_type': 'object', 'congruency': 'sc', 'integrated_stimulus': 'stimuli/integrated/ocean_a_undersea_object_16.jpg', 'recalled_stimulus': 'stimuli/recalled/recalled_ocean_a_undersea_object_16.jpg', 'thisN': 18, 'thisTrialN': 18, 'thisRepN': 0}>
74.3875 	EXP 	text_8: autoDraw = False
74.3875 	EXP 	text_8: autoDraw = False
74.3875 	EXP 	image_integrated: image = 'stimuli/integrated/ocean_a_undersea_object_16.jpg'
74.3875 	EXP 	image_integrated: autoDraw = True
76.3798 	INFO 	Keyboard events cleared
76.3797 	EXP 	image_integrated: autoDraw = False
76.3797 	EXP 	text_congruency: autoDraw = True
76.7255 	EXP 	Device response: <KeyPress from None: t=76.71400662499946, value=q, duration=None>
76.7317 	DATA 	Keypress: q
76.7368 	EXP 	text_congruency: autoDraw = False
76.7368 	EXP 	text_8: autoDraw = True
76.8751 	EXP 	Device response: <KeyPress from None: t=76.71400662499946, value=q, duration=0.14826445805374533>
77.7247 	EXP 	New trial (rep=0, index=19): <Trial 19 (19 in rep 0) data={'scene_stimulus': 'stimuli/scenes/JA_1.jpg', 'scene_cat': 'Jungle', 'scene_label': 'Malbow', 'canonical_item': 'stimuli/items/undersea_object_9.png', 'item_cat': 'Undersea', 'item_type': 'object', 'congruency': 'si', 'integrated_stimulus': 'stimuli/integrated/jungle_a_undersea_object_9.jpg', 'recalled_stimulus': 'stimuli/recalled/recalled_jungle_a_undersea_object_9.jpg', 'thisN': 19, 'thisTrialN': 19, 'thisRepN': 0}>
77.7555 	EXP 	text_8: autoDraw = False
77.7555 	EXP 	text_8: autoDraw = False
77.7555 	EXP 	image_integrated: image = 'stimuli/integrated/jungle_a_undersea_object_9.jpg'
77.7555 	EXP 	image_integrated: autoDraw = True
79.7408 	INFO 	Keyboard events cleared
79.7406 	EXP 	image_integrated: autoDraw = False
79.7406 	EXP 	text_congruency: autoDraw = True
80.1586 	EXP 	Device response: <KeyPress from None: t=80.1509258330334, value=p, duration=None>
80.1641 	DATA 	Keypress: p
80.1688 	EXP 	text_congruency: autoDraw = False
80.1688 	EXP 	text_8: autoDraw = True
80.2749 	EXP 	Device response: <KeyPress from None: t=80.1509258330334, value=p, duration=0.12032645801082253>
81.1580 	EXP 	New trial (rep=0, index=20): <Trial 20 (20 in rep 0) data={'scene_stimulus': 'stimuli/scenes/UA_1.jpg', 'scene_cat': 'Undersea', 'scene_label': 'Tulon', 'canonical_item': 'stimuli/items/undersea_animal_16.png', 'item_cat': 'Undersea', 'item_type': 'animal', 'congruency': 'sc', 'integrated_stimulus': 'stimuli/integrated/ocean_a_undersea_animal_16.jpg', 'recalled_stimulus': 'stimuli/recalled/recalled_ocean_a_undersea_animal_16.jpg', 'thisN': 20, 'thisTrialN': 20, 'thisRepN': 0}>
81.1852 	EXP 	text_8: autoDraw = False
81.1852 	EXP 	text_8: autoDraw = False
81.1852 	EXP 	image_integrated: image = 'stimuli/integrated/ocean_a_undersea_animal_16.jpg'
81.1852 	EXP 	image_integrated: autoDraw = True
83.1742 	INFO 	Keyboard events cleared
83.1740 	EXP 	image_integrated: autoDraw = False
83.1740 	EXP 	text_congruency: autoDraw = True
83.9087 	EXP 	Device response: <KeyPress from None: t=83.90590112505015, value=q, duration=None>
83.9141 	EXP 	text_congruency: autoDraw = False
83.9141 	EXP 	text_8: autoDraw = True
83.9184 	DATA 	Keypress: q
84.0251 	EXP 	Device response: <KeyPress from None: t=83.90590112505015, value=q, duration=0.11234541598241776>
84.9078 	EXP 	New trial (rep=0, index=21): <Trial 21 (21 in rep 0) data={'scene_stimulus': 'stimuli/scenes/JA_1.jpg', 'scene_cat': 'Jungle', 'scene_label': 'Malbow', 'canonical_item': 'stimuli/items/undersea_animal_14.png', 'item_cat': 'Undersea', 'item_type': 'animal', 'congruency': 'si', 'integrated_stimulus': 'stimuli/integrated/jungle_a_undersea_animal_14.jpg', 'recalled_stimulus': 'stimuli/recalled/recalled_jungle_a_undersea_animal_14.jpg', 'thisN': 21, 'thisTrialN': 21, 'thisRepN': 0}>
84.9336 	EXP 	text_8: autoDraw = False
84.9336 	EXP 	text_8: autoDraw = False
84.9336 	EXP 	image_integrated: image = 'stimuli/integrated/jungle_a_undersea_animal_14.jpg'
84.9336 	EXP 	image_integrated: autoDraw = True
86.9243 	INFO 	Keyboard events cleared
86.9240 	EXP 	image_integrated: autoDraw = False
86.9240 	EXP 	text_congruency: autoDraw = True
87.4085 	EXP 	Device response: <KeyPress from None: t=87.39671233296394, value=p, duration=None>
87.4138 	DATA 	Keypress: p
87.4182 	EXP 	text_congruency: autoDraw = False
87.4182 	EXP 	text_8: autoDraw = True
87.5125 	EXP 	Device response: <KeyPress from None: t=87.39671233296394, value=p, duration=0.1123154170345515>
88.4077 	EXP 	New trial (rep=0, index=22): <Trial 22 (22 in rep 0) data={'scene_stimulus': 'stimuli/scenes/UA_1.jpg', 'scene_cat': 'Undersea', 'scene_label': 'Tulon', 'canonical_item': 'stimuli/items/undersea_animal_13.png', 'item_cat': 'Undersea', 'item_type': 'animal', 'congruency': 'sc', 'integrated_stimulus': 'stimuli/integrated/ocean_a_undersea_animal_13.jpg', 'recalled_stimulus': 'stimuli/recalled/recalled_ocean_a_undersea_animal_13.jpg', 'thisN': 22, 'thisTrialN': 22, 'thisRepN': 0}>
88.4392 	EXP 	text_8: autoDraw = False
88.4392 	EXP 	text_8: autoDraw = False
88.4392 	EXP 	image_integrated: image = 'stimuli/integrated/ocean_a_undersea_animal_13.jpg'
88.4392 	EXP 	image_integrated: autoDraw = True
90.4242 	INFO 	Keyboard events cleared
90.4240 	EXP 	image_integrated: autoDraw = False
90.4240 	EXP 	text_congruency: autoDraw = True
90.8301 	EXP 	Device response: <KeyPress from None: t=90.82863925001584, value=q, duration=None>
90.8366 	DATA 	Keypress: q
90.8451 	EXP 	text_congruency: autoDraw = False
90.8451 	EXP 	text_8: autoDraw = True
90.9921 	EXP 	Device response: <KeyPress from None: t=90.82863925001584, value=q, duration=0.15236920805182308>
91.8292 	EXP 	New trial (rep=0, index=23): <Trial 23 (23 in rep 0) data={'scene_stimulus': 'stimuli/scenes/JA_1.jpg', 'scene_cat': 'Jungle', 'scene_label': 'Malbow', 'canonical_item': 'stimuli/items/jungle_object_12.png', 'item_cat': 'Jungle', 'item_type': 'object', 'congruency': 'sc', 'integrated_stimulus': 'stimuli/integrated/jungle_a_jungle_object_12.jpg', 'recalled_stimulus': 'stimuli/recalled/recalled_jungle_a_jungle_object_12.jpg', 'thisN': 23, 'thisTrialN': 23, 'thisRepN': 0}>
91.8573 	EXP 	text_8: autoDraw = False
91.8573 	EXP 	text_8: autoDraw = False
91.8573 	EXP 	image_integrated: image = 'stimuli/integrated/jungle_a_jungle_object_12.jpg'
91.8573 	EXP 	image_integrated: autoDraw = True
93.8464 	INFO 	Keyboard events cleared
93.8462 	EXP 	image_integrated: autoDraw = False
93.8462 	EXP 	text_congruency: autoDraw = True
94.1576 	EXP 	Device response: <KeyPress from None: t=94.14755137497559, value=q, duration=None>
94.1622 	DATA 	Keypress: q
94.1659 	EXP 	text_congruency: autoDraw = False
94.1659 	EXP 	text_8: autoDraw = True
94.3245 	EXP 	Device response: <KeyPress from None: t=94.14755137497559, value=q, duration=0.17232541600242257>
95.1579 	EXP 	New trial (rep=0, index=24): <Trial 24 (24 in rep 0) data={'scene_stimulus': 'stimuli/scenes/UB_1.jpg', 'scene_cat': 'Undersea', 'scene_label': 'Somar', 'canonical_item': 'stimuli/items/jungle_animal_18.png', 'item_cat': 'Jungle', 'item_type': 'animal', 'congruency': 'si', 'integrated_stimulus': 'stimuli/integrated/ocean_b_jungle_animal_18.jpg', 'recalled_stimulus': 'stimuli/recalled/recalled_ocean_b_jungle_animal_18.jpg', 'thisN': 24, 'thisTrialN': 24, 'thisRepN': 0}>
95.1842 	EXP 	text_8: autoDraw = False
95.1842 	EXP 	text_8: autoDraw = False
95.1842 	EXP 	image_integrated: image = 'stimuli/integrated/ocean_b_jungle_animal_18.jpg'
95.1842 	EXP 	image_integrated: autoDraw = True
97.1739 	INFO 	Keyboard events cleared
97.1737 	EXP 	image_integrated: autoDraw = False
97.1737 	EXP 	text_congruency: autoDraw = True
97.6467 	EXP 	Device response: <KeyPress from None: t=97.6434122499777, value=p, duration=None>
97.6526 	DATA 	Keypress: p
97.6741 	EXP 	text_congruency: autoDraw = False
97.6741 	EXP 	text_8: autoDraw = True
97.7584 	EXP 	Device response: <KeyPress from None: t=97.6434122499777, value=p, duration=0.1083107910817489>
98.6576 	EXP 	New trial (rep=0, index=25): <Trial 25 (25 in rep 0) data={'scene_stimulus': 'stimuli/scenes/JB_1.jpg', 'scene_cat': 'Jungle', 'scene_label': 'Negvi', 'canonical_item': 'stimuli/items/undersea_animal_18.png', 'item_cat': 'Undersea', 'item_type': 'animal', 'congruency': 'si', 'integrated_stimulus': 'stimuli/integrated/jungle_b_undersea_animal_18.jpg', 'recalled_stimulus': 'stimuli/recalled/recalled_jungle_b_undersea_animal_18.jpg', 'thisN': 25, 'thisTrialN': 25, 'thisRepN': 0}>
98.6816 	EXP 	text_8: autoDraw = False
98.6816 	EXP 	image_integrated: image = 'stimuli/integrated/jungle_b_undersea_animal_18.jpg'
98.6816 	EXP 	image_integrated: autoDraw = True
100.6626 	INFO 	Keyboard events cleared
100.6624 	EXP 	image_integrated: autoDraw = False
100.6624 	EXP 	text_congruency: autoDraw = True
101.6572 	EXP 	text_congruency: autoDraw = False
101.6572 	EXP 	text_congruency: autoDraw = False
101.6572 	EXP 	text_8: autoDraw = True
101.8915 	EXP 	Device response: <KeyPress from None: t=101.88638066605199, value=p, duration=None>
101.9011 	DATA 	Keypress: p
102.0251 	EXP 	Device response: <KeyPress from None: t=101.88638066605199, value=p, duration=0.13410279201343656>
102.6411 	EXP 	New trial (rep=0, index=26): <Trial 26 (26 in rep 0) data={'scene_stimulus': 'stimuli/scenes/UB_1.jpg', 'scene_cat': 'Undersea', 'scene_label': 'Somar', 'canonical_item': 'stimuli/items/undersea_animal_5.png', 'item_cat': 'Undersea', 'item_type': 'animal', 'congruency': 'sc', 'integrated_stimulus': 'stimuli/integrated/ocean_b_undersea_animal_5.jpg', 'recalled_stimulus': 'stimuli/recalled/recalled_ocean_b_undersea_animal_5.jpg', 'thisN': 26, 'thisTrialN': 26, 'thisRepN': 0}>
102.6651 	EXP 	text_8: autoDraw = False
102.6651 	EXP 	text_8: autoDraw = False
102.6651 	EXP 	image_integrated: image = 'stimuli/integrated/ocean_b_undersea_animal_5.jpg'
102.6651 	EXP 	image_integrated: autoDraw = True
104.6629 	INFO 	Keyboard events cleared
104.6628 	EXP 	image_integrated: autoDraw = False
104.6628 	EXP 	text_congruency: autoDraw = True
105.2250 	EXP 	Device response: <KeyPress from None: t=105.21490720799193, value=q, duration=None>
105.2310 	DATA 	Keypress: q
105.2360 	EXP 	text_congruency: autoDraw = False
105.2360 	EXP 	text_8: autoDraw = True
105.3582 	EXP 	Device response: <KeyPress from None: t=105.21490720799193, value=q, duration=0.1323001669952646>
106.2246 	EXP 	New trial (rep=0, index=27): <Trial 27 (27 in rep 0) data={'scene_stimulus': 'stimuli/scenes/JB_1.jpg', 'scene_cat': 'Jungle', 'scene_label': 'Negvi', 'canonical_item': 'stimuli/items/jungle_animal_11.png', 'item_cat': 'Jungle', 'item_type': 'animal', 'congruency': 'sc', 'integrated_stimulus': 'stimuli/integrated/jungle_b_jungle_animal_11.jpg', 'recalled_stimulus': 'stimuli/recalled/recalled_jungle_b_jungle_animal_11.jpg', 'thisN': 27, 'thisTrialN': 27, 'thisRepN': 0}>
106.2485 	EXP 	text_8: autoDraw = False
106.2485 	EXP 	text_8: autoDraw = False
106.2485 	EXP 	image_integrated: image = 'stimuli/integrated/jungle_b_jungle_animal_11.jpg'
106.2485 	EXP 	image_integrated: autoDraw = True
107.5752 	EXP 	Device response: <KeyPress from None: t=107.56495274999179, value=q, duration=None>
107.5797 	DATA 	Keypress: q
107.7249 	EXP 	Device response: <KeyPress from None: t=107.56495274999179, value=q, duration=0.15228920802474022>
108.2405 	INFO 	Keyboard events cleared
108.2403 	EXP 	image_integrated: autoDraw = False
108.2403 	EXP 	text_congruency: autoDraw = True
108.5252 	EXP 	Device response: <KeyPress from None: t=108.5127918330254, value=q, duration=None>
108.5314 	DATA 	Keypress: q
108.5365 	EXP 	text_congruency: autoDraw = False
108.5365 	EXP 	text_8: autoDraw = True
108.6749 	EXP 	Device response: <KeyPress from None: t=108.5127918330254, value=q, duration=0.15251874993555248>
109.5243 	EXP 	New trial (rep=0, index=28): <Trial 28 (28 in rep 0) data={'scene_stimulus': 'stimuli/scenes/UB_1.jpg', 'scene_cat': 'Undersea', 'scene_label': 'Somar', 'canonical_item': 'stimuli/items/jungle_object_1.png', 'item_cat': 'Jungle', 'item_type': 'object', 'congruency': 'si', 'integrated_stimulus': 'stimuli/integrated/ocean_b_jungle_object_1.jpg', 'recalled_stimulus': 'stimuli/recalled/recalled_ocean_b_jungle_object_1.jpg', 'thisN': 28, 'thisTrialN': 28, 'thisRepN': 0}>
109.5497 	EXP 	text_8: autoDraw = False
109.5497 	EXP 	text_8: autoDraw = False
109.5497 	EXP 	image_integrated: image = 'stimuli/integrated/ocean_b_jungle_object_1.jpg'
109.5497 	EXP 	image_integrated: autoDraw = True
111.5406 	INFO 	Keyboard events cleared
111.5404 	EXP 	image_integrated: autoDraw = False
111.5404 	EXP 	text_congruency: autoDraw = True
112.3806 	EXP 	Device response: <KeyPress from None: t=112.37480250000954, value=p, duration=None>
112.3867 	DATA 	Keypress: p
112.3956 	EXP 	text_congruency: autoDraw = False
112.3956 	EXP 	text_8: autoDraw = True
112.4742 	EXP 	Device response: <KeyPress from None: t=112.37480250000954, value=p, duration=0.0963416249724105>
113.3794 	EXP 	New trial (rep=0, index=29): <Trial 29 (29 in rep 0) data={'scene_stimulus': 'stimuli/scenes/UA_1.jpg', 'scene_cat': 'Undersea', 'scene_label': 'Tulon', 'canonical_item': 'stimuli/items/jungle_animal_7.png', 'item_cat': 'Jungle', 'item_type': 'animal', 'congruency': 'si', 'integrated_stimulus': 'stimuli/integrated/ocean_a_jungle_animal_7.jpg', 'recalled_stimulus': 'stimuli/recalled/recalled_ocean_a_jungle_animal_7.jpg', 'thisN': 29, 'thisTrialN': 29, 'thisRepN': 0}>
113.4060 	EXP 	text_8: autoDraw = False
113.4060 	EXP 	text_8: autoDraw = False
113.4060 	EXP 	image_integrated: image = 'stimuli/integrated/ocean_a_jungle_animal_7.jpg'
113.4060 	EXP 	image_integrated: autoDraw = True
115.3961 	INFO 	Keyboard events cleared
115.3959 	EXP 	image_integrated: autoDraw = False
115.3959 	EXP 	text_congruency: autoDraw = True
116.3907 	EXP 	text_congruency: autoDraw = False
116.3907 	EXP 	text_congruency: autoDraw = False
116.3907 	EXP 	text_8: autoDraw = True
116.8580 	EXP 	Device response: <KeyPress from None: t=116.85293616598938, value=p, duration=None>
116.8677 	DATA 	Keypress: p
116.9581 	EXP 	Device response: <KeyPress from None: t=116.85293616598938, value=p, duration=0.09387237497139722>
117.3741 	EXP 	New trial (rep=0, index=30): <Trial 30 (30 in rep 0) data={'scene_stimulus': 'stimuli/scenes/UB_1.jpg', 'scene_cat': 'Undersea', 'scene_label': 'Somar', 'canonical_item': 'stimuli/items/jungle_animal_19.png', 'item_cat': 'Jungle', 'item_type': 'animal', 'congruency': 'si', 'integrated_stimulus': 'stimuli/integrated/ocean_b_jungle_animal_19.jpg', 'recalled_stimulus': 'stimuli/recalled/recalled_ocean_b_jungle_animal_19.jpg', 'thisN': 30, 'thisTrialN': 30, 'thisRepN': 0}>
117.4013 	EXP 	text_8: autoDraw = False
117.4013 	EXP 	text_8: autoDraw = False
117.4013 	EXP 	image_integrated: image = 'stimuli/integrated/ocean_b_jungle_animal_19.jpg'
117.4013 	EXP 	image_integrated: autoDraw = True
119.3950 	INFO 	Keyboard events cleared
119.3949 	EXP 	image_integrated: autoDraw = False
119.3949 	EXP 	text_congruency: autoDraw = True
119.7408 	EXP 	Device response: <KeyPress from None: t=119.73456608306151, value=p, duration=None>
119.7446 	EXP 	text_congruency: autoDraw = False
119.7446 	EXP 	text_8: autoDraw = True
119.7469 	DATA 	Keypress: p
119.8408 	EXP 	Device response: <KeyPress from None: t=119.73456608306151, value=p, duration=0.09621637500822544>
120.7292 	EXP 	New trial (rep=0, index=31): <Trial 31 (31 in rep 0) data={'scene_stimulus': 'stimuli/scenes/JA_1.jpg', 'scene_cat': 'Jungle', 'scene_label': 'Malbow', 'canonical_item': 'stimuli/items/jungle_object_10.png', 'item_cat': 'Jungle', 'item_type': 'object', 'congruency': 'sc', 'integrated_stimulus': 'stimuli/integrated/jungle_a_jungle_object_10.jpg', 'recalled_stimulus': 'stimuli/recalled/recalled_jungle_a_jungle_object_10.jpg', 'thisN': 31, 'thisTrialN': 31, 'thisRepN': 0}>
120.7521 	EXP 	text_8: autoDraw = False
120.7521 	EXP 	text_8: autoDraw = False
120.7521 	EXP 	image_integrated: image = 'stimuli/integrated/jungle_a_jungle_object_10.jpg'
120.7521 	EXP 	image_integrated: autoDraw = True
122.7463 	INFO 	Keyboard events cleared
122.7462 	EXP 	image_integrated: autoDraw = False
122.7462 	EXP 	image_integrated: autoDraw = False
122.7462 	EXP 	text_congruency: autoDraw = True
123.1083 	EXP 	Device response: <KeyPress from None: t=123.09543049999047, value=q, duration=None>
123.1143 	DATA 	Keypress: q
123.1192 	EXP 	text_congruency: autoDraw = False
123.1192 	EXP 	text_8: autoDraw = True
123.2634 	EXP 	Device response: <KeyPress from None: t=123.09543049999047, value=q, duration=0.1643350829835981>
124.1075 	EXP 	New trial (rep=0, index=32): <Trial 32 (32 in rep 0) data={'scene_stimulus': 'stimuli/scenes/UB_1.jpg', 'scene_cat': 'Undersea', 'scene_label': 'Somar', 'canonical_item': 'stimuli/items/undersea_object_20.png', 'item_cat': 'Undersea', 'item_type': 'object', 'congruency': 'sc', 'integrated_stimulus': 'stimuli/integrated/ocean_b_undersea_object_20.jpg', 'recalled_stimulus': 'stimuli/recalled/recalled_ocean_b_undersea_object_20.jpg', 'thisN': 32, 'thisTrialN': 32, 'thisRepN': 0}>
124.1296 	EXP 	text_8: autoDraw = False
124.1296 	EXP 	text_8: autoDraw = False
124.1296 	EXP 	image_integrated: image = 'stimuli/integrated/ocean_b_undersea_object_20.jpg'
124.1296 	EXP 	image_integrated: autoDraw = True
126.1239 	INFO 	Keyboard events cleared
126.1236 	EXP 	image_integrated: autoDraw = False
126.1236 	EXP 	text_congruency: autoDraw = True
127.1129 	EXP 	text_congruency: autoDraw = False
127.1129 	EXP 	text_congruency: autoDraw = False
127.1129 	EXP 	text_8: autoDraw = True
127.2974 	EXP 	Device response: <KeyPress from None: t=127.29310658306349, value=q, duration=None>
127.3031 	DATA 	Keypress: q
127.4412 	EXP 	Device response: <KeyPress from None: t=127.29310658306349, value=q, duration=0.14277745794970542>
128.1073 	EXP 	New trial (rep=0, index=33): <Trial 33 (33 in rep 0) data={'scene_stimulus': 'stimuli/scenes/JB_1.jpg', 'scene_cat': 'Jungle', 'scene_label': 'Negvi', 'canonical_item': 'stimuli/items/jungle_animal_6.png', 'item_cat': 'Jungle', 'item_type': 'animal', 'congruency': 'sc', 'integrated_stimulus': 'stimuli/integrated/jungle_b_jungle_animal_6.jpg', 'recalled_stimulus': 'stimuli/recalled/recalled_jungle_b_jungle_animal_6.jpg', 'thisN': 33, 'thisTrialN': 33, 'thisRepN': 0}>
128.1336 	EXP 	text_8: autoDraw = False
128.1336 	EXP 	text_8: autoDraw = False
128.1336 	EXP 	image_integrated: image = 'stimuli/integrated/jungle_b_jungle_animal_6.jpg'
128.1336 	EXP 	image_integrated: autoDraw = True
130.1233 	INFO 	Keyboard events cleared
130.1232 	EXP 	image_integrated: autoDraw = False
130.1232 	EXP 	text_congruency: autoDraw = True
131.1121 	EXP 	text_congruency: autoDraw = False
131.1121 	EXP 	text_congruency: autoDraw = False
131.1121 	EXP 	text_8: autoDraw = True
132.0956 	EXP 	New trial (rep=0, index=34): <Trial 34 (34 in rep 0) data={'scene_stimulus': 'stimuli/scenes/UB_1.jpg', 'scene_cat': 'Undersea', 'scene_label': 'Somar', 'canonical_item': 'stimuli/items/jungle_object_2.png', 'item_cat': 'Jungle', 'item_type': 'object', 'congruency': 'si', 'integrated_stimulus': 'stimuli/integrated/ocean_b_jungle_object_2.jpg', 'recalled_stimulus': 'stimuli/recalled/recalled_ocean_b_jungle_object_2.jpg', 'thisN': 34, 'thisTrialN': 34, 'thisRepN': 0}>
132.1176 	EXP 	text_8: autoDraw = False
132.1176 	EXP 	text_8: autoDraw = False
132.1176 	EXP 	image_integrated: image = 'stimuli/integrated/ocean_b_jungle_object_2.jpg'
132.1176 	EXP 	image_integrated: autoDraw = True
134.1104 	INFO 	Keyboard events cleared
134.1104 	EXP 	image_integrated: autoDraw = False
134.1104 	EXP 	image_integrated: autoDraw = False
134.1104 	EXP 	text_congruency: autoDraw = True
135.1073 	EXP 	text_congruency: autoDraw = False
135.1073 	EXP 	text_congruency: autoDraw = False
135.1073 	EXP 	text_8: autoDraw = True
136.0907 	EXP 	New trial (rep=0, index=35): <Trial 35 (35 in rep 0) data={'scene_stimulus': 'stimuli/scenes/JB_1.jpg', 'scene_cat': 'Jungle', 'scene_label': 'Negvi', 'canonical_item': 'stimuli/items/jungle_animal_20.png', 'item_cat': 'Jungle', 'item_type': 'animal', 'congruency': 'sc', 'integrated_stimulus': 'stimuli/integrated/jungle_b_jungle_animal_20.jpg', 'recalled_stimulus': 'stimuli/recalled/recalled_jungle_b_jungle_animal_20.jpg', 'thisN': 35, 'thisTrialN': 35, 'thisRepN': 0}>
136.1148 	EXP 	text_8: autoDraw = False
136.1148 	EXP 	text_8: autoDraw = False
136.1148 	EXP 	image_integrated: image = 'stimuli/integrated/jungle_b_jungle_animal_20.jpg'
136.1148 	EXP 	image_integrated: autoDraw = True
138.1120 	INFO 	Keyboard events cleared
138.1119 	EXP 	image_integrated: autoDraw = False
138.1119 	EXP 	image_integrated: autoDraw = False
138.1119 	EXP 	text_congruency: autoDraw = True
139.1069 	EXP 	text_congruency: autoDraw = False
139.1069 	EXP 	text_congruency: autoDraw = False
139.1069 	EXP 	text_8: autoDraw = True
140.0909 	EXP 	New trial (rep=0, index=36): <Trial 36 (36 in rep 0) data={'scene_stimulus': 'stimuli/scenes/UA_1.jpg', 'scene_cat': 'Undersea', 'scene_label': 'Tulon', 'canonical_item': 'stimuli/items/undersea_animal_9.png', 'item_cat': 'Undersea', 'item_type': 'animal', 'congruency': 'sc', 'integrated_stimulus': 'stimuli/integrated/ocean_a_undersea_animal_9.jpg', 'recalled_stimulus': 'stimuli/recalled/recalled_ocean_a_undersea_animal_9.jpg', 'thisN': 36, 'thisTrialN': 36, 'thisRepN': 0}>
140.1150 	EXP 	text_8: autoDraw = False
140.1150 	EXP 	text_8: autoDraw = False
140.1150 	EXP 	image_integrated: image = 'stimuli/integrated/ocean_a_undersea_animal_9.jpg'
140.1150 	EXP 	image_integrated: autoDraw = True
142.1132 	INFO 	Keyboard events cleared
142.1131 	EXP 	image_integrated: autoDraw = False
142.1131 	EXP 	image_integrated: autoDraw = False
142.1131 	EXP 	text_congruency: autoDraw = True
143.1118 	EXP 	text_congruency: autoDraw = False
143.1118 	EXP 	text_congruency: autoDraw = False
143.1118 	EXP 	text_8: autoDraw = True
144.0958 	EXP 	New trial (rep=0, index=37): <Trial 37 (37 in rep 0) data={'scene_stimulus': 'stimuli/scenes/UB_1.jpg', 'scene_cat': 'Undersea', 'scene_label': 'Somar', 'canonical_item': 'stimuli/items/undersea_object_19.png', 'item_cat': 'Undersea', 'item_type': 'object', 'congruency': 'sc', 'integrated_stimulus': 'stimuli/integrated/ocean_b_undersea_object_19.jpg', 'recalled_stimulus': 'stimuli/recalled/recalled_ocean_b_undersea_object_19.jpg', 'thisN': 37, 'thisTrialN': 37, 'thisRepN': 0}>
144.1183 	EXP 	text_8: autoDraw = False
144.1183 	EXP 	text_8: autoDraw = False
144.1183 	EXP 	image_integrated: image = 'stimuli/integrated/ocean_b_undersea_object_19.jpg'
144.1183 	EXP 	image_integrated: autoDraw = True
146.1124 	INFO 	Keyboard events cleared
146.1122 	EXP 	image_integrated: autoDraw = False
146.1122 	EXP 	image_integrated: autoDraw = False
146.1122 	EXP 	text_congruency: autoDraw = True
147.1069 	EXP 	text_congruency: autoDraw = False
147.1069 	EXP 	text_congruency: autoDraw = False
147.1069 	EXP 	text_8: autoDraw = True
148.0909 	EXP 	New trial (rep=0, index=38): <Trial 38 (38 in rep 0) data={'scene_stimulus': 'stimuli/scenes/JB_1.jpg', 'scene_cat': 'Jungle', 'scene_label': 'Negvi', 'canonical_item': 'stimuli/items/jungle_object_5.png', 'item_cat': 'Jungle', 'item_type': 'object', 'congruency': 'sc', 'integrated_stimulus': 'stimuli/integrated/jungle_b_jungle_object_5.jpg', 'recalled_stimulus': 'stimuli/recalled/recalled_jungle_b_jungle_object_5.jpg', 'thisN': 38, 'thisTrialN': 38, 'thisRepN': 0}>
148.1173 	EXP 	text_8: autoDraw = False
148.1173 	EXP 	text_8: autoDraw = False
148.1173 	EXP 	image_integrated: image = 'stimuli/integrated/jungle_b_jungle_object_5.jpg'
148.1173 	EXP 	image_integrated: autoDraw = True
150.1126 	INFO 	Keyboard events cleared
150.1124 	EXP 	image_integrated: autoDraw = False
150.1124 	EXP 	image_integrated: autoDraw = False
150.1124 	EXP 	text_congruency: autoDraw = True
151.1066 	EXP 	text_congruency: autoDraw = False
151.1066 	EXP 	text_congruency: autoDraw = False
151.1066 	EXP 	text_8: autoDraw = True
152.0905 	EXP 	New trial (rep=0, index=39): <Trial 39 (39 in rep 0) data={'scene_stimulus': 'stimuli/scenes/JA_1.jpg', 'scene_cat': 'Jungle', 'scene_label': 'Malbow', 'canonical_item': 'stimuli/items/jungle_animal_14.png', 'item_cat': 'Jungle', 'item_type': 'animal', 'congruency': 'sc', 'integrated_stimulus': 'stimuli/integrated/jungle_a_jungle_animal_14.jpg', 'recalled_stimulus': 'stimuli/recalled/recalled_jungle_a_jungle_animal_14.jpg', 'thisN': 39, 'thisTrialN': 39, 'thisRepN': 0}>
152.1141 	EXP 	text_8: autoDraw = False
152.1141 	EXP 	text_8: autoDraw = False
152.1141 	EXP 	image_integrated: image = 'stimuli/integrated/jungle_a_jungle_animal_14.jpg'
152.1141 	EXP 	image_integrated: autoDraw = True
154.1120 	INFO 	Keyboard events cleared
154.1118 	EXP 	image_integrated: autoDraw = False
154.1118 	EXP 	image_integrated: autoDraw = False
154.1118 	EXP 	text_congruency: autoDraw = True
155.1069 	EXP 	text_congruency: autoDraw = False
155.1069 	EXP 	text_congruency: autoDraw = False
155.1069 	EXP 	text_8: autoDraw = True
156.0905 	EXP 	New trial (rep=0, index=40): <Trial 40 (40 in rep 0) data={'scene_stimulus': 'stimuli/scenes/JB_1.jpg', 'scene_cat': 'Jungle', 'scene_label': 'Negvi', 'canonical_item': 'stimuli/items/jungle_animal_8.png', 'item_cat': 'Jungle', 'item_type': 'animal', 'congruency': 'sc', 'integrated_stimulus': 'stimuli/integrated/jungle_b_jungle_animal_8.jpg', 'recalled_stimulus': 'stimuli/recalled/recalled_jungle_b_jungle_animal_8.jpg', 'thisN': 40, 'thisTrialN': 40, 'thisRepN': 0}>
156.1159 	EXP 	text_8: autoDraw = False
156.1159 	EXP 	text_8: autoDraw = False
156.1159 	EXP 	image_integrated: image = 'stimuli/integrated/jungle_b_jungle_animal_8.jpg'
156.1159 	EXP 	image_integrated: autoDraw = True
158.1120 	INFO 	Keyboard events cleared
158.1118 	EXP 	image_integrated: autoDraw = False
158.1118 	EXP 	image_integrated: autoDraw = False
158.1118 	EXP 	text_congruency: autoDraw = True
159.1066 	EXP 	text_congruency: autoDraw = False
159.1066 	EXP 	text_congruency: autoDraw = False
159.1066 	EXP 	text_8: autoDraw = True
160.0907 	EXP 	New trial (rep=0, index=41): <Trial 41 (41 in rep 0) data={'scene_stimulus': 'stimuli/scenes/UB_1.jpg', 'scene_cat': 'Undersea', 'scene_label': 'Somar', 'canonical_item': 'stimuli/items/undersea_object_14.png', 'item_cat': 'Undersea', 'item_type': 'object', 'congruency': 'sc', 'integrated_stimulus': 'stimuli/integrated/ocean_b_undersea_object_14.jpg', 'recalled_stimulus': 'stimuli/recalled/recalled_ocean_b_undersea_object_14.jpg', 'thisN': 41, 'thisTrialN': 41, 'thisRepN': 0}>
160.1104 	EXP 	text_8: autoDraw = False
160.1104 	EXP 	text_8: autoDraw = False
160.1104 	EXP 	image_integrated: image = 'stimuli/integrated/ocean_b_undersea_object_14.jpg'
160.1232 	EXP 	image_integrated: autoDraw = True
162.1118 	INFO 	Keyboard events cleared
162.1116 	EXP 	image_integrated: autoDraw = False
162.1116 	EXP 	image_integrated: autoDraw = False
162.1116 	EXP 	text_congruency: autoDraw = True
163.1066 	EXP 	text_congruency: autoDraw = False
163.1066 	EXP 	text_congruency: autoDraw = False
163.1066 	EXP 	text_8: autoDraw = True
164.0910 	EXP 	New trial (rep=0, index=42): <Trial 42 (42 in rep 0) data={'scene_stimulus': 'stimuli/scenes/JB_1.jpg', 'scene_cat': 'Jungle', 'scene_label': 'Negvi', 'canonical_item': 'stimuli/items/undersea_object_6.png', 'item_cat': 'Undersea', 'item_type': 'object', 'congruency': 'si', 'integrated_stimulus': 'stimuli/integrated/jungle_b_undersea_object_6.jpg', 'recalled_stimulus': 'stimuli/recalled/recalled_jungle_b_undersea_object_6.jpg', 'thisN': 42, 'thisTrialN': 42, 'thisRepN': 0}>
164.1191 	EXP 	text_8: autoDraw = False
164.1191 	EXP 	text_8: autoDraw = False
164.1191 	EXP 	image_integrated: image = 'stimuli/integrated/jungle_b_undersea_object_6.jpg'
164.1191 	EXP 	image_integrated: autoDraw = True
166.1122 	INFO 	Keyboard events cleared
166.1120 	EXP 	image_integrated: autoDraw = False
166.1120 	EXP 	image_integrated: autoDraw = False
166.1120 	EXP 	text_congruency: autoDraw = True
167.1071 	EXP 	text_congruency: autoDraw = False
167.1071 	EXP 	text_congruency: autoDraw = False
167.1071 	EXP 	text_8: autoDraw = True
168.0904 	EXP 	New trial (rep=0, index=43): <Trial 43 (43 in rep 0) data={'scene_stimulus': 'stimuli/scenes/JA_1.jpg', 'scene_cat': 'Jungle', 'scene_label': 'Malbow', 'canonical_item': 'stimuli/items/jungle_animal_2.png', 'item_cat': 'Jungle', 'item_type': 'animal', 'congruency': 'sc', 'integrated_stimulus': 'stimuli/integrated/jungle_a_jungle_animal_2.jpg', 'recalled_stimulus': 'stimuli/recalled/recalled_jungle_a_jungle_animal_2.jpg', 'thisN': 43, 'thisTrialN': 43, 'thisRepN': 0}>
168.1176 	EXP 	text_8: autoDraw = False
168.1176 	EXP 	text_8: autoDraw = False
168.1176 	EXP 	image_integrated: image = 'stimuli/integrated/jungle_a_jungle_animal_2.jpg'
168.1176 	EXP 	image_integrated: autoDraw = True
170.1121 	INFO 	Keyboard events cleared
170.1119 	EXP 	image_integrated: autoDraw = False
170.1119 	EXP 	image_integrated: autoDraw = False
170.1119 	EXP 	text_congruency: autoDraw = True
171.1066 	EXP 	text_congruency: autoDraw = False
171.1066 	EXP 	text_congruency: autoDraw = False
171.1066 	EXP 	text_8: autoDraw = True
172.0908 	EXP 	New trial (rep=0, index=44): <Trial 44 (44 in rep 0) data={'scene_stimulus': 'stimuli/scenes/JB_1.jpg', 'scene_cat': 'Jungle', 'scene_label': 'Negvi', 'canonical_item': 'stimuli/items/jungle_animal_12.png', 'item_cat': 'Jungle', 'item_type': 'animal', 'congruency': 'sc', 'integrated_stimulus': 'stimuli/integrated/jungle_b_jungle_animal_12.jpg', 'recalled_stimulus': 'stimuli/recalled/recalled_jungle_b_jungle_animal_12.jpg', 'thisN': 44, 'thisTrialN': 44, 'thisRepN': 0}>
172.1155 	EXP 	text_8: autoDraw = False
172.1155 	EXP 	text_8: autoDraw = False
172.1155 	EXP 	image_integrated: image = 'stimuli/integrated/jungle_b_jungle_animal_12.jpg'
172.1155 	EXP 	image_integrated: autoDraw = True
174.1117 	INFO 	Keyboard events cleared
174.1115 	EXP 	image_integrated: autoDraw = False
174.1115 	EXP 	image_integrated: autoDraw = False
174.1115 	EXP 	text_congruency: autoDraw = True
175.1067 	EXP 	text_congruency: autoDraw = False
175.1067 	EXP 	text_congruency: autoDraw = False
175.1067 	EXP 	text_8: autoDraw = True
176.0899 	EXP 	New trial (rep=0, index=45): <Trial 45 (45 in rep 0) data={'scene_stimulus': 'stimuli/scenes/UB_1.jpg', 'scene_cat': 'Undersea', 'scene_label': 'Somar', 'canonical_item': 'stimuli/items/jungle_animal_5.png', 'item_cat': 'Jungle', 'item_type': 'animal', 'congruency': 'si', 'integrated_stimulus': 'stimuli/integrated/ocean_b_jungle_animal_5.jpg', 'recalled_stimulus': 'stimuli/recalled/recalled_ocean_b_jungle_animal_5.jpg', 'thisN': 45, 'thisTrialN': 45, 'thisRepN': 0}>
176.1069 	EXP 	text_8: autoDraw = False
176.1069 	EXP 	text_8: autoDraw = False
176.1069 	EXP 	image_integrated: image = 'stimuli/integrated/ocean_b_jungle_animal_5.jpg'
176.1230 	EXP 	image_integrated: autoDraw = True
178.1112 	INFO 	Keyboard events cleared
178.1110 	EXP 	image_integrated: autoDraw = False
178.1110 	EXP 	image_integrated: autoDraw = False
178.1110 	EXP 	text_congruency: autoDraw = True
179.1066 	EXP 	text_congruency: autoDraw = False
179.1066 	EXP 	text_congruency: autoDraw = False
179.1066 	EXP 	text_8: autoDraw = True
180.0914 	EXP 	New trial (rep=0, index=46): <Trial 46 (46 in rep 0) data={'scene_stimulus': 'stimuli/scenes/JB_1.jpg', 'scene_cat': 'Jungle', 'scene_label': 'Negvi', 'canonical_item': 'stimuli/items/undersea_animal_17.png', 'item_cat': 'Undersea', 'item_type': 'animal', 'congruency': 'si', 'integrated_stimulus': 'stimuli/integrated/jungle_b_undersea_animal_17.jpg', 'recalled_stimulus': 'stimuli/recalled/recalled_jungle_b_undersea_animal_17.jpg', 'thisN': 46, 'thisTrialN': 46, 'thisRepN': 0}>
180.1450 	EXP 	text_8: autoDraw = False
180.1450 	EXP 	text_8: autoDraw = False
180.1450 	EXP 	image_integrated: image = 'stimuli/integrated/jungle_b_undersea_animal_17.jpg'
180.1450 	EXP 	image_integrated: autoDraw = True
182.1228 	INFO 	Keyboard events cleared
182.1224 	EXP 	image_integrated: autoDraw = False
182.1224 	EXP 	text_congruency: autoDraw = True
183.1115 	EXP 	text_congruency: autoDraw = False
183.1115 	EXP 	text_congruency: autoDraw = False
183.1115 	EXP 	text_8: autoDraw = True
184.0950 	EXP 	New trial (rep=0, index=47): <Trial 47 (47 in rep 0) data={'scene_stimulus': 'stimuli/scenes/UB_1.jpg', 'scene_cat': 'Undersea', 'scene_label': 'Somar', 'canonical_item': 'stimuli/items/jungle_object_14.png', 'item_cat': 'Jungle', 'item_type': 'object', 'congruency': 'si', 'integrated_stimulus': 'stimuli/integrated/ocean_b_jungle_object_14.jpg', 'recalled_stimulus': 'stimuli/recalled/recalled_ocean_b_jungle_object_14.jpg', 'thisN': 47, 'thisTrialN': 47, 'thisRepN': 0}>
184.1178 	EXP 	text_8: autoDraw = False
184.1178 	EXP 	text_8: autoDraw = False
184.1178 	EXP 	image_integrated: image = 'stimuli/integrated/ocean_b_jungle_object_14.jpg'
184.1178 	EXP 	image_integrated: autoDraw = True
186.1157 	INFO 	Keyboard events cleared
186.1151 	EXP 	image_integrated: autoDraw = False
186.1151 	EXP 	image_integrated: autoDraw = False
186.1151 	EXP 	text_congruency: autoDraw = True
187.1105 	EXP 	text_congruency: autoDraw = False
187.1105 	EXP 	text_congruency: autoDraw = False
187.1105 	EXP 	text_8: autoDraw = True
188.0956 	EXP 	New trial (rep=0, index=48): <Trial 48 (48 in rep 0) data={'scene_stimulus': 'stimuli/scenes/JB_1.jpg', 'scene_cat': 'Jungle', 'scene_label': 'Negvi', 'canonical_item': 'stimuli/items/jungle_object_20.png', 'item_cat': 'Jungle', 'item_type': 'object', 'congruency': 'sc', 'integrated_stimulus': 'stimuli/integrated/jungle_b_jungle_object_20.jpg', 'recalled_stimulus': 'stimuli/recalled/recalled_jungle_b_jungle_object_20.jpg', 'thisN': 48, 'thisTrialN': 48, 'thisRepN': 0}>
188.1319 	EXP 	text_8: autoDraw = False
188.1319 	EXP 	text_8: autoDraw = False
188.1319 	EXP 	image_integrated: image = 'stimuli/integrated/jungle_b_jungle_object_20.jpg'
188.1319 	EXP 	image_integrated: autoDraw = True
190.1235 	INFO 	Keyboard events cleared
190.1233 	EXP 	image_integrated: autoDraw = False
190.1233 	EXP 	text_congruency: autoDraw = True
191.1120 	EXP 	text_congruency: autoDraw = False
191.1120 	EXP 	text_congruency: autoDraw = False
191.1120 	EXP 	text_8: autoDraw = True
192.0962 	EXP 	New trial (rep=0, index=49): <Trial 49 (49 in rep 0) data={'scene_stimulus': 'stimuli/scenes/UA_1.jpg', 'scene_cat': 'Undersea', 'scene_label': 'Tulon', 'canonical_item': 'stimuli/items/undersea_object_8.png', 'item_cat': 'Undersea', 'item_type': 'object', 'congruency': 'sc', 'integrated_stimulus': 'stimuli/integrated/ocean_a_undersea_object_8.jpg', 'recalled_stimulus': 'stimuli/recalled/recalled_ocean_a_undersea_object_8.jpg', 'thisN': 49, 'thisTrialN': 49, 'thisRepN': 0}>
192.1195 	EXP 	text_8: autoDraw = False
192.1195 	EXP 	text_8: autoDraw = False
192.1195 	EXP 	image_integrated: image = 'stimuli/integrated/ocean_a_undersea_object_8.jpg'
192.1195 	EXP 	image_integrated: autoDraw = True
194.1110 	INFO 	Keyboard events cleared
194.1109 	EXP 	image_integrated: autoDraw = False
194.1109 	EXP 	image_integrated: autoDraw = False
194.1109 	EXP 	text_congruency: autoDraw = True
195.1064 	EXP 	text_congruency: autoDraw = False
195.1064 	EXP 	text_congruency: autoDraw = False
195.1064 	EXP 	text_8: autoDraw = True
196.0907 	EXP 	New trial (rep=0, index=50): <Trial 50 (50 in rep 0) data={'scene_stimulus': 'stimuli/scenes/JB_1.jpg', 'scene_cat': 'Jungle', 'scene_label': 'Negvi', 'canonical_item': 'stimuli/items/undersea_object_2.png', 'item_cat': 'Undersea', 'item_type': 'object', 'congruency': 'si', 'integrated_stimulus': 'stimuli/integrated/jungle_b_undersea_object_2.jpg', 'recalled_stimulus': 'stimuli/recalled/recalled_jungle_b_undersea_object_2.jpg', 'thisN': 50, 'thisTrialN': 50, 'thisRepN': 0}>
196.1142 	EXP 	text_8: autoDraw = False
196.1142 	EXP 	text_8: autoDraw = False
196.1142 	EXP 	image_integrated: image = 'stimuli/integrated/jungle_b_undersea_object_2.jpg'
196.1142 	EXP 	image_integrated: autoDraw = True
198.1117 	INFO 	Keyboard events cleared
198.1115 	EXP 	image_integrated: autoDraw = False
198.1115 	EXP 	image_integrated: autoDraw = False
198.1115 	EXP 	text_congruency: autoDraw = True
199.1108 	EXP 	text_congruency: autoDraw = False
199.1108 	EXP 	text_congruency: autoDraw = False
199.1108 	EXP 	text_8: autoDraw = True
200.0952 	EXP 	New trial (rep=0, index=51): <Trial 51 (51 in rep 0) data={'scene_stimulus': 'stimuli/scenes/UA_1.jpg', 'scene_cat': 'Undersea', 'scene_label': 'Tulon', 'canonical_item': 'stimuli/items/jungle_animal_13.png', 'item_cat': 'Jungle', 'item_type': 'animal', 'congruency': 'si', 'integrated_stimulus': 'stimuli/integrated/ocean_a_jungle_animal_13.jpg', 'recalled_stimulus': 'stimuli/recalled/recalled_ocean_a_jungle_animal_13.jpg', 'thisN': 51, 'thisTrialN': 51, 'thisRepN': 0}>
200.1115 	EXP 	text_8: autoDraw = False
200.1115 	EXP 	text_8: autoDraw = False
200.1115 	EXP 	image_integrated: image = 'stimuli/integrated/ocean_a_jungle_animal_13.jpg'
200.1115 	EXP 	image_integrated: autoDraw = True
202.1066 	INFO 	Keyboard events cleared
202.1064 	EXP 	image_integrated: autoDraw = False
202.1064 	EXP 	image_integrated: autoDraw = False
202.1064 	EXP 	text_congruency: autoDraw = True
203.0951 	EXP 	text_congruency: autoDraw = False
203.0951 	EXP 	text_congruency: autoDraw = False
203.1063 	EXP 	text_8: autoDraw = True
204.0906 	EXP 	New trial (rep=0, index=52): <Trial 52 (52 in rep 0) data={'scene_stimulus': 'stimuli/scenes/JB_1.jpg', 'scene_cat': 'Jungle', 'scene_label': 'Negvi', 'canonical_item': 'stimuli/items/jungle_object_17.png', 'item_cat': 'Jungle', 'item_type': 'object', 'congruency': 'sc', 'integrated_stimulus': 'stimuli/integrated/jungle_b_jungle_object_17.jpg', 'recalled_stimulus': 'stimuli/recalled/recalled_jungle_b_jungle_object_17.jpg', 'thisN': 52, 'thisTrialN': 52, 'thisRepN': 0}>
204.1174 	EXP 	text_8: autoDraw = False
204.1174 	EXP 	text_8: autoDraw = False
204.1174 	EXP 	image_integrated: image = 'stimuli/integrated/jungle_b_jungle_object_17.jpg'
204.1174 	EXP 	image_integrated: autoDraw = True
206.1126 	INFO 	Keyboard events cleared
206.1124 	EXP 	image_integrated: autoDraw = False
206.1124 	EXP 	image_integrated: autoDraw = False
206.1124 	EXP 	text_congruency: autoDraw = True
207.1108 	EXP 	text_congruency: autoDraw = False
207.1108 	EXP 	text_congruency: autoDraw = False
207.1108 	EXP 	text_8: autoDraw = True
208.0952 	EXP 	New trial (rep=0, index=53): <Trial 53 (53 in rep 0) data={'scene_stimulus': 'stimuli/scenes/UA_1.jpg', 'scene_cat': 'Undersea', 'scene_label': 'Tulon', 'canonical_item': 'stimuli/items/jungle_object_11.png', 'item_cat': 'Jungle', 'item_type': 'object', 'congruency': 'si', 'integrated_stimulus': 'stimuli/integrated/ocean_a_jungle_object_11.jpg', 'recalled_stimulus': 'stimuli/recalled/recalled_ocean_a_jungle_object_11.jpg', 'thisN': 53, 'thisTrialN': 53, 'thisRepN': 0}>
208.1287 	EXP 	text_8: autoDraw = False
208.1287 	EXP 	text_8: autoDraw = False
208.1287 	EXP 	image_integrated: image = 'stimuli/integrated/ocean_a_jungle_object_11.jpg'
208.1287 	EXP 	image_integrated: autoDraw = True
210.1229 	INFO 	Keyboard events cleared
210.1227 	EXP 	image_integrated: autoDraw = False
210.1227 	EXP 	text_congruency: autoDraw = True
211.1097 	EXP 	text_congruency: autoDraw = False
211.1097 	EXP 	text_congruency: autoDraw = False
211.1097 	EXP 	text_8: autoDraw = True
212.0957 	EXP 	New trial (rep=0, index=54): <Trial 54 (54 in rep 0) data={'scene_stimulus': 'stimuli/scenes/JB_1.jpg', 'scene_cat': 'Jungle', 'scene_label': 'Negvi', 'canonical_item': 'stimuli/items/undersea_object_18.png', 'item_cat': 'Undersea', 'item_type': 'object', 'congruency': 'si', 'integrated_stimulus': 'stimuli/integrated/jungle_b_undersea_object_18.jpg', 'recalled_stimulus': 'stimuli/recalled/recalled_jungle_b_undersea_object_18.jpg', 'thisN': 54, 'thisTrialN': 54, 'thisRepN': 0}>
212.1146 	EXP 	text_8: autoDraw = False
212.1146 	EXP 	text_8: autoDraw = False
212.1146 	EXP 	image_integrated: image = 'stimuli/integrated/jungle_b_undersea_object_18.jpg'
212.1146 	EXP 	image_integrated: autoDraw = True
214.1120 	INFO 	Keyboard events cleared
214.1117 	EXP 	image_integrated: autoDraw = False
214.1117 	EXP 	image_integrated: autoDraw = False
214.1117 	EXP 	text_congruency: autoDraw = True
215.1064 	EXP 	text_congruency: autoDraw = False
215.1064 	EXP 	text_congruency: autoDraw = False
215.1064 	EXP 	text_8: autoDraw = True
216.0903 	EXP 	New trial (rep=0, index=55): <Trial 55 (55 in rep 0) data={'scene_stimulus': 'stimuli/scenes/JA_1.jpg', 'scene_cat': 'Jungle', 'scene_label': 'Malbow', 'canonical_item': 'stimuli/items/undersea_animal_4.png', 'item_cat': 'Undersea', 'item_type': 'animal', 'congruency': 'si', 'integrated_stimulus': 'stimuli/integrated/jungle_a_undersea_animal_4.jpg', 'recalled_stimulus': 'stimuli/recalled/recalled_jungle_a_undersea_animal_4.jpg', 'thisN': 55, 'thisTrialN': 55, 'thisRepN': 0}>
216.1187 	EXP 	text_8: autoDraw = False
216.1187 	EXP 	text_8: autoDraw = False
216.1187 	EXP 	image_integrated: image = 'stimuli/integrated/jungle_a_undersea_animal_4.jpg'
216.1187 	EXP 	image_integrated: autoDraw = True
218.1108 	INFO 	Keyboard events cleared
218.1106 	EXP 	image_integrated: autoDraw = False
218.1106 	EXP 	image_integrated: autoDraw = False
218.1106 	EXP 	text_congruency: autoDraw = True
219.1063 	EXP 	text_congruency: autoDraw = False
219.1063 	EXP 	text_congruency: autoDraw = False
219.1063 	EXP 	text_8: autoDraw = True
220.0901 	EXP 	New trial (rep=0, index=56): <Trial 56 (56 in rep 0) data={'scene_stimulus': 'stimuli/scenes/JB_1.jpg', 'scene_cat': 'Jungle', 'scene_label': 'Negvi', 'canonical_item': 'stimuli/items/undersea_animal_1.png', 'item_cat': 'Undersea', 'item_type': 'animal', 'congruency': 'si', 'integrated_stimulus': 'stimuli/integrated/jungle_b_undersea_animal_1.jpg', 'recalled_stimulus': 'stimuli/recalled/recalled_jungle_b_undersea_animal_1.jpg', 'thisN': 56, 'thisTrialN': 56, 'thisRepN': 0}>
220.1167 	EXP 	text_8: autoDraw = False
220.1167 	EXP 	text_8: autoDraw = False
220.1167 	EXP 	image_integrated: image = 'stimuli/integrated/jungle_b_undersea_animal_1.jpg'
220.1167 	EXP 	image_integrated: autoDraw = True
222.1109 	INFO 	Keyboard events cleared
222.1107 	EXP 	image_integrated: autoDraw = False
222.1107 	EXP 	image_integrated: autoDraw = False
222.1107 	EXP 	text_congruency: autoDraw = True
223.1061 	EXP 	text_congruency: autoDraw = False
223.1061 	EXP 	text_congruency: autoDraw = False
223.1061 	EXP 	text_8: autoDraw = True
224.0900 	EXP 	New trial (rep=0, index=57): <Trial 57 (57 in rep 0) data={'scene_stimulus': 'stimuli/scenes/UA_1.jpg', 'scene_cat': 'Undersea', 'scene_label': 'Tulon', 'canonical_item': 'stimuli/items/jungle_animal_15.png', 'item_cat': 'Jungle', 'item_type': 'animal', 'congruency': 'si', 'integrated_stimulus': 'stimuli/integrated/ocean_a_jungle_animal_15.jpg', 'recalled_stimulus': 'stimuli/recalled/recalled_ocean_a_jungle_animal_15.jpg', 'thisN': 57, 'thisTrialN': 57, 'thisRepN': 0}>
224.1201 	EXP 	text_8: autoDraw = False
224.1201 	EXP 	text_8: autoDraw = False
224.1201 	EXP 	image_integrated: image = 'stimuli/integrated/ocean_a_jungle_animal_15.jpg'
224.1201 	EXP 	image_integrated: autoDraw = True
226.1104 	INFO 	Keyboard events cleared
226.1104 	EXP 	image_integrated: autoDraw = False
226.1104 	EXP 	image_integrated: autoDraw = False
226.1104 	EXP 	text_congruency: autoDraw = True
227.1059 	EXP 	text_congruency: autoDraw = False
227.1059 	EXP 	text_congruency: autoDraw = False
227.1059 	EXP 	text_8: autoDraw = True
228.0896 	EXP 	New trial (rep=0, index=58): <Trial 58 (58 in rep 0) data={'scene_stimulus': 'stimuli/scenes/JB_1.jpg', 'scene_cat': 'Jungle', 'scene_label': 'Negvi', 'canonical_item': 'stimuli/items/jungle_object_8.png', 'item_cat': 'Jungle', 'item_type': 'object', 'congruency': 'sc', 'integrated_stimulus': 'stimuli/integrated/jungle_b_jungle_object_8.jpg', 'recalled_stimulus': 'stimuli/recalled/recalled_jungle_b_jungle_object_8.jpg', 'thisN': 58, 'thisTrialN': 58, 'thisRepN': 0}>
228.1084 	EXP 	text_8: autoDraw = False
228.1084 	EXP 	text_8: autoDraw = False
228.1084 	EXP 	image_integrated: image = 'stimuli/integrated/jungle_b_jungle_object_8.jpg'
228.1224 	EXP 	image_integrated: autoDraw = True
230.1108 	INFO 	Keyboard events cleared
230.1107 	EXP 	image_integrated: autoDraw = False
230.1107 	EXP 	image_integrated: autoDraw = False
230.1107 	EXP 	text_congruency: autoDraw = True
231.1061 	EXP 	text_congruency: autoDraw = False
231.1061 	EXP 	text_congruency: autoDraw = False
231.1061 	EXP 	text_8: autoDraw = True
232.0899 	EXP 	New trial (rep=0, index=59): <Trial 59 (59 in rep 0) data={'scene_stimulus': 'stimuli/scenes/UB_1.jpg', 'scene_cat': 'Undersea', 'scene_label': 'Somar', 'canonical_item': 'stimuli/items/jungle_object_18.png', 'item_cat': 'Jungle', 'item_type': 'object', 'congruency': 'si', 'integrated_stimulus': 'stimuli/integrated/ocean_b_jungle_object_18.jpg', 'recalled_stimulus': 'stimuli/recalled/recalled_ocean_b_jungle_object_18.jpg', 'thisN': 59, 'thisTrialN': 59, 'thisRepN': 0}>
232.1095 	EXP 	text_8: autoDraw = False
232.1095 	EXP 	text_8: autoDraw = False
232.1095 	EXP 	image_integrated: image = 'stimuli/integrated/ocean_b_jungle_object_18.jpg'
232.1223 	EXP 	image_integrated: autoDraw = True
234.1099 	INFO 	Keyboard events cleared
234.1098 	EXP 	image_integrated: autoDraw = False
234.1098 	EXP 	image_integrated: autoDraw = False
234.1098 	EXP 	text_congruency: autoDraw = True
235.1056 	EXP 	text_congruency: autoDraw = False
235.1056 	EXP 	text_congruency: autoDraw = False
235.1056 	EXP 	text_8: autoDraw = True
236.0895 	EXP 	New trial (rep=0, index=60): <Trial 60 (60 in rep 0) data={'scene_stimulus': 'stimuli/scenes/JA_1.jpg', 'scene_cat': 'Jungle', 'scene_label': 'Malbow', 'canonical_item': 'stimuli/items/jungle_object_4.png', 'item_cat': 'Jungle', 'item_type': 'object', 'congruency': 'sc', 'integrated_stimulus': 'stimuli/integrated/jungle_a_jungle_object_4.jpg', 'recalled_stimulus': 'stimuli/recalled/recalled_jungle_a_jungle_object_4.jpg', 'thisN': 60, 'thisTrialN': 60, 'thisRepN': 0}>
236.1070 	EXP 	text_8: autoDraw = False
236.1070 	EXP 	text_8: autoDraw = False
236.1070 	EXP 	image_integrated: image = 'stimuli/integrated/jungle_a_jungle_object_4.jpg'
236.1224 	EXP 	image_integrated: autoDraw = True
238.1121 	INFO 	Keyboard events cleared
238.1119 	EXP 	image_integrated: autoDraw = False
238.1119 	EXP 	image_integrated: autoDraw = False
238.1119 	EXP 	text_congruency: autoDraw = True
239.1109 	EXP 	text_congruency: autoDraw = False
239.1109 	EXP 	text_congruency: autoDraw = False
239.1109 	EXP 	text_8: autoDraw = True
240.0952 	EXP 	New trial (rep=0, index=61): <Trial 61 (61 in rep 0) data={'scene_stimulus': 'stimuli/scenes/UB_1.jpg', 'scene_cat': 'Undersea', 'scene_label': 'Somar', 'canonical_item': 'stimuli/items/jungle_animal_10.png', 'item_cat': 'Jungle', 'item_type': 'animal', 'congruency': 'si', 'integrated_stimulus': 'stimuli/integrated/ocean_b_jungle_animal_10.jpg', 'recalled_stimulus': 'stimuli/recalled/recalled_ocean_b_jungle_animal_10.jpg', 'thisN': 61, 'thisTrialN': 61, 'thisRepN': 0}>
240.1182 	EXP 	text_8: autoDraw = False
240.1182 	EXP 	text_8: autoDraw = False
240.1182 	EXP 	image_integrated: image = 'stimuli/integrated/ocean_b_jungle_animal_10.jpg'
240.1182 	EXP 	image_integrated: autoDraw = True
242.1117 	INFO 	Keyboard events cleared
242.1115 	EXP 	image_integrated: autoDraw = False
242.1115 	EXP 	image_integrated: autoDraw = False
242.1115 	EXP 	text_congruency: autoDraw = True
243.1062 	EXP 	text_congruency: autoDraw = False
243.1062 	EXP 	text_congruency: autoDraw = False
243.1062 	EXP 	text_8: autoDraw = True
244.0900 	EXP 	New trial (rep=0, index=62): <Trial 62 (62 in rep 0) data={'scene_stimulus': 'stimuli/scenes/JA_1.jpg', 'scene_cat': 'Jungle', 'scene_label': 'Malbow', 'canonical_item': 'stimuli/items/undersea_object_10.png', 'item_cat': 'Undersea', 'item_type': 'object', 'congruency': 'si', 'integrated_stimulus': 'stimuli/integrated/jungle_a_undersea_object_10.jpg', 'recalled_stimulus': 'stimuli/recalled/recalled_jungle_a_undersea_object_10.jpg', 'thisN': 62, 'thisTrialN': 62, 'thisRepN': 0}>
244.1140 	EXP 	text_8: autoDraw = False
244.1140 	EXP 	text_8: autoDraw = False
244.1140 	EXP 	image_integrated: image = 'stimuli/integrated/jungle_a_undersea_object_10.jpg'
244.1140 	EXP 	image_integrated: autoDraw = True
246.1104 	INFO 	Keyboard events cleared
246.1104 	EXP 	image_integrated: autoDraw = False
246.1104 	EXP 	image_integrated: autoDraw = False
246.1104 	EXP 	text_congruency: autoDraw = True
247.1059 	EXP 	text_congruency: autoDraw = False
247.1059 	EXP 	text_congruency: autoDraw = False
247.1059 	EXP 	text_8: autoDraw = True
248.0894 	EXP 	New trial (rep=0, index=63): <Trial 63 (63 in rep 0) data={'scene_stimulus': 'stimuli/scenes/UA_1.jpg', 'scene_cat': 'Undersea', 'scene_label': 'Tulon', 'canonical_item': 'stimuli/items/undersea_animal_7.png', 'item_cat': 'Undersea', 'item_type': 'animal', 'congruency': 'sc', 'integrated_stimulus': 'stimuli/integrated/ocean_a_undersea_animal_7.jpg', 'recalled_stimulus': 'stimuli/recalled/recalled_ocean_a_undersea_animal_7.jpg', 'thisN': 63, 'thisTrialN': 63, 'thisRepN': 0}>
248.1091 	EXP 	text_8: autoDraw = False
248.1091 	EXP 	text_8: autoDraw = False
248.1091 	EXP 	image_integrated: image = 'stimuli/integrated/ocean_a_undersea_animal_7.jpg'
248.1225 	EXP 	image_integrated: autoDraw = True
250.1125 	INFO 	Keyboard events cleared
250.1122 	EXP 	image_integrated: autoDraw = False
250.1122 	EXP 	image_integrated: autoDraw = False
250.1122 	EXP 	text_congruency: autoDraw = True
251.1112 	EXP 	text_congruency: autoDraw = False
251.1112 	EXP 	text_congruency: autoDraw = False
251.1112 	EXP 	text_8: autoDraw = True
252.0951 	EXP 	New trial (rep=0, index=64): <Trial 64 (64 in rep 0) data={'scene_stimulus': 'stimuli/scenes/JA_1.jpg', 'scene_cat': 'Jungle', 'scene_label': 'Malbow', 'canonical_item': 'stimuli/items/undersea_object_13.png', 'item_cat': 'Undersea', 'item_type': 'object', 'congruency': 'si', 'integrated_stimulus': 'stimuli/integrated/jungle_a_undersea_object_13.jpg', 'recalled_stimulus': 'stimuli/recalled/recalled_jungle_a_undersea_object_13.jpg', 'thisN': 64, 'thisTrialN': 64, 'thisRepN': 0}>
252.1216 	EXP 	text_8: autoDraw = False
252.1216 	EXP 	text_8: autoDraw = False
252.1216 	EXP 	image_integrated: image = 'stimuli/integrated/jungle_a_undersea_object_13.jpg'
252.1216 	EXP 	image_integrated: autoDraw = True
254.1108 	INFO 	Keyboard events cleared
254.1107 	EXP 	image_integrated: autoDraw = False
254.1107 	EXP 	image_integrated: autoDraw = False
254.1107 	EXP 	text_congruency: autoDraw = True
255.1105 	EXP 	text_congruency: autoDraw = False
255.1105 	EXP 	text_congruency: autoDraw = False
255.1105 	EXP 	text_8: autoDraw = True
256.0943 	EXP 	New trial (rep=0, index=65): <Trial 65 (65 in rep 0) data={'scene_stimulus': 'stimuli/scenes/UA_1.jpg', 'scene_cat': 'Undersea', 'scene_label': 'Tulon', 'canonical_item': 'stimuli/items/jungle_animal_3.png', 'item_cat': 'Jungle', 'item_type': 'animal', 'congruency': 'si', 'integrated_stimulus': 'stimuli/integrated/ocean_a_jungle_animal_3.jpg', 'recalled_stimulus': 'stimuli/recalled/recalled_ocean_a_jungle_animal_3.jpg', 'thisN': 65, 'thisTrialN': 65, 'thisRepN': 0}>
256.1130 	EXP 	text_8: autoDraw = False
256.1130 	EXP 	text_8: autoDraw = False
256.1130 	EXP 	image_integrated: image = 'stimuli/integrated/ocean_a_jungle_animal_3.jpg'
256.1130 	EXP 	image_integrated: autoDraw = True
258.1115 	INFO 	Keyboard events cleared
258.1113 	EXP 	image_integrated: autoDraw = False
258.1113 	EXP 	image_integrated: autoDraw = False
258.1113 	EXP 	text_congruency: autoDraw = True
259.1059 	EXP 	text_congruency: autoDraw = False
259.1059 	EXP 	text_congruency: autoDraw = False
259.1059 	EXP 	text_8: autoDraw = True
260.0896 	EXP 	New trial (rep=0, index=66): <Trial 66 (66 in rep 0) data={'scene_stimulus': 'stimuli/scenes/UB_1.jpg', 'scene_cat': 'Undersea', 'scene_label': 'Somar', 'canonical_item': 'stimuli/items/undersea_animal_20.png', 'item_cat': 'Undersea', 'item_type': 'animal', 'congruency': 'sc', 'integrated_stimulus': 'stimuli/integrated/ocean_b_undersea_animal_20.jpg', 'recalled_stimulus': 'stimuli/recalled/recalled_ocean_b_undersea_animal_20.jpg', 'thisN': 66, 'thisTrialN': 66, 'thisRepN': 0}>
260.1117 	EXP 	text_8: autoDraw = False
260.1117 	EXP 	text_8: autoDraw = False
260.1117 	EXP 	image_integrated: image = 'stimuli/integrated/ocean_b_undersea_animal_20.jpg'
260.1117 	EXP 	image_integrated: autoDraw = True
262.1059 	INFO 	Keyboard events cleared
262.1057 	EXP 	image_integrated: autoDraw = False
262.1057 	EXP 	image_integrated: autoDraw = False
262.1057 	EXP 	text_congruency: autoDraw = True
263.0944 	EXP 	text_congruency: autoDraw = False
263.0944 	EXP 	text_congruency: autoDraw = False
263.1058 	EXP 	text_8: autoDraw = True
264.0897 	EXP 	New trial (rep=0, index=67): <Trial 67 (67 in rep 0) data={'scene_stimulus': 'stimuli/scenes/JA_1.jpg', 'scene_cat': 'Jungle', 'scene_label': 'Malbow', 'canonical_item': 'stimuli/items/jungle_animal_4.png', 'item_cat': 'Jungle', 'item_type': 'animal', 'congruency': 'sc', 'integrated_stimulus': 'stimuli/integrated/jungle_a_jungle_animal_4.jpg', 'recalled_stimulus': 'stimuli/recalled/recalled_jungle_a_jungle_animal_4.jpg', 'thisN': 67, 'thisTrialN': 67, 'thisRepN': 0}>
264.1164 	EXP 	text_8: autoDraw = False
264.1164 	EXP 	text_8: autoDraw = False
264.1164 	EXP 	image_integrated: image = 'stimuli/integrated/jungle_a_jungle_animal_4.jpg'
264.1164 	EXP 	image_integrated: autoDraw = True
266.1117 	INFO 	Keyboard events cleared
266.1115 	EXP 	image_integrated: autoDraw = False
266.1115 	EXP 	image_integrated: autoDraw = False
266.1115 	EXP 	text_congruency: autoDraw = True
267.1104 	EXP 	text_congruency: autoDraw = False
267.1104 	EXP 	text_congruency: autoDraw = False
267.1104 	EXP 	text_8: autoDraw = True
268.0948 	EXP 	New trial (rep=0, index=68): <Trial 68 (68 in rep 0) data={'scene_stimulus': 'stimuli/scenes/UB_1.jpg', 'scene_cat': 'Undersea', 'scene_label': 'Somar', 'canonical_item': 'stimuli/items/undersea_animal_6.png', 'item_cat': 'Undersea', 'item_type': 'animal', 'congruency': 'sc', 'integrated_stimulus': 'stimuli/integrated/ocean_b_undersea_animal_6.jpg', 'recalled_stimulus': 'stimuli/recalled/recalled_ocean_b_undersea_animal_6.jpg', 'thisN': 68, 'thisTrialN': 68, 'thisRepN': 0}>
268.1186 	EXP 	text_8: autoDraw = False
268.1186 	EXP 	text_8: autoDraw = False
268.1186 	EXP 	image_integrated: image = 'stimuli/integrated/ocean_b_undersea_animal_6.jpg'
268.1186 	EXP 	image_integrated: autoDraw = True
270.1114 	INFO 	Keyboard events cleared
270.1112 	EXP 	image_integrated: autoDraw = False
270.1112 	EXP 	image_integrated: autoDraw = False
270.1112 	EXP 	text_congruency: autoDraw = True
271.1058 	EXP 	text_congruency: autoDraw = False
271.1058 	EXP 	text_congruency: autoDraw = False
271.1058 	EXP 	text_8: autoDraw = True
272.0896 	EXP 	New trial (rep=0, index=69): <Trial 69 (69 in rep 0) data={'scene_stimulus': 'stimuli/scenes/UA_1.jpg', 'scene_cat': 'Undersea', 'scene_label': 'Tulon', 'canonical_item': 'stimuli/items/jungle_object_19.png', 'item_cat': 'Jungle', 'item_type': 'object', 'congruency': 'si', 'integrated_stimulus': 'stimuli/integrated/ocean_a_jungle_object_19.jpg', 'recalled_stimulus': 'stimuli/recalled/recalled_ocean_a_jungle_object_19.jpg', 'thisN': 69, 'thisTrialN': 69, 'thisRepN': 0}>
272.1151 	EXP 	text_8: autoDraw = False
272.1151 	EXP 	text_8: autoDraw = False
272.1151 	EXP 	image_integrated: image = 'stimuli/integrated/ocean_a_jungle_object_19.jpg'
272.1151 	EXP 	image_integrated: autoDraw = True
274.1103 	INFO 	Keyboard events cleared
274.1101 	EXP 	image_integrated: autoDraw = False
274.1101 	EXP 	image_integrated: autoDraw = False
274.1101 	EXP 	text_congruency: autoDraw = True
275.1058 	EXP 	text_congruency: autoDraw = False
275.1058 	EXP 	text_congruency: autoDraw = False
275.1058 	EXP 	text_8: autoDraw = True
276.0896 	EXP 	New trial (rep=0, index=70): <Trial 70 (70 in rep 0) data={'scene_stimulus': 'stimuli/scenes/UB_1.jpg', 'scene_cat': 'Undersea', 'scene_label': 'Somar', 'canonical_item': 'stimuli/items/undersea_object_4.png', 'item_cat': 'Undersea', 'item_type': 'object', 'congruency': 'sc', 'integrated_stimulus': 'stimuli/integrated/ocean_b_undersea_object_4.jpg', 'recalled_stimulus': 'stimuli/recalled/recalled_ocean_b_undersea_object_4.jpg', 'thisN': 70, 'thisTrialN': 70, 'thisRepN': 0}>
276.1170 	EXP 	text_8: autoDraw = False
276.1170 	EXP 	text_8: autoDraw = False
276.1170 	EXP 	image_integrated: image = 'stimuli/integrated/ocean_b_undersea_object_4.jpg'
276.1170 	EXP 	image_integrated: autoDraw = True
278.1100 	INFO 	Keyboard events cleared
278.1100 	EXP 	image_integrated: autoDraw = False
278.1100 	EXP 	image_integrated: autoDraw = False
278.1100 	EXP 	text_congruency: autoDraw = True
279.1057 	EXP 	text_congruency: autoDraw = False
279.1057 	EXP 	text_congruency: autoDraw = False
279.1057 	EXP 	text_8: autoDraw = True
280.0892 	EXP 	New trial (rep=0, index=71): <Trial 71 (71 in rep 0) data={'scene_stimulus': 'stimuli/scenes/UA_1.jpg', 'scene_cat': 'Undersea', 'scene_label': 'Tulon', 'canonical_item': 'stimuli/items/undersea_object_7.png', 'item_cat': 'Undersea', 'item_type': 'object', 'congruency': 'sc', 'integrated_stimulus': 'stimuli/integrated/ocean_a_undersea_object_7.jpg', 'recalled_stimulus': 'stimuli/recalled/recalled_ocean_a_undersea_object_7.jpg', 'thisN': 71, 'thisTrialN': 71, 'thisRepN': 0}>
280.1079 	EXP 	text_8: autoDraw = False
280.1079 	EXP 	text_8: autoDraw = False
280.1079 	EXP 	image_integrated: image = 'stimuli/integrated/ocean_a_undersea_object_7.jpg'
280.1222 	EXP 	image_integrated: autoDraw = True
282.1107 	INFO 	Keyboard events cleared
282.1105 	EXP 	image_integrated: autoDraw = False
282.1105 	EXP 	image_integrated: autoDraw = False
282.1105 	EXP 	text_congruency: autoDraw = True
283.1057 	EXP 	text_congruency: autoDraw = False
283.1057 	EXP 	text_congruency: autoDraw = False
283.1057 	EXP 	text_8: autoDraw = True
284.0899 	EXP 	New trial (rep=0, index=72): <Trial 72 (72 in rep 0) data={'scene_stimulus': 'stimuli/scenes/JA_1.jpg', 'scene_cat': 'Jungle', 'scene_label': 'Malbow', 'canonical_item': 'stimuli/items/undersea_animal_8.png', 'item_cat': 'Undersea', 'item_type': 'animal', 'congruency': 'si', 'integrated_stimulus': 'stimuli/integrated/jungle_a_undersea_animal_8.jpg', 'recalled_stimulus': 'stimuli/recalled/recalled_jungle_a_undersea_animal_8.jpg', 'thisN': 72, 'thisTrialN': 72, 'thisRepN': 0}>
284.1165 	EXP 	text_8: autoDraw = False
284.1165 	EXP 	text_8: autoDraw = False
284.1165 	EXP 	image_integrated: image = 'stimuli/integrated/jungle_a_undersea_animal_8.jpg'
284.1165 	EXP 	image_integrated: autoDraw = True
286.1098 	INFO 	Keyboard events cleared
286.1098 	EXP 	image_integrated: autoDraw = False
286.1098 	EXP 	image_integrated: autoDraw = False
286.1098 	EXP 	text_congruency: autoDraw = True
287.1057 	EXP 	text_congruency: autoDraw = False
287.1057 	EXP 	text_congruency: autoDraw = False
287.1057 	EXP 	text_8: autoDraw = True
288.0888 	EXP 	New trial (rep=0, index=73): <Trial 73 (73 in rep 0) data={'scene_stimulus': 'stimuli/scenes/JB_1.jpg', 'scene_cat': 'Jungle', 'scene_label': 'Negvi', 'canonical_item': 'stimuli/items/undersea_animal_3.png', 'item_cat': 'Undersea', 'item_type': 'animal', 'congruency': 'si', 'integrated_stimulus': 'stimuli/integrated/jungle_b_undersea_animal_3.jpg', 'recalled_stimulus': 'stimuli/recalled/recalled_jungle_b_undersea_animal_3.jpg', 'thisN': 73, 'thisTrialN': 73, 'thisRepN': 0}>
288.1080 	EXP 	text_8: autoDraw = False
288.1080 	EXP 	text_8: autoDraw = False
288.1080 	EXP 	image_integrated: image = 'stimuli/integrated/jungle_b_undersea_animal_3.jpg'
288.1221 	EXP 	image_integrated: autoDraw = True
290.1102 	INFO 	Keyboard events cleared
290.1101 	EXP 	image_integrated: autoDraw = False
290.1101 	EXP 	image_integrated: autoDraw = False
290.1101 	EXP 	text_congruency: autoDraw = True
291.1056 	EXP 	text_congruency: autoDraw = False
291.1056 	EXP 	text_congruency: autoDraw = False
291.1056 	EXP 	text_8: autoDraw = True
292.0894 	EXP 	New trial (rep=0, index=74): <Trial 74 (74 in rep 0) data={'scene_stimulus': 'stimuli/scenes/JA_1.jpg', 'scene_cat': 'Jungle', 'scene_label': 'Malbow', 'canonical_item': 'stimuli/items/jungle_object_16.png', 'item_cat': 'Jungle', 'item_type': 'object', 'congruency': 'sc', 'integrated_stimulus': 'stimuli/integrated/jungle_a_jungle_object_16.jpg', 'recalled_stimulus': 'stimuli/recalled/recalled_jungle_a_jungle_object_16.jpg', 'thisN': 74, 'thisTrialN': 74, 'thisRepN': 0}>
292.1091 	EXP 	text_8: autoDraw = False
292.1091 	EXP 	text_8: autoDraw = False
292.1091 	EXP 	image_integrated: image = 'stimuli/integrated/jungle_a_jungle_object_16.jpg'
292.1221 	EXP 	image_integrated: autoDraw = True
294.1109 	INFO 	Keyboard events cleared
294.1108 	EXP 	image_integrated: autoDraw = False
294.1108 	EXP 	image_integrated: autoDraw = False
294.1108 	EXP 	text_congruency: autoDraw = True
295.1092 	EXP 	text_congruency: autoDraw = False
295.1092 	EXP 	text_congruency: autoDraw = False
295.1092 	EXP 	text_8: autoDraw = True
296.0951 	EXP 	New trial (rep=0, index=75): <Trial 75 (75 in rep 0) data={'scene_stimulus': 'stimuli/scenes/UB_1.jpg', 'scene_cat': 'Undersea', 'scene_label': 'Somar', 'canonical_item': 'stimuli/items/jungle_animal_1.png', 'item_cat': 'Jungle', 'item_type': 'animal', 'congruency': 'si', 'integrated_stimulus': 'stimuli/integrated/ocean_b_jungle_animal_1.jpg', 'recalled_stimulus': 'stimuli/recalled/recalled_ocean_b_jungle_animal_1.jpg', 'thisN': 75, 'thisTrialN': 75, 'thisRepN': 0}>
296.1126 	EXP 	text_8: autoDraw = False
296.1126 	EXP 	text_8: autoDraw = False
296.1126 	EXP 	image_integrated: image = 'stimuli/integrated/ocean_b_jungle_animal_1.jpg'
296.1126 	EXP 	image_integrated: autoDraw = True
298.1110 	INFO 	Keyboard events cleared
298.1108 	EXP 	image_integrated: autoDraw = False
298.1108 	EXP 	image_integrated: autoDraw = False
298.1108 	EXP 	text_congruency: autoDraw = True
299.1057 	EXP 	text_congruency: autoDraw = False
299.1057 	EXP 	text_congruency: autoDraw = False
299.1057 	EXP 	text_8: autoDraw = True
300.0892 	EXP 	New trial (rep=0, index=76): <Trial 76 (76 in rep 0) data={'scene_stimulus': 'stimuli/scenes/JA_1.jpg', 'scene_cat': 'Jungle', 'scene_label': 'Malbow', 'canonical_item': 'stimuli/items/jungle_object_6.png', 'item_cat': 'Jungle', 'item_type': 'object', 'congruency': 'sc', 'integrated_stimulus': 'stimuli/integrated/jungle_a_jungle_object_6.jpg', 'recalled_stimulus': 'stimuli/recalled/recalled_jungle_a_jungle_object_6.jpg', 'thisN': 76, 'thisTrialN': 76, 'thisRepN': 0}>
300.1160 	EXP 	text_8: autoDraw = False
300.1160 	EXP 	text_8: autoDraw = False
300.1160 	EXP 	image_integrated: image = 'stimuli/integrated/jungle_a_jungle_object_6.jpg'
300.1160 	EXP 	image_integrated: autoDraw = True
302.1113 	INFO 	Keyboard events cleared
302.1111 	EXP 	image_integrated: autoDraw = False
302.1111 	EXP 	image_integrated: autoDraw = False
302.1111 	EXP 	text_congruency: autoDraw = True
303.1049 	EXP 	text_congruency: autoDraw = False
303.1049 	EXP 	text_congruency: autoDraw = False
303.1049 	EXP 	text_8: autoDraw = True
304.0889 	EXP 	New trial (rep=0, index=77): <Trial 77 (77 in rep 0) data={'scene_stimulus': 'stimuli/scenes/UA_1.jpg', 'scene_cat': 'Undersea', 'scene_label': 'Tulon', 'canonical_item': 'stimuli/items/undersea_object_5.png', 'item_cat': 'Undersea', 'item_type': 'object', 'congruency': 'sc', 'integrated_stimulus': 'stimuli/integrated/ocean_a_undersea_object_5.jpg', 'recalled_stimulus': 'stimuli/recalled/recalled_ocean_a_undersea_object_5.jpg', 'thisN': 77, 'thisTrialN': 77, 'thisRepN': 0}>
304.1086 	EXP 	text_8: autoDraw = False
304.1086 	EXP 	text_8: autoDraw = False
304.1086 	EXP 	image_integrated: image = 'stimuli/integrated/ocean_a_undersea_object_5.jpg'
304.1220 	EXP 	image_integrated: autoDraw = True
306.1116 	INFO 	Keyboard events cleared
306.1114 	EXP 	image_integrated: autoDraw = False
306.1114 	EXP 	image_integrated: autoDraw = False
306.1114 	EXP 	text_congruency: autoDraw = True
307.1108 	EXP 	text_congruency: autoDraw = False
307.1108 	EXP 	text_congruency: autoDraw = False
307.1108 	EXP 	text_8: autoDraw = True
308.1057 	EXP 	New trial (rep=0, index=78): <Trial 78 (78 in rep 0) data={'scene_stimulus': 'stimuli/scenes/JB_1.jpg', 'scene_cat': 'Jungle', 'scene_label': 'Negvi', 'canonical_item': 'stimuli/items/undersea_object_12.png', 'item_cat': 'Undersea', 'item_type': 'object', 'congruency': 'si', 'integrated_stimulus': 'stimuli/integrated/jungle_b_undersea_object_12.jpg', 'recalled_stimulus': 'stimuli/recalled/recalled_jungle_b_undersea_object_12.jpg', 'thisN': 78, 'thisTrialN': 78, 'thisRepN': 0}>
308.1262 	EXP 	text_8: autoDraw = False
308.1262 	EXP 	text_8: autoDraw = False
308.1262 	EXP 	image_integrated: image = 'stimuli/integrated/jungle_b_undersea_object_12.jpg'
308.1262 	EXP 	image_integrated: autoDraw = True
310.1220 	INFO 	Keyboard events cleared
310.1218 	EXP 	image_integrated: autoDraw = False
310.1218 	EXP 	text_congruency: autoDraw = True
311.1103 	EXP 	text_congruency: autoDraw = False
311.1103 	EXP 	text_congruency: autoDraw = False
311.1103 	EXP 	text_8: autoDraw = True
312.0945 	EXP 	New trial (rep=0, index=79): <Trial 79 (79 in rep 0) data={'scene_stimulus': 'stimuli/scenes/JA_1.jpg', 'scene_cat': 'Jungle', 'scene_label': 'Malbow', 'canonical_item': 'stimuli/items/jungle_animal_9.png', 'item_cat': 'Jungle', 'item_type': 'animal', 'congruency': 'sc', 'integrated_stimulus': 'stimuli/integrated/jungle_a_jungle_animal_9.jpg', 'recalled_stimulus': 'stimuli/recalled/recalled_jungle_a_jungle_animal_9.jpg', 'thisN': 79, 'thisTrialN': 79, 'thisRepN': 0}>
312.1210 	EXP 	text_8: autoDraw = False
312.1210 	EXP 	text_8: autoDraw = False
312.1210 	EXP 	image_integrated: image = 'stimuli/integrated/jungle_a_jungle_animal_9.jpg'
312.1210 	EXP 	image_integrated: autoDraw = True
314.1112 	INFO 	Keyboard events cleared
314.1111 	EXP 	image_integrated: autoDraw = False
314.1111 	EXP 	image_integrated: autoDraw = False
314.1111 	EXP 	text_congruency: autoDraw = True
315.1052 	EXP 	text_congruency: autoDraw = False
315.1052 	EXP 	text_congruency: autoDraw = False
315.1052 	EXP 	text_8: autoDraw = True
316.1136 	EXP 	New trial (rep=0, index=0): <Trial 0 (0 in rep 0) data={'thisN': 0, 'thisTrialN': 0, 'thisRepN': 0}>
316.1601 	INFO 	Keyboard events cleared
316.1600 	EXP 	text_8: autoDraw = False
316.1600 	EXP 	text_8: autoDraw = False
316.1600 	EXP 	text_relatedness_pause: height = np.float64(0.05)
316.1600 	EXP 	text_relatedness_pause: height = np.float64(0.05)
316.1600 	EXP 	text_relatedness_pause: height = np.float64(0.05)
316.1600 	EXP 	text_relatedness_pause: text = 'Reminder:\n\nIf the scene and item are related, press Q\nIf they are unrelated, press P.\n\nPress ONLY AFTER the item and scene disappeared!\n\nPress SPACEBAR to resume.'
316.1600 	EXP 	text_run_pause: autoDraw = True
316.1600 	EXP 	text_relatedness_pause: autoDraw = True
322.5026 	EXP 	Device response: <KeyPress from None: t=322.45305770798586, value=escape, duration=None>
322.5028 	EXP 	Device response: <KeyPress from None: t=322.45305770798586, value=escape, duration=0.02599137497600168>
322.5030 	EXP 	encodingtask: status = STOPPED
322.5088 	EXP 	text_run_pause: autoDraw = False
322.5088 	EXP 	text_relatedness_pause: autoDraw = False
322.5089 	EXP 	encodingtask: status = STOPPED
322.5343 	INFO 	saved data to '/Users/oliviayin/Desktop/sbl_realistic integration/encoding_task_behav/data/330_encodingtask_2026-05-27_14h54.14.103.csv'
322.5376 	INFO 	saved data to /Users/oliviayin/Desktop/sbl_realistic integration/encoding_task_behav/data/330_encodingtask_2026-05-27_14h54.14.103.psydat
322.7511 	DATA 	Keypress: escape
323.2567 	WARNING 	Stopping key buffers but this could be dangerous ifother keyboards rely on the same.
