36.1777 	WARNING 	Font Manager failed to load file /System/Library/PrivateFrameworks/FontServices.framework/Resources/Reserved/PingFangUI.ttc
36.3251 	WARNING 	Font Manager failed to load file /System/Library/PrivateFrameworks/FontServices.framework/Resources/Reserved/PingFangUI.ttc
44.6412 	INFO 	Loaded monitor calibration from ['2026_01_13 14:36']
44.6789 	WARNING 	User requested fullscreen with size [1024  768], but screen is actually [1470, 956]. Using actual size
45.1798 	INFO 	Using renderer 'Apple M2' for graphics
45.1798 	INFO 	OpenGL version supported by driver is 2..
45.2742 	EXP 	Created window1 = Window(allowGUI=False, allowStencil=False, autoLog=True, backendConf=UNKNOWN, backgroundFit=<method-wrapper '__getattribute__' of attributeSetter object at 0x16e4099c0>, backgroundImage=<method-wrapper '__getattribute__' of attributeSetter object at 0x16e409960>, bitsMode=UNKNOWN, blendMode='avg', bpc=(8, 8, 8), color=array([0, 0, 0]), colorSpace='rgb', depthBits=8, fullscr=True, gamma=None, gammaErrorPolicy='raise', infoMsg=UNKNOWN, lms=UNKNOWN, monitor=<psychopy.monitors.calibTools.Monitor object at 0x16e403910>, multiSample=False, name='window1', numSamples=2, pos=[np.float64(0.0), np.float64(0.0)], screen=0, size=array([2940, 1912]), stencilBits=0, stereo=False, title='PsychoPy', units='height', useFBO=True, useRetina=True, viewOri=0.0, viewPos=None, viewScale=None, waitBlanking=True, winType='pyglet')
45.2745 	EXP 	window1: backgroundImage = ''
45.2745 	EXP 	window1: backgroundFit = 'none'
45.8564 	EXP 	window1: Attempting to measure frame rate of screen (0) ...
45.8564 	EXP 	window1: recordFrameIntervals = False
46.5229 	EXP 	window1: recordFrameIntervals = True
47.3564 	WARNING 	Couldn't measure a consistent frame rate!
  - Is your graphics card set to sync to vertical blank?
  - Are you running other processes on your computer?

49.2781 	INFO 	keyboard.Keyboard is using ptb backend.
49.2782 	EXP 	encodingtask: status = STARTED
49.3536 	INFO 	saved data to /Users/oliviayin/Desktop/sbl_realistic integration/encoding_task_behav/data/510_encodingtask_2026-03-28_15h04.37.594.psydat
49.3541 	INFO 	saved data to '/Users/oliviayin/Desktop/sbl_realistic integration/encoding_task_behav/data/510_encodingtask_2026-03-28_15h04.37.594.csv'
49.3804 	WARNING 	Stopping key buffers but this could be dangerous ifother keyboards rely on the same.
