36.3769 	WARNING 	Font Manager failed to load file /System/Library/PrivateFrameworks/FontServices.framework/Resources/Reserved/PingFangUI.ttc
36.5546 	WARNING 	Font Manager failed to load file /System/Library/PrivateFrameworks/FontServices.framework/Resources/Reserved/PingFangUI.ttc
44.8986 	INFO 	Loaded monitor calibration from ['2026_01_13 14:36']
44.9397 	WARNING 	User requested fullscreen with size [1024  768], but screen is actually [1470, 956]. Using actual size
45.4506 	INFO 	Using renderer 'Apple M2' for graphics
45.4507 	INFO 	OpenGL version supported by driver is 2..
45.5483 	EXP 	Created window1 = Window(allowGUI=False, allowStencil=False, autoLog=True, backendConf=UNKNOWN, backgroundFit=<method-wrapper '__getattribute__' of attributeSetter object at 0x171e27f40>, backgroundImage=<method-wrapper '__getattribute__' of attributeSetter object at 0x171e27ee0>, bitsMode=UNKNOWN, blendMode='avg', bpc=(8, 8, 8), color=array([0, 0, 0]), colorSpace='rgb', depthBits=8, fullscr=True, gamma=None, gammaErrorPolicy='raise', infoMsg=UNKNOWN, lms=UNKNOWN, monitor=<psychopy.monitors.calibTools.Monitor object at 0x171eeb610>, multiSample=False, name='window1', numSamples=2, pos=[np.float64(0.0), np.float64(0.0)], screen=0, size=array([2940, 1912]), stencilBits=0, stereo=False, title='PsychoPy', units='height', useFBO=True, useRetina=True, viewOri=0.0, viewPos=None, viewScale=None, waitBlanking=True, winType='pyglet')
45.5486 	EXP 	window1: backgroundImage = ''
45.5486 	EXP 	window1: backgroundFit = 'none'
46.1298 	EXP 	window1: Attempting to measure frame rate of screen (0) ...
46.1299 	EXP 	window1: recordFrameIntervals = False
46.4317 	EXP 	window1: recordFrameIntervals = True
47.2690 	WARNING 	Couldn't measure a consistent frame rate!
  - Is your graphics card set to sync to vertical blank?
  - Are you running other processes on your computer?

49.1199 	INFO 	keyboard.Keyboard is using ptb backend.
49.1200 	EXP 	encodingtask: status = STARTED
49.1898 	INFO 	saved data to /Users/oliviayin/Desktop/sbl_realistic integration/encoding_task_behav/data/510_encodingtask_2026-03-28_19h27.10.641.psydat
49.1904 	INFO 	saved data to '/Users/oliviayin/Desktop/sbl_realistic integration/encoding_task_behav/data/510_encodingtask_2026-03-28_19h27.10.641.csv'
49.2025 	WARNING 	Stopping key buffers but this could be dangerous ifother keyboards rely on the same.
