34.5037 	WARNING 	Font Manager failed to load file /System/Library/PrivateFrameworks/FontServices.framework/Resources/Reserved/PingFangUI.ttc
34.7265 	WARNING 	Font Manager failed to load file /System/Library/PrivateFrameworks/FontServices.framework/Resources/Reserved/PingFangUI.ttc
40.2130 	INFO 	Loaded monitor calibration from ['2026_01_13 14:36']
40.2672 	WARNING 	User requested fullscreen with size [1024  768], but screen is actually [1470, 956]. Using actual size
40.7484 	INFO 	Using renderer 'Apple M2' for graphics
40.7484 	INFO 	OpenGL version supported by driver is 2..
40.8445 	EXP 	Created window1 = Window(allowGUI=False, allowStencil=False, autoLog=True, backendConf=UNKNOWN, backgroundFit=<method-wrapper '__getattribute__' of attributeSetter object at 0x16fcdbf40>, backgroundImage=<method-wrapper '__getattribute__' of attributeSetter object at 0x16fcdbee0>, bitsMode=UNKNOWN, blendMode='avg', bpc=(8, 8, 8), color=array([0, 0, 0]), colorSpace='rgb', depthBits=8, fullscr=True, gamma=None, gammaErrorPolicy='raise', infoMsg=UNKNOWN, lms=UNKNOWN, monitor=<psychopy.monitors.calibTools.Monitor object at 0x16fdbf610>, multiSample=False, name='window1', numSamples=2, pos=[np.float64(0.0), np.float64(0.0)], screen=0, size=array([2940, 1912]), stencilBits=0, stereo=False, title='PsychoPy', units='height', useFBO=True, useRetina=True, viewOri=0.0, viewPos=None, viewScale=None, waitBlanking=True, winType='pyglet')
40.8446 	EXP 	window1: backgroundImage = ''
40.8446 	EXP 	window1: backgroundFit = 'none'
41.4265 	EXP 	window1: Attempting to measure frame rate of screen (0) ...
41.4266 	EXP 	window1: recordFrameIntervals = False
41.9927 	EXP 	window1: recordFrameIntervals = True
42.8278 	WARNING 	Couldn't measure a consistent frame rate!
  - Is your graphics card set to sync to vertical blank?
  - Are you running other processes on your computer?

44.7892 	INFO 	keyboard.Keyboard is using ptb backend.
44.7892 	EXP 	encodingtask: status = STARTED
44.8530 	INFO 	saved data to /Users/oliviayin/Desktop/sbl_realistic integration/encoding_task_behav/data/510_encodingtask_2026-03-28_15h47.58.760.psydat
44.8534 	INFO 	saved data to '/Users/oliviayin/Desktop/sbl_realistic integration/encoding_task_behav/data/510_encodingtask_2026-03-28_15h47.58.760.csv'
44.8799 	WARNING 	Stopping key buffers but this could be dangerous ifother keyboards rely on the same.
