35.6225 	WARNING 	Font Manager failed to load file /System/Library/PrivateFrameworks/FontServices.framework/Resources/Reserved/PingFangUI.ttc
35.6968 	WARNING 	Font Manager failed to load file /System/Library/PrivateFrameworks/FontServices.framework/Resources/Reserved/PingFangUI.ttc
50.0995 	INFO 	Loaded monitor calibration from ['2026_01_13 14:36']
50.1519 	WARNING 	User requested fullscreen with size [1024  768], but screen is actually [1470, 956]. Using actual size
50.6868 	INFO 	Using renderer 'Apple M2' for graphics
50.6869 	INFO 	OpenGL version supported by driver is 2..
50.7775 	EXP 	Created window1 = Window(allowGUI=False, allowStencil=False, autoLog=True, backendConf=UNKNOWN, backgroundFit=<method-wrapper '__getattribute__' of attributeSetter object at 0x1701897e0>, backgroundImage=<method-wrapper '__getattribute__' of attributeSetter object at 0x170189780>, bitsMode=UNKNOWN, blendMode='avg', bpc=(8, 8, 8), color=array([0, 0, 0]), colorSpace='rgb', depthBits=8, fullscr=True, gamma=None, gammaErrorPolicy='raise', infoMsg=UNKNOWN, lms=UNKNOWN, monitor=<psychopy.monitors.calibTools.Monitor object at 0x170197910>, multiSample=False, name='window1', numSamples=2, pos=[np.float64(0.0), np.float64(0.0)], screen=0, size=array([2940, 1912]), stencilBits=0, stereo=False, title='PsychoPy', units='height', useFBO=True, useRetina=True, viewOri=0.0, viewPos=None, viewScale=None, waitBlanking=True, winType='pyglet')
50.7777 	EXP 	window1: backgroundImage = ''
50.7777 	EXP 	window1: backgroundFit = 'none'
51.3698 	EXP 	window1: Attempting to measure frame rate of screen (0) ...
51.3698 	EXP 	window1: recordFrameIntervals = False
51.8298 	EXP 	window1: recordFrameIntervals = True
52.6636 	WARNING 	Couldn't measure a consistent frame rate!
  - Is your graphics card set to sync to vertical blank?
  - Are you running other processes on your computer?

54.5100 	INFO 	keyboard.Keyboard is using ptb backend.
54.5101 	EXP 	encodingtask: status = STARTED
54.5829 	INFO 	saved data to /Users/oliviayin/Desktop/sbl_realistic integration/encoding_task_behav/data/510_encodingtask_2026-03-28_15h06.35.719.psydat
54.5834 	INFO 	saved data to '/Users/oliviayin/Desktop/sbl_realistic integration/encoding_task_behav/data/510_encodingtask_2026-03-28_15h06.35.719.csv'
54.6086 	WARNING 	Stopping key buffers but this could be dangerous ifother keyboards rely on the same.
