35.0312 	WARNING 	Font Manager failed to load file /System/Library/PrivateFrameworks/FontServices.framework/Resources/Reserved/PingFangUI.ttc
35.1586 	WARNING 	Font Manager failed to load file /System/Library/PrivateFrameworks/FontServices.framework/Resources/Reserved/PingFangUI.ttc
41.6129 	INFO 	Loaded monitor calibration from ['2026_01_13 14:36']
41.6552 	WARNING 	User requested fullscreen with size [1024  768], but screen is actually [1470, 956]. Using actual size
42.1326 	INFO 	Using renderer 'Apple M2' for graphics
42.1326 	INFO 	OpenGL version supported by driver is 2..
42.2349 	EXP 	Created window1 = Window(allowGUI=False, allowStencil=False, autoLog=True, backendConf=UNKNOWN, backgroundFit=<method-wrapper '__getattribute__' of attributeSetter object at 0x17d8fbf40>, backgroundImage=<method-wrapper '__getattribute__' of attributeSetter object at 0x17d8fbee0>, bitsMode=UNKNOWN, blendMode='avg', bpc=(8, 8, 8), color=array([0, 0, 0]), colorSpace='rgb', depthBits=8, fullscr=True, gamma=None, gammaErrorPolicy='raise', infoMsg=UNKNOWN, lms=UNKNOWN, monitor=<psychopy.monitors.calibTools.Monitor object at 0x172524a60>, multiSample=False, name='window1', numSamples=2, pos=[np.float64(0.0), np.float64(0.0)], screen=0, size=array([2940, 1912]), stencilBits=0, stereo=False, title='PsychoPy', units='height', useFBO=True, useRetina=True, viewOri=0.0, viewPos=None, viewScale=None, waitBlanking=True, winType='pyglet')
42.2351 	EXP 	window1: backgroundImage = ''
42.2351 	EXP 	window1: backgroundFit = 'none'
42.8204 	EXP 	window1: Attempting to measure frame rate of screen (0) ...
42.8204 	EXP 	window1: recordFrameIntervals = False
43.1276 	EXP 	window1: recordFrameIntervals = True
43.9595 	WARNING 	Couldn't measure a consistent frame rate!
  - Is your graphics card set to sync to vertical blank?
  - Are you running other processes on your computer?

45.8235 	INFO 	keyboard.Keyboard is using ptb backend.
45.8237 	EXP 	encodingtask: status = STARTED
45.9091 	INFO 	saved data to /Users/oliviayin/Desktop/sbl_realistic integration/encoding_task_behav/data/510_encodingtask_2026-03-28_19h43.05.290.psydat
45.9108 	INFO 	saved data to '/Users/oliviayin/Desktop/sbl_realistic integration/encoding_task_behav/data/510_encodingtask_2026-03-28_19h43.05.290.csv'
45.9378 	WARNING 	Stopping key buffers but this could be dangerous ifother keyboards rely on the same.
