35.1896 	WARNING 	Font Manager failed to load file /System/Library/PrivateFrameworks/FontServices.framework/Resources/Reserved/PingFangUI.ttc
35.3198 	WARNING 	Font Manager failed to load file /System/Library/PrivateFrameworks/FontServices.framework/Resources/Reserved/PingFangUI.ttc
43.3635 	INFO 	Loaded monitor calibration from ['2026_01_13 14:36']
43.4164 	WARNING 	User requested fullscreen with size [1024  768], but screen is actually [1470, 956]. Using actual size
43.9450 	INFO 	Using renderer 'Apple M2' for graphics
43.9451 	INFO 	OpenGL version supported by driver is 2..
44.0412 	EXP 	Created window1 = Window(allowGUI=False, allowStencil=False, autoLog=True, backendConf=UNKNOWN, backgroundFit=<method-wrapper '__getattribute__' of attributeSetter object at 0x16fecf430>, backgroundImage=<method-wrapper '__getattribute__' of attributeSetter object at 0x16fecf490>, bitsMode=UNKNOWN, blendMode='avg', bpc=(8, 8, 8), color=array([0, 0, 0]), colorSpace='rgb', depthBits=8, fullscr=True, gamma=None, gammaErrorPolicy='raise', infoMsg=UNKNOWN, lms=UNKNOWN, monitor=<psychopy.monitors.calibTools.Monitor object at 0x16fee9f30>, multiSample=False, name='window1', numSamples=2, pos=[np.float64(0.0), np.float64(0.0)], screen=0, size=array([2940, 1912]), stencilBits=0, stereo=False, title='PsychoPy', units='height', useFBO=True, useRetina=True, viewOri=0.0, viewPos=None, viewScale=None, waitBlanking=True, winType='pyglet')
44.0426 	EXP 	window1: backgroundImage = ''
44.0426 	EXP 	window1: backgroundFit = 'none'
44.6244 	EXP 	window1: Attempting to measure frame rate of screen (0) ...
44.6244 	EXP 	window1: recordFrameIntervals = False
45.0492 	EXP 	window1: recordFrameIntervals = True
45.8844 	WARNING 	Couldn't measure a consistent frame rate!
  - Is your graphics card set to sync to vertical blank?
  - Are you running other processes on your computer?

47.7470 	INFO 	keyboard.Keyboard is using ptb backend.
47.7471 	EXP 	encodingtask: status = STARTED
47.9966 	EXP 	Created text_instructions = TextStim(__class__=<class 'psychopy.visual.text.TextStim'>, alignHoriz=method-wrapper(...), alignText='center', alignVert=method-wrapper(...), anchorHoriz='center', anchorVert='center', antialias=True, autoDraw=False, autoLog=True, bold=False, color=array([1., 1., 1.]), colorSpace='rgb', contrast=1.0, depth=0.0, draggable=False, flipHoriz=False, flipVert=False, font='Open Sans', fontFiles=[], height=np.float64(0.035), italic=False, languageStyle='LTR', name='text_instructions', opacity=1, ori=0.0, pos=array([0. , 0.2]), rgb=UNKNOWN, text=str(...), units='height', win=Window(...), wrapWidth=1)
47.9976 	EXP 	Created text_keys = TextStim(__class__=<class 'psychopy.visual.text.TextStim'>, alignHoriz=method-wrapper(...), alignText='center', alignVert=method-wrapper(...), anchorHoriz='center', anchorVert='center', antialias=True, autoDraw=False, autoLog=True, bold=False, color=array([1., 1., 1.]), colorSpace='rgb', contrast=1.0, depth=0.0, draggable=False, flipHoriz=False, flipVert=False, font='Open Sans', fontFiles=[], height=0.05, italic=False, languageStyle='LTR', name='text_keys', opacity=1, ori=0.0, pos=array([0., 0.]), rgb=UNKNOWN, text='', units='height', win=Window(...), wrapWidth=1)
47.9987 	EXP 	Created text_2 = TextStim(__class__=<class 'psychopy.visual.text.TextStim'>, alignHoriz=method-wrapper(...), alignText='center', alignVert=method-wrapper(...), anchorHoriz='center', anchorVert='center', antialias=True, autoDraw=False, autoLog=True, bold=False, color=array([1., 1., 1.]), colorSpace='rgb', contrast=1.0, depth=0.0, draggable=False, flipHoriz=False, flipVert=False, font='Open Sans', fontFiles=[], height=np.float64(0.05), italic=False, languageStyle='LTR', name='text_2', opacity=1, ori=0.0, pos=array([0., 0.]), rgb=UNKNOWN, text='', units='height', win=Window(...), wrapWidth=1)
48.0753 	EXP 	Created image_integrated = ImageStim(__class__=<class 'psychopy.visual.image.ImageStim'>, anchor=('center', 'center'), autoLog=True, color=array([1., 1., 1.]), colorSpace='rgb', contrast=1.0, depth=-1.0, draggable=False, flipHoriz=np.False_, flipVert=np.False_, image='default.png', interpolate=True, mask=None, maskParams=None, name='image_integrated', opacity=1, ori=0.0, pos=array([ 0.  , -0.05]), size=array([1.2  , 0.675]), texRes=128.0, units='height', win=Window(...))
48.0820 	EXP 	Created text_congruency = TextStim(__class__=<class 'psychopy.visual.text.TextStim'>, alignHoriz=method-wrapper(...), alignText='center', alignVert=method-wrapper(...), anchorHoriz='center', anchorVert='center', antialias=True, autoDraw=False, autoLog=True, bold=False, color=array([1., 1., 1.]), colorSpace='rgb', contrast=1.0, depth=0.0, draggable=False, flipHoriz=False, flipVert=False, font='Open Sans', fontFiles=[], height=np.float64(0.05), italic=False, languageStyle='LTR', name='text_congruency', opacity=1, ori=0.0, pos=array([0., 0.]), rgb=UNKNOWN, text='Related \nor Unrelated?', units='height', win=Window(...), wrapWidth=1)
48.0844 	EXP 	Created text_8 = TextStim(__class__=<class 'psychopy.visual.text.TextStim'>, alignHoriz=method-wrapper(...), alignText='center', alignVert=method-wrapper(...), anchorHoriz='center', anchorVert='center', antialias=True, autoDraw=False, autoLog=True, bold=False, color=array([1., 1., 1.]), colorSpace='rgb', contrast=1.0, depth=0.0, draggable=False, flipHoriz=False, flipVert=False, font='Open Sans', fontFiles=[], height=np.float64(0.05), italic=False, languageStyle='LTR', name='text_8', opacity=1, ori=0.0, pos=array([0., 0.]), rgb=UNKNOWN, text='+', units='height', win=Window(...), wrapWidth=1)
48.0910 	EXP 	Created text_run_pause = TextStim(__class__=<class 'psychopy.visual.text.TextStim'>, alignHoriz=method-wrapper(...), alignText='center', alignVert=method-wrapper(...), anchorHoriz='center', anchorVert='center', antialias=True, autoDraw=False, autoLog=True, bold=False, color=array([1., 1., 1.]), colorSpace='rgb', contrast=1.0, depth=-1.0, draggable=False, flipHoriz=False, flipVert=False, font='Open Sans', fontFiles=[], height=np.float64(0.05), italic=False, languageStyle='LTR', name='text_run_pause', opacity=1, ori=0.0, pos=array([0. , 0.3]), rgb=UNKNOWN, text=str(...), units='height', win=Window(...), wrapWidth=1)
48.0918 	EXP 	Created text_relatedness_pause = TextStim(__class__=<class 'psychopy.visual.text.TextStim'>, alignHoriz=method-wrapper(...), alignText='center', alignVert=method-wrapper(...), anchorHoriz='center', anchorVert='center', antialias=True, autoDraw=False, autoLog=True, bold=False, color=array([1., 1., 1.]), colorSpace='rgb', contrast=1.0, depth=-2.0, draggable=False, flipHoriz=False, flipVert=False, font='Open Sans', fontFiles=[], height=0.05, italic=False, languageStyle='LTR', name='text_relatedness_pause', opacity=1, ori=0.0, pos=array([ 0. , -0.1]), rgb=UNKNOWN, text='', units='height', win=Window(...), wrapWidth=1)
48.0924 	EXP 	Created text_end = TextStim(__class__=<class 'psychopy.visual.text.TextStim'>, alignHoriz=method-wrapper(...), alignText='center', alignVert=method-wrapper(...), anchorHoriz='center', anchorVert='center', antialias=True, autoDraw=False, autoLog=True, bold=False, color=array([1., 1., 1.]), colorSpace='rgb', contrast=1.0, depth=-1.0, draggable=False, flipHoriz=False, flipVert=False, font='Open Sans', fontFiles=[], height=0.05, italic=False, languageStyle='LTR', name='text_end', opacity=1, ori=0.0, pos=array([0., 0.]), rgb=UNKNOWN, text='', units='height', win=Window(...), wrapWidth=1)
0.0246 	EXP 	text_instructions: autoDraw = True
1.0103 	INFO 	Keyboard events cleared
3.7047 	EXP 	Device response: <KeyPress from None: t=3.347233208012767, value=space, duration=None>
3.7049 	EXP 	Device response: <KeyPress from None: t=3.347233208012767, value=space, duration=0.034009499941021204>
3.7463 	DATA 	Keypress: space
3.7523 	INFO 	Keyboard events cleared
3.7521 	WARNING 	t of last frame was 398.32ms (=1/2)
3.7521 	EXP 	text_instructions: autoDraw = False
3.7521 	EXP 	text_keys: height = np.float64(0.05)
3.7521 	EXP 	text_keys: height = np.float64(0.05)
3.7521 	EXP 	text_keys: height = np.float64(0.05)
3.7521 	EXP 	text_keys: text = 'If they are related, press P\nIf they are unrelated, press Q\n\nIMPORTANT: you should press P or Q only when you see the question, AFTER the scene and item disappeared from the screen!\n\nPress SPACEBAR to continue.'
3.7521 	EXP 	text_keys: autoDraw = True
7.0889 	EXP 	Device response: <KeyPress from None: t=7.081903500016779, value=space, duration=None>
7.0973 	DATA 	Keypress: space
7.1026 	EXP 	text_keys: autoDraw = False
7.1026 	EXP 	text_2: autoDraw = True
7.1388 	EXP 	Device response: <KeyPress from None: t=7.081903500016779, value=space, duration=0.04427287494763732>
9.1103 	EXP 	Imported runs_params.xlsx as conditions, 3 conditions, 1 params
9.1190 	EXP 	New trial (rep=0, index=0): <Trial 0 (0 in rep 0) data={'run': 1, 'thisN': 0, 'thisTrialN': 0, 'thisRepN': 0}>
9.1302 	EXP 	Imported stimuli/stim_lists/stimuli_list_sub_510_run_1.csv as conditions, 80 conditions, 8 params
9.1309 	EXP 	New trial (rep=0, index=0): <Trial 0 (0 in rep 0) data={'scene_stimulus': 'stimuli/TESTscenes/UB_1.jpg', 'scene_cat': 'Undersea', 'scene_label': 'Somar', 'item_stimulus': 'stimuli/items/undersea_object_5.png', 'item_cat': 'Undersea', 'item_type': 'object', 'congruency': 'sc', 'integrated_stimulus': 'stimuli/integrated/undersea_b_undersea_object_5.jpg', 'thisN': 0, 'thisTrialN': 0, 'thisRepN': 0}>
9.1930 	WARNING 	t of last frame was 106.09ms (=1/9)
9.1930 	EXP 	text_2: autoDraw = False
9.1930 	EXP 	text_2: autoDraw = False
9.1930 	EXP 	image_integrated: image = 'stimuli/integrated/undersea_b_undersea_object_5.jpg'
9.1930 	EXP 	image_integrated: autoDraw = True
11.1295 	INFO 	Keyboard events cleared
11.1293 	EXP 	image_integrated: autoDraw = False
11.1293 	EXP 	text_congruency: autoDraw = True
12.1341 	EXP 	text_congruency: autoDraw = False
12.1341 	EXP 	text_8: autoDraw = True
12.2726 	EXP 	Device response: <KeyPress from None: t=12.26763891603332, value=q, duration=None>
12.2798 	DATA 	Keypress: q
12.3095 	EXP 	Device response: <KeyPress from None: t=12.26763891603332, value=q, duration=0.03799250000156462>
13.1208 	EXP 	New trial (rep=0, index=1): <Trial 1 (1 in rep 0) data={'scene_stimulus': 'stimuli/TESTscenes/UA_1.jpg', 'scene_cat': 'Undersea', 'scene_label': 'Tulon', 'item_stimulus': 'stimuli/items/jungle_animal_4.png', 'item_cat': 'Jungle', 'item_type': 'animal', 'congruency': 'si', 'integrated_stimulus': 'stimuli/integrated/undersea_b_jungle_animal_4.jpg', 'thisN': 1, 'thisTrialN': 1, 'thisRepN': 0}>
13.1668 	WARNING 	t of last frame was 46.45ms (=1/21)
13.1668 	EXP 	text_8: autoDraw = False
13.1668 	EXP 	image_integrated: image = 'stimuli/integrated/undersea_b_jungle_animal_4.jpg'
13.1668 	EXP 	image_integrated: autoDraw = True
15.1273 	INFO 	Keyboard events cleared
15.1271 	EXP 	image_integrated: autoDraw = False
15.1271 	EXP 	text_congruency: autoDraw = True
15.6723 	EXP 	Device response: <KeyPress from None: t=15.667162291007116, value=p, duration=None>
15.6795 	DATA 	Keypress: p
15.6847 	EXP 	text_congruency: autoDraw = False
15.6847 	EXP 	text_8: autoDraw = True
15.7551 	EXP 	Device response: <KeyPress from None: t=15.667162291007116, value=p, duration=0.07633120892569423>
16.6712 	EXP 	New trial (rep=0, index=2): <Trial 2 (2 in rep 0) data={'scene_stimulus': 'stimuli/TESTscenes/JB_1.jpg', 'scene_cat': 'Jungle', 'scene_label': 'Negvi', 'item_stimulus': 'stimuli/items/undersea_animal_10.png', 'item_cat': 'Undersea', 'item_type': 'animal', 'congruency': 'si', 'integrated_stimulus': 'stimuli/integrated/jungle_a_undersea_animal_10.jpg', 'thisN': 2, 'thisTrialN': 2, 'thisRepN': 0}>
16.7147 	WARNING 	t of last frame was 44.58ms (=1/22)
16.7147 	EXP 	text_8: autoDraw = False
16.7147 	EXP 	text_8: autoDraw = False
16.7147 	EXP 	image_integrated: image = 'stimuli/integrated/jungle_a_undersea_animal_10.jpg'
16.7147 	EXP 	image_integrated: autoDraw = True
18.6873 	INFO 	Keyboard events cleared
18.6871 	EXP 	image_integrated: autoDraw = False
18.6871 	EXP 	text_congruency: autoDraw = True
19.1724 	EXP 	Device response: <KeyPress from None: t=19.160066458047368, value=p, duration=None>
19.1792 	DATA 	Keypress: p
19.1844 	EXP 	text_congruency: autoDraw = False
19.1844 	EXP 	text_8: autoDraw = True
19.2720 	EXP 	Device response: <KeyPress from None: t=19.160066458047368, value=p, duration=0.10038970794994384>
20.1717 	EXP 	New trial (rep=0, index=3): <Trial 3 (3 in rep 0) data={'scene_stimulus': 'stimuli/TESTscenes/UB_1.jpg', 'scene_cat': 'Undersea', 'scene_label': 'Somar', 'item_stimulus': 'stimuli/items/undersea_animal_19.png', 'item_cat': 'Undersea', 'item_type': 'animal', 'congruency': 'sc', 'integrated_stimulus': 'stimuli/integrated/undersea_b_undersea_animal_19.jpg', 'thisN': 3, 'thisTrialN': 3, 'thisRepN': 0}>
20.2163 	WARNING 	Multiple dropped frames have occurred - I'll stop bothering you about them!
20.2163 	EXP 	text_8: autoDraw = False
20.2163 	EXP 	text_8: autoDraw = False
20.2163 	EXP 	image_integrated: image = 'stimuli/integrated/undersea_b_undersea_animal_19.jpg'
20.2163 	EXP 	image_integrated: autoDraw = True
22.1876 	INFO 	Keyboard events cleared
22.1873 	EXP 	image_integrated: autoDraw = False
22.1873 	EXP 	text_congruency: autoDraw = True
22.7242 	EXP 	Device response: <KeyPress from None: t=22.71702037495561, value=p, duration=None>
22.7313 	DATA 	Keypress: p
22.7362 	EXP 	text_congruency: autoDraw = False
22.7362 	EXP 	text_8: autoDraw = True
22.8100 	EXP 	Device response: <KeyPress from None: t=22.71702037495561, value=p, duration=0.08828912500757724>
23.7199 	EXP 	New trial (rep=0, index=4): <Trial 4 (4 in rep 0) data={'scene_stimulus': 'stimuli/TESTscenes/JB_1.jpg', 'scene_cat': 'Jungle', 'scene_label': 'Negvi', 'item_stimulus': 'stimuli/items/undersea_object_36.png', 'item_cat': 'Undersea', 'item_type': 'object', 'congruency': 'si', 'integrated_stimulus': 'stimuli/integrated/jungle_b_undersea_object_36.jpg', 'thisN': 4, 'thisTrialN': 4, 'thisRepN': 0}>
23.7568 	EXP 	text_8: autoDraw = False
23.7568 	EXP 	text_8: autoDraw = False
23.7568 	EXP 	image_integrated: image = 'stimuli/integrated/jungle_b_undersea_object_36.jpg'
23.7568 	EXP 	image_integrated: autoDraw = True
25.7376 	INFO 	Keyboard events cleared
25.7373 	EXP 	image_integrated: autoDraw = False
25.7373 	EXP 	text_congruency: autoDraw = True
26.2051 	EXP 	Device response: <KeyPress from None: t=26.202905499958433, value=q, duration=None>
26.2118 	DATA 	Keypress: q
26.2169 	EXP 	text_congruency: autoDraw = False
26.2169 	EXP 	text_8: autoDraw = True
26.3054 	EXP 	Device response: <KeyPress from None: t=26.202905499958433, value=q, duration=0.09239654103294015>
27.2046 	EXP 	New trial (rep=0, index=5): <Trial 5 (5 in rep 0) data={'scene_stimulus': 'stimuli/TESTscenes/JA_1.jpg', 'scene_cat': 'Jungle', 'scene_label': 'Malbow', 'item_stimulus': 'stimuli/items/undersea_object_15.png', 'item_cat': 'Undersea', 'item_type': 'object', 'congruency': 'si', 'integrated_stimulus': 'stimuli/integrated/jungle_b_undersea_object_15.jpg', 'thisN': 5, 'thisTrialN': 5, 'thisRepN': 0}>
27.2461 	EXP 	text_8: autoDraw = False
27.2461 	EXP 	text_8: autoDraw = False
27.2461 	EXP 	image_integrated: image = 'stimuli/integrated/jungle_b_undersea_object_15.jpg'
27.2461 	EXP 	image_integrated: autoDraw = True
29.2192 	INFO 	Keyboard events cleared
29.2191 	EXP 	image_integrated: autoDraw = False
29.2191 	EXP 	text_congruency: autoDraw = True
29.6542 	EXP 	Device response: <KeyPress from None: t=29.65186070802156, value=q, duration=None>
29.6576 	EXP 	text_congruency: autoDraw = False
29.6576 	EXP 	text_8: autoDraw = True
29.6596 	DATA 	Keypress: q
29.7707 	EXP 	Device response: <KeyPress from None: t=29.65186070802156, value=q, duration=0.11232624994590878>
30.6435 	EXP 	New trial (rep=0, index=6): <Trial 6 (6 in rep 0) data={'scene_stimulus': 'stimuli/TESTscenes/JB_1.jpg', 'scene_cat': 'Jungle', 'scene_label': 'Negvi', 'item_stimulus': 'stimuli/items/undersea_animal_2.png', 'item_cat': 'Undersea', 'item_type': 'animal', 'congruency': 'si', 'integrated_stimulus': 'stimuli/integrated/jungle_b_undersea_animal_2.jpg', 'thisN': 6, 'thisTrialN': 6, 'thisRepN': 0}>
30.6888 	EXP 	text_8: autoDraw = False
30.6888 	EXP 	text_8: autoDraw = False
30.6888 	EXP 	image_integrated: image = 'stimuli/integrated/jungle_b_undersea_animal_2.jpg'
30.6888 	EXP 	image_integrated: autoDraw = True
32.6704 	INFO 	Keyboard events cleared
32.6701 	EXP 	image_integrated: autoDraw = False
32.6701 	EXP 	text_congruency: autoDraw = True
33.2223 	EXP 	Device response: <KeyPress from None: t=33.21180449996609, value=q, duration=None>
33.2296 	DATA 	Keypress: q
33.2348 	EXP 	text_congruency: autoDraw = False
33.2348 	EXP 	text_8: autoDraw = True
33.3104 	EXP 	Device response: <KeyPress from None: t=33.21180449996609, value=q, duration=0.09224612498655915>
34.2213 	EXP 	New trial (rep=0, index=7): <Trial 7 (7 in rep 0) data={'scene_stimulus': 'stimuli/TESTscenes/JA_1.jpg', 'scene_cat': 'Jungle', 'scene_label': 'Malbow', 'item_stimulus': 'stimuli/items/undersea_object_22.png', 'item_cat': 'Undersea', 'item_type': 'object', 'congruency': 'si', 'integrated_stimulus': 'stimuli/integrated/jungle_a_undersea_object_22.jpg', 'thisN': 7, 'thisTrialN': 7, 'thisRepN': 0}>
34.2594 	EXP 	text_8: autoDraw = False
34.2594 	EXP 	text_8: autoDraw = False
34.2594 	EXP 	image_integrated: image = 'stimuli/integrated/jungle_a_undersea_object_22.jpg'
34.2594 	EXP 	image_integrated: autoDraw = True
34.7384 	EXP 	Device response: <KeyPress from None: t=34.7337672499707, value=escape, duration=None>
34.8357 	DATA 	Keypress: escape
34.8510 	EXP 	Device response: <KeyPress from None: t=34.7337672499707, value=escape, duration=0.11631325003691018>
34.8511 	EXP 	encodingtask: status = STOPPED
34.8675 	EXP 	image_integrated: autoDraw = False
34.8676 	EXP 	encodingtask: status = STOPPED
34.8734 	INFO 	saved data to '/Users/oliviayin/Desktop/sbl_realistic integration/encoding_task_behav/data/510_encodingtask_2026-03-29_16h55.29.940.csv'
34.8774 	INFO 	saved data to /Users/oliviayin/Desktop/sbl_realistic integration/encoding_task_behav/data/510_encodingtask_2026-03-29_16h55.29.940.psydat
35.2081 	WARNING 	Stopping key buffers but this could be dangerous ifother keyboards rely on the same.
