35.7598 	WARNING 	Font Manager failed to load file /System/Library/PrivateFrameworks/FontServices.framework/Resources/Reserved/PingFangUI.ttc
35.9371 	WARNING 	Font Manager failed to load file /System/Library/PrivateFrameworks/FontServices.framework/Resources/Reserved/PingFangUI.ttc
44.0315 	INFO 	Loaded monitor calibration from ['2026_01_13 14:36']
44.0678 	WARNING 	User requested fullscreen with size [1024  768], but screen is actually [1470, 956]. Using actual size
44.5541 	INFO 	Using renderer 'Apple M2' for graphics
44.5541 	INFO 	OpenGL version supported by driver is 2..
44.6503 	EXP 	Created window1 = Window(allowGUI=False, allowStencil=False, autoLog=True, backendConf=UNKNOWN, backgroundFit=<method-wrapper '__getattribute__' of attributeSetter object at 0x16e8e57e0>, backgroundImage=<method-wrapper '__getattribute__' of attributeSetter object at 0x16e8e5780>, bitsMode=UNKNOWN, blendMode='avg', bpc=(8, 8, 8), color=array([0, 0, 0]), colorSpace='rgb', depthBits=8, fullscr=True, gamma=None, gammaErrorPolicy='raise', infoMsg=UNKNOWN, lms=UNKNOWN, monitor=<psychopy.monitors.calibTools.Monitor object at 0x16e8c1810>, multiSample=False, name='window1', numSamples=2, pos=[np.float64(0.0), np.float64(0.0)], screen=0, size=array([2940, 1912]), stencilBits=0, stereo=False, title='PsychoPy', units='height', useFBO=True, useRetina=True, viewOri=0.0, viewPos=None, viewScale=None, waitBlanking=True, winType='pyglet')
44.6505 	EXP 	window1: backgroundImage = ''
44.6505 	EXP 	window1: backgroundFit = 'none'
45.2354 	EXP 	window1: Attempting to measure frame rate of screen (0) ...
45.2354 	EXP 	window1: recordFrameIntervals = False
45.5394 	EXP 	window1: recordFrameIntervals = True
46.3739 	WARNING 	Couldn't measure a consistent frame rate!
  - Is your graphics card set to sync to vertical blank?
  - Are you running other processes on your computer?

48.1410 	INFO 	keyboard.Keyboard is using ptb backend.
48.1410 	EXP 	encodingtask: status = STARTED
48.3531 	EXP 	Created text_instructions = TextStim(__class__=<class 'psychopy.visual.text.TextStim'>, alignHoriz=method-wrapper(...), alignText='center', alignVert=method-wrapper(...), anchorHoriz='center', anchorVert='center', antialias=True, autoDraw=False, autoLog=True, bold=False, color=array([1., 1., 1.]), colorSpace='rgb', contrast=1.0, depth=0.0, draggable=False, flipHoriz=False, flipVert=False, font='Open Sans', fontFiles=[], height=np.float64(0.035), italic=False, languageStyle='LTR', name='text_instructions', opacity=1, ori=0.0, pos=array([0. , 0.2]), rgb=UNKNOWN, text=str(...), units='height', win=Window(...), wrapWidth=1)
48.3540 	EXP 	Created text_keys = TextStim(__class__=<class 'psychopy.visual.text.TextStim'>, alignHoriz=method-wrapper(...), alignText='center', alignVert=method-wrapper(...), anchorHoriz='center', anchorVert='center', antialias=True, autoDraw=False, autoLog=True, bold=False, color=array([1., 1., 1.]), colorSpace='rgb', contrast=1.0, depth=0.0, draggable=False, flipHoriz=False, flipVert=False, font='Open Sans', fontFiles=[], height=0.05, italic=False, languageStyle='LTR', name='text_keys', opacity=1, ori=0.0, pos=array([0., 0.]), rgb=UNKNOWN, text='', units='height', win=Window(...), wrapWidth=1)
48.3550 	EXP 	Created text_2 = TextStim(__class__=<class 'psychopy.visual.text.TextStim'>, alignHoriz=method-wrapper(...), alignText='center', alignVert=method-wrapper(...), anchorHoriz='center', anchorVert='center', antialias=True, autoDraw=False, autoLog=True, bold=False, color=array([1., 1., 1.]), colorSpace='rgb', contrast=1.0, depth=0.0, draggable=False, flipHoriz=False, flipVert=False, font='Open Sans', fontFiles=[], height=np.float64(0.05), italic=False, languageStyle='LTR', name='text_2', opacity=1, ori=0.0, pos=array([0., 0.]), rgb=UNKNOWN, text='', units='height', win=Window(...), wrapWidth=1)
48.4243 	EXP 	Created image_integrated = ImageStim(__class__=<class 'psychopy.visual.image.ImageStim'>, anchor=('center', 'center'), autoLog=True, color=array([1., 1., 1.]), colorSpace='rgb', contrast=1.0, depth=0.0, draggable=False, flipHoriz=np.False_, flipVert=np.False_, image='default.png', interpolate=True, mask=None, maskParams=None, name='image_integrated', opacity=1, ori=0.0, pos=array([ 0.  , -0.05]), size=array([1.2  , 0.675]), texRes=128.0, units='height', win=Window(...))
48.4309 	EXP 	Created text_congruency = TextStim(__class__=<class 'psychopy.visual.text.TextStim'>, alignHoriz=method-wrapper(...), alignText='center', alignVert=method-wrapper(...), anchorHoriz='center', anchorVert='center', antialias=True, autoDraw=False, autoLog=True, bold=False, color=array([1., 1., 1.]), colorSpace='rgb', contrast=1.0, depth=0.0, draggable=False, flipHoriz=False, flipVert=False, font='Open Sans', fontFiles=[], height=np.float64(0.05), italic=False, languageStyle='LTR', name='text_congruency', opacity=1, ori=0.0, pos=array([0., 0.]), rgb=UNKNOWN, text='Related \nor Unrelated?', units='height', win=Window(...), wrapWidth=1)
48.4332 	EXP 	Created text_8 = TextStim(__class__=<class 'psychopy.visual.text.TextStim'>, alignHoriz=method-wrapper(...), alignText='center', alignVert=method-wrapper(...), anchorHoriz='center', anchorVert='center', antialias=True, autoDraw=False, autoLog=True, bold=False, color=array([1., 1., 1.]), colorSpace='rgb', contrast=1.0, depth=0.0, draggable=False, flipHoriz=False, flipVert=False, font='Open Sans', fontFiles=[], height=np.float64(0.05), italic=False, languageStyle='LTR', name='text_8', opacity=1, ori=0.0, pos=array([0., 0.]), rgb=UNKNOWN, text='+', units='height', win=Window(...), wrapWidth=1)
48.4403 	EXP 	Created text_run_pause = TextStim(__class__=<class 'psychopy.visual.text.TextStim'>, alignHoriz=method-wrapper(...), alignText='center', alignVert=method-wrapper(...), anchorHoriz='center', anchorVert='center', antialias=True, autoDraw=False, autoLog=True, bold=False, color=array([1., 1., 1.]), colorSpace='rgb', contrast=1.0, depth=-1.0, draggable=False, flipHoriz=False, flipVert=False, font='Open Sans', fontFiles=[], height=np.float64(0.05), italic=False, languageStyle='LTR', name='text_run_pause', opacity=1, ori=0.0, pos=array([0. , 0.3]), rgb=UNKNOWN, text=str(...), units='height', win=Window(...), wrapWidth=1)
48.4412 	EXP 	Created text_relatedness_pause = TextStim(__class__=<class 'psychopy.visual.text.TextStim'>, alignHoriz=method-wrapper(...), alignText='center', alignVert=method-wrapper(...), anchorHoriz='center', anchorVert='center', antialias=True, autoDraw=False, autoLog=True, bold=False, color=array([1., 1., 1.]), colorSpace='rgb', contrast=1.0, depth=-2.0, draggable=False, flipHoriz=False, flipVert=False, font='Open Sans', fontFiles=[], height=0.05, italic=False, languageStyle='LTR', name='text_relatedness_pause', opacity=1, ori=0.0, pos=array([ 0. , -0.1]), rgb=UNKNOWN, text='', units='height', win=Window(...), wrapWidth=1)
48.4419 	EXP 	Created text_end = TextStim(__class__=<class 'psychopy.visual.text.TextStim'>, alignHoriz=method-wrapper(...), alignText='center', alignVert=method-wrapper(...), anchorHoriz='center', anchorVert='center', antialias=True, autoDraw=False, autoLog=True, bold=False, color=array([1., 1., 1.]), colorSpace='rgb', contrast=1.0, depth=-1.0, draggable=False, flipHoriz=False, flipVert=False, font='Open Sans', fontFiles=[], height=0.05, italic=False, languageStyle='LTR', name='text_end', opacity=1, ori=0.0, pos=array([0., 0.]), rgb=UNKNOWN, text='', units='height', win=Window(...), wrapWidth=1)
0.0266 	EXP 	text_instructions: autoDraw = True
1.0158 	INFO 	Keyboard events cleared
2.5867 	EXP 	Device response: <KeyPress from None: t=2.2596936660120264, value=space, duration=None>
2.5869 	EXP 	Device response: <KeyPress from None: t=2.2596936660120264, value=space, duration=0.0930209590587765>
2.6195 	DATA 	Keypress: space
2.6249 	INFO 	Keyboard events cleared
2.6248 	WARNING 	t of last frame was 358.94ms (=1/2)
2.6248 	EXP 	text_instructions: autoDraw = False
2.6248 	EXP 	text_keys: height = np.float64(0.05)
2.6248 	EXP 	text_keys: height = np.float64(0.05)
2.6248 	EXP 	text_keys: height = np.float64(0.05)
2.6248 	EXP 	text_keys: text = 'If they are related, press P\nIf they are unrelated, press Q\n\nIMPORTANT: you should press P or Q only when you see the question, AFTER the scene and item disappeared from the screen!\n\nPress SPACEBAR to continue.'
2.6248 	EXP 	text_keys: autoDraw = True
3.8604 	EXP 	Device response: <KeyPress from None: t=3.8543584999861196, value=space, duration=None>
3.8736 	DATA 	Keypress: space
3.8771 	EXP 	text_keys: autoDraw = False
3.8771 	EXP 	text_2: autoDraw = True
3.9659 	EXP 	Device response: <KeyPress from None: t=3.8543584999861196, value=space, duration=0.10826804104726762>
5.8799 	EXP 	Imported runs_params.xlsx as conditions, 3 conditions, 1 params
5.8861 	EXP 	New trial (rep=0, index=0): <Trial 0 (0 in rep 0) data={'run': 1, 'thisN': 0, 'thisTrialN': 0, 'thisRepN': 0}>
5.9417 	INFO 	saved data to /Users/oliviayin/Desktop/sbl_realistic integration/encoding_task_behav/data/510_encodingtask_2026-03-28_20h02.58.200.psydat
5.9427 	INFO 	saved data to '/Users/oliviayin/Desktop/sbl_realistic integration/encoding_task_behav/data/510_encodingtask_2026-03-28_20h02.58.200.csv'
5.9706 	WARNING 	Stopping key buffers but this could be dangerous ifother keyboards rely on the same.
