35.8858 	WARNING 	Font Manager failed to load file /System/Library/PrivateFrameworks/FontServices.framework/Resources/Reserved/PingFangUI.ttc
36.0335 	WARNING 	Font Manager failed to load file /System/Library/PrivateFrameworks/FontServices.framework/Resources/Reserved/PingFangUI.ttc
48.1171 	INFO 	Loaded monitor calibration from ['2026_01_13 14:36']
48.1524 	WARNING 	User requested fullscreen with size [1024  768], but screen is actually [1470, 956]. Using actual size
48.6084 	INFO 	Using renderer 'Apple M2' for graphics
48.6084 	INFO 	OpenGL version supported by driver is 2..
48.6963 	EXP 	Created window1 = Window(allowGUI=False, allowStencil=False, autoLog=True, backendConf=UNKNOWN, backgroundFit=<method-wrapper '__getattribute__' of attributeSetter object at 0x16e015a80>, backgroundImage=<method-wrapper '__getattribute__' of attributeSetter object at 0x16e015a20>, bitsMode=UNKNOWN, blendMode='avg', bpc=(8, 8, 8), color=array([0, 0, 0]), colorSpace='rgb', depthBits=8, fullscr=True, gamma=None, gammaErrorPolicy='raise', infoMsg=UNKNOWN, lms=UNKNOWN, monitor=<psychopy.monitors.calibTools.Monitor object at 0x16dfddd20>, multiSample=False, name='window1', numSamples=2, pos=[np.float64(0.0), np.float64(0.0)], screen=0, size=array([2940, 1912]), stencilBits=0, stereo=False, title='PsychoPy', units='height', useFBO=True, useRetina=True, viewOri=0.0, viewPos=None, viewScale=None, waitBlanking=True, winType='pyglet')
48.6964 	EXP 	window1: backgroundImage = ''
48.6965 	EXP 	window1: backgroundFit = 'none'
49.2881 	EXP 	window1: Attempting to measure frame rate of screen (0) ...
49.2881 	EXP 	window1: recordFrameIntervals = False
49.5787 	EXP 	window1: recordFrameIntervals = True
50.4120 	WARNING 	Couldn't measure a consistent frame rate!
  - Is your graphics card set to sync to vertical blank?
  - Are you running other processes on your computer?

52.1330 	INFO 	keyboard.Keyboard is using ptb backend.
52.1330 	EXP 	encodingtask: status = STARTED
52.1963 	INFO 	saved data to /Users/oliviayin/Desktop/sbl_realistic integration/encoding_task_behav/data/510_encodingtask_2026-03-28_19h36.03.262.psydat
52.1967 	INFO 	saved data to '/Users/oliviayin/Desktop/sbl_realistic integration/encoding_task_behav/data/510_encodingtask_2026-03-28_19h36.03.262.csv'
52.2079 	WARNING 	Stopping key buffers but this could be dangerous ifother keyboards rely on the same.
