36.0459 	WARNING 	Font Manager failed to load file /System/Library/PrivateFrameworks/FontServices.framework/Resources/Reserved/PingFangUI.ttc
36.2241 	WARNING 	Font Manager failed to load file /System/Library/PrivateFrameworks/FontServices.framework/Resources/Reserved/PingFangUI.ttc
42.8002 	INFO 	Loaded monitor calibration from ['2026_01_13 14:36']
42.8311 	WARNING 	User requested fullscreen with size [1024  768], but screen is actually [1470, 956]. Using actual size
43.2989 	INFO 	Using renderer 'Apple M2' for graphics
43.2989 	INFO 	OpenGL version supported by driver is 2..
43.3918 	EXP 	Created window1 = Window(allowGUI=False, allowStencil=False, autoLog=True, backendConf=UNKNOWN, backgroundFit=<method-wrapper '__getattribute__' of attributeSetter object at 0x1722eff40>, backgroundImage=<method-wrapper '__getattribute__' of attributeSetter object at 0x1722efee0>, bitsMode=UNKNOWN, blendMode='avg', bpc=(8, 8, 8), color=array([0, 0, 0]), colorSpace='rgb', depthBits=8, fullscr=True, gamma=None, gammaErrorPolicy='raise', infoMsg=UNKNOWN, lms=UNKNOWN, monitor=<psychopy.monitors.calibTools.Monitor object at 0x1723d75e0>, multiSample=False, name='window1', numSamples=2, pos=[np.float64(0.0), np.float64(0.0)], screen=0, size=array([2940, 1912]), stencilBits=0, stereo=False, title='PsychoPy', units='height', useFBO=True, useRetina=True, viewOri=0.0, viewPos=None, viewScale=None, waitBlanking=True, winType='pyglet')
43.3919 	EXP 	window1: backgroundImage = ''
43.3920 	EXP 	window1: backgroundFit = 'none'
43.9652 	EXP 	window1: Attempting to measure frame rate of screen (0) ...
43.9652 	EXP 	window1: recordFrameIntervals = False
44.2526 	EXP 	window1: recordFrameIntervals = True
45.0900 	WARNING 	Couldn't measure a consistent frame rate!
  - Is your graphics card set to sync to vertical blank?
  - Are you running other processes on your computer?

46.8521 	INFO 	keyboard.Keyboard is using ptb backend.
46.8522 	EXP 	encodingtask: status = STARTED
46.9212 	INFO 	saved data to /Users/oliviayin/Desktop/sbl_realistic integration/encoding_task_behav/data/510_encodingtask_2026-03-28_19h45.21.696.psydat
46.9218 	INFO 	saved data to '/Users/oliviayin/Desktop/sbl_realistic integration/encoding_task_behav/data/510_encodingtask_2026-03-28_19h45.21.696.csv'
46.9340 	WARNING 	Stopping key buffers but this could be dangerous ifother keyboards rely on the same.
