34.0208 	WARNING 	Font Manager failed to load file /System/Library/PrivateFrameworks/FontServices.framework/Resources/Reserved/PingFangUI.ttc
34.1499 	WARNING 	Font Manager failed to load file /System/Library/PrivateFrameworks/FontServices.framework/Resources/Reserved/PingFangUI.ttc
44.2287 	INFO 	Loaded monitor calibration from ['2026_01_13 14:36']
44.2523 	WARNING 	User requested fullscreen with size [1024  768], but screen is actually [1470, 956]. Using actual size
44.6616 	INFO 	Using renderer 'Apple M2' for graphics
44.6616 	INFO 	OpenGL version supported by driver is 2..
44.7469 	EXP 	Created window1 = Window(allowGUI=False, allowStencil=False, autoLog=True, backendConf=UNKNOWN, backgroundFit=<method-wrapper '__getattribute__' of attributeSetter object at 0x16e5b4be0>, backgroundImage=<method-wrapper '__getattribute__' of attributeSetter object at 0x16e5b4b80>, bitsMode=UNKNOWN, blendMode='avg', bpc=(8, 8, 8), color=array([0, 0, 0]), colorSpace='rgb', depthBits=8, fullscr=True, gamma=None, gammaErrorPolicy='raise', infoMsg=UNKNOWN, lms=UNKNOWN, monitor=<psychopy.monitors.calibTools.Monitor object at 0x16e5be0e0>, multiSample=False, name='window1', numSamples=2, pos=[np.float64(0.0), np.float64(0.0)], screen=0, size=array([2940, 1912]), stencilBits=0, stereo=False, title='PsychoPy', units='height', useFBO=True, useRetina=True, viewOri=0.0, viewPos=None, viewScale=None, waitBlanking=True, winType='pyglet')
44.7486 	EXP 	window1: backgroundImage = ''
44.7486 	EXP 	window1: backgroundFit = 'none'
45.3280 	EXP 	window1: Attempting to measure frame rate of screen (0) ...
45.3280 	EXP 	window1: recordFrameIntervals = False
45.6363 	EXP 	window1: recordFrameIntervals = True
46.4686 	WARNING 	Couldn't measure a consistent frame rate!
  - Is your graphics card set to sync to vertical blank?
  - Are you running other processes on your computer?

48.4144 	INFO 	keyboard.Keyboard is using ptb backend.
48.4145 	EXP 	encodingtask: status = STARTED
48.6195 	EXP 	Created text_instructions = TextStim(__class__=<class 'psychopy.visual.text.TextStim'>, alignHoriz=method-wrapper(...), alignText='center', alignVert=method-wrapper(...), anchorHoriz='center', anchorVert='center', antialias=True, autoDraw=False, autoLog=True, bold=False, color=array([1., 1., 1.]), colorSpace='rgb', contrast=1.0, depth=0.0, draggable=False, flipHoriz=False, flipVert=False, font='Open Sans', fontFiles=[], height=np.float64(0.035), italic=False, languageStyle='LTR', name='text_instructions', opacity=1, ori=0.0, pos=array([0. , 0.2]), rgb=UNKNOWN, text=str(...), units='height', win=Window(...), wrapWidth=1)
48.6204 	EXP 	Created text_keys = TextStim(__class__=<class 'psychopy.visual.text.TextStim'>, alignHoriz=method-wrapper(...), alignText='center', alignVert=method-wrapper(...), anchorHoriz='center', anchorVert='center', antialias=True, autoDraw=False, autoLog=True, bold=False, color=array([1., 1., 1.]), colorSpace='rgb', contrast=1.0, depth=0.0, draggable=False, flipHoriz=False, flipVert=False, font='Open Sans', fontFiles=[], height=0.05, italic=False, languageStyle='LTR', name='text_keys', opacity=1, ori=0.0, pos=array([0., 0.]), rgb=UNKNOWN, text='', units='height', win=Window(...), wrapWidth=1)
48.6214 	EXP 	Created text_2 = TextStim(__class__=<class 'psychopy.visual.text.TextStim'>, alignHoriz=method-wrapper(...), alignText='center', alignVert=method-wrapper(...), anchorHoriz='center', anchorVert='center', antialias=True, autoDraw=False, autoLog=True, bold=False, color=array([1., 1., 1.]), colorSpace='rgb', contrast=1.0, depth=0.0, draggable=False, flipHoriz=False, flipVert=False, font='Open Sans', fontFiles=[], height=np.float64(0.05), italic=False, languageStyle='LTR', name='text_2', opacity=1, ori=0.0, pos=array([0., 0.]), rgb=UNKNOWN, text='', units='height', win=Window(...), wrapWidth=1)
48.6990 	EXP 	Created image_integrated = ImageStim(__class__=<class 'psychopy.visual.image.ImageStim'>, anchor=('center', 'center'), autoLog=True, color=array([1., 1., 1.]), colorSpace='rgb', contrast=1.0, depth=-1.0, draggable=False, flipHoriz=np.False_, flipVert=np.False_, image='default.png', interpolate=True, mask=None, maskParams=None, name='image_integrated', opacity=1, ori=0.0, pos=array([ 0.  , -0.05]), size=array([1.2  , 0.675]), texRes=128.0, units='height', win=Window(...))
48.7056 	EXP 	Created text_congruency = TextStim(__class__=<class 'psychopy.visual.text.TextStim'>, alignHoriz=method-wrapper(...), alignText='center', alignVert=method-wrapper(...), anchorHoriz='center', anchorVert='center', antialias=True, autoDraw=False, autoLog=True, bold=False, color=array([1., 1., 1.]), colorSpace='rgb', contrast=1.0, depth=0.0, draggable=False, flipHoriz=False, flipVert=False, font='Open Sans', fontFiles=[], height=np.float64(0.05), italic=False, languageStyle='LTR', name='text_congruency', opacity=1, ori=0.0, pos=array([0., 0.]), rgb=UNKNOWN, text='Related \nor Unrelated?', units='height', win=Window(...), wrapWidth=1)
48.7080 	EXP 	Created text_8 = TextStim(__class__=<class 'psychopy.visual.text.TextStim'>, alignHoriz=method-wrapper(...), alignText='center', alignVert=method-wrapper(...), anchorHoriz='center', anchorVert='center', antialias=True, autoDraw=False, autoLog=True, bold=False, color=array([1., 1., 1.]), colorSpace='rgb', contrast=1.0, depth=0.0, draggable=False, flipHoriz=False, flipVert=False, font='Open Sans', fontFiles=[], height=np.float64(0.05), italic=False, languageStyle='LTR', name='text_8', opacity=1, ori=0.0, pos=array([0., 0.]), rgb=UNKNOWN, text='+', units='height', win=Window(...), wrapWidth=1)
48.7152 	EXP 	Created text_run_pause = TextStim(__class__=<class 'psychopy.visual.text.TextStim'>, alignHoriz=method-wrapper(...), alignText='center', alignVert=method-wrapper(...), anchorHoriz='center', anchorVert='center', antialias=True, autoDraw=False, autoLog=True, bold=False, color=array([1., 1., 1.]), colorSpace='rgb', contrast=1.0, depth=-1.0, draggable=False, flipHoriz=False, flipVert=False, font='Open Sans', fontFiles=[], height=np.float64(0.05), italic=False, languageStyle='LTR', name='text_run_pause', opacity=1, ori=0.0, pos=array([0. , 0.3]), rgb=UNKNOWN, text=str(...), units='height', win=Window(...), wrapWidth=1)
48.7160 	EXP 	Created text_relatedness_pause = TextStim(__class__=<class 'psychopy.visual.text.TextStim'>, alignHoriz=method-wrapper(...), alignText='center', alignVert=method-wrapper(...), anchorHoriz='center', anchorVert='center', antialias=True, autoDraw=False, autoLog=True, bold=False, color=array([1., 1., 1.]), colorSpace='rgb', contrast=1.0, depth=-2.0, draggable=False, flipHoriz=False, flipVert=False, font='Open Sans', fontFiles=[], height=0.05, italic=False, languageStyle='LTR', name='text_relatedness_pause', opacity=1, ori=0.0, pos=array([ 0. , -0.1]), rgb=UNKNOWN, text='', units='height', win=Window(...), wrapWidth=1)
48.7167 	EXP 	Created text_end = TextStim(__class__=<class 'psychopy.visual.text.TextStim'>, alignHoriz=method-wrapper(...), alignText='center', alignVert=method-wrapper(...), anchorHoriz='center', anchorVert='center', antialias=True, autoDraw=False, autoLog=True, bold=False, color=array([1., 1., 1.]), colorSpace='rgb', contrast=1.0, depth=-1.0, draggable=False, flipHoriz=False, flipVert=False, font='Open Sans', fontFiles=[], height=0.05, italic=False, languageStyle='LTR', name='text_end', opacity=1, ori=0.0, pos=array([0., 0.]), rgb=UNKNOWN, text='', units='height', win=Window(...), wrapWidth=1)
0.0197 	EXP 	text_instructions: autoDraw = True
1.0083 	INFO 	Keyboard events cleared
11.6046 	EXP 	Device response: <KeyPress from None: t=11.305177708039992, value=space, duration=None>
11.6048 	EXP 	Device response: <KeyPress from None: t=11.305177708039992, value=space, duration=0.06598333397414535>
11.6348 	DATA 	Keypress: space
11.6398 	INFO 	Keyboard events cleared
11.6397 	WARNING 	t of last frame was 330.53ms (=1/3)
11.6397 	EXP 	text_instructions: autoDraw = False
11.6397 	EXP 	text_keys: height = np.float64(0.05)
11.6397 	EXP 	text_keys: height = np.float64(0.05)
11.6397 	EXP 	text_keys: height = np.float64(0.05)
11.6397 	EXP 	text_keys: text = 'If they are related, press P\nIf they are unrelated, press Q\n\nIMPORTANT: you should press P or Q only when you see the question, AFTER the scene and item disappeared from the screen!\n\nPress SPACEBAR to continue.'
11.6397 	EXP 	text_keys: autoDraw = True
13.2044 	EXP 	Device response: <KeyPress from None: t=13.192780500045046, value=space, duration=None>
13.2108 	DATA 	Keypress: space
13.2154 	EXP 	text_keys: autoDraw = False
13.2154 	EXP 	text_2: autoDraw = True
13.2877 	EXP 	Device response: <KeyPress from None: t=13.192780500045046, value=space, duration=0.09228529199026525>
15.2222 	EXP 	Imported runs_params.xlsx as conditions, 3 conditions, 1 params
15.2291 	EXP 	New trial (rep=0, index=0): <Trial 0 (0 in rep 0) data={'run': 1, 'thisN': 0, 'thisTrialN': 0, 'thisRepN': 0}>
15.2414 	EXP 	Imported stimuli/stim_lists/stimuli_list_sub_550_run_1.csv as conditions, 80 conditions, 8 params
15.2421 	EXP 	New trial (rep=0, index=0): <Trial 0 (0 in rep 0) data={'scene_stimulus': 'stimuli/TESTscenes/JA_1.jpg', 'scene_cat': 'Jungle', 'scene_label': 'Tulon', 'item_stimulus': 'stimuli/items/jungle_animal_4.png', 'item_cat': 'Jungle', 'item_type': 'animal', 'congruency': 'sc', 'integrated_stimulus': 'stimuli/integrated/jungle_b_jungle_animal_4.jpg', 'thisN': 0, 'thisTrialN': 0, 'thisRepN': 0}>
16.4399 	WARNING 	t of last frame was 1237.03ms (=1/0)
16.4399 	EXP 	text_2: autoDraw = False
16.4399 	EXP 	text_2: autoDraw = False
16.4399 	EXP 	image_integrated: image = 'stimuli/integrated/jungle_b_jungle_animal_4.jpg'
16.4399 	EXP 	image_integrated: autoDraw = True
17.2427 	INFO 	Keyboard events cleared
17.2425 	EXP 	image_integrated: autoDraw = False
17.2425 	EXP 	text_congruency: autoDraw = True
17.8706 	EXP 	Device response: <KeyPress from None: t=17.865709832985885, value=q, duration=None>
17.8844 	DATA 	Keypress: q
17.8893 	WARNING 	t of last frame was 20.02ms (=1/49)
17.8893 	EXP 	text_congruency: autoDraw = False
17.8893 	EXP 	text_8: autoDraw = True
17.9877 	EXP 	Device response: <KeyPress from None: t=17.865709832985885, value=q, duration=0.11641579202841967>
18.8759 	EXP 	New trial (rep=0, index=1): <Trial 1 (1 in rep 0) data={'scene_stimulus': 'stimuli/TESTscenes/UA_1.jpg', 'scene_cat': 'Undersea', 'scene_label': 'Somar', 'item_stimulus': 'stimuli/items/jungle_animal_29.png', 'item_cat': 'Jungle', 'item_type': 'animal', 'congruency': 'si', 'integrated_stimulus': 'stimuli/integrated/undersea_a_jungle_animal_29.jpg', 'thisN': 1, 'thisTrialN': 1, 'thisRepN': 0}>
20.0554 	WARNING 	t of last frame was 1179.97ms (=1/0)
20.0554 	EXP 	text_8: autoDraw = False
20.0554 	EXP 	image_integrated: image = 'stimuli/integrated/undersea_a_jungle_animal_29.jpg'
20.0554 	EXP 	image_integrated: autoDraw = True
20.8861 	INFO 	Keyboard events cleared
20.8859 	EXP 	image_integrated: autoDraw = False
20.8859 	EXP 	text_congruency: autoDraw = True
21.2542 	EXP 	Device response: <KeyPress from None: t=21.247652541962452, value=p, duration=None>
21.2607 	DATA 	Keypress: p
21.2656 	EXP 	text_congruency: autoDraw = False
21.2656 	EXP 	text_8: autoDraw = True
21.3700 	EXP 	Device response: <KeyPress from None: t=21.247652541962452, value=p, duration=0.11629279109183699>
22.2537 	EXP 	New trial (rep=0, index=2): <Trial 2 (2 in rep 0) data={'scene_stimulus': 'stimuli/TESTscenes/JA_1.jpg', 'scene_cat': 'Jungle', 'scene_label': 'Tulon', 'item_stimulus': 'stimuli/items/jungle_object_3.png', 'item_cat': 'Jungle', 'item_type': 'object', 'congruency': 'sc', 'integrated_stimulus': 'stimuli/integrated/jungle_a_jungle_object_3.jpg', 'thisN': 2, 'thisTrialN': 2, 'thisRepN': 0}>
23.4357 	WARNING 	Multiple dropped frames have occurred - I'll stop bothering you about them!
23.4356 	EXP 	text_8: autoDraw = False
23.4356 	EXP 	text_8: autoDraw = False
23.4356 	EXP 	image_integrated: image = 'stimuli/integrated/jungle_a_jungle_object_3.jpg'
23.4356 	EXP 	image_integrated: autoDraw = True
24.2696 	INFO 	Keyboard events cleared
24.2694 	EXP 	image_integrated: autoDraw = False
24.2694 	EXP 	text_congruency: autoDraw = True
24.4934 	EXP 	Device response: <KeyPress from None: t=24.489570374949835, value=p, duration=None>
24.4993 	DATA 	Keypress: p
24.5051 	EXP 	text_congruency: autoDraw = False
24.5051 	EXP 	text_8: autoDraw = True
24.6041 	EXP 	Device response: <KeyPress from None: t=24.489570374949835, value=p, duration=0.10429966705851257>
25.4924 	EXP 	New trial (rep=0, index=3): <Trial 3 (3 in rep 0) data={'scene_stimulus': 'stimuli/TESTscenes/JB_1.jpg', 'scene_cat': 'Jungle', 'scene_label': 'Malbow', 'item_stimulus': 'stimuli/items/undersea_object_18.png', 'item_cat': 'Undersea', 'item_type': 'object', 'congruency': 'si', 'integrated_stimulus': 'stimuli/integrated/jungle_a_undersea_object_18.jpg', 'thisN': 3, 'thisTrialN': 3, 'thisRepN': 0}>
26.5055 	EXP 	text_8: autoDraw = False
26.5055 	EXP 	text_8: autoDraw = False
26.5055 	EXP 	image_integrated: image = 'stimuli/integrated/jungle_a_undersea_object_18.jpg'
26.5055 	EXP 	image_integrated: autoDraw = True
27.5090 	INFO 	Keyboard events cleared
27.5088 	EXP 	image_integrated: autoDraw = False
27.5088 	EXP 	text_congruency: autoDraw = True
28.0540 	EXP 	Device response: <KeyPress from None: t=28.05041079199873, value=p, duration=None>
28.0613 	DATA 	Keypress: p
28.0664 	EXP 	text_congruency: autoDraw = False
28.0664 	EXP 	text_8: autoDraw = True
28.1374 	EXP 	Device response: <KeyPress from None: t=28.05041079199873, value=p, duration=0.08461725001689047>
29.0531 	EXP 	New trial (rep=0, index=4): <Trial 4 (4 in rep 0) data={'scene_stimulus': 'stimuli/TESTscenes/UA_1.jpg', 'scene_cat': 'Undersea', 'scene_label': 'Somar', 'item_stimulus': 'stimuli/items/jungle_animal_27.png', 'item_cat': 'Jungle', 'item_type': 'animal', 'congruency': 'si', 'integrated_stimulus': 'stimuli/integrated/undersea_b_jungle_animal_27.jpg', 'thisN': 4, 'thisTrialN': 4, 'thisRepN': 0}>
29.0914 	EXP 	text_8: autoDraw = False
29.0914 	EXP 	text_8: autoDraw = False
29.0914 	EXP 	image_integrated: image = 'stimuli/integrated/undersea_b_jungle_animal_27.jpg'
29.0914 	EXP 	image_integrated: autoDraw = True
31.0691 	INFO 	Keyboard events cleared
31.0689 	EXP 	image_integrated: autoDraw = False
31.0689 	EXP 	text_congruency: autoDraw = True
31.4372 	EXP 	Device response: <KeyPress from None: t=31.43445191695355, value=q, duration=None>
31.4437 	DATA 	Keypress: q
31.4487 	EXP 	text_congruency: autoDraw = False
31.4487 	EXP 	text_8: autoDraw = True
31.5871 	EXP 	Device response: <KeyPress from None: t=31.43445191695355, value=q, duration=0.14426408300641924>
32.4364 	EXP 	New trial (rep=0, index=5): <Trial 5 (5 in rep 0) data={'scene_stimulus': 'stimuli/TESTscenes/JB_1.jpg', 'scene_cat': 'Jungle', 'scene_label': 'Malbow', 'item_stimulus': 'stimuli/items/jungle_object_21.png', 'item_cat': 'Jungle', 'item_type': 'object', 'congruency': 'sc', 'integrated_stimulus': 'stimuli/integrated/jungle_b_jungle_object_21.jpg', 'thisN': 5, 'thisTrialN': 5, 'thisRepN': 0}>
33.6666 	EXP 	text_8: autoDraw = False
33.6666 	EXP 	text_8: autoDraw = False
33.6666 	EXP 	image_integrated: image = 'stimuli/integrated/jungle_b_jungle_object_21.jpg'
33.6666 	EXP 	image_integrated: autoDraw = True
34.4699 	INFO 	Keyboard events cleared
34.4697 	EXP 	image_integrated: autoDraw = False
34.4697 	EXP 	text_congruency: autoDraw = True
34.9709 	EXP 	Device response: <KeyPress from None: t=34.96028004202526, value=p, duration=None>
34.9798 	DATA 	Keypress: p
34.9857 	EXP 	text_congruency: autoDraw = False
34.9857 	EXP 	text_8: autoDraw = True
35.0702 	EXP 	Device response: <KeyPress from None: t=34.96028004202526, value=p, duration=0.1043912909226492>
35.9698 	EXP 	New trial (rep=0, index=6): <Trial 6 (6 in rep 0) data={'scene_stimulus': 'stimuli/TESTscenes/UA_1.jpg', 'scene_cat': 'Undersea', 'scene_label': 'Somar', 'item_stimulus': 'stimuli/items/jungle_object_2.png', 'item_cat': 'Jungle', 'item_type': 'object', 'congruency': 'si', 'integrated_stimulus': 'stimuli/integrated/undersea_a_jungle_object_2.jpg', 'thisN': 6, 'thisTrialN': 6, 'thisRepN': 0}>
37.0663 	EXP 	text_8: autoDraw = False
37.0663 	EXP 	text_8: autoDraw = False
37.0663 	EXP 	image_integrated: image = 'stimuli/integrated/undersea_a_jungle_object_2.jpg'
37.0663 	EXP 	image_integrated: autoDraw = True
37.9861 	INFO 	Keyboard events cleared
37.9859 	EXP 	image_integrated: autoDraw = False
37.9859 	EXP 	text_congruency: autoDraw = True
38.8246 	EXP 	Device response: <KeyPress from None: t=38.82118299999274, value=p, duration=None>
38.8293 	DATA 	Keypress: p
38.8351 	EXP 	text_congruency: autoDraw = False
38.8351 	EXP 	text_8: autoDraw = True
38.9368 	EXP 	Device response: <KeyPress from None: t=38.82118299999274, value=p, duration=0.1123805419774726>
39.8199 	EXP 	New trial (rep=0, index=7): <Trial 7 (7 in rep 0) data={'scene_stimulus': 'stimuli/TESTscenes/JB_1.jpg', 'scene_cat': 'Jungle', 'scene_label': 'Malbow', 'item_stimulus': 'stimuli/items/jungle_animal_1.png', 'item_cat': 'Jungle', 'item_type': 'animal', 'congruency': 'sc', 'integrated_stimulus': 'stimuli/integrated/jungle_a_jungle_animal_1.jpg', 'thisN': 7, 'thisTrialN': 7, 'thisRepN': 0}>
41.0514 	EXP 	text_8: autoDraw = False
41.0514 	EXP 	text_8: autoDraw = False
41.0514 	EXP 	image_integrated: image = 'stimuli/integrated/jungle_a_jungle_animal_1.jpg'
41.0514 	EXP 	image_integrated: autoDraw = True
41.8359 	INFO 	Keyboard events cleared
41.8357 	EXP 	image_integrated: autoDraw = False
41.8357 	EXP 	text_congruency: autoDraw = True
42.5870 	EXP 	Device response: <KeyPress from None: t=42.58016662497539, value=q, duration=None>
42.5932 	DATA 	Keypress: q
42.5981 	EXP 	text_congruency: autoDraw = False
42.5981 	EXP 	text_8: autoDraw = True
42.6704 	EXP 	Device response: <KeyPress from None: t=42.58016662497539, value=q, duration=0.08420670800842345>
43.5851 	EXP 	New trial (rep=0, index=8): <Trial 8 (8 in rep 0) data={'scene_stimulus': 'stimuli/TESTscenes/UA_1.jpg', 'scene_cat': 'Undersea', 'scene_label': 'Somar', 'item_stimulus': 'stimuli/items/undersea_object_31.png', 'item_cat': 'Undersea', 'item_type': 'object', 'congruency': 'sc', 'integrated_stimulus': 'stimuli/integrated/undersea_b_undersea_object_31.jpg', 'thisN': 8, 'thisTrialN': 8, 'thisRepN': 0}>
43.6168 	EXP 	text_8: autoDraw = False
43.6168 	EXP 	text_8: autoDraw = False
43.6168 	EXP 	image_integrated: image = 'stimuli/integrated/undersea_b_undersea_object_31.jpg'
43.6168 	EXP 	image_integrated: autoDraw = True
45.6026 	INFO 	Keyboard events cleared
45.6022 	EXP 	image_integrated: autoDraw = False
45.6022 	EXP 	text_congruency: autoDraw = True
46.0207 	EXP 	Device response: <KeyPress from None: t=46.01104466698598, value=p, duration=None>
46.0265 	DATA 	Keypress: p
46.0313 	EXP 	text_congruency: autoDraw = False
46.0313 	EXP 	text_8: autoDraw = True
46.1377 	EXP 	Device response: <KeyPress from None: t=46.01104466698598, value=p, duration=0.11623041599523276>
47.0194 	EXP 	New trial (rep=0, index=9): <Trial 9 (9 in rep 0) data={'scene_stimulus': 'stimuli/TESTscenes/JA_1.jpg', 'scene_cat': 'Jungle', 'scene_label': 'Tulon', 'item_stimulus': 'stimuli/items/undersea_object_7.png', 'item_cat': 'Undersea', 'item_type': 'object', 'congruency': 'si', 'integrated_stimulus': 'stimuli/integrated/jungle_b_undersea_object_7.jpg', 'thisN': 9, 'thisTrialN': 9, 'thisRepN': 0}>
48.2410 	EXP 	text_8: autoDraw = False
48.2410 	EXP 	text_8: autoDraw = False
48.2410 	EXP 	image_integrated: image = 'stimuli/integrated/jungle_b_undersea_object_7.jpg'
48.2410 	EXP 	image_integrated: autoDraw = True
49.0360 	INFO 	Keyboard events cleared
49.0358 	EXP 	image_integrated: autoDraw = False
49.0358 	EXP 	text_congruency: autoDraw = True
49.7375 	EXP 	Device response: <KeyPress from None: t=49.73589816701133, value=q, duration=None>
49.7445 	DATA 	Keypress: q
49.7497 	EXP 	text_congruency: autoDraw = False
49.7497 	EXP 	text_8: autoDraw = True
49.8370 	EXP 	Device response: <KeyPress from None: t=49.73589816701133, value=q, duration=0.09236216603312641>
50.7366 	EXP 	New trial (rep=0, index=10): <Trial 10 (10 in rep 0) data={'scene_stimulus': 'stimuli/TESTscenes/JB_1.jpg', 'scene_cat': 'Jungle', 'scene_label': 'Malbow', 'item_stimulus': 'stimuli/items/jungle_object_28.png', 'item_cat': 'Jungle', 'item_type': 'object', 'congruency': 'sc', 'integrated_stimulus': 'stimuli/integrated/jungle_b_jungle_object_28.jpg', 'thisN': 10, 'thisTrialN': 10, 'thisRepN': 0}>
50.7748 	EXP 	text_8: autoDraw = False
50.7748 	EXP 	text_8: autoDraw = False
50.7748 	EXP 	image_integrated: image = 'stimuli/integrated/jungle_b_jungle_object_28.jpg'
50.7748 	EXP 	image_integrated: autoDraw = True
52.7530 	INFO 	Keyboard events cleared
52.7528 	EXP 	image_integrated: autoDraw = False
52.7528 	EXP 	text_congruency: autoDraw = True
53.4374 	EXP 	Device response: <KeyPress from None: t=53.43285220803227, value=p, duration=None>
53.4438 	DATA 	Keypress: p
53.4491 	EXP 	text_congruency: autoDraw = False
53.4491 	EXP 	text_8: autoDraw = True
53.5428 	EXP 	Device response: <KeyPress from None: t=53.43285220803227, value=p, duration=0.10828079201746732>
54.4363 	EXP 	New trial (rep=0, index=11): <Trial 11 (11 in rep 0) data={'scene_stimulus': 'stimuli/TESTscenes/JA_1.jpg', 'scene_cat': 'Jungle', 'scene_label': 'Tulon', 'item_stimulus': 'stimuli/items/undersea_object_20.png', 'item_cat': 'Undersea', 'item_type': 'object', 'congruency': 'si', 'integrated_stimulus': 'stimuli/integrated/jungle_b_undersea_object_20.jpg', 'thisN': 11, 'thisTrialN': 11, 'thisRepN': 0}>
54.4723 	EXP 	text_8: autoDraw = False
54.4723 	EXP 	text_8: autoDraw = False
54.4723 	EXP 	image_integrated: image = 'stimuli/integrated/jungle_b_undersea_object_20.jpg'
54.4723 	EXP 	image_integrated: autoDraw = True
56.4524 	INFO 	Keyboard events cleared
56.4522 	EXP 	image_integrated: autoDraw = False
56.4522 	EXP 	text_congruency: autoDraw = True
57.1540 	EXP 	Device response: <KeyPress from None: t=57.14562779199332, value=p, duration=None>
57.1602 	DATA 	Keypress: p
57.1650 	EXP 	text_congruency: autoDraw = False
57.1650 	EXP 	text_8: autoDraw = True
57.3039 	EXP 	Device response: <KeyPress from None: t=57.14562779199332, value=p, duration=0.15245100005995482>
58.1529 	EXP 	New trial (rep=0, index=12): <Trial 12 (12 in rep 0) data={'scene_stimulus': 'stimuli/TESTscenes/UA_1.jpg', 'scene_cat': 'Undersea', 'scene_label': 'Somar', 'item_stimulus': 'stimuli/items/undersea_object_33.png', 'item_cat': 'Undersea', 'item_type': 'object', 'congruency': 'sc', 'integrated_stimulus': 'stimuli/integrated/undersea_b_undersea_object_33.jpg', 'thisN': 12, 'thisTrialN': 12, 'thisRepN': 0}>
59.3467 	EXP 	text_8: autoDraw = False
59.3467 	EXP 	text_8: autoDraw = False
59.3467 	EXP 	image_integrated: image = 'stimuli/integrated/undersea_b_undersea_object_33.jpg'
59.3467 	EXP 	image_integrated: autoDraw = True
60.1694 	INFO 	Keyboard events cleared
60.1692 	EXP 	image_integrated: autoDraw = False
60.1692 	EXP 	text_congruency: autoDraw = True
61.0256 	EXP 	Device response: <KeyPress from None: t=61.02061187499203, value=p, duration=None>
61.0315 	DATA 	Keypress: p
61.0379 	EXP 	text_congruency: autoDraw = False
61.0379 	EXP 	text_8: autoDraw = True
61.2037 	EXP 	Device response: <KeyPress from None: t=61.02061187499203, value=p, duration=0.1722391250077635>
62.0256 	EXP 	New trial (rep=0, index=13): <Trial 13 (13 in rep 0) data={'scene_stimulus': 'stimuli/TESTscenes/UB_1.jpg', 'scene_cat': 'Undersea', 'scene_label': 'Negvi', 'item_stimulus': 'stimuli/items/undersea_animal_28.png', 'item_cat': 'Undersea', 'item_type': 'animal', 'congruency': 'sc', 'integrated_stimulus': 'stimuli/integrated/undersea_a_undersea_animal_28.jpg', 'thisN': 13, 'thisTrialN': 13, 'thisRepN': 0}>
63.0781 	EXP 	text_8: autoDraw = False
63.0781 	EXP 	text_8: autoDraw = False
63.0781 	EXP 	image_integrated: image = 'stimuli/integrated/undersea_a_undersea_animal_28.jpg'
63.0781 	EXP 	image_integrated: autoDraw = True
64.0413 	INFO 	Keyboard events cleared
64.0411 	EXP 	image_integrated: autoDraw = False
64.0411 	EXP 	text_congruency: autoDraw = True
65.0394 	EXP 	text_congruency: autoDraw = False
65.0394 	EXP 	text_8: autoDraw = True
65.1718 	EXP 	Device response: <KeyPress from None: t=65.16767379199155, value=p, duration=None>
65.1778 	DATA 	Keypress: p
65.3089 	EXP 	Device response: <KeyPress from None: t=65.16767379199155, value=p, duration=0.14020654105115682>
66.0251 	EXP 	New trial (rep=0, index=14): <Trial 14 (14 in rep 0) data={'scene_stimulus': 'stimuli/TESTscenes/UA_1.jpg', 'scene_cat': 'Undersea', 'scene_label': 'Somar', 'item_stimulus': 'stimuli/items/undersea_object_37.png', 'item_cat': 'Undersea', 'item_type': 'object', 'congruency': 'sc', 'integrated_stimulus': 'stimuli/integrated/undersea_a_undersea_object_37.jpg', 'thisN': 14, 'thisTrialN': 14, 'thisRepN': 0}>
67.2326 	EXP 	text_8: autoDraw = False
67.2326 	EXP 	text_8: autoDraw = False
67.2326 	EXP 	image_integrated: image = 'stimuli/integrated/undersea_a_undersea_object_37.jpg'
67.2326 	EXP 	image_integrated: autoDraw = True
68.0429 	INFO 	Keyboard events cleared
68.0427 	EXP 	image_integrated: autoDraw = False
68.0427 	EXP 	text_congruency: autoDraw = True
68.5536 	EXP 	Device response: <KeyPress from None: t=68.54649770795368, value=q, duration=None>
68.5608 	DATA 	Keypress: q
68.5659 	EXP 	text_congruency: autoDraw = False
68.5659 	EXP 	text_8: autoDraw = True
68.7703 	EXP 	Device response: <KeyPress from None: t=68.54649770795368, value=q, duration=0.22026404202915728>
69.5529 	EXP 	New trial (rep=0, index=15): <Trial 15 (15 in rep 0) data={'scene_stimulus': 'stimuli/TESTscenes/JA_1.jpg', 'scene_cat': 'Jungle', 'scene_label': 'Tulon', 'item_stimulus': 'stimuli/items/undersea_object_5.png', 'item_cat': 'Undersea', 'item_type': 'object', 'congruency': 'si', 'integrated_stimulus': 'stimuli/integrated/jungle_b_undersea_object_5.jpg', 'thisN': 15, 'thisTrialN': 15, 'thisRepN': 0}>
70.5672 	EXP 	text_8: autoDraw = False
70.5672 	EXP 	text_8: autoDraw = False
70.5672 	EXP 	image_integrated: image = 'stimuli/integrated/jungle_b_undersea_object_5.jpg'
70.5672 	EXP 	image_integrated: autoDraw = True
71.5677 	INFO 	Keyboard events cleared
71.5675 	EXP 	image_integrated: autoDraw = False
71.5675 	EXP 	text_congruency: autoDraw = True
72.1704 	EXP 	Device response: <KeyPress from None: t=72.16093729203567, value=q, duration=None>
72.1769 	DATA 	Keypress: q
72.1820 	EXP 	text_congruency: autoDraw = False
72.1820 	EXP 	text_8: autoDraw = True
72.3032 	EXP 	Device response: <KeyPress from None: t=72.16093729203567, value=q, duration=0.13576004095375538>
73.1696 	EXP 	New trial (rep=0, index=16): <Trial 16 (16 in rep 0) data={'scene_stimulus': 'stimuli/TESTscenes/JB_1.jpg', 'scene_cat': 'Jungle', 'scene_label': 'Malbow', 'item_stimulus': 'stimuli/items/jungle_object_1.png', 'item_cat': 'Jungle', 'item_type': 'object', 'congruency': 'sc', 'integrated_stimulus': 'stimuli/integrated/jungle_a_jungle_object_1.jpg', 'thisN': 16, 'thisTrialN': 16, 'thisRepN': 0}>
74.2091 	EXP 	text_8: autoDraw = False
74.2091 	EXP 	text_8: autoDraw = False
74.2091 	EXP 	image_integrated: image = 'stimuli/integrated/jungle_a_jungle_object_1.jpg'
74.2091 	EXP 	image_integrated: autoDraw = True
75.1846 	INFO 	Keyboard events cleared
75.1844 	EXP 	image_integrated: autoDraw = False
75.1844 	EXP 	text_congruency: autoDraw = True
75.6704 	EXP 	Device response: <KeyPress from None: t=75.6622598329559, value=q, duration=None>
75.6773 	DATA 	Keypress: q
75.6824 	EXP 	text_congruency: autoDraw = False
75.6824 	EXP 	text_8: autoDraw = True
75.8036 	EXP 	Device response: <KeyPress from None: t=75.6622598329559, value=q, duration=0.1363410420017317>
76.6698 	EXP 	New trial (rep=0, index=17): <Trial 17 (17 in rep 0) data={'scene_stimulus': 'stimuli/TESTscenes/UB_1.jpg', 'scene_cat': 'Undersea', 'scene_label': 'Negvi', 'item_stimulus': 'stimuli/items/jungle_object_15.png', 'item_cat': 'Jungle', 'item_type': 'object', 'congruency': 'si', 'integrated_stimulus': 'stimuli/integrated/undersea_a_jungle_object_15.jpg', 'thisN': 17, 'thisTrialN': 17, 'thisRepN': 0}>
77.6912 	EXP 	text_8: autoDraw = False
77.6912 	EXP 	text_8: autoDraw = False
77.6912 	EXP 	image_integrated: image = 'stimuli/integrated/undersea_a_jungle_object_15.jpg'
77.6912 	EXP 	image_integrated: autoDraw = True
78.6849 	INFO 	Keyboard events cleared
78.6847 	EXP 	image_integrated: autoDraw = False
78.6847 	EXP 	text_congruency: autoDraw = True
79.0428 	EXP 	Device response: <KeyPress from None: t=79.03721075004432, value=q, duration=None>
79.0479 	DATA 	Keypress: q
79.0540 	EXP 	text_congruency: autoDraw = False
79.0540 	EXP 	text_8: autoDraw = True
79.1184 	EXP 	Device response: <KeyPress from None: t=79.03721075004432, value=q, duration=0.07618016691412777>
80.0424 	EXP 	New trial (rep=0, index=18): <Trial 18 (18 in rep 0) data={'scene_stimulus': 'stimuli/TESTscenes/UA_1.jpg', 'scene_cat': 'Undersea', 'scene_label': 'Somar', 'item_stimulus': 'stimuli/items/jungle_object_38.png', 'item_cat': 'Jungle', 'item_type': 'object', 'congruency': 'si', 'integrated_stimulus': 'stimuli/integrated/undersea_a_jungle_object_38.jpg', 'thisN': 18, 'thisTrialN': 18, 'thisRepN': 0}>
80.0851 	EXP 	text_8: autoDraw = False
80.0851 	EXP 	text_8: autoDraw = False
80.0851 	EXP 	image_integrated: image = 'stimuli/integrated/undersea_a_jungle_object_38.jpg'
80.0851 	EXP 	image_integrated: autoDraw = True
82.0589 	INFO 	Keyboard events cleared
82.0587 	EXP 	image_integrated: autoDraw = False
82.0587 	EXP 	text_congruency: autoDraw = True
82.4703 	EXP 	Device response: <KeyPress from None: t=82.46312237496022, value=p, duration=None>
82.4791 	DATA 	Keypress: p
82.4843 	EXP 	text_congruency: autoDraw = False
82.4843 	EXP 	text_8: autoDraw = True
82.6027 	EXP 	Device response: <KeyPress from None: t=82.46312237496022, value=p, duration=0.13299504201859236>
83.4691 	EXP 	New trial (rep=0, index=19): <Trial 19 (19 in rep 0) data={'scene_stimulus': 'stimuli/TESTscenes/UB_1.jpg', 'scene_cat': 'Undersea', 'scene_label': 'Negvi', 'item_stimulus': 'stimuli/items/undersea_animal_19.png', 'item_cat': 'Undersea', 'item_type': 'animal', 'congruency': 'sc', 'integrated_stimulus': 'stimuli/integrated/undersea_a_undersea_animal_19.jpg', 'thisN': 19, 'thisTrialN': 19, 'thisRepN': 0}>
83.5103 	EXP 	text_8: autoDraw = False
83.5103 	EXP 	text_8: autoDraw = False
83.5103 	EXP 	image_integrated: image = 'stimuli/integrated/undersea_a_undersea_animal_19.jpg'
83.5103 	EXP 	image_integrated: autoDraw = True
85.4853 	INFO 	Keyboard events cleared
85.4851 	EXP 	image_integrated: autoDraw = False
85.4851 	EXP 	text_congruency: autoDraw = True
86.4746 	EXP 	text_congruency: autoDraw = False
86.4746 	EXP 	text_congruency: autoDraw = False
86.4746 	EXP 	text_8: autoDraw = True
87.4577 	EXP 	New trial (rep=0, index=20): <Trial 20 (20 in rep 0) data={'scene_stimulus': 'stimuli/TESTscenes/JB_1.jpg', 'scene_cat': 'Jungle', 'scene_label': 'Malbow', 'item_stimulus': 'stimuli/items/undersea_animal_5.png', 'item_cat': 'Undersea', 'item_type': 'animal', 'congruency': 'si', 'integrated_stimulus': 'stimuli/integrated/jungle_b_undersea_animal_5.jpg', 'thisN': 20, 'thisTrialN': 20, 'thisRepN': 0}>
88.5314 	EXP 	text_8: autoDraw = False
88.5314 	EXP 	text_8: autoDraw = False
88.5314 	EXP 	image_integrated: image = 'stimuli/integrated/jungle_b_undersea_animal_5.jpg'
88.5314 	EXP 	image_integrated: autoDraw = True
89.4854 	INFO 	Keyboard events cleared
89.4851 	EXP 	image_integrated: autoDraw = False
89.4851 	EXP 	text_congruency: autoDraw = True
90.1206 	EXP 	Device response: <KeyPress from None: t=90.11288716702256, value=p, duration=None>
90.1274 	DATA 	Keypress: p
90.1326 	EXP 	text_congruency: autoDraw = False
90.1326 	EXP 	text_8: autoDraw = True
90.2923 	EXP 	Device response: <KeyPress from None: t=90.11288716702256, value=p, duration=0.17225974996108562>
91.1196 	EXP 	New trial (rep=0, index=21): <Trial 21 (21 in rep 0) data={'scene_stimulus': 'stimuli/TESTscenes/UA_1.jpg', 'scene_cat': 'Undersea', 'scene_label': 'Somar', 'item_stimulus': 'stimuli/items/jungle_animal_19.png', 'item_cat': 'Jungle', 'item_type': 'animal', 'congruency': 'si', 'integrated_stimulus': 'stimuli/integrated/undersea_b_jungle_animal_19.jpg', 'thisN': 21, 'thisTrialN': 21, 'thisRepN': 0}>
91.1588 	EXP 	text_8: autoDraw = False
91.1588 	EXP 	text_8: autoDraw = False
91.1588 	EXP 	image_integrated: image = 'stimuli/integrated/undersea_b_jungle_animal_19.jpg'
91.1588 	EXP 	image_integrated: autoDraw = True
93.1355 	INFO 	Keyboard events cleared
93.1352 	EXP 	image_integrated: autoDraw = False
93.1352 	EXP 	text_congruency: autoDraw = True
93.6202 	EXP 	Device response: <KeyPress from None: t=93.60990954202134, value=p, duration=None>
93.6261 	DATA 	Keypress: p
93.6311 	EXP 	text_congruency: autoDraw = False
93.6311 	EXP 	text_8: autoDraw = True
93.7698 	EXP 	Device response: <KeyPress from None: t=93.60990954202134, value=p, duration=0.1522933329688385>
94.6193 	EXP 	New trial (rep=0, index=22): <Trial 22 (22 in rep 0) data={'scene_stimulus': 'stimuli/TESTscenes/JA_1.jpg', 'scene_cat': 'Jungle', 'scene_label': 'Tulon', 'item_stimulus': 'stimuli/items/undersea_animal_40.png', 'item_cat': 'Undersea', 'item_type': 'animal', 'congruency': 'si', 'integrated_stimulus': 'stimuli/integrated/jungle_b_undersea_animal_40.jpg', 'thisN': 22, 'thisTrialN': 22, 'thisRepN': 0}>
95.8201 	EXP 	text_8: autoDraw = False
95.8201 	EXP 	text_8: autoDraw = False
95.8201 	EXP 	image_integrated: image = 'stimuli/integrated/jungle_b_undersea_animal_40.jpg'
95.8201 	EXP 	image_integrated: autoDraw = True
96.6353 	INFO 	Keyboard events cleared
96.6350 	EXP 	image_integrated: autoDraw = False
96.6350 	EXP 	text_congruency: autoDraw = True
97.3204 	EXP 	Device response: <KeyPress from None: t=97.30871579202358, value=p, duration=None>
97.3275 	DATA 	Keypress: p
97.3328 	EXP 	text_congruency: autoDraw = False
97.3328 	EXP 	text_8: autoDraw = True
97.4703 	EXP 	Device response: <KeyPress from None: t=97.30871579202358, value=p, duration=0.15638475003652275>
98.3190 	EXP 	New trial (rep=0, index=23): <Trial 23 (23 in rep 0) data={'scene_stimulus': 'stimuli/TESTscenes/JB_1.jpg', 'scene_cat': 'Jungle', 'scene_label': 'Malbow', 'item_stimulus': 'stimuli/items/undersea_object_2.png', 'item_cat': 'Undersea', 'item_type': 'object', 'congruency': 'si', 'integrated_stimulus': 'stimuli/integrated/jungle_b_undersea_object_2.jpg', 'thisN': 23, 'thisTrialN': 23, 'thisRepN': 0}>
99.4016 	EXP 	text_8: autoDraw = False
99.4016 	EXP 	text_8: autoDraw = False
99.4016 	EXP 	image_integrated: image = 'stimuli/integrated/jungle_b_undersea_object_2.jpg'
99.4016 	EXP 	image_integrated: autoDraw = True
100.3357 	INFO 	Keyboard events cleared
100.3355 	EXP 	image_integrated: autoDraw = False
100.3355 	EXP 	text_congruency: autoDraw = True
101.3235 	EXP 	text_congruency: autoDraw = False
101.3235 	EXP 	text_congruency: autoDraw = False
101.3235 	EXP 	text_8: autoDraw = True
101.5530 	EXP 	Device response: <KeyPress from None: t=101.544556458015, value=p, duration=None>
101.5576 	DATA 	Keypress: p
101.6869 	EXP 	Device response: <KeyPress from None: t=101.544556458015, value=p, duration=0.13779087504372>
102.3080 	EXP 	New trial (rep=0, index=24): <Trial 24 (24 in rep 0) data={'scene_stimulus': 'stimuli/TESTscenes/UA_1.jpg', 'scene_cat': 'Undersea', 'scene_label': 'Somar', 'item_stimulus': 'stimuli/items/jungle_object_8.png', 'item_cat': 'Jungle', 'item_type': 'object', 'congruency': 'si', 'integrated_stimulus': 'stimuli/integrated/undersea_b_jungle_object_8.jpg', 'thisN': 24, 'thisTrialN': 24, 'thisRepN': 0}>
102.3463 	EXP 	text_8: autoDraw = False
102.3463 	EXP 	text_8: autoDraw = False
102.3463 	EXP 	image_integrated: image = 'stimuli/integrated/undersea_b_jungle_object_8.jpg'
102.3463 	EXP 	image_integrated: autoDraw = True
104.3354 	INFO 	Keyboard events cleared
104.3351 	EXP 	image_integrated: autoDraw = False
104.3351 	EXP 	text_congruency: autoDraw = True
105.3249 	EXP 	text_congruency: autoDraw = False
105.3249 	EXP 	text_congruency: autoDraw = False
105.3249 	EXP 	text_8: autoDraw = True
105.3369 	EXP 	Device response: <KeyPress from None: t=105.33583112503402, value=p, duration=None>
105.3475 	DATA 	Keypress: p
105.4863 	EXP 	Device response: <KeyPress from None: t=105.33583112503402, value=p, duration=0.1484168330207467>
106.3190 	EXP 	New trial (rep=0, index=25): <Trial 25 (25 in rep 0) data={'scene_stimulus': 'stimuli/TESTscenes/JA_1.jpg', 'scene_cat': 'Jungle', 'scene_label': 'Tulon', 'item_stimulus': 'stimuli/items/undersea_animal_7.png', 'item_cat': 'Undersea', 'item_type': 'animal', 'congruency': 'si', 'integrated_stimulus': 'stimuli/integrated/jungle_a_undersea_animal_7.jpg', 'thisN': 25, 'thisTrialN': 25, 'thisRepN': 0}>
107.3149 	EXP 	text_8: autoDraw = False
107.3149 	EXP 	text_8: autoDraw = False
107.3149 	EXP 	image_integrated: image = 'stimuli/integrated/jungle_a_undersea_animal_7.jpg'
107.3149 	EXP 	image_integrated: autoDraw = True
108.3354 	INFO 	Keyboard events cleared
108.3351 	EXP 	image_integrated: autoDraw = False
108.3351 	EXP 	text_congruency: autoDraw = True
108.9696 	EXP 	Device response: <KeyPress from None: t=108.9619206249481, value=p, duration=None>
108.9758 	DATA 	Keypress: p
108.9808 	EXP 	text_congruency: autoDraw = False
108.9808 	EXP 	text_8: autoDraw = True
109.1530 	EXP 	Device response: <KeyPress from None: t=108.9619206249481, value=p, duration=0.18431933305691928>
109.9694 	EXP 	New trial (rep=0, index=26): <Trial 26 (26 in rep 0) data={'scene_stimulus': 'stimuli/TESTscenes/UB_1.jpg', 'scene_cat': 'Undersea', 'scene_label': 'Negvi', 'item_stimulus': 'stimuli/items/undersea_animal_14.png', 'item_cat': 'Undersea', 'item_type': 'animal', 'congruency': 'sc', 'integrated_stimulus': 'stimuli/integrated/undersea_b_undersea_animal_14.jpg', 'thisN': 26, 'thisTrialN': 26, 'thisRepN': 0}>
111.0678 	EXP 	text_8: autoDraw = False
111.0678 	EXP 	text_8: autoDraw = False
111.0678 	EXP 	image_integrated: image = 'stimuli/integrated/undersea_b_undersea_animal_14.jpg'
111.0678 	EXP 	image_integrated: autoDraw = True
111.9840 	INFO 	Keyboard events cleared
111.9839 	EXP 	image_integrated: autoDraw = False
111.9839 	EXP 	text_congruency: autoDraw = True
112.4740 	EXP 	Device response: <KeyPress from None: t=112.47277195798233, value=q, duration=None>
112.4784 	DATA 	Keypress: q
112.4843 	EXP 	text_congruency: autoDraw = False
112.4843 	EXP 	text_8: autoDraw = True
112.7028 	EXP 	Device response: <KeyPress from None: t=112.47277195798233, value=q, duration=0.2202116249827668>
113.4693 	EXP 	New trial (rep=0, index=27): <Trial 27 (27 in rep 0) data={'scene_stimulus': 'stimuli/TESTscenes/JB_1.jpg', 'scene_cat': 'Jungle', 'scene_label': 'Malbow', 'item_stimulus': 'stimuli/items/jungle_animal_41.png', 'item_cat': 'Jungle', 'item_type': 'animal', 'congruency': 'sc', 'integrated_stimulus': 'stimuli/integrated/jungle_b_jungle_animal_41.jpg', 'thisN': 27, 'thisTrialN': 27, 'thisRepN': 0}>
113.5077 	EXP 	text_8: autoDraw = False
113.5077 	EXP 	text_8: autoDraw = False
113.5077 	EXP 	image_integrated: image = 'stimuli/integrated/jungle_b_jungle_animal_41.jpg'
113.5077 	EXP 	image_integrated: autoDraw = True
115.4912 	INFO 	Keyboard events cleared
115.4909 	EXP 	image_integrated: autoDraw = False
115.4909 	EXP 	text_congruency: autoDraw = True
115.9201 	EXP 	Device response: <KeyPress from None: t=115.90874562505633, value=q, duration=None>
115.9271 	DATA 	Keypress: q
115.9322 	EXP 	text_congruency: autoDraw = False
115.9322 	EXP 	text_8: autoDraw = True
116.0697 	EXP 	Device response: <KeyPress from None: t=115.90874562505633, value=q, duration=0.152221291908063>
116.9193 	EXP 	New trial (rep=0, index=28): <Trial 28 (28 in rep 0) data={'scene_stimulus': 'stimuli/TESTscenes/JA_1.jpg', 'scene_cat': 'Jungle', 'scene_label': 'Tulon', 'item_stimulus': 'stimuli/items/jungle_animal_28.png', 'item_cat': 'Jungle', 'item_type': 'animal', 'congruency': 'sc', 'integrated_stimulus': 'stimuli/integrated/jungle_b_jungle_animal_28.jpg', 'thisN': 28, 'thisTrialN': 28, 'thisRepN': 0}>
118.0544 	EXP 	text_8: autoDraw = False
118.0544 	EXP 	text_8: autoDraw = False
118.0544 	EXP 	image_integrated: image = 'stimuli/integrated/jungle_b_jungle_animal_28.jpg'
118.0544 	EXP 	image_integrated: autoDraw = True
118.9351 	INFO 	Keyboard events cleared
118.9348 	EXP 	image_integrated: autoDraw = False
118.9348 	EXP 	text_congruency: autoDraw = True
119.4863 	EXP 	Device response: <KeyPress from None: t=119.48466425004881, value=q, duration=None>
119.4932 	DATA 	Keypress: q
119.4985 	EXP 	text_congruency: autoDraw = False
119.4985 	EXP 	text_8: autoDraw = True
119.6584 	EXP 	Device response: <KeyPress from None: t=119.48466425004881, value=q, duration=0.16825674998108298>
120.4857 	EXP 	New trial (rep=0, index=29): <Trial 29 (29 in rep 0) data={'scene_stimulus': 'stimuli/TESTscenes/UA_1.jpg', 'scene_cat': 'Undersea', 'scene_label': 'Somar', 'item_stimulus': 'stimuli/items/undersea_animal_17.png', 'item_cat': 'Undersea', 'item_type': 'animal', 'congruency': 'sc', 'integrated_stimulus': 'stimuli/integrated/undersea_a_undersea_animal_17.jpg', 'thisN': 29, 'thisTrialN': 29, 'thisRepN': 0}>
121.6973 	EXP 	text_8: autoDraw = False
121.6973 	EXP 	text_8: autoDraw = False
121.6973 	EXP 	image_integrated: image = 'stimuli/integrated/undersea_a_undersea_animal_17.jpg'
121.6973 	EXP 	image_integrated: autoDraw = True
122.5017 	INFO 	Keyboard events cleared
122.5015 	EXP 	image_integrated: autoDraw = False
122.5015 	EXP 	text_congruency: autoDraw = True
122.9859 	EXP 	Device response: <KeyPress from None: t=122.97752191696782, value=q, duration=None>
122.9908 	DATA 	Keypress: q
122.9956 	EXP 	text_congruency: autoDraw = False
122.9956 	EXP 	text_8: autoDraw = True
123.1571 	EXP 	Device response: <KeyPress from None: t=122.97752191696782, value=q, duration=0.176306416047737>
123.9859 	EXP 	New trial (rep=0, index=30): <Trial 30 (30 in rep 0) data={'scene_stimulus': 'stimuli/TESTscenes/JA_1.jpg', 'scene_cat': 'Jungle', 'scene_label': 'Tulon', 'item_stimulus': 'stimuli/items/jungle_object_18.png', 'item_cat': 'Jungle', 'item_type': 'object', 'congruency': 'sc', 'integrated_stimulus': 'stimuli/integrated/jungle_a_jungle_object_18.jpg', 'thisN': 30, 'thisTrialN': 30, 'thisRepN': 0}>
125.0694 	EXP 	text_8: autoDraw = False
125.0694 	EXP 	text_8: autoDraw = False
125.0694 	EXP 	image_integrated: image = 'stimuli/integrated/jungle_a_jungle_object_18.jpg'
125.0694 	EXP 	image_integrated: autoDraw = True
126.0020 	INFO 	Keyboard events cleared
126.0017 	EXP 	image_integrated: autoDraw = False
126.0017 	EXP 	text_congruency: autoDraw = True
126.3695 	EXP 	Device response: <KeyPress from None: t=126.36347537499387, value=q, duration=None>
126.3757 	DATA 	Keypress: q
126.3806 	EXP 	text_congruency: autoDraw = False
126.3806 	EXP 	text_8: autoDraw = True
126.4867 	EXP 	Device response: <KeyPress from None: t=126.36347537499387, value=q, duration=0.12024170800577849>
127.3693 	EXP 	New trial (rep=0, index=31): <Trial 31 (31 in rep 0) data={'scene_stimulus': 'stimuli/TESTscenes/JB_1.jpg', 'scene_cat': 'Jungle', 'scene_label': 'Malbow', 'item_stimulus': 'stimuli/items/undersea_object_24.png', 'item_cat': 'Undersea', 'item_type': 'object', 'congruency': 'si', 'integrated_stimulus': 'stimuli/integrated/jungle_b_undersea_object_24.jpg', 'thisN': 31, 'thisTrialN': 31, 'thisRepN': 0}>
128.6944 	EXP 	text_8: autoDraw = False
128.6944 	EXP 	text_8: autoDraw = False
128.6944 	EXP 	image_integrated: image = 'stimuli/integrated/jungle_b_undersea_object_24.jpg'
128.6944 	EXP 	image_integrated: autoDraw = True
129.3854 	INFO 	Keyboard events cleared
129.3852 	EXP 	image_integrated: autoDraw = False
129.3852 	EXP 	text_congruency: autoDraw = True
129.7533 	EXP 	Device response: <KeyPress from None: t=129.74628724996, value=q, duration=None>
129.7601 	DATA 	Keypress: q
129.7651 	EXP 	text_congruency: autoDraw = False
129.7651 	EXP 	text_8: autoDraw = True
129.8693 	EXP 	Device response: <KeyPress from None: t=129.74628724996, value=q, duration=0.11635366699192673>
130.7523 	EXP 	New trial (rep=0, index=32): <Trial 32 (32 in rep 0) data={'scene_stimulus': 'stimuli/TESTscenes/JA_1.jpg', 'scene_cat': 'Jungle', 'scene_label': 'Tulon', 'item_stimulus': 'stimuli/items/jungle_animal_25.png', 'item_cat': 'Jungle', 'item_type': 'animal', 'congruency': 'sc', 'integrated_stimulus': 'stimuli/integrated/jungle_a_jungle_animal_25.jpg', 'thisN': 32, 'thisTrialN': 32, 'thisRepN': 0}>
131.8100 	EXP 	text_8: autoDraw = False
131.8100 	EXP 	text_8: autoDraw = False
131.8100 	EXP 	image_integrated: image = 'stimuli/integrated/jungle_a_jungle_animal_25.jpg'
131.8100 	EXP 	image_integrated: autoDraw = True
132.7686 	INFO 	Keyboard events cleared
132.7685 	EXP 	image_integrated: autoDraw = False
132.7685 	EXP 	text_congruency: autoDraw = True
133.4695 	EXP 	Device response: <KeyPress from None: t=133.46014058298897, value=p, duration=None>
133.4744 	DATA 	Keypress: p
133.4792 	EXP 	text_congruency: autoDraw = False
133.4792 	EXP 	text_8: autoDraw = True
133.5706 	EXP 	Device response: <KeyPress from None: t=133.46014058298897, value=p, duration=0.10439733404200524>
134.4688 	EXP 	New trial (rep=0, index=33): <Trial 33 (33 in rep 0) data={'scene_stimulus': 'stimuli/TESTscenes/JB_1.jpg', 'scene_cat': 'Jungle', 'scene_label': 'Malbow', 'item_stimulus': 'stimuli/items/undersea_object_4.png', 'item_cat': 'Undersea', 'item_type': 'object', 'congruency': 'si', 'integrated_stimulus': 'stimuli/integrated/jungle_a_undersea_object_4.jpg', 'thisN': 33, 'thisTrialN': 33, 'thisRepN': 0}>
135.5675 	EXP 	text_8: autoDraw = False
135.5675 	EXP 	text_8: autoDraw = False
135.5675 	EXP 	image_integrated: image = 'stimuli/integrated/jungle_a_undersea_object_4.jpg'
135.5675 	EXP 	image_integrated: autoDraw = True
136.4850 	INFO 	Keyboard events cleared
136.4847 	EXP 	image_integrated: autoDraw = False
136.4847 	EXP 	text_congruency: autoDraw = True
137.1538 	EXP 	Device response: <KeyPress from None: t=137.14212941704318, value=p, duration=None>
137.1609 	DATA 	Keypress: p
137.1658 	EXP 	text_congruency: autoDraw = False
137.1658 	EXP 	text_8: autoDraw = True
137.2584 	EXP 	Device response: <KeyPress from None: t=137.14212941704318, value=p, duration=0.11236604093573987>
138.1524 	EXP 	New trial (rep=0, index=34): <Trial 34 (34 in rep 0) data={'scene_stimulus': 'stimuli/TESTscenes/UB_1.jpg', 'scene_cat': 'Undersea', 'scene_label': 'Negvi', 'item_stimulus': 'stimuli/items/undersea_animal_34.png', 'item_cat': 'Undersea', 'item_type': 'animal', 'congruency': 'sc', 'integrated_stimulus': 'stimuli/integrated/undersea_b_undersea_animal_34.jpg', 'thisN': 34, 'thisTrialN': 34, 'thisRepN': 0}>
138.1851 	EXP 	text_8: autoDraw = False
138.1851 	EXP 	text_8: autoDraw = False
138.1851 	EXP 	image_integrated: image = 'stimuli/integrated/undersea_b_undersea_animal_34.jpg'
138.1851 	EXP 	image_integrated: autoDraw = True
140.1677 	INFO 	Keyboard events cleared
140.1674 	EXP 	image_integrated: autoDraw = False
140.1674 	EXP 	text_congruency: autoDraw = True
141.1585 	EXP 	text_congruency: autoDraw = False
141.1585 	EXP 	text_congruency: autoDraw = False
141.1585 	EXP 	text_8: autoDraw = True
141.3204 	EXP 	Device response: <KeyPress from None: t=141.31010779202916, value=p, duration=None>
141.3268 	DATA 	Keypress: p
141.4078 	EXP 	Device response: <KeyPress from None: t=141.31010779202916, value=p, duration=0.09631683293264359>
142.1416 	EXP 	New trial (rep=0, index=35): <Trial 35 (35 in rep 0) data={'scene_stimulus': 'stimuli/TESTscenes/JB_1.jpg', 'scene_cat': 'Jungle', 'scene_label': 'Malbow', 'item_stimulus': 'stimuli/items/jungle_object_7.png', 'item_cat': 'Jungle', 'item_type': 'object', 'congruency': 'sc', 'integrated_stimulus': 'stimuli/integrated/jungle_a_jungle_object_7.jpg', 'thisN': 35, 'thisTrialN': 35, 'thisRepN': 0}>
143.1698 	EXP 	text_8: autoDraw = False
143.1698 	EXP 	text_8: autoDraw = False
143.1698 	EXP 	image_integrated: image = 'stimuli/integrated/jungle_a_jungle_object_7.jpg'
143.1698 	EXP 	image_integrated: autoDraw = True
144.1680 	INFO 	Keyboard events cleared
144.1678 	EXP 	image_integrated: autoDraw = False
144.1678 	EXP 	text_congruency: autoDraw = True
144.5250 	EXP 	Device response: <KeyPress from None: t=144.52103704202455, value=p, duration=None>
144.5312 	DATA 	Keypress: p
144.5373 	EXP 	text_congruency: autoDraw = False
144.5373 	EXP 	text_8: autoDraw = True
144.6864 	EXP 	Device response: <KeyPress from None: t=144.52103704202455, value=p, duration=0.1602979579474777>
145.5242 	EXP 	New trial (rep=0, index=36): <Trial 36 (36 in rep 0) data={'scene_stimulus': 'stimuli/TESTscenes/UA_1.jpg', 'scene_cat': 'Undersea', 'scene_label': 'Somar', 'item_stimulus': 'stimuli/items/jungle_animal_3.png', 'item_cat': 'Jungle', 'item_type': 'animal', 'congruency': 'si', 'integrated_stimulus': 'stimuli/integrated/undersea_a_jungle_animal_3.jpg', 'thisN': 36, 'thisTrialN': 36, 'thisRepN': 0}>
146.5607 	EXP 	text_8: autoDraw = False
146.5607 	EXP 	text_8: autoDraw = False
146.5607 	EXP 	image_integrated: image = 'stimuli/integrated/undersea_a_jungle_animal_3.jpg'
146.5607 	EXP 	image_integrated: autoDraw = True
147.5418 	INFO 	Keyboard events cleared
147.5417 	EXP 	image_integrated: autoDraw = False
147.5417 	EXP 	text_congruency: autoDraw = True
147.9525 	EXP 	Device response: <KeyPress from None: t=147.94391666701995, value=q, duration=None>
147.9573 	DATA 	Keypress: q
147.9622 	EXP 	text_congruency: autoDraw = False
147.9622 	EXP 	text_8: autoDraw = True
148.1570 	EXP 	Device response: <KeyPress from None: t=147.94391666701995, value=q, duration=0.20823233295232058>
148.9522 	EXP 	New trial (rep=0, index=37): <Trial 37 (37 in rep 0) data={'scene_stimulus': 'stimuli/TESTscenes/UB_1.jpg', 'scene_cat': 'Undersea', 'scene_label': 'Negvi', 'item_stimulus': 'stimuli/items/jungle_animal_18.png', 'item_cat': 'Jungle', 'item_type': 'animal', 'congruency': 'si', 'integrated_stimulus': 'stimuli/integrated/undersea_b_jungle_animal_18.jpg', 'thisN': 37, 'thisTrialN': 37, 'thisRepN': 0}>
149.9476 	EXP 	text_8: autoDraw = False
149.9476 	EXP 	text_8: autoDraw = False
149.9476 	EXP 	image_integrated: image = 'stimuli/integrated/undersea_b_jungle_animal_18.jpg'
149.9476 	EXP 	image_integrated: autoDraw = True
150.9685 	INFO 	Keyboard events cleared
150.9683 	EXP 	image_integrated: autoDraw = False
150.9683 	EXP 	text_congruency: autoDraw = True
151.6426 	EXP 	Device response: <KeyPress from None: t=151.63570049998816, value=q, duration=None>
151.6486 	DATA 	Keypress: q
151.6537 	EXP 	text_congruency: autoDraw = False
151.6537 	EXP 	text_8: autoDraw = True
151.8423 	EXP 	Device response: <KeyPress from None: t=151.63570049998816, value=q, duration=0.20443612500093877>
152.6415 	EXP 	New trial (rep=0, index=38): <Trial 38 (38 in rep 0) data={'scene_stimulus': 'stimuli/TESTscenes/UA_1.jpg', 'scene_cat': 'Undersea', 'scene_label': 'Somar', 'item_stimulus': 'stimuli/items/undersea_animal_22.png', 'item_cat': 'Undersea', 'item_type': 'animal', 'congruency': 'sc', 'integrated_stimulus': 'stimuli/integrated/undersea_b_undersea_animal_22.jpg', 'thisN': 38, 'thisTrialN': 38, 'thisRepN': 0}>
152.6780 	EXP 	text_8: autoDraw = False
152.6780 	EXP 	text_8: autoDraw = False
152.6780 	EXP 	image_integrated: image = 'stimuli/integrated/undersea_b_undersea_animal_22.jpg'
152.6780 	EXP 	image_integrated: autoDraw = True
154.6578 	INFO 	Keyboard events cleared
154.6576 	EXP 	image_integrated: autoDraw = False
154.6576 	EXP 	text_congruency: autoDraw = True
155.2911 	EXP 	Device response: <KeyPress from None: t=155.28561583301052, value=q, duration=None>
155.2971 	DATA 	Keypress: q
155.3037 	EXP 	text_congruency: autoDraw = False
155.3037 	EXP 	text_8: autoDraw = True
155.4247 	EXP 	Device response: <KeyPress from None: t=155.28561583301052, value=q, duration=0.13639629201497883>
156.2913 	EXP 	New trial (rep=0, index=39): <Trial 39 (39 in rep 0) data={'scene_stimulus': 'stimuli/TESTscenes/UB_1.jpg', 'scene_cat': 'Undersea', 'scene_label': 'Negvi', 'item_stimulus': 'stimuli/items/jungle_animal_42.png', 'item_cat': 'Jungle', 'item_type': 'animal', 'congruency': 'si', 'integrated_stimulus': 'stimuli/integrated/undersea_a_jungle_animal_42.jpg', 'thisN': 39, 'thisTrialN': 39, 'thisRepN': 0}>
156.2943 	ERROR 	Couldn't find image stimuli/integrated/undersea_a_jungle_animal_42.jpg; check path? (tried: /Users/oliviayin/Desktop/sbl_realistic integration/encoding_task_behav/stimuli/integrated/undersea_a_jungle_animal_42.jpg)
156.5575 	INFO 	saved data to /Users/oliviayin/Desktop/sbl_realistic integration/encoding_task_behav/data/550_encodingtask_2026-03-30_22h26.52.469.psydat
156.5627 	INFO 	saved data to '/Users/oliviayin/Desktop/sbl_realistic integration/encoding_task_behav/data/550_encodingtask_2026-03-30_22h26.52.469.csv'
156.6060 	WARNING 	Stopping key buffers but this could be dangerous ifother keyboards rely on the same.
