35.6266 	WARNING 	Font Manager failed to load file /System/Library/PrivateFrameworks/FontServices.framework/Resources/Reserved/PingFangUI.ttc
35.9836 	WARNING 	Font Manager failed to load file /System/Library/PrivateFrameworks/FontServices.framework/Resources/Reserved/PingFangUI.ttc
44.6711 	INFO 	Loaded monitor calibration from ['2026_01_13 14:36']
44.7241 	WARNING 	User requested fullscreen with size [1024  768], but screen is actually [1470, 956]. Using actual size
45.2452 	INFO 	Using renderer 'Apple M2' for graphics
45.2452 	INFO 	OpenGL version supported by driver is 2..
45.3399 	EXP 	Created window1 = Window(allowGUI=False, allowStencil=False, autoLog=True, backendConf=UNKNOWN, backgroundFit=<method-wrapper '__getattribute__' of attributeSetter object at 0x1705fb430>, backgroundImage=<method-wrapper '__getattribute__' of attributeSetter object at 0x1705fb490>, bitsMode=UNKNOWN, blendMode='avg', bpc=(8, 8, 8), color=array([0, 0, 0]), colorSpace='rgb', depthBits=8, fullscr=True, gamma=None, gammaErrorPolicy='raise', infoMsg=UNKNOWN, lms=UNKNOWN, monitor=<psychopy.monitors.calibTools.Monitor object at 0x1705e1f30>, multiSample=False, name='window1', numSamples=2, pos=[np.float64(0.0), np.float64(0.0)], screen=0, size=array([2940, 1912]), stencilBits=0, stereo=False, title='PsychoPy', units='height', useFBO=True, useRetina=True, viewOri=0.0, viewPos=None, viewScale=None, waitBlanking=True, winType='pyglet')
45.3400 	EXP 	window1: backgroundImage = ''
45.3401 	EXP 	window1: backgroundFit = 'none'
45.9226 	EXP 	window1: Attempting to measure frame rate of screen (0) ...
45.9226 	EXP 	window1: recordFrameIntervals = False
46.2383 	EXP 	window1: recordFrameIntervals = True
47.0824 	WARNING 	Couldn't measure a consistent frame rate!
  - Is your graphics card set to sync to vertical blank?
  - Are you running other processes on your computer?

49.1891 	INFO 	keyboard.Keyboard is using ptb backend.
49.1891 	EXP 	encodingtask: status = STARTED
49.4565 	EXP 	Created text_instructions = TextStim(__class__=<class 'psychopy.visual.text.TextStim'>, alignHoriz=method-wrapper(...), alignText='center', alignVert=method-wrapper(...), anchorHoriz='center', anchorVert='center', antialias=True, autoDraw=False, autoLog=True, bold=False, color=array([1., 1., 1.]), colorSpace='rgb', contrast=1.0, depth=0.0, draggable=False, flipHoriz=False, flipVert=False, font='Open Sans', fontFiles=[], height=np.float64(0.035), italic=False, languageStyle='LTR', name='text_instructions', opacity=1, ori=0.0, pos=array([0. , 0.2]), rgb=UNKNOWN, text=str(...), units='height', win=Window(...), wrapWidth=1)
49.4575 	EXP 	Created text_keys = TextStim(__class__=<class 'psychopy.visual.text.TextStim'>, alignHoriz=method-wrapper(...), alignText='center', alignVert=method-wrapper(...), anchorHoriz='center', anchorVert='center', antialias=True, autoDraw=False, autoLog=True, bold=False, color=array([1., 1., 1.]), colorSpace='rgb', contrast=1.0, depth=0.0, draggable=False, flipHoriz=False, flipVert=False, font='Open Sans', fontFiles=[], height=0.05, italic=False, languageStyle='LTR', name='text_keys', opacity=1, ori=0.0, pos=array([0., 0.]), rgb=UNKNOWN, text='', units='height', win=Window(...), wrapWidth=1)
49.4585 	EXP 	Created text_2 = TextStim(__class__=<class 'psychopy.visual.text.TextStim'>, alignHoriz=method-wrapper(...), alignText='center', alignVert=method-wrapper(...), anchorHoriz='center', anchorVert='center', antialias=True, autoDraw=False, autoLog=True, bold=False, color=array([1., 1., 1.]), colorSpace='rgb', contrast=1.0, depth=0.0, draggable=False, flipHoriz=False, flipVert=False, font='Open Sans', fontFiles=[], height=np.float64(0.05), italic=False, languageStyle='LTR', name='text_2', opacity=1, ori=0.0, pos=array([0., 0.]), rgb=UNKNOWN, text='', units='height', win=Window(...), wrapWidth=1)
49.5438 	EXP 	Created image_integrated = ImageStim(__class__=<class 'psychopy.visual.image.ImageStim'>, anchor=('center', 'center'), autoLog=True, color=array([1., 1., 1.]), colorSpace='rgb', contrast=1.0, depth=-1.0, draggable=False, flipHoriz=np.False_, flipVert=np.False_, image='default.png', interpolate=True, mask=None, maskParams=None, name='image_integrated', opacity=1, ori=0.0, pos=array([ 0.  , -0.05]), size=array([1.2  , 0.675]), texRes=128.0, units='height', win=Window(...))
49.5507 	EXP 	Created text_congruency = TextStim(__class__=<class 'psychopy.visual.text.TextStim'>, alignHoriz=method-wrapper(...), alignText='center', alignVert=method-wrapper(...), anchorHoriz='center', anchorVert='center', antialias=True, autoDraw=False, autoLog=True, bold=False, color=array([1., 1., 1.]), colorSpace='rgb', contrast=1.0, depth=0.0, draggable=False, flipHoriz=False, flipVert=False, font='Open Sans', fontFiles=[], height=np.float64(0.05), italic=False, languageStyle='LTR', name='text_congruency', opacity=1, ori=0.0, pos=array([0., 0.]), rgb=UNKNOWN, text='Related \nor Unrelated?', units='height', win=Window(...), wrapWidth=1)
49.5530 	EXP 	Created text_8 = TextStim(__class__=<class 'psychopy.visual.text.TextStim'>, alignHoriz=method-wrapper(...), alignText='center', alignVert=method-wrapper(...), anchorHoriz='center', anchorVert='center', antialias=True, autoDraw=False, autoLog=True, bold=False, color=array([1., 1., 1.]), colorSpace='rgb', contrast=1.0, depth=0.0, draggable=False, flipHoriz=False, flipVert=False, font='Open Sans', fontFiles=[], height=np.float64(0.05), italic=False, languageStyle='LTR', name='text_8', opacity=1, ori=0.0, pos=array([0., 0.]), rgb=UNKNOWN, text='+', units='height', win=Window(...), wrapWidth=1)
49.5601 	EXP 	Created text_run_pause = TextStim(__class__=<class 'psychopy.visual.text.TextStim'>, alignHoriz=method-wrapper(...), alignText='center', alignVert=method-wrapper(...), anchorHoriz='center', anchorVert='center', antialias=True, autoDraw=False, autoLog=True, bold=False, color=array([1., 1., 1.]), colorSpace='rgb', contrast=1.0, depth=-1.0, draggable=False, flipHoriz=False, flipVert=False, font='Open Sans', fontFiles=[], height=np.float64(0.05), italic=False, languageStyle='LTR', name='text_run_pause', opacity=1, ori=0.0, pos=array([0. , 0.3]), rgb=UNKNOWN, text=str(...), units='height', win=Window(...), wrapWidth=1)
49.5610 	EXP 	Created text_relatedness_pause = TextStim(__class__=<class 'psychopy.visual.text.TextStim'>, alignHoriz=method-wrapper(...), alignText='center', alignVert=method-wrapper(...), anchorHoriz='center', anchorVert='center', antialias=True, autoDraw=False, autoLog=True, bold=False, color=array([1., 1., 1.]), colorSpace='rgb', contrast=1.0, depth=-2.0, draggable=False, flipHoriz=False, flipVert=False, font='Open Sans', fontFiles=[], height=0.05, italic=False, languageStyle='LTR', name='text_relatedness_pause', opacity=1, ori=0.0, pos=array([ 0. , -0.1]), rgb=UNKNOWN, text='', units='height', win=Window(...), wrapWidth=1)
49.5616 	EXP 	Created text_end = TextStim(__class__=<class 'psychopy.visual.text.TextStim'>, alignHoriz=method-wrapper(...), alignText='center', alignVert=method-wrapper(...), anchorHoriz='center', anchorVert='center', antialias=True, autoDraw=False, autoLog=True, bold=False, color=array([1., 1., 1.]), colorSpace='rgb', contrast=1.0, depth=-1.0, draggable=False, flipHoriz=False, flipVert=False, font='Open Sans', fontFiles=[], height=0.05, italic=False, languageStyle='LTR', name='text_end', opacity=1, ori=0.0, pos=array([0., 0.]), rgb=UNKNOWN, text='', units='height', win=Window(...), wrapWidth=1)
0.0252 	EXP 	text_instructions: autoDraw = True
1.0106 	INFO 	Keyboard events cleared
16.4214 	EXP 	Device response: <KeyPress from None: t=16.03824008302763, value=space, duration=None>
16.4216 	EXP 	Device response: <KeyPress from None: t=16.03824008302763, value=space, duration=0.0859045839169994>
16.4658 	DATA 	Keypress: space
16.4718 	INFO 	Keyboard events cleared
16.4716 	WARNING 	t of last frame was 418.20ms (=1/2)
16.4716 	EXP 	text_instructions: autoDraw = False
16.4716 	EXP 	text_keys: height = np.float64(0.05)
16.4716 	EXP 	text_keys: height = np.float64(0.05)
16.4716 	EXP 	text_keys: height = np.float64(0.05)
16.4716 	EXP 	text_keys: text = 'If they are related, press P\nIf they are unrelated, press Q\n\nIMPORTANT: you should press P or Q only when you see the question, AFTER the scene and item disappeared from the screen!\n\nPress SPACEBAR to continue.'
16.4716 	EXP 	text_keys: autoDraw = True
18.0882 	EXP 	Device response: <KeyPress from None: t=18.078776958049275, value=space, duration=None>
18.0957 	DATA 	Keypress: space
18.1008 	EXP 	text_keys: autoDraw = False
18.1008 	EXP 	text_2: autoDraw = True
18.2106 	EXP 	Device response: <KeyPress from None: t=18.078776958049275, value=space, duration=0.1282897919882089>
20.1095 	EXP 	Imported runs_params.xlsx as conditions, 3 conditions, 1 params
20.1200 	EXP 	New trial (rep=0, index=0): <Trial 0 (0 in rep 0) data={'run': 1, 'thisN': 0, 'thisTrialN': 0, 'thisRepN': 0}>
20.1337 	EXP 	Imported stimuli/stim_lists/stimuli_list_sub_550_run_1.csv as conditions, 80 conditions, 8 params
20.1345 	EXP 	New trial (rep=0, index=0): <Trial 0 (0 in rep 0) data={'scene_stimulus': 'stimuli/TESTscenes/JA_1.jpg', 'scene_cat': 'Jungle', 'scene_label': 'Tulon', 'item_stimulus': 'stimuli/items/jungle_animal_4.png', 'item_cat': 'Jungle', 'item_type': 'animal', 'congruency': 'sc', 'integrated_stimulus': 'stimuli/integrated/jungle_b_jungle_animal_4.jpg', 'thisN': 0, 'thisTrialN': 0, 'thisRepN': 0}>
20.2037 	WARNING 	t of last frame was 116.62ms (=1/8)
20.2037 	EXP 	text_2: autoDraw = False
20.2037 	EXP 	text_2: autoDraw = False
20.2037 	EXP 	image_integrated: image = 'stimuli/integrated/jungle_b_jungle_animal_4.jpg'
20.2037 	EXP 	image_integrated: autoDraw = True
22.1353 	INFO 	Keyboard events cleared
22.1351 	EXP 	image_integrated: autoDraw = False
22.1351 	EXP 	text_congruency: autoDraw = True
22.6879 	EXP 	Device response: <KeyPress from None: t=22.684090832946822, value=q, duration=None>
22.7007 	DATA 	Keypress: q
22.7052 	EXP 	text_congruency: autoDraw = False
22.7052 	EXP 	text_8: autoDraw = True
22.7879 	EXP 	Device response: <KeyPress from None: t=22.684090832946822, value=q, duration=0.10199920902960002>
23.6933 	EXP 	New trial (rep=0, index=1): <Trial 1 (1 in rep 0) data={'scene_stimulus': 'stimuli/TESTscenes/UA_1.jpg', 'scene_cat': 'Undersea', 'scene_label': 'Somar', 'item_stimulus': 'stimuli/items/jungle_animal_29.png', 'item_cat': 'Jungle', 'item_type': 'animal', 'congruency': 'si', 'integrated_stimulus': 'stimuli/integrated/undersea_a_jungle_animal_29.jpg', 'thisN': 1, 'thisTrialN': 1, 'thisRepN': 0}>
23.7371 	WARNING 	t of last frame was 44.22ms (=1/22)
23.7371 	EXP 	text_8: autoDraw = False
23.7371 	EXP 	image_integrated: image = 'stimuli/integrated/undersea_a_jungle_animal_29.jpg'
23.7371 	EXP 	image_integrated: autoDraw = True
25.4947 	EXP 	Device response: <KeyPress from None: t=25.492769832955673, value=p, duration=None>
25.5067 	DATA 	Keypress: p
25.5718 	EXP 	Device response: <KeyPress from None: t=25.492769832955673, value=p, duration=0.07219579198863357>
25.7032 	INFO 	Keyboard events cleared
25.7029 	EXP 	image_integrated: autoDraw = False
25.7029 	EXP 	text_congruency: autoDraw = True
26.6932 	EXP 	text_congruency: autoDraw = False
26.6932 	EXP 	text_congruency: autoDraw = False
26.6932 	EXP 	text_8: autoDraw = True
27.6766 	EXP 	New trial (rep=0, index=2): <Trial 2 (2 in rep 0) data={'scene_stimulus': 'stimuli/TESTscenes/JA_1.jpg', 'scene_cat': 'Jungle', 'scene_label': 'Tulon', 'item_stimulus': 'stimuli/items/jungle_object_3.png', 'item_cat': 'Jungle', 'item_type': 'object', 'congruency': 'sc', 'integrated_stimulus': 'stimuli/integrated/jungle_a_jungle_object_3.jpg', 'thisN': 2, 'thisTrialN': 2, 'thisRepN': 0}>
27.7180 	WARNING 	t of last frame was 42.01ms (=1/23)
27.7180 	EXP 	text_8: autoDraw = False
27.7180 	EXP 	text_8: autoDraw = False
27.7180 	EXP 	image_integrated: image = 'stimuli/integrated/jungle_a_jungle_object_3.jpg'
27.7180 	EXP 	image_integrated: autoDraw = True
29.7033 	INFO 	Keyboard events cleared
29.7031 	EXP 	image_integrated: autoDraw = False
29.7031 	EXP 	text_congruency: autoDraw = True
30.0050 	EXP 	Device response: <KeyPress from None: t=29.998758125002496, value=p, duration=None>
30.0120 	DATA 	Keypress: p
30.0171 	EXP 	text_congruency: autoDraw = False
30.0171 	EXP 	text_8: autoDraw = True
30.1549 	EXP 	Device response: <KeyPress from None: t=29.998758125002496, value=p, duration=0.15004154201596975>
31.0040 	EXP 	New trial (rep=0, index=3): <Trial 3 (3 in rep 0) data={'scene_stimulus': 'stimuli/TESTscenes/JB_1.jpg', 'scene_cat': 'Jungle', 'scene_label': 'Malbow', 'item_stimulus': 'stimuli/items/undersea_object_18.png', 'item_cat': 'Undersea', 'item_type': 'object', 'congruency': 'si', 'integrated_stimulus': 'stimuli/integrated/jungle_a_undersea_object_18.jpg', 'thisN': 3, 'thisTrialN': 3, 'thisRepN': 0}>
31.0431 	WARNING 	Multiple dropped frames have occurred - I'll stop bothering you about them!
31.0431 	EXP 	text_8: autoDraw = False
31.0431 	EXP 	text_8: autoDraw = False
31.0431 	EXP 	image_integrated: image = 'stimuli/integrated/jungle_a_undersea_object_18.jpg'
31.0431 	EXP 	image_integrated: autoDraw = True
33.0202 	INFO 	Keyboard events cleared
33.0200 	EXP 	image_integrated: autoDraw = False
33.0200 	EXP 	text_congruency: autoDraw = True
33.4775 	EXP 	Device response: <KeyPress from None: t=33.47332195797935, value=p, duration=None>
33.4835 	DATA 	Keypress: p
33.4895 	EXP 	text_congruency: autoDraw = False
33.4895 	EXP 	text_8: autoDraw = True
33.6270 	EXP 	Device response: <KeyPress from None: t=33.47332195797935, value=p, duration=0.15224641701206565>
34.4753 	EXP 	New trial (rep=0, index=4): <Trial 4 (4 in rep 0) data={'scene_stimulus': 'stimuli/TESTscenes/UA_1.jpg', 'scene_cat': 'Undersea', 'scene_label': 'Somar', 'item_stimulus': 'stimuli/items/jungle_animal_27.png', 'item_cat': 'Jungle', 'item_type': 'animal', 'congruency': 'si', 'integrated_stimulus': 'stimuli/integrated/undersea_b_jungle_animal_27.jpg', 'thisN': 4, 'thisTrialN': 4, 'thisRepN': 0}>
34.5116 	EXP 	text_8: autoDraw = False
34.5116 	EXP 	text_8: autoDraw = False
34.5116 	EXP 	image_integrated: image = 'stimuli/integrated/undersea_b_jungle_animal_27.jpg'
34.5116 	EXP 	image_integrated: autoDraw = True
36.4923 	INFO 	Keyboard events cleared
36.4920 	EXP 	image_integrated: autoDraw = False
36.4920 	EXP 	text_congruency: autoDraw = True
36.8548 	EXP 	Device response: <KeyPress from None: t=36.8421170420479, value=p, duration=None>
36.8607 	DATA 	Keypress: p
36.8657 	EXP 	text_congruency: autoDraw = False
36.8657 	EXP 	text_8: autoDraw = True
37.0261 	EXP 	Device response: <KeyPress from None: t=36.8421170420479, value=p, duration=0.18045574997086078>
37.8537 	EXP 	New trial (rep=0, index=5): <Trial 5 (5 in rep 0) data={'scene_stimulus': 'stimuli/TESTscenes/JB_1.jpg', 'scene_cat': 'Jungle', 'scene_label': 'Malbow', 'item_stimulus': 'stimuli/items/jungle_object_21.png', 'item_cat': 'Jungle', 'item_type': 'object', 'congruency': 'sc', 'integrated_stimulus': 'stimuli/integrated/jungle_b_jungle_object_21.jpg', 'thisN': 5, 'thisTrialN': 5, 'thisRepN': 0}>
37.8935 	EXP 	text_8: autoDraw = False
37.8935 	EXP 	text_8: autoDraw = False
37.8935 	EXP 	image_integrated: image = 'stimuli/integrated/jungle_b_jungle_object_21.jpg'
37.8935 	EXP 	image_integrated: autoDraw = True
39.8701 	INFO 	Keyboard events cleared
39.8698 	EXP 	image_integrated: autoDraw = False
39.8698 	EXP 	text_congruency: autoDraw = True
40.1604 	EXP 	Device response: <KeyPress from None: t=40.15912270802073, value=q, duration=None>
40.1687 	EXP 	text_congruency: autoDraw = False
40.1687 	EXP 	text_8: autoDraw = True
40.1743 	DATA 	Keypress: q
40.3096 	EXP 	Device response: <KeyPress from None: t=40.15912270802073, value=q, duration=0.14838891697581857>
41.1539 	EXP 	New trial (rep=0, index=6): <Trial 6 (6 in rep 0) data={'scene_stimulus': 'stimuli/TESTscenes/UA_1.jpg', 'scene_cat': 'Undersea', 'scene_label': 'Somar', 'item_stimulus': 'stimuli/items/jungle_object_2.png', 'item_cat': 'Jungle', 'item_type': 'object', 'congruency': 'si', 'integrated_stimulus': 'stimuli/integrated/undersea_a_jungle_object_2.jpg', 'thisN': 6, 'thisTrialN': 6, 'thisRepN': 0}>
41.1937 	EXP 	text_8: autoDraw = False
41.1937 	EXP 	text_8: autoDraw = False
41.1937 	EXP 	image_integrated: image = 'stimuli/integrated/undersea_a_jungle_object_2.jpg'
41.1937 	EXP 	image_integrated: autoDraw = True
43.1764 	INFO 	Keyboard events cleared
43.1762 	EXP 	image_integrated: autoDraw = False
43.1762 	EXP 	text_congruency: autoDraw = True
43.4717 	EXP 	Device response: <KeyPress from None: t=43.46707687503658, value=q, duration=None>
43.4786 	DATA 	Keypress: q
43.4836 	EXP 	text_congruency: autoDraw = False
43.4836 	EXP 	text_8: autoDraw = True
43.5929 	EXP 	Device response: <KeyPress from None: t=43.46707687503658, value=q, duration=0.124210707959719>
44.4706 	EXP 	New trial (rep=0, index=7): <Trial 7 (7 in rep 0) data={'scene_stimulus': 'stimuli/TESTscenes/JB_1.jpg', 'scene_cat': 'Jungle', 'scene_label': 'Malbow', 'item_stimulus': 'stimuli/items/jungle_animal_1.png', 'item_cat': 'Jungle', 'item_type': 'animal', 'congruency': 'sc', 'integrated_stimulus': 'stimuli/integrated/jungle_a_jungle_animal_1.jpg', 'thisN': 7, 'thisTrialN': 7, 'thisRepN': 0}>
44.5076 	EXP 	text_8: autoDraw = False
44.5076 	EXP 	text_8: autoDraw = False
44.5076 	EXP 	image_integrated: image = 'stimuli/integrated/jungle_a_jungle_animal_1.jpg'
44.5076 	EXP 	image_integrated: autoDraw = True
46.4864 	INFO 	Keyboard events cleared
46.4861 	EXP 	image_integrated: autoDraw = False
46.4861 	EXP 	text_congruency: autoDraw = True
46.9259 	EXP 	Device response: <KeyPress from None: t=46.921902625006624, value=q, duration=None>
46.9335 	DATA 	Keypress: q
46.9395 	EXP 	text_congruency: autoDraw = False
46.9395 	EXP 	text_8: autoDraw = True
47.0545 	EXP 	Device response: <KeyPress from None: t=46.921902625006624, value=q, duration=0.12036337493918836>
47.9260 	EXP 	New trial (rep=0, index=8): <Trial 8 (8 in rep 0) data={'scene_stimulus': 'stimuli/TESTscenes/UA_1.jpg', 'scene_cat': 'Undersea', 'scene_label': 'Somar', 'item_stimulus': 'stimuli/items/undersea_object_31.png', 'item_cat': 'Undersea', 'item_type': 'object', 'congruency': 'sc', 'integrated_stimulus': 'stimuli/integrated/undersea_b_undersea_object_31.jpg', 'thisN': 8, 'thisTrialN': 8, 'thisRepN': 0}>
47.9657 	EXP 	text_8: autoDraw = False
47.9657 	EXP 	text_8: autoDraw = False
47.9657 	EXP 	image_integrated: image = 'stimuli/integrated/undersea_b_undersea_object_31.jpg'
47.9657 	EXP 	image_integrated: autoDraw = True
49.9431 	INFO 	Keyboard events cleared
49.9429 	EXP 	image_integrated: autoDraw = False
49.9429 	EXP 	text_congruency: autoDraw = True
50.4704 	EXP 	Device response: <KeyPress from None: t=50.46278137504123, value=q, duration=None>
50.4738 	DATA 	Keypress: q
50.4776 	EXP 	text_congruency: autoDraw = False
50.4776 	EXP 	text_8: autoDraw = True
50.5712 	EXP 	Device response: <KeyPress from None: t=50.46278137504123, value=q, duration=0.10445674997754395>
51.4696 	EXP 	New trial (rep=0, index=9): <Trial 9 (9 in rep 0) data={'scene_stimulus': 'stimuli/TESTscenes/JA_1.jpg', 'scene_cat': 'Jungle', 'scene_label': 'Tulon', 'item_stimulus': 'stimuli/items/undersea_object_7.png', 'item_cat': 'Undersea', 'item_type': 'object', 'congruency': 'si', 'integrated_stimulus': 'stimuli/integrated/jungle_b_undersea_object_7.jpg', 'thisN': 9, 'thisTrialN': 9, 'thisRepN': 0}>
51.5050 	EXP 	text_8: autoDraw = False
51.5050 	EXP 	text_8: autoDraw = False
51.5050 	EXP 	image_integrated: image = 'stimuli/integrated/jungle_b_undersea_object_7.jpg'
51.5050 	EXP 	image_integrated: autoDraw = True
53.4858 	INFO 	Keyboard events cleared
53.4855 	EXP 	image_integrated: autoDraw = False
53.4855 	EXP 	text_congruency: autoDraw = True
53.7931 	EXP 	Device response: <KeyPress from None: t=53.79173016699497, value=p, duration=None>
53.7992 	DATA 	Keypress: p
53.8058 	EXP 	text_congruency: autoDraw = False
53.8058 	EXP 	text_8: autoDraw = True
53.9212 	EXP 	Device response: <KeyPress from None: t=53.79173016699497, value=p, duration=0.1244758750544861>
54.7931 	EXP 	New trial (rep=0, index=10): <Trial 10 (10 in rep 0) data={'scene_stimulus': 'stimuli/TESTscenes/JB_1.jpg', 'scene_cat': 'Jungle', 'scene_label': 'Malbow', 'item_stimulus': 'stimuli/items/jungle_object_28.png', 'item_cat': 'Jungle', 'item_type': 'object', 'congruency': 'sc', 'integrated_stimulus': 'stimuli/integrated/jungle_b_jungle_object_28.jpg', 'thisN': 10, 'thisTrialN': 10, 'thisRepN': 0}>
54.8311 	EXP 	text_8: autoDraw = False
54.8311 	EXP 	text_8: autoDraw = False
54.8311 	EXP 	image_integrated: image = 'stimuli/integrated/jungle_b_jungle_object_28.jpg'
54.8311 	EXP 	image_integrated: autoDraw = True
56.8018 	INFO 	Keyboard events cleared
56.8016 	EXP 	image_integrated: autoDraw = False
56.8016 	EXP 	text_congruency: autoDraw = True
57.2272 	EXP 	Device response: <KeyPress from None: t=57.222723708022386, value=p, duration=None>
57.2336 	DATA 	Keypress: p
57.2388 	EXP 	text_congruency: autoDraw = False
57.2388 	EXP 	text_8: autoDraw = True
57.3548 	EXP 	Device response: <KeyPress from None: t=57.222723708022386, value=p, duration=0.12436837493441999>
58.2253 	EXP 	New trial (rep=0, index=11): <Trial 11 (11 in rep 0) data={'scene_stimulus': 'stimuli/TESTscenes/JA_1.jpg', 'scene_cat': 'Jungle', 'scene_label': 'Tulon', 'item_stimulus': 'stimuli/items/undersea_object_20.png', 'item_cat': 'Undersea', 'item_type': 'object', 'congruency': 'si', 'integrated_stimulus': 'stimuli/integrated/jungle_b_undersea_object_20.jpg', 'thisN': 11, 'thisTrialN': 11, 'thisRepN': 0}>
58.2603 	EXP 	text_8: autoDraw = False
58.2603 	EXP 	text_8: autoDraw = False
58.2603 	EXP 	image_integrated: image = 'stimuli/integrated/jungle_b_undersea_object_20.jpg'
58.2603 	EXP 	image_integrated: autoDraw = True
60.2431 	INFO 	Keyboard events cleared
60.2429 	EXP 	image_integrated: autoDraw = False
60.2429 	EXP 	text_congruency: autoDraw = True
61.0095 	EXP 	Device response: <KeyPress from None: t=61.00558912497945, value=p, duration=None>
61.0158 	DATA 	Keypress: p
61.0216 	EXP 	text_congruency: autoDraw = False
61.0216 	EXP 	text_8: autoDraw = True
61.1712 	EXP 	Device response: <KeyPress from None: t=61.00558912497945, value=p, duration=0.1603837920119986>
62.0094 	EXP 	New trial (rep=0, index=12): <Trial 12 (12 in rep 0) data={'scene_stimulus': 'stimuli/TESTscenes/UA_1.jpg', 'scene_cat': 'Undersea', 'scene_label': 'Somar', 'item_stimulus': 'stimuli/items/undersea_object_33.png', 'item_cat': 'Undersea', 'item_type': 'object', 'congruency': 'sc', 'integrated_stimulus': 'stimuli/integrated/undersea_b_undersea_object_33.jpg', 'thisN': 12, 'thisTrialN': 12, 'thisRepN': 0}>
62.0454 	EXP 	text_8: autoDraw = False
62.0454 	EXP 	text_8: autoDraw = False
62.0454 	EXP 	image_integrated: image = 'stimuli/integrated/undersea_b_undersea_object_33.jpg'
62.0454 	EXP 	image_integrated: autoDraw = True
64.0268 	INFO 	Keyboard events cleared
64.0265 	EXP 	image_integrated: autoDraw = False
64.0265 	EXP 	text_congruency: autoDraw = True
64.3378 	EXP 	Device response: <KeyPress from None: t=64.33054904197343, value=q, duration=None>
64.3474 	DATA 	Keypress: q
64.3531 	EXP 	text_congruency: autoDraw = False
64.3531 	EXP 	text_8: autoDraw = True
64.4716 	EXP 	Device response: <KeyPress from None: t=64.33054904197343, value=q, duration=0.13631091604474932>
65.3374 	EXP 	New trial (rep=0, index=13): <Trial 13 (13 in rep 0) data={'scene_stimulus': 'stimuli/TESTscenes/UB_1.jpg', 'scene_cat': 'Undersea', 'scene_label': 'Negvi', 'item_stimulus': 'stimuli/items/undersea_animal_28.png', 'item_cat': 'Undersea', 'item_type': 'animal', 'congruency': 'sc', 'integrated_stimulus': 'stimuli/integrated/undersea_a_undersea_animal_28.jpg', 'thisN': 13, 'thisTrialN': 13, 'thisRepN': 0}>
65.3815 	EXP 	text_8: autoDraw = False
65.3815 	EXP 	text_8: autoDraw = False
65.3815 	EXP 	image_integrated: image = 'stimuli/integrated/undersea_a_undersea_animal_28.jpg'
65.3815 	EXP 	image_integrated: autoDraw = True
67.3525 	INFO 	Keyboard events cleared
67.3522 	EXP 	image_integrated: autoDraw = False
67.3522 	EXP 	text_congruency: autoDraw = True
67.6759 	EXP 	Device response: <KeyPress from None: t=67.67046354198828, value=q, duration=None>
67.6831 	DATA 	Keypress: q
67.6893 	EXP 	text_congruency: autoDraw = False
67.6893 	EXP 	text_8: autoDraw = True
67.7929 	EXP 	Device response: <KeyPress from None: t=67.67046354198828, value=q, duration=0.11627241596579552>
68.6749 	EXP 	New trial (rep=0, index=14): <Trial 14 (14 in rep 0) data={'scene_stimulus': 'stimuli/TESTscenes/UA_1.jpg', 'scene_cat': 'Undersea', 'scene_label': 'Somar', 'item_stimulus': 'stimuli/items/undersea_object_37.png', 'item_cat': 'Undersea', 'item_type': 'object', 'congruency': 'sc', 'integrated_stimulus': 'stimuli/integrated/undersea_a_undersea_object_37.jpg', 'thisN': 14, 'thisTrialN': 14, 'thisRepN': 0}>
68.7156 	EXP 	text_8: autoDraw = False
68.7156 	EXP 	text_8: autoDraw = False
68.7156 	EXP 	image_integrated: image = 'stimuli/integrated/undersea_a_undersea_object_37.jpg'
68.7156 	EXP 	image_integrated: autoDraw = True
70.6866 	INFO 	Keyboard events cleared
70.6864 	EXP 	image_integrated: autoDraw = False
70.6864 	EXP 	text_congruency: autoDraw = True
71.0381 	EXP 	Device response: <KeyPress from None: t=71.03438650001772, value=q, duration=None>
71.0447 	DATA 	Keypress: q
71.0497 	EXP 	text_congruency: autoDraw = False
71.0497 	EXP 	text_8: autoDraw = True
71.1772 	EXP 	Device response: <KeyPress from None: t=71.03438650001772, value=q, duration=0.14033850003033876>
72.0378 	EXP 	New trial (rep=0, index=15): <Trial 15 (15 in rep 0) data={'scene_stimulus': 'stimuli/TESTscenes/JA_1.jpg', 'scene_cat': 'Jungle', 'scene_label': 'Tulon', 'item_stimulus': 'stimuli/items/undersea_object_5.png', 'item_cat': 'Undersea', 'item_type': 'object', 'congruency': 'si', 'integrated_stimulus': 'stimuli/integrated/jungle_b_undersea_object_5.jpg', 'thisN': 15, 'thisTrialN': 15, 'thisRepN': 0}>
72.0783 	EXP 	text_8: autoDraw = False
72.0783 	EXP 	text_8: autoDraw = False
72.0783 	EXP 	image_integrated: image = 'stimuli/integrated/jungle_b_undersea_object_5.jpg'
72.0783 	EXP 	image_integrated: autoDraw = True
74.0533 	INFO 	Keyboard events cleared
74.0531 	EXP 	image_integrated: autoDraw = False
74.0531 	EXP 	text_congruency: autoDraw = True
75.0428 	EXP 	text_congruency: autoDraw = False
75.0428 	EXP 	text_congruency: autoDraw = False
75.0428 	EXP 	text_8: autoDraw = True
76.0372 	EXP 	New trial (rep=0, index=16): <Trial 16 (16 in rep 0) data={'scene_stimulus': 'stimuli/TESTscenes/JB_1.jpg', 'scene_cat': 'Jungle', 'scene_label': 'Malbow', 'item_stimulus': 'stimuli/items/jungle_object_1.png', 'item_cat': 'Jungle', 'item_type': 'object', 'congruency': 'sc', 'integrated_stimulus': 'stimuli/integrated/jungle_a_jungle_object_1.jpg', 'thisN': 16, 'thisTrialN': 16, 'thisRepN': 0}>
76.0764 	EXP 	text_8: autoDraw = False
76.0764 	EXP 	text_8: autoDraw = False
76.0764 	EXP 	image_integrated: image = 'stimuli/integrated/jungle_a_jungle_object_1.jpg'
76.0764 	EXP 	image_integrated: autoDraw = True
78.0529 	INFO 	Keyboard events cleared
78.0527 	EXP 	image_integrated: autoDraw = False
78.0527 	EXP 	text_congruency: autoDraw = True
78.3437 	EXP 	Device response: <KeyPress from None: t=78.33929170796182, value=q, duration=None>
78.3494 	DATA 	Keypress: q
78.3556 	EXP 	text_congruency: autoDraw = False
78.3556 	EXP 	text_8: autoDraw = True
78.5094 	EXP 	Device response: <KeyPress from None: t=78.33929170796182, value=q, duration=0.1659561670385301>
79.3428 	EXP 	New trial (rep=0, index=17): <Trial 17 (17 in rep 0) data={'scene_stimulus': 'stimuli/TESTscenes/UB_1.jpg', 'scene_cat': 'Undersea', 'scene_label': 'Negvi', 'item_stimulus': 'stimuli/items/jungle_object_15.png', 'item_cat': 'Jungle', 'item_type': 'object', 'congruency': 'si', 'integrated_stimulus': 'stimuli/integrated/undersea_a_jungle_object_15.jpg', 'thisN': 17, 'thisTrialN': 17, 'thisRepN': 0}>
79.3900 	EXP 	text_8: autoDraw = False
79.3900 	EXP 	text_8: autoDraw = False
79.3900 	EXP 	image_integrated: image = 'stimuli/integrated/undersea_a_jungle_object_15.jpg'
79.3900 	EXP 	image_integrated: autoDraw = True
81.3595 	INFO 	Keyboard events cleared
81.3594 	EXP 	image_integrated: autoDraw = False
81.3594 	EXP 	text_congruency: autoDraw = True
82.0043 	EXP 	Device response: <KeyPress from None: t=81.99280170805287, value=p, duration=None>
82.0106 	DATA 	Keypress: p
82.0154 	EXP 	text_congruency: autoDraw = False
82.0154 	EXP 	text_8: autoDraw = True
82.1207 	EXP 	Device response: <KeyPress from None: t=81.99280170805287, value=p, duration=0.12035037495661527>
83.0037 	EXP 	New trial (rep=0, index=18): <Trial 18 (18 in rep 0) data={'scene_stimulus': 'stimuli/TESTscenes/UA_1.jpg', 'scene_cat': 'Undersea', 'scene_label': 'Somar', 'item_stimulus': 'stimuli/items/jungle_object_38.png', 'item_cat': 'Jungle', 'item_type': 'object', 'congruency': 'si', 'integrated_stimulus': 'stimuli/integrated/undersea_a_jungle_object_38.jpg', 'thisN': 18, 'thisTrialN': 18, 'thisRepN': 0}>
83.0444 	EXP 	text_8: autoDraw = False
83.0444 	EXP 	text_8: autoDraw = False
83.0444 	EXP 	image_integrated: image = 'stimuli/integrated/undersea_a_jungle_object_38.jpg'
83.0444 	EXP 	image_integrated: autoDraw = True
85.0199 	INFO 	Keyboard events cleared
85.0197 	EXP 	image_integrated: autoDraw = False
85.0197 	EXP 	text_congruency: autoDraw = True
85.6045 	EXP 	Device response: <KeyPress from None: t=85.59975070797373, value=p, duration=None>
85.6114 	DATA 	Keypress: p
85.6165 	EXP 	text_congruency: autoDraw = False
85.6165 	EXP 	text_8: autoDraw = True
85.7209 	EXP 	Device response: <KeyPress from None: t=85.59975070797373, value=p, duration=0.11221400008071214>
86.6037 	EXP 	New trial (rep=0, index=19): <Trial 19 (19 in rep 0) data={'scene_stimulus': 'stimuli/TESTscenes/UB_1.jpg', 'scene_cat': 'Undersea', 'scene_label': 'Negvi', 'item_stimulus': 'stimuli/items/undersea_animal_19.png', 'item_cat': 'Undersea', 'item_type': 'animal', 'congruency': 'sc', 'integrated_stimulus': 'stimuli/integrated/undersea_a_undersea_animal_19.jpg', 'thisN': 19, 'thisTrialN': 19, 'thisRepN': 0}>
86.6411 	EXP 	text_8: autoDraw = False
86.6411 	EXP 	text_8: autoDraw = False
86.6411 	EXP 	image_integrated: image = 'stimuli/integrated/undersea_a_undersea_animal_19.jpg'
86.6411 	EXP 	image_integrated: autoDraw = True
88.6199 	INFO 	Keyboard events cleared
88.6197 	EXP 	image_integrated: autoDraw = False
88.6197 	EXP 	text_congruency: autoDraw = True
88.9712 	EXP 	Device response: <KeyPress from None: t=88.95867033302784, value=p, duration=None>
88.9778 	DATA 	Keypress: p
88.9826 	EXP 	text_congruency: autoDraw = False
88.9826 	EXP 	text_8: autoDraw = True
89.1209 	EXP 	Device response: <KeyPress from None: t=88.95867033302784, value=p, duration=0.15226466697640717>
89.9704 	EXP 	New trial (rep=0, index=20): <Trial 20 (20 in rep 0) data={'scene_stimulus': 'stimuli/TESTscenes/JB_1.jpg', 'scene_cat': 'Jungle', 'scene_label': 'Malbow', 'item_stimulus': 'stimuli/items/undersea_animal_5.png', 'item_cat': 'Undersea', 'item_type': 'animal', 'congruency': 'si', 'integrated_stimulus': 'stimuli/integrated/jungle_b_undersea_animal_5.jpg', 'thisN': 20, 'thisTrialN': 20, 'thisRepN': 0}>
90.0091 	EXP 	text_8: autoDraw = False
90.0091 	EXP 	text_8: autoDraw = False
90.0091 	EXP 	image_integrated: image = 'stimuli/integrated/jungle_b_undersea_animal_5.jpg'
90.0091 	EXP 	image_integrated: autoDraw = True
91.9865 	INFO 	Keyboard events cleared
91.9863 	EXP 	image_integrated: autoDraw = False
91.9863 	EXP 	text_congruency: autoDraw = True
92.9751 	EXP 	text_congruency: autoDraw = False
92.9751 	EXP 	text_congruency: autoDraw = False
92.9751 	EXP 	text_8: autoDraw = True
93.2100 	EXP 	Device response: <KeyPress from None: t=93.205899707973, value=p, duration=None>
93.2154 	DATA 	Keypress: p
93.3376 	EXP 	Device response: <KeyPress from None: t=93.205899707973, value=p, duration=0.12995762506034225>
93.9590 	EXP 	New trial (rep=0, index=21): <Trial 21 (21 in rep 0) data={'scene_stimulus': 'stimuli/TESTscenes/UA_1.jpg', 'scene_cat': 'Undersea', 'scene_label': 'Somar', 'item_stimulus': 'stimuli/items/jungle_animal_19.png', 'item_cat': 'Jungle', 'item_type': 'animal', 'congruency': 'si', 'integrated_stimulus': 'stimuli/integrated/undersea_b_jungle_animal_19.jpg', 'thisN': 21, 'thisTrialN': 21, 'thisRepN': 0}>
93.9984 	EXP 	text_8: autoDraw = False
93.9984 	EXP 	text_8: autoDraw = False
93.9984 	EXP 	image_integrated: image = 'stimuli/integrated/undersea_b_jungle_animal_19.jpg'
93.9984 	EXP 	image_integrated: autoDraw = True
95.9861 	INFO 	Keyboard events cleared
95.9858 	EXP 	image_integrated: autoDraw = False
95.9858 	EXP 	text_congruency: autoDraw = True
96.3598 	EXP 	Device response: <KeyPress from None: t=96.35849116696045, value=p, duration=None>
96.3662 	DATA 	Keypress: p
96.3720 	EXP 	text_congruency: autoDraw = False
96.3720 	EXP 	text_8: autoDraw = True
96.5044 	EXP 	Device response: <KeyPress from None: t=96.35849116696045, value=p, duration=0.14039479102939367>
97.3582 	EXP 	New trial (rep=0, index=22): <Trial 22 (22 in rep 0) data={'scene_stimulus': 'stimuli/TESTscenes/JA_1.jpg', 'scene_cat': 'Jungle', 'scene_label': 'Tulon', 'item_stimulus': 'stimuli/items/undersea_animal_40.png', 'item_cat': 'Undersea', 'item_type': 'animal', 'congruency': 'si', 'integrated_stimulus': 'stimuli/integrated/jungle_b_undersea_animal_40.jpg', 'thisN': 22, 'thisTrialN': 22, 'thisRepN': 0}>
97.3943 	EXP 	text_8: autoDraw = False
97.3943 	EXP 	text_8: autoDraw = False
97.3943 	EXP 	image_integrated: image = 'stimuli/integrated/jungle_b_undersea_animal_40.jpg'
97.3943 	EXP 	image_integrated: autoDraw = True
99.3760 	INFO 	Keyboard events cleared
99.3759 	EXP 	image_integrated: autoDraw = False
99.3759 	EXP 	text_congruency: autoDraw = True
99.8879 	EXP 	Device response: <KeyPress from None: t=99.88339158298913, value=p, duration=None>
99.8949 	DATA 	Keypress: p
99.8999 	EXP 	text_congruency: autoDraw = False
99.8999 	EXP 	text_8: autoDraw = True
100.0541 	EXP 	Device response: <KeyPress from None: t=99.88339158298913, value=p, duration=0.16026854200754315>
100.8868 	EXP 	New trial (rep=0, index=23): <Trial 23 (23 in rep 0) data={'scene_stimulus': 'stimuli/TESTscenes/JB_1.jpg', 'scene_cat': 'Jungle', 'scene_label': 'Malbow', 'item_stimulus': 'stimuli/items/undersea_object_2.png', 'item_cat': 'Undersea', 'item_type': 'object', 'congruency': 'si', 'integrated_stimulus': 'stimuli/integrated/jungle_b_undersea_object_2.jpg', 'thisN': 23, 'thisTrialN': 23, 'thisRepN': 0}>
100.9258 	EXP 	text_8: autoDraw = False
100.9258 	EXP 	text_8: autoDraw = False
100.9258 	EXP 	image_integrated: image = 'stimuli/integrated/jungle_b_undersea_object_2.jpg'
100.9258 	EXP 	image_integrated: autoDraw = True
102.9036 	INFO 	Keyboard events cleared
102.9033 	EXP 	image_integrated: autoDraw = False
102.9033 	EXP 	text_congruency: autoDraw = True
103.5378 	EXP 	Device response: <KeyPress from None: t=103.52635670802556, value=p, duration=None>
103.5452 	DATA 	Keypress: p
103.5502 	EXP 	text_congruency: autoDraw = False
103.5502 	EXP 	text_8: autoDraw = True
103.6926 	EXP 	Device response: <KeyPress from None: t=103.52635670802556, value=p, duration=0.16424516693223268>
104.5366 	EXP 	New trial (rep=0, index=24): <Trial 24 (24 in rep 0) data={'scene_stimulus': 'stimuli/TESTscenes/UA_1.jpg', 'scene_cat': 'Undersea', 'scene_label': 'Somar', 'item_stimulus': 'stimuli/items/jungle_object_8.png', 'item_cat': 'Jungle', 'item_type': 'object', 'congruency': 'si', 'integrated_stimulus': 'stimuli/integrated/undersea_b_jungle_object_8.jpg', 'thisN': 24, 'thisTrialN': 24, 'thisRepN': 0}>
104.5737 	EXP 	text_8: autoDraw = False
104.5737 	EXP 	text_8: autoDraw = False
104.5737 	EXP 	image_integrated: image = 'stimuli/integrated/undersea_b_jungle_object_8.jpg'
104.5737 	EXP 	image_integrated: autoDraw = True
106.5527 	INFO 	Keyboard events cleared
106.5524 	EXP 	image_integrated: autoDraw = False
106.5524 	EXP 	text_congruency: autoDraw = True
106.8548 	EXP 	Device response: <KeyPress from None: t=106.84813708299771, value=p, duration=None>
106.8616 	DATA 	Keypress: p
106.8668 	EXP 	text_congruency: autoDraw = False
106.8668 	EXP 	text_8: autoDraw = True
107.0268 	EXP 	Device response: <KeyPress from None: t=106.84813708299771, value=p, duration=0.17646925000008196>
107.8535 	EXP 	New trial (rep=0, index=25): <Trial 25 (25 in rep 0) data={'scene_stimulus': 'stimuli/TESTscenes/JA_1.jpg', 'scene_cat': 'Jungle', 'scene_label': 'Tulon', 'item_stimulus': 'stimuli/items/undersea_animal_7.png', 'item_cat': 'Undersea', 'item_type': 'animal', 'congruency': 'si', 'integrated_stimulus': 'stimuli/integrated/jungle_a_undersea_animal_7.jpg', 'thisN': 25, 'thisTrialN': 25, 'thisRepN': 0}>
107.8927 	EXP 	text_8: autoDraw = False
107.8927 	EXP 	text_8: autoDraw = False
107.8927 	EXP 	image_integrated: image = 'stimuli/integrated/jungle_a_undersea_animal_7.jpg'
107.8927 	EXP 	image_integrated: autoDraw = True
109.8693 	INFO 	Keyboard events cleared
109.8690 	EXP 	image_integrated: autoDraw = False
109.8690 	EXP 	text_congruency: autoDraw = True
110.2269 	EXP 	Device response: <KeyPress from None: t=110.22415549994912, value=p, duration=None>
110.2333 	DATA 	Keypress: p
110.2390 	EXP 	text_congruency: autoDraw = False
110.2390 	EXP 	text_8: autoDraw = True
110.3756 	EXP 	Device response: <KeyPress from None: t=110.22415549994912, value=p, duration=0.14831866708118469>
111.2258 	EXP 	New trial (rep=0, index=26): <Trial 26 (26 in rep 0) data={'scene_stimulus': 'stimuli/TESTscenes/UB_1.jpg', 'scene_cat': 'Undersea', 'scene_label': 'Negvi', 'item_stimulus': 'stimuli/items/undersea_animal_14.png', 'item_cat': 'Undersea', 'item_type': 'animal', 'congruency': 'sc', 'integrated_stimulus': 'stimuli/integrated/undersea_b_undersea_animal_14.jpg', 'thisN': 26, 'thisTrialN': 26, 'thisRepN': 0}>
111.2634 	EXP 	text_8: autoDraw = False
111.2634 	EXP 	text_8: autoDraw = False
111.2634 	EXP 	image_integrated: image = 'stimuli/integrated/undersea_b_undersea_animal_14.jpg'
111.2634 	EXP 	image_integrated: autoDraw = True
113.2416 	INFO 	Keyboard events cleared
113.2414 	EXP 	image_integrated: autoDraw = False
113.2414 	EXP 	text_congruency: autoDraw = True
113.5040 	EXP 	Device response: <KeyPress from None: t=113.50194762495812, value=p, duration=None>
113.5108 	DATA 	Keypress: p
113.5158 	EXP 	text_congruency: autoDraw = False
113.5158 	EXP 	text_8: autoDraw = True
113.6710 	EXP 	Device response: <KeyPress from None: t=113.50194762495812, value=p, duration=0.16444666706956923>
114.5035 	EXP 	New trial (rep=0, index=27): <Trial 27 (27 in rep 0) data={'scene_stimulus': 'stimuli/TESTscenes/JB_1.jpg', 'scene_cat': 'Jungle', 'scene_label': 'Malbow', 'item_stimulus': 'stimuli/items/jungle_animal_41.png', 'item_cat': 'Jungle', 'item_type': 'animal', 'congruency': 'sc', 'integrated_stimulus': 'stimuli/integrated/jungle_b_jungle_animal_41.jpg', 'thisN': 27, 'thisTrialN': 27, 'thisRepN': 0}>
114.5403 	EXP 	text_8: autoDraw = False
114.5403 	EXP 	text_8: autoDraw = False
114.5403 	EXP 	image_integrated: image = 'stimuli/integrated/jungle_b_jungle_animal_41.jpg'
114.5403 	EXP 	image_integrated: autoDraw = True
116.5194 	INFO 	Keyboard events cleared
116.5191 	EXP 	image_integrated: autoDraw = False
116.5191 	EXP 	text_congruency: autoDraw = True
116.8869 	EXP 	Device response: <KeyPress from None: t=116.88001762505155, value=p, duration=None>
116.8931 	DATA 	Keypress: p
116.8980 	EXP 	text_congruency: autoDraw = False
116.8980 	EXP 	text_8: autoDraw = True
117.0265 	EXP 	Device response: <KeyPress from None: t=116.88001762505155, value=p, duration=0.14021979190874845>
117.8866 	EXP 	New trial (rep=0, index=28): <Trial 28 (28 in rep 0) data={'scene_stimulus': 'stimuli/TESTscenes/JA_1.jpg', 'scene_cat': 'Jungle', 'scene_label': 'Tulon', 'item_stimulus': 'stimuli/items/jungle_animal_28.png', 'item_cat': 'Jungle', 'item_type': 'animal', 'congruency': 'sc', 'integrated_stimulus': 'stimuli/integrated/jungle_b_jungle_animal_28.jpg', 'thisN': 28, 'thisTrialN': 28, 'thisRepN': 0}>
117.9240 	EXP 	text_8: autoDraw = False
117.9240 	EXP 	text_8: autoDraw = False
117.9240 	EXP 	image_integrated: image = 'stimuli/integrated/jungle_b_jungle_animal_28.jpg'
117.9240 	EXP 	image_integrated: autoDraw = True
119.9027 	INFO 	Keyboard events cleared
119.9024 	EXP 	image_integrated: autoDraw = False
119.9024 	EXP 	text_congruency: autoDraw = True
120.2545 	EXP 	Device response: <KeyPress from None: t=120.24279516702518, value=q, duration=None>
120.2615 	DATA 	Keypress: q
120.2666 	EXP 	text_congruency: autoDraw = False
120.2666 	EXP 	text_8: autoDraw = True
120.3706 	EXP 	Device response: <KeyPress from None: t=120.24279516702518, value=q, duration=0.12040983291808516>
121.2536 	EXP 	New trial (rep=0, index=29): <Trial 29 (29 in rep 0) data={'scene_stimulus': 'stimuli/TESTscenes/UA_1.jpg', 'scene_cat': 'Undersea', 'scene_label': 'Somar', 'item_stimulus': 'stimuli/items/undersea_animal_17.png', 'item_cat': 'Undersea', 'item_type': 'animal', 'congruency': 'sc', 'integrated_stimulus': 'stimuli/integrated/undersea_a_undersea_animal_17.jpg', 'thisN': 29, 'thisTrialN': 29, 'thisRepN': 0}>
121.2938 	EXP 	text_8: autoDraw = False
121.2938 	EXP 	text_8: autoDraw = False
121.2938 	EXP 	image_integrated: image = 'stimuli/integrated/undersea_a_undersea_animal_17.jpg'
121.2938 	EXP 	image_integrated: autoDraw = True
123.2692 	INFO 	Keyboard events cleared
123.2689 	EXP 	image_integrated: autoDraw = False
123.2689 	EXP 	text_congruency: autoDraw = True
123.7428 	EXP 	Device response: <KeyPress from None: t=123.737716582953, value=q, duration=None>
123.7494 	DATA 	Keypress: q
123.7553 	EXP 	text_congruency: autoDraw = False
123.7553 	EXP 	text_8: autoDraw = True
123.9044 	EXP 	Device response: <KeyPress from None: t=123.737716582953, value=q, duration=0.16433350008446723>
124.7424 	EXP 	New trial (rep=0, index=30): <Trial 30 (30 in rep 0) data={'scene_stimulus': 'stimuli/TESTscenes/JA_1.jpg', 'scene_cat': 'Jungle', 'scene_label': 'Tulon', 'item_stimulus': 'stimuli/items/jungle_object_18.png', 'item_cat': 'Jungle', 'item_type': 'object', 'congruency': 'sc', 'integrated_stimulus': 'stimuli/integrated/jungle_a_jungle_object_18.jpg', 'thisN': 30, 'thisTrialN': 30, 'thisRepN': 0}>
124.7798 	EXP 	text_8: autoDraw = False
124.7798 	EXP 	text_8: autoDraw = False
124.7798 	EXP 	image_integrated: image = 'stimuli/integrated/jungle_a_jungle_object_18.jpg'
124.7798 	EXP 	image_integrated: autoDraw = True
126.7589 	INFO 	Keyboard events cleared
126.7587 	EXP 	image_integrated: autoDraw = False
126.7587 	EXP 	text_congruency: autoDraw = True
127.5709 	EXP 	Device response: <KeyPress from None: t=127.5606417079689, value=q, duration=None>
127.5777 	DATA 	Keypress: q
127.5829 	EXP 	text_congruency: autoDraw = False
127.5829 	EXP 	text_8: autoDraw = True
127.7038 	EXP 	Device response: <KeyPress from None: t=127.5606417079689, value=q, duration=0.1323844169965014>
128.5696 	EXP 	New trial (rep=0, index=31): <Trial 31 (31 in rep 0) data={'scene_stimulus': 'stimuli/TESTscenes/JB_1.jpg', 'scene_cat': 'Jungle', 'scene_label': 'Malbow', 'item_stimulus': 'stimuli/items/undersea_object_24.png', 'item_cat': 'Undersea', 'item_type': 'object', 'congruency': 'si', 'integrated_stimulus': 'stimuli/integrated/jungle_b_undersea_object_24.jpg', 'thisN': 31, 'thisTrialN': 31, 'thisRepN': 0}>
128.6066 	EXP 	text_8: autoDraw = False
128.6066 	EXP 	text_8: autoDraw = False
128.6066 	EXP 	image_integrated: image = 'stimuli/integrated/jungle_b_undersea_object_24.jpg'
128.6066 	EXP 	image_integrated: autoDraw = True
130.5861 	INFO 	Keyboard events cleared
130.5859 	EXP 	image_integrated: autoDraw = False
130.5859 	EXP 	text_congruency: autoDraw = True
131.0206 	EXP 	Device response: <KeyPress from None: t=131.0176252919482, value=q, duration=None>
131.0272 	DATA 	Keypress: q
131.0322 	EXP 	text_congruency: autoDraw = False
131.0322 	EXP 	text_8: autoDraw = True
131.1418 	EXP 	Device response: <KeyPress from None: t=131.0176252919482, value=q, duration=0.12029566604178399>
132.0198 	EXP 	New trial (rep=0, index=32): <Trial 32 (32 in rep 0) data={'scene_stimulus': 'stimuli/TESTscenes/JA_1.jpg', 'scene_cat': 'Jungle', 'scene_label': 'Tulon', 'item_stimulus': 'stimuli/items/jungle_animal_25.png', 'item_cat': 'Jungle', 'item_type': 'animal', 'congruency': 'sc', 'integrated_stimulus': 'stimuli/integrated/jungle_a_jungle_animal_25.jpg', 'thisN': 32, 'thisTrialN': 32, 'thisRepN': 0}>
132.0577 	EXP 	text_8: autoDraw = False
132.0577 	EXP 	text_8: autoDraw = False
132.0577 	EXP 	image_integrated: image = 'stimuli/integrated/jungle_a_jungle_animal_25.jpg'
132.0577 	EXP 	image_integrated: autoDraw = True
134.0359 	INFO 	Keyboard events cleared
134.0356 	EXP 	image_integrated: autoDraw = False
134.0356 	EXP 	text_congruency: autoDraw = True
134.3588 	EXP 	Device response: <KeyPress from None: t=134.35754899994936, value=q, duration=None>
134.3647 	DATA 	Keypress: q
134.3713 	EXP 	text_congruency: autoDraw = False
134.3713 	EXP 	text_8: autoDraw = True
134.5209 	EXP 	Device response: <KeyPress from None: t=134.35754899994936, value=q, duration=0.15632733306847513>
135.3581 	EXP 	New trial (rep=0, index=33): <Trial 33 (33 in rep 0) data={'scene_stimulus': 'stimuli/TESTscenes/JB_1.jpg', 'scene_cat': 'Jungle', 'scene_label': 'Malbow', 'item_stimulus': 'stimuli/items/undersea_object_4.png', 'item_cat': 'Undersea', 'item_type': 'object', 'congruency': 'si', 'integrated_stimulus': 'stimuli/integrated/jungle_a_undersea_object_4.jpg', 'thisN': 33, 'thisTrialN': 33, 'thisRepN': 0}>
135.3937 	EXP 	text_8: autoDraw = False
135.3937 	EXP 	text_8: autoDraw = False
135.3937 	EXP 	image_integrated: image = 'stimuli/integrated/jungle_a_undersea_object_4.jpg'
135.3937 	EXP 	image_integrated: autoDraw = True
137.3755 	INFO 	Keyboard events cleared
137.3753 	EXP 	image_integrated: autoDraw = False
137.3753 	EXP 	text_congruency: autoDraw = True
137.7875 	EXP 	Device response: <KeyPress from None: t=137.7793917079689, value=q, duration=None>
137.7941 	DATA 	Keypress: q
137.7990 	EXP 	text_congruency: autoDraw = False
137.7990 	EXP 	text_8: autoDraw = True
137.9369 	EXP 	Device response: <KeyPress from None: t=137.7793917079689, value=q, duration=0.15236887498758733>
138.7865 	EXP 	New trial (rep=0, index=34): <Trial 34 (34 in rep 0) data={'scene_stimulus': 'stimuli/TESTscenes/UB_1.jpg', 'scene_cat': 'Undersea', 'scene_label': 'Negvi', 'item_stimulus': 'stimuli/items/undersea_animal_34.png', 'item_cat': 'Undersea', 'item_type': 'animal', 'congruency': 'sc', 'integrated_stimulus': 'stimuli/integrated/undersea_b_undersea_animal_34.jpg', 'thisN': 34, 'thisTrialN': 34, 'thisRepN': 0}>
138.8236 	EXP 	text_8: autoDraw = False
138.8236 	EXP 	text_8: autoDraw = False
138.8236 	EXP 	image_integrated: image = 'stimuli/integrated/undersea_b_undersea_animal_34.jpg'
138.8236 	EXP 	image_integrated: autoDraw = True
140.8025 	INFO 	Keyboard events cleared
140.8022 	EXP 	image_integrated: autoDraw = False
140.8022 	EXP 	text_congruency: autoDraw = True
141.3097 	EXP 	Device response: <KeyPress from None: t=141.30537175002974, value=q, duration=None>
141.3158 	DATA 	Keypress: q
141.3219 	EXP 	text_congruency: autoDraw = False
141.3219 	EXP 	text_8: autoDraw = True
141.4426 	EXP 	Device response: <KeyPress from None: t=141.30537175002974, value=q, duration=0.1322983750142157>
142.3090 	EXP 	New trial (rep=0, index=35): <Trial 35 (35 in rep 0) data={'scene_stimulus': 'stimuli/TESTscenes/JB_1.jpg', 'scene_cat': 'Jungle', 'scene_label': 'Malbow', 'item_stimulus': 'stimuli/items/jungle_object_7.png', 'item_cat': 'Jungle', 'item_type': 'object', 'congruency': 'sc', 'integrated_stimulus': 'stimuli/integrated/jungle_a_jungle_object_7.jpg', 'thisN': 35, 'thisTrialN': 35, 'thisRepN': 0}>
142.3455 	EXP 	text_8: autoDraw = False
142.3455 	EXP 	text_8: autoDraw = False
142.3455 	EXP 	image_integrated: image = 'stimuli/integrated/jungle_a_jungle_object_7.jpg'
142.3455 	EXP 	image_integrated: autoDraw = True
144.3248 	INFO 	Keyboard events cleared
144.3246 	EXP 	image_integrated: autoDraw = False
144.3246 	EXP 	text_congruency: autoDraw = True
144.8535 	EXP 	Device response: <KeyPress from None: t=144.85220620804466, value=q, duration=None>
144.8597 	DATA 	Keypress: q
144.8646 	EXP 	text_congruency: autoDraw = False
144.8646 	EXP 	text_8: autoDraw = True
145.0036 	EXP 	Device response: <KeyPress from None: t=144.85220620804466, value=q, duration=0.1483778749825433>
145.8531 	EXP 	New trial (rep=0, index=36): <Trial 36 (36 in rep 0) data={'scene_stimulus': 'stimuli/TESTscenes/UA_1.jpg', 'scene_cat': 'Undersea', 'scene_label': 'Somar', 'item_stimulus': 'stimuli/items/jungle_animal_3.png', 'item_cat': 'Jungle', 'item_type': 'animal', 'congruency': 'si', 'integrated_stimulus': 'stimuli/integrated/undersea_a_jungle_animal_3.jpg', 'thisN': 36, 'thisTrialN': 36, 'thisRepN': 0}>
145.8903 	EXP 	text_8: autoDraw = False
145.8903 	EXP 	text_8: autoDraw = False
145.8903 	EXP 	image_integrated: image = 'stimuli/integrated/undersea_a_jungle_animal_3.jpg'
145.8903 	EXP 	image_integrated: autoDraw = True
147.8691 	INFO 	Keyboard events cleared
147.8688 	EXP 	image_integrated: autoDraw = False
147.8688 	EXP 	text_congruency: autoDraw = True
148.8580 	EXP 	text_congruency: autoDraw = False
148.8580 	EXP 	text_congruency: autoDraw = False
148.8580 	EXP 	text_8: autoDraw = True
148.9703 	EXP 	Device response: <KeyPress from None: t=148.9681250420399, value=q, duration=None>
148.9764 	DATA 	Keypress: q
149.0925 	EXP 	Device response: <KeyPress from None: t=148.9681250420399, value=q, duration=0.12068587495014071>
149.8422 	EXP 	New trial (rep=0, index=37): <Trial 37 (37 in rep 0) data={'scene_stimulus': 'stimuli/TESTscenes/UB_1.jpg', 'scene_cat': 'Undersea', 'scene_label': 'Negvi', 'item_stimulus': 'stimuli/items/jungle_animal_18.png', 'item_cat': 'Jungle', 'item_type': 'animal', 'congruency': 'si', 'integrated_stimulus': 'stimuli/integrated/undersea_b_jungle_animal_18.jpg', 'thisN': 37, 'thisTrialN': 37, 'thisRepN': 0}>
149.8783 	EXP 	text_8: autoDraw = False
149.8783 	EXP 	text_8: autoDraw = False
149.8783 	EXP 	image_integrated: image = 'stimuli/integrated/undersea_b_jungle_animal_18.jpg'
149.8783 	EXP 	image_integrated: autoDraw = True
151.8688 	INFO 	Keyboard events cleared
151.8687 	EXP 	image_integrated: autoDraw = False
151.8687 	EXP 	text_congruency: autoDraw = True
152.4430 	EXP 	Device response: <KeyPress from None: t=152.4370187500026, value=q, duration=None>
152.4493 	DATA 	Keypress: q
152.4552 	EXP 	text_congruency: autoDraw = False
152.4552 	EXP 	text_8: autoDraw = True
152.5541 	EXP 	Device response: <KeyPress from None: t=152.4370187500026, value=q, duration=0.1123490419704467>
153.4411 	EXP 	New trial (rep=0, index=38): <Trial 38 (38 in rep 0) data={'scene_stimulus': 'stimuli/TESTscenes/UA_1.jpg', 'scene_cat': 'Undersea', 'scene_label': 'Somar', 'item_stimulus': 'stimuli/items/undersea_animal_22.png', 'item_cat': 'Undersea', 'item_type': 'animal', 'congruency': 'sc', 'integrated_stimulus': 'stimuli/integrated/undersea_b_undersea_animal_22.jpg', 'thisN': 38, 'thisTrialN': 38, 'thisRepN': 0}>
153.4767 	EXP 	text_8: autoDraw = False
153.4767 	EXP 	text_8: autoDraw = False
153.4767 	EXP 	image_integrated: image = 'stimuli/integrated/undersea_b_undersea_animal_22.jpg'
153.4767 	EXP 	image_integrated: autoDraw = True
155.4580 	INFO 	Keyboard events cleared
155.4578 	EXP 	image_integrated: autoDraw = False
155.4578 	EXP 	text_congruency: autoDraw = True
156.4428 	EXP 	Device response: <KeyPress from None: t=156.43696762504987, value=q, duration=None>
156.4486 	DATA 	Keypress: q
156.4544 	EXP 	text_congruency: autoDraw = False
156.4544 	EXP 	text_congruency: autoDraw = False
156.4544 	EXP 	text_8: autoDraw = True
156.5875 	EXP 	Device response: <KeyPress from None: t=156.43696762504987, value=q, duration=0.14824945793952793>
157.4421 	EXP 	New trial (rep=0, index=39): <Trial 39 (39 in rep 0) data={'scene_stimulus': 'stimuli/TESTscenes/UB_1.jpg', 'scene_cat': 'Undersea', 'scene_label': 'Negvi', 'item_stimulus': 'stimuli/items/jungle_animal_42.png', 'item_cat': 'Jungle', 'item_type': 'animal', 'congruency': 'si', 'integrated_stimulus': 'stimuli/integrated/undersea_a_jungle_animal_42.jpg', 'thisN': 39, 'thisTrialN': 39, 'thisRepN': 0}>
157.4784 	EXP 	text_8: autoDraw = False
157.4784 	EXP 	text_8: autoDraw = False
157.4784 	EXP 	image_integrated: image = 'stimuli/integrated/undersea_a_jungle_animal_42.jpg'
157.4784 	EXP 	image_integrated: autoDraw = True
159.4588 	INFO 	Keyboard events cleared
159.4587 	EXP 	image_integrated: autoDraw = False
159.4587 	EXP 	text_congruency: autoDraw = True
160.4580 	EXP 	text_congruency: autoDraw = False
160.4580 	EXP 	text_8: autoDraw = True
161.4415 	EXP 	New trial (rep=0, index=40): <Trial 40 (40 in rep 0) data={'scene_stimulus': 'stimuli/TESTscenes/JA_1.jpg', 'scene_cat': 'Jungle', 'scene_label': 'Tulon', 'item_stimulus': 'stimuli/items/undersea_animal_38.png', 'item_cat': 'Undersea', 'item_type': 'animal', 'congruency': 'si', 'integrated_stimulus': 'stimuli/integrated/jungle_a_undersea_animal_38.jpg', 'thisN': 40, 'thisTrialN': 40, 'thisRepN': 0}>
161.4770 	EXP 	text_8: autoDraw = False
161.4770 	EXP 	text_8: autoDraw = False
161.4770 	EXP 	image_integrated: image = 'stimuli/integrated/jungle_a_undersea_animal_38.jpg'
161.4770 	EXP 	image_integrated: autoDraw = True
163.4585 	INFO 	Keyboard events cleared
163.4583 	EXP 	image_integrated: autoDraw = False
163.4583 	EXP 	text_congruency: autoDraw = True
163.8036 	EXP 	Device response: <KeyPress from None: t=163.7946462079417, value=q, duration=None>
163.8099 	DATA 	Keypress: q
163.8149 	EXP 	text_congruency: autoDraw = False
163.8149 	EXP 	text_8: autoDraw = True
163.9374 	EXP 	Device response: <KeyPress from None: t=163.7946462079417, value=q, duration=0.13406012509949505>
164.8031 	EXP 	New trial (rep=0, index=41): <Trial 41 (41 in rep 0) data={'scene_stimulus': 'stimuli/TESTscenes/UA_1.jpg', 'scene_cat': 'Undersea', 'scene_label': 'Somar', 'item_stimulus': 'stimuli/items/jungle_animal_45.png', 'item_cat': 'Jungle', 'item_type': 'animal', 'congruency': 'si', 'integrated_stimulus': 'stimuli/integrated/undersea_a_jungle_animal_45.jpg', 'thisN': 41, 'thisTrialN': 41, 'thisRepN': 0}>
164.8406 	EXP 	text_8: autoDraw = False
164.8406 	EXP 	text_8: autoDraw = False
164.8406 	EXP 	image_integrated: image = 'stimuli/integrated/undersea_a_jungle_animal_45.jpg'
164.8406 	EXP 	image_integrated: autoDraw = True
166.8188 	INFO 	Keyboard events cleared
166.8186 	EXP 	image_integrated: autoDraw = False
166.8186 	EXP 	text_congruency: autoDraw = True
167.3760 	EXP 	Device response: <KeyPress from None: t=167.37426225002855, value=q, duration=None>
167.3819 	DATA 	Keypress: q
167.3880 	EXP 	text_congruency: autoDraw = False
167.3880 	EXP 	text_8: autoDraw = True
167.5092 	EXP 	Device response: <KeyPress from None: t=167.37426225002855, value=q, duration=0.13244416692759842>
168.3749 	EXP 	New trial (rep=0, index=42): <Trial 42 (42 in rep 0) data={'scene_stimulus': 'stimuli/TESTscenes/JB_1.jpg', 'scene_cat': 'Jungle', 'scene_label': 'Malbow', 'item_stimulus': 'stimuli/items/undersea_animal_36.png', 'item_cat': 'Undersea', 'item_type': 'animal', 'congruency': 'si', 'integrated_stimulus': 'stimuli/integrated/jungle_a_undersea_animal_36.jpg', 'thisN': 42, 'thisTrialN': 42, 'thisRepN': 0}>
168.4094 	EXP 	text_8: autoDraw = False
168.4094 	EXP 	text_8: autoDraw = False
168.4094 	EXP 	image_integrated: image = 'stimuli/integrated/jungle_a_undersea_animal_36.jpg'
168.4094 	EXP 	image_integrated: autoDraw = True
170.3915 	INFO 	Keyboard events cleared
170.3913 	EXP 	image_integrated: autoDraw = False
170.3913 	EXP 	text_congruency: autoDraw = True
170.9757 	EXP 	Device response: <KeyPress from None: t=170.9701875000028, value=q, duration=None>
170.9816 	DATA 	Keypress: q
170.9880 	EXP 	text_congruency: autoDraw = False
170.9880 	EXP 	text_8: autoDraw = True
171.1035 	EXP 	Device response: <KeyPress from None: t=170.9701875000028, value=q, duration=0.12832899997010827>
171.9754 	EXP 	New trial (rep=0, index=43): <Trial 43 (43 in rep 0) data={'scene_stimulus': 'stimuli/TESTscenes/JA_1.jpg', 'scene_cat': 'Jungle', 'scene_label': 'Tulon', 'item_stimulus': 'stimuli/items/jungle_object_31.png', 'item_cat': 'Jungle', 'item_type': 'object', 'congruency': 'sc', 'integrated_stimulus': 'stimuli/integrated/jungle_b_jungle_object_31.jpg', 'thisN': 43, 'thisTrialN': 43, 'thisRepN': 0}>
172.0127 	EXP 	text_8: autoDraw = False
172.0127 	EXP 	text_8: autoDraw = False
172.0127 	EXP 	image_integrated: image = 'stimuli/integrated/jungle_b_jungle_object_31.jpg'
172.0127 	EXP 	image_integrated: autoDraw = True
173.9919 	INFO 	Keyboard events cleared
173.9918 	EXP 	image_integrated: autoDraw = False
173.9918 	EXP 	text_congruency: autoDraw = True
174.6372 	EXP 	Device response: <KeyPress from None: t=174.62554499995895, value=q, duration=None>
174.6438 	DATA 	Keypress: q
174.6487 	EXP 	text_congruency: autoDraw = False
174.6487 	EXP 	text_8: autoDraw = True
174.7539 	EXP 	Device response: <KeyPress from None: t=174.62554499995895, value=q, duration=0.11576537508517504>
175.6361 	EXP 	New trial (rep=0, index=44): <Trial 44 (44 in rep 0) data={'scene_stimulus': 'stimuli/TESTscenes/UB_1.jpg', 'scene_cat': 'Undersea', 'scene_label': 'Negvi', 'item_stimulus': 'stimuli/items/jungle_animal_36.png', 'item_cat': 'Jungle', 'item_type': 'animal', 'congruency': 'si', 'integrated_stimulus': 'stimuli/integrated/undersea_b_jungle_animal_36.jpg', 'thisN': 44, 'thisTrialN': 44, 'thisRepN': 0}>
175.6733 	EXP 	text_8: autoDraw = False
175.6733 	EXP 	text_8: autoDraw = False
175.6733 	EXP 	image_integrated: image = 'stimuli/integrated/undersea_b_jungle_animal_36.jpg'
175.6733 	EXP 	image_integrated: autoDraw = True
177.6520 	INFO 	Keyboard events cleared
177.6518 	EXP 	image_integrated: autoDraw = False
177.6518 	EXP 	text_congruency: autoDraw = True
178.0705 	EXP 	Device response: <KeyPress from None: t=178.0640582080232, value=q, duration=None>
178.0772 	DATA 	Keypress: q
178.0823 	EXP 	text_congruency: autoDraw = False
178.0823 	EXP 	text_8: autoDraw = True
178.2198 	EXP 	Device response: <KeyPress from None: t=178.0640582080232, value=q, duration=0.14828308392316103>
179.0695 	EXP 	New trial (rep=0, index=45): <Trial 45 (45 in rep 0) data={'scene_stimulus': 'stimuli/TESTscenes/UA_1.jpg', 'scene_cat': 'Undersea', 'scene_label': 'Somar', 'item_stimulus': 'stimuli/items/undersea_animal_3.png', 'item_cat': 'Undersea', 'item_type': 'animal', 'congruency': 'sc', 'integrated_stimulus': 'stimuli/integrated/undersea_b_undersea_animal_3.jpg', 'thisN': 45, 'thisTrialN': 45, 'thisRepN': 0}>
179.1096 	EXP 	text_8: autoDraw = False
179.1096 	EXP 	text_8: autoDraw = False
179.1096 	EXP 	image_integrated: image = 'stimuli/integrated/undersea_b_undersea_animal_3.jpg'
179.1096 	EXP 	image_integrated: autoDraw = True
181.0854 	INFO 	Keyboard events cleared
181.0851 	EXP 	image_integrated: autoDraw = False
181.0851 	EXP 	text_congruency: autoDraw = True
181.3539 	EXP 	Device response: <KeyPress from None: t=181.3508345830487, value=q, duration=None>
181.3609 	DATA 	Keypress: q
181.3659 	EXP 	text_congruency: autoDraw = False
181.3659 	EXP 	text_8: autoDraw = True
181.4871 	EXP 	Device response: <KeyPress from None: t=181.3508345830487, value=q, duration=0.12435545900370926>
182.3531 	EXP 	New trial (rep=0, index=46): <Trial 46 (46 in rep 0) data={'scene_stimulus': 'stimuli/TESTscenes/UB_1.jpg', 'scene_cat': 'Undersea', 'scene_label': 'Negvi', 'item_stimulus': 'stimuli/items/jungle_object_25.png', 'item_cat': 'Jungle', 'item_type': 'object', 'congruency': 'si', 'integrated_stimulus': 'stimuli/integrated/undersea_a_jungle_object_25.jpg', 'thisN': 46, 'thisTrialN': 46, 'thisRepN': 0}>
182.3919 	EXP 	text_8: autoDraw = False
182.3919 	EXP 	text_8: autoDraw = False
182.3919 	EXP 	image_integrated: image = 'stimuli/integrated/undersea_a_jungle_object_25.jpg'
182.3919 	EXP 	image_integrated: autoDraw = True
184.3688 	INFO 	Keyboard events cleared
184.3684 	EXP 	image_integrated: autoDraw = False
184.3684 	EXP 	text_congruency: autoDraw = True
184.7091 	EXP 	Device response: <KeyPress from None: t=184.7037114580162, value=q, duration=None>
184.7159 	DATA 	Keypress: q
184.7218 	EXP 	text_congruency: autoDraw = False
184.7218 	EXP 	text_8: autoDraw = True
184.8537 	EXP 	Device response: <KeyPress from None: t=184.7037114580162, value=q, duration=0.1483880840241909>
185.7091 	EXP 	New trial (rep=0, index=47): <Trial 47 (47 in rep 0) data={'scene_stimulus': 'stimuli/TESTscenes/JA_1.jpg', 'scene_cat': 'Jungle', 'scene_label': 'Tulon', 'item_stimulus': 'stimuli/items/undersea_object_25.png', 'item_cat': 'Undersea', 'item_type': 'object', 'congruency': 'si', 'integrated_stimulus': 'stimuli/integrated/jungle_a_undersea_object_25.jpg', 'thisN': 47, 'thisTrialN': 47, 'thisRepN': 0}>
185.7458 	EXP 	text_8: autoDraw = False
185.7458 	EXP 	text_8: autoDraw = False
185.7458 	EXP 	image_integrated: image = 'stimuli/integrated/jungle_a_undersea_object_25.jpg'
185.7458 	EXP 	image_integrated: autoDraw = True
187.7249 	INFO 	Keyboard events cleared
187.7247 	EXP 	image_integrated: autoDraw = False
187.7247 	EXP 	text_congruency: autoDraw = True
188.1200 	EXP 	Device response: <KeyPress from None: t=188.11577358294744, value=q, duration=None>
188.1271 	DATA 	Keypress: q
188.1322 	EXP 	text_congruency: autoDraw = False
188.1322 	EXP 	text_8: autoDraw = True
188.2868 	EXP 	Device response: <KeyPress from None: t=188.11577358294744, value=q, duration=0.1644525839947164>
189.1192 	EXP 	New trial (rep=0, index=48): <Trial 48 (48 in rep 0) data={'scene_stimulus': 'stimuli/TESTscenes/UB_1.jpg', 'scene_cat': 'Undersea', 'scene_label': 'Negvi', 'item_stimulus': 'stimuli/items/jungle_object_24.png', 'item_cat': 'Jungle', 'item_type': 'object', 'congruency': 'si', 'integrated_stimulus': 'stimuli/integrated/undersea_a_jungle_object_24.jpg', 'thisN': 48, 'thisTrialN': 48, 'thisRepN': 0}>
189.1564 	EXP 	text_8: autoDraw = False
189.1564 	EXP 	text_8: autoDraw = False
189.1564 	EXP 	image_integrated: image = 'stimuli/integrated/undersea_a_jungle_object_24.jpg'
189.1564 	EXP 	image_integrated: autoDraw = True
191.1355 	INFO 	Keyboard events cleared
191.1352 	EXP 	image_integrated: autoDraw = False
191.1352 	EXP 	text_congruency: autoDraw = True
191.5200 	EXP 	Device response: <KeyPress from None: t=191.51565916696563, value=q, duration=None>
191.5269 	DATA 	Keypress: q
191.5321 	EXP 	text_congruency: autoDraw = False
191.5321 	EXP 	text_8: autoDraw = True
191.6699 	EXP 	Device response: <KeyPress from None: t=191.51565916696563, value=q, duration=0.15233179100323468>
192.5193 	EXP 	New trial (rep=0, index=49): <Trial 49 (49 in rep 0) data={'scene_stimulus': 'stimuli/TESTscenes/JA_1.jpg', 'scene_cat': 'Jungle', 'scene_label': 'Tulon', 'item_stimulus': 'stimuli/items/undersea_animal_2.png', 'item_cat': 'Undersea', 'item_type': 'animal', 'congruency': 'si', 'integrated_stimulus': 'stimuli/integrated/jungle_a_undersea_animal_2.jpg', 'thisN': 49, 'thisTrialN': 49, 'thisRepN': 0}>
192.5564 	EXP 	text_8: autoDraw = False
192.5564 	EXP 	text_8: autoDraw = False
192.5564 	EXP 	image_integrated: image = 'stimuli/integrated/jungle_a_undersea_animal_2.jpg'
192.5564 	EXP 	image_integrated: autoDraw = True
194.5352 	INFO 	Keyboard events cleared
194.5350 	EXP 	image_integrated: autoDraw = False
194.5350 	EXP 	text_congruency: autoDraw = True
195.1098 	EXP 	Device response: <KeyPress from None: t=195.10258449998219, value=q, duration=None>
195.1166 	DATA 	Keypress: q
195.1218 	EXP 	text_congruency: autoDraw = False
195.1218 	EXP 	text_8: autoDraw = True
195.2534 	EXP 	Device response: <KeyPress from None: t=195.10258449998219, value=q, duration=0.14026925002690405>
196.1080 	EXP 	New trial (rep=0, index=50): <Trial 50 (50 in rep 0) data={'scene_stimulus': 'stimuli/TESTscenes/UB_1.jpg', 'scene_cat': 'Undersea', 'scene_label': 'Negvi', 'item_stimulus': 'stimuli/items/undersea_object_1.png', 'item_cat': 'Undersea', 'item_type': 'object', 'congruency': 'sc', 'integrated_stimulus': 'stimuli/integrated/undersea_a_undersea_object_1.jpg', 'thisN': 50, 'thisTrialN': 50, 'thisRepN': 0}>
196.1452 	EXP 	text_8: autoDraw = False
196.1452 	EXP 	text_8: autoDraw = False
196.1452 	EXP 	image_integrated: image = 'stimuli/integrated/undersea_a_undersea_object_1.jpg'
196.1452 	EXP 	image_integrated: autoDraw = True
198.1251 	INFO 	Keyboard events cleared
198.1249 	EXP 	image_integrated: autoDraw = False
198.1249 	EXP 	text_congruency: autoDraw = True
198.5266 	EXP 	Device response: <KeyPress from None: t=198.5194667079486, value=q, duration=None>
198.5329 	DATA 	Keypress: q
198.5380 	EXP 	text_congruency: autoDraw = False
198.5380 	EXP 	text_8: autoDraw = True
198.6533 	EXP 	Device response: <KeyPress from None: t=198.5194667079486, value=q, duration=0.12430695910006762>
199.5251 	EXP 	New trial (rep=0, index=51): <Trial 51 (51 in rep 0) data={'scene_stimulus': 'stimuli/TESTscenes/UA_1.jpg', 'scene_cat': 'Undersea', 'scene_label': 'Somar', 'item_stimulus': 'stimuli/items/jungle_object_32.png', 'item_cat': 'Jungle', 'item_type': 'object', 'congruency': 'si', 'integrated_stimulus': 'stimuli/integrated/undersea_a_jungle_object_32.jpg', 'thisN': 51, 'thisTrialN': 51, 'thisRepN': 0}>
199.5648 	EXP 	text_8: autoDraw = False
199.5648 	EXP 	text_8: autoDraw = False
199.5648 	EXP 	image_integrated: image = 'stimuli/integrated/undersea_a_jungle_object_32.jpg'
199.5648 	EXP 	image_integrated: autoDraw = True
201.5427 	INFO 	Keyboard events cleared
201.5425 	EXP 	image_integrated: autoDraw = False
201.5425 	EXP 	text_congruency: autoDraw = True
202.1035 	EXP 	Device response: <KeyPress from None: t=202.1013436249923, value=q, duration=None>
202.1100 	DATA 	Keypress: q
202.1149 	EXP 	text_congruency: autoDraw = False
202.1149 	EXP 	text_8: autoDraw = True
202.2537 	EXP 	Device response: <KeyPress from None: t=202.1013436249923, value=q, duration=0.14432425005361438>
203.1030 	EXP 	New trial (rep=0, index=52): <Trial 52 (52 in rep 0) data={'scene_stimulus': 'stimuli/TESTscenes/JA_1.jpg', 'scene_cat': 'Jungle', 'scene_label': 'Tulon', 'item_stimulus': 'stimuli/items/undersea_object_3.png', 'item_cat': 'Undersea', 'item_type': 'object', 'congruency': 'si', 'integrated_stimulus': 'stimuli/integrated/jungle_a_undersea_object_3.jpg', 'thisN': 52, 'thisTrialN': 52, 'thisRepN': 0}>
203.1397 	EXP 	text_8: autoDraw = False
203.1397 	EXP 	text_8: autoDraw = False
203.1397 	EXP 	image_integrated: image = 'stimuli/integrated/jungle_a_undersea_object_3.jpg'
203.1397 	EXP 	image_integrated: autoDraw = True
205.1185 	INFO 	Keyboard events cleared
205.1184 	EXP 	image_integrated: autoDraw = False
205.1184 	EXP 	text_congruency: autoDraw = True
206.1073 	EXP 	text_congruency: autoDraw = False
206.1073 	EXP 	text_congruency: autoDraw = False
206.1073 	EXP 	text_8: autoDraw = True
206.8700 	EXP 	Device response: <KeyPress from None: t=206.86239020794164, value=q, duration=None>
206.8756 	DATA 	Keypress: q
206.9700 	EXP 	Device response: <KeyPress from None: t=206.86239020794164, value=q, duration=0.09795795904938132>
207.0909 	EXP 	New trial (rep=0, index=53): <Trial 53 (53 in rep 0) data={'scene_stimulus': 'stimuli/TESTscenes/UA_1.jpg', 'scene_cat': 'Undersea', 'scene_label': 'Somar', 'item_stimulus': 'stimuli/items/undersea_animal_11.png', 'item_cat': 'Undersea', 'item_type': 'animal', 'congruency': 'sc', 'integrated_stimulus': 'stimuli/integrated/undersea_a_undersea_animal_11.jpg', 'thisN': 53, 'thisTrialN': 53, 'thisRepN': 0}>
207.1258 	EXP 	text_8: autoDraw = False
207.1258 	EXP 	text_8: autoDraw = False
207.1258 	EXP 	image_integrated: image = 'stimuli/integrated/undersea_a_undersea_animal_11.jpg'
207.1258 	EXP 	image_integrated: autoDraw = True
209.1185 	INFO 	Keyboard events cleared
209.1183 	EXP 	image_integrated: autoDraw = False
209.1183 	EXP 	text_congruency: autoDraw = True
209.6194 	EXP 	Device response: <KeyPress from None: t=209.6109019999858, value=q, duration=None>
209.6259 	DATA 	Keypress: q
209.6307 	EXP 	text_congruency: autoDraw = False
209.6307 	EXP 	text_8: autoDraw = True
209.7370 	EXP 	Device response: <KeyPress from None: t=209.6109019999858, value=q, duration=0.1242951670428738>
210.6194 	EXP 	New trial (rep=0, index=54): <Trial 54 (54 in rep 0) data={'scene_stimulus': 'stimuli/TESTscenes/JB_1.jpg', 'scene_cat': 'Jungle', 'scene_label': 'Malbow', 'item_stimulus': 'stimuli/items/undersea_animal_10.png', 'item_cat': 'Undersea', 'item_type': 'animal', 'congruency': 'si', 'integrated_stimulus': 'stimuli/integrated/jungle_b_undersea_animal_10.jpg', 'thisN': 54, 'thisTrialN': 54, 'thisRepN': 0}>
210.6559 	EXP 	text_8: autoDraw = False
210.6559 	EXP 	text_8: autoDraw = False
210.6559 	EXP 	image_integrated: image = 'stimuli/integrated/jungle_b_undersea_animal_10.jpg'
210.6559 	EXP 	image_integrated: autoDraw = True
212.6356 	INFO 	Keyboard events cleared
212.6354 	EXP 	image_integrated: autoDraw = False
212.6354 	EXP 	text_congruency: autoDraw = True
213.0705 	EXP 	Device response: <KeyPress from None: t=213.06690554204397, value=q, duration=None>
213.0772 	DATA 	Keypress: q
213.0821 	EXP 	text_congruency: autoDraw = False
213.0821 	EXP 	text_8: autoDraw = True
213.2198 	EXP 	Device response: <KeyPress from None: t=213.06690554204397, value=q, duration=0.1442257500020787>
214.0692 	EXP 	New trial (rep=0, index=55): <Trial 55 (55 in rep 0) data={'scene_stimulus': 'stimuli/TESTscenes/UA_1.jpg', 'scene_cat': 'Undersea', 'scene_label': 'Somar', 'item_stimulus': 'stimuli/items/undersea_object_9.png', 'item_cat': 'Undersea', 'item_type': 'object', 'congruency': 'sc', 'integrated_stimulus': 'stimuli/integrated/undersea_b_undersea_object_9.jpg', 'thisN': 55, 'thisTrialN': 55, 'thisRepN': 0}>
214.1100 	EXP 	text_8: autoDraw = False
214.1100 	EXP 	text_8: autoDraw = False
214.1100 	EXP 	image_integrated: image = 'stimuli/integrated/undersea_b_undersea_object_9.jpg'
214.1100 	EXP 	image_integrated: autoDraw = True
216.0854 	INFO 	Keyboard events cleared
216.0852 	EXP 	image_integrated: autoDraw = False
216.0852 	EXP 	text_congruency: autoDraw = True
216.4428 	EXP 	Device response: <KeyPress from None: t=216.43781541695353, value=q, duration=None>
216.4489 	DATA 	Keypress: q
216.4545 	EXP 	text_congruency: autoDraw = False
216.4545 	EXP 	text_8: autoDraw = True
216.5701 	EXP 	Device response: <KeyPress from None: t=216.43781541695353, value=q, duration=0.1243766660336405>
217.4412 	EXP 	New trial (rep=0, index=56): <Trial 56 (56 in rep 0) data={'scene_stimulus': 'stimuli/TESTscenes/JB_1.jpg', 'scene_cat': 'Jungle', 'scene_label': 'Malbow', 'item_stimulus': 'stimuli/items/undersea_animal_4.png', 'item_cat': 'Undersea', 'item_type': 'animal', 'congruency': 'si', 'integrated_stimulus': 'stimuli/integrated/jungle_b_undersea_animal_4.jpg', 'thisN': 56, 'thisTrialN': 56, 'thisRepN': 0}>
217.4791 	EXP 	text_8: autoDraw = False
217.4791 	EXP 	text_8: autoDraw = False
217.4791 	EXP 	image_integrated: image = 'stimuli/integrated/jungle_b_undersea_animal_4.jpg'
217.4791 	EXP 	image_integrated: autoDraw = True
219.4582 	INFO 	Keyboard events cleared
219.4581 	EXP 	image_integrated: autoDraw = False
219.4581 	EXP 	text_congruency: autoDraw = True
220.4515 	EXP 	text_congruency: autoDraw = False
220.4515 	EXP 	text_congruency: autoDraw = False
220.4515 	EXP 	text_8: autoDraw = True
221.4360 	EXP 	New trial (rep=0, index=57): <Trial 57 (57 in rep 0) data={'scene_stimulus': 'stimuli/TESTscenes/UB_1.jpg', 'scene_cat': 'Undersea', 'scene_label': 'Negvi', 'item_stimulus': 'stimuli/items/undersea_object_22.png', 'item_cat': 'Undersea', 'item_type': 'object', 'congruency': 'sc', 'integrated_stimulus': 'stimuli/integrated/undersea_b_undersea_object_22.jpg', 'thisN': 57, 'thisTrialN': 57, 'thisRepN': 0}>
221.4733 	EXP 	text_8: autoDraw = False
221.4733 	EXP 	text_8: autoDraw = False
221.4733 	EXP 	image_integrated: image = 'stimuli/integrated/undersea_b_undersea_object_22.jpg'
221.4733 	EXP 	image_integrated: autoDraw = True
223.4581 	INFO 	Keyboard events cleared
223.4579 	EXP 	image_integrated: autoDraw = False
223.4579 	EXP 	text_congruency: autoDraw = True
223.9585 	EXP 	Device response: <KeyPress from None: t=223.9553518750472, value=q, duration=None>
223.9646 	DATA 	Keypress: q
223.9708 	EXP 	text_congruency: autoDraw = False
223.9708 	EXP 	text_8: autoDraw = True
224.1197 	EXP 	Device response: <KeyPress from None: t=223.9553518750472, value=q, duration=0.16200933291111141>
224.9585 	EXP 	New trial (rep=0, index=58): <Trial 58 (58 in rep 0) data={'scene_stimulus': 'stimuli/TESTscenes/JB_1.jpg', 'scene_cat': 'Jungle', 'scene_label': 'Malbow', 'item_stimulus': 'stimuli/items/jungle_animal_16.png', 'item_cat': 'Jungle', 'item_type': 'animal', 'congruency': 'sc', 'integrated_stimulus': 'stimuli/integrated/jungle_b_jungle_animal_16.jpg', 'thisN': 58, 'thisTrialN': 58, 'thisRepN': 0}>
224.9949 	EXP 	text_8: autoDraw = False
224.9949 	EXP 	text_8: autoDraw = False
224.9949 	EXP 	image_integrated: image = 'stimuli/integrated/jungle_b_jungle_animal_16.jpg'
224.9949 	EXP 	image_integrated: autoDraw = True
226.9752 	INFO 	Keyboard events cleared
226.9751 	EXP 	image_integrated: autoDraw = False
226.9751 	EXP 	text_congruency: autoDraw = True
227.6032 	EXP 	Device response: <KeyPress from None: t=227.59708754194435, value=q, duration=None>
227.6096 	DATA 	Keypress: q
227.6145 	EXP 	text_congruency: autoDraw = False
227.6145 	EXP 	text_8: autoDraw = True
227.7415 	EXP 	Device response: <KeyPress from None: t=227.59708754194435, value=q, duration=0.1401607081061229>
228.6027 	EXP 	New trial (rep=0, index=59): <Trial 59 (59 in rep 0) data={'scene_stimulus': 'stimuli/TESTscenes/UB_1.jpg', 'scene_cat': 'Undersea', 'scene_label': 'Negvi', 'item_stimulus': 'stimuli/items/jungle_object_13.png', 'item_cat': 'Jungle', 'item_type': 'object', 'congruency': 'si', 'integrated_stimulus': 'stimuli/integrated/undersea_a_jungle_object_13.jpg', 'thisN': 59, 'thisTrialN': 59, 'thisRepN': 0}>
228.6398 	EXP 	text_8: autoDraw = False
228.6398 	EXP 	text_8: autoDraw = False
228.6398 	EXP 	image_integrated: image = 'stimuli/integrated/undersea_a_jungle_object_13.jpg'
228.6398 	EXP 	image_integrated: autoDraw = True
230.1036 	EXP 	Device response: <KeyPress from None: t=230.09295983298216, value=q, duration=None>
230.1088 	DATA 	Keypress: q
230.2534 	EXP 	Device response: <KeyPress from None: t=230.09295983298216, value=q, duration=0.15222991700284183>
230.6185 	INFO 	Keyboard events cleared
230.6182 	EXP 	image_integrated: autoDraw = False
230.6182 	EXP 	text_congruency: autoDraw = True
231.6080 	EXP 	text_congruency: autoDraw = False
231.6080 	EXP 	text_congruency: autoDraw = False
231.6080 	EXP 	text_8: autoDraw = True
232.5914 	EXP 	New trial (rep=0, index=60): <Trial 60 (60 in rep 0) data={'scene_stimulus': 'stimuli/TESTscenes/JA_1.jpg', 'scene_cat': 'Jungle', 'scene_label': 'Tulon', 'item_stimulus': 'stimuli/items/jungle_animal_17.png', 'item_cat': 'Jungle', 'item_type': 'animal', 'congruency': 'sc', 'integrated_stimulus': 'stimuli/integrated/jungle_b_jungle_animal_17.jpg', 'thisN': 60, 'thisTrialN': 60, 'thisRepN': 0}>
232.6274 	EXP 	text_8: autoDraw = False
232.6274 	EXP 	text_8: autoDraw = False
232.6274 	EXP 	image_integrated: image = 'stimuli/integrated/jungle_b_jungle_animal_17.jpg'
232.6274 	EXP 	image_integrated: autoDraw = True
234.6185 	INFO 	Keyboard events cleared
234.6181 	EXP 	image_integrated: autoDraw = False
234.6181 	EXP 	text_congruency: autoDraw = True
235.1364 	EXP 	Device response: <KeyPress from None: t=235.13483970798552, value=q, duration=None>
235.1429 	DATA 	Keypress: q
235.1479 	EXP 	text_congruency: autoDraw = False
235.1479 	EXP 	text_8: autoDraw = True
235.2425 	EXP 	Device response: <KeyPress from None: t=235.13483970798552, value=q, duration=0.10197225003503263>
236.1356 	EXP 	New trial (rep=0, index=61): <Trial 61 (61 in rep 0) data={'scene_stimulus': 'stimuli/TESTscenes/UB_1.jpg', 'scene_cat': 'Undersea', 'scene_label': 'Negvi', 'item_stimulus': 'stimuli/items/undersea_object_36.png', 'item_cat': 'Undersea', 'item_type': 'object', 'congruency': 'sc', 'integrated_stimulus': 'stimuli/integrated/undersea_b_undersea_object_36.jpg', 'thisN': 61, 'thisTrialN': 61, 'thisRepN': 0}>
236.1765 	EXP 	text_8: autoDraw = False
236.1765 	EXP 	text_8: autoDraw = False
236.1765 	EXP 	image_integrated: image = 'stimuli/integrated/undersea_b_undersea_object_36.jpg'
236.1765 	EXP 	image_integrated: autoDraw = True
238.1520 	INFO 	Keyboard events cleared
238.1517 	EXP 	image_integrated: autoDraw = False
238.1517 	EXP 	text_congruency: autoDraw = True
238.7257 	EXP 	Device response: <KeyPress from None: t=238.72338870796375, value=q, duration=None>
238.7322 	DATA 	Keypress: q
238.7377 	EXP 	text_congruency: autoDraw = False
238.7377 	EXP 	text_8: autoDraw = True
238.8585 	EXP 	Device response: <KeyPress from None: t=238.72338870796375, value=q, duration=0.12832745898049325>
239.7249 	EXP 	New trial (rep=0, index=62): <Trial 62 (62 in rep 0) data={'scene_stimulus': 'stimuli/TESTscenes/JB_1.jpg', 'scene_cat': 'Jungle', 'scene_label': 'Malbow', 'item_stimulus': 'stimuli/items/jungle_object_39.png', 'item_cat': 'Jungle', 'item_type': 'object', 'congruency': 'sc', 'integrated_stimulus': 'stimuli/integrated/jungle_b_jungle_object_39.jpg', 'thisN': 62, 'thisTrialN': 62, 'thisRepN': 0}>
239.7620 	EXP 	text_8: autoDraw = False
239.7620 	EXP 	text_8: autoDraw = False
239.7620 	EXP 	image_integrated: image = 'stimuli/integrated/jungle_b_jungle_object_39.jpg'
239.7620 	EXP 	image_integrated: autoDraw = True
241.7419 	INFO 	Keyboard events cleared
241.7417 	EXP 	image_integrated: autoDraw = False
241.7417 	EXP 	text_congruency: autoDraw = True
242.2095 	EXP 	Device response: <KeyPress from None: t=242.20229712501168, value=q, duration=None>
242.2154 	DATA 	Keypress: q
242.2211 	EXP 	text_congruency: autoDraw = False
242.2211 	EXP 	text_8: autoDraw = True
242.3752 	EXP 	Device response: <KeyPress from None: t=242.20229712501168, value=q, duration=0.1684187080245465>
243.2075 	EXP 	New trial (rep=0, index=63): <Trial 63 (63 in rep 0) data={'scene_stimulus': 'stimuli/TESTscenes/UB_1.jpg', 'scene_cat': 'Undersea', 'scene_label': 'Negvi', 'item_stimulus': 'stimuli/items/jungle_animal_13.png', 'item_cat': 'Jungle', 'item_type': 'animal', 'congruency': 'si', 'integrated_stimulus': 'stimuli/integrated/undersea_a_jungle_animal_13.jpg', 'thisN': 63, 'thisTrialN': 63, 'thisRepN': 0}>
243.2474 	EXP 	text_8: autoDraw = False
243.2474 	EXP 	text_8: autoDraw = False
243.2474 	EXP 	image_integrated: image = 'stimuli/integrated/undersea_a_jungle_animal_13.jpg'
243.2474 	EXP 	image_integrated: autoDraw = True
245.2246 	INFO 	Keyboard events cleared
245.2244 	EXP 	image_integrated: autoDraw = False
245.2244 	EXP 	text_congruency: autoDraw = True
245.8859 	EXP 	Device response: <KeyPress from None: t=245.8842650000006, value=q, duration=None>
245.8919 	DATA 	Keypress: q
245.8969 	EXP 	text_congruency: autoDraw = False
245.8969 	EXP 	text_8: autoDraw = True
246.0259 	EXP 	Device response: <KeyPress from None: t=245.8842650000006, value=q, duration=0.14025070797652006>
246.8853 	EXP 	New trial (rep=0, index=64): <Trial 64 (64 in rep 0) data={'scene_stimulus': 'stimuli/TESTscenes/JA_1.jpg', 'scene_cat': 'Jungle', 'scene_label': 'Tulon', 'item_stimulus': 'stimuli/items/jungle_object_19.png', 'item_cat': 'Jungle', 'item_type': 'object', 'congruency': 'sc', 'integrated_stimulus': 'stimuli/integrated/jungle_a_jungle_object_19.jpg', 'thisN': 64, 'thisTrialN': 64, 'thisRepN': 0}>
246.9234 	EXP 	text_8: autoDraw = False
246.9234 	EXP 	text_8: autoDraw = False
246.9234 	EXP 	image_integrated: image = 'stimuli/integrated/jungle_a_jungle_object_19.jpg'
246.9234 	EXP 	image_integrated: autoDraw = True
248.9014 	INFO 	Keyboard events cleared
248.9011 	EXP 	image_integrated: autoDraw = False
248.9011 	EXP 	text_congruency: autoDraw = True
249.3582 	EXP 	Device response: <KeyPress from None: t=249.35321537498385, value=q, duration=None>
249.3641 	DATA 	Keypress: q
249.3707 	EXP 	text_congruency: autoDraw = False
249.3707 	EXP 	text_8: autoDraw = True
249.4912 	EXP 	Device response: <KeyPress from None: t=249.35321537498385, value=q, duration=0.13636283297091722>
250.3576 	EXP 	New trial (rep=0, index=65): <Trial 65 (65 in rep 0) data={'scene_stimulus': 'stimuli/TESTscenes/UB_1.jpg', 'scene_cat': 'Undersea', 'scene_label': 'Negvi', 'item_stimulus': 'stimuli/items/undersea_object_15.png', 'item_cat': 'Undersea', 'item_type': 'object', 'congruency': 'sc', 'integrated_stimulus': 'stimuli/integrated/undersea_a_undersea_object_15.jpg', 'thisN': 65, 'thisTrialN': 65, 'thisRepN': 0}>
250.3943 	EXP 	text_8: autoDraw = False
250.3943 	EXP 	text_8: autoDraw = False
250.3943 	EXP 	image_integrated: image = 'stimuli/integrated/undersea_a_undersea_object_15.jpg'
250.3943 	EXP 	image_integrated: autoDraw = True
252.3682 	INFO 	Keyboard events cleared
252.3680 	EXP 	image_integrated: autoDraw = False
252.3680 	EXP 	text_congruency: autoDraw = True
253.2088 	EXP 	Device response: <KeyPress from None: t=253.20301824994385, value=q, duration=None>
253.2150 	DATA 	Keypress: q
253.2208 	EXP 	text_congruency: autoDraw = False
253.2208 	EXP 	text_8: autoDraw = True
253.3365 	EXP 	Device response: <KeyPress from None: t=253.20301824994385, value=q, duration=0.12433795805554837>
254.2076 	EXP 	New trial (rep=0, index=66): <Trial 66 (66 in rep 0) data={'scene_stimulus': 'stimuli/TESTscenes/JB_1.jpg', 'scene_cat': 'Jungle', 'scene_label': 'Malbow', 'item_stimulus': 'stimuli/items/undersea_object_17.png', 'item_cat': 'Undersea', 'item_type': 'object', 'congruency': 'si', 'integrated_stimulus': 'stimuli/integrated/jungle_a_undersea_object_17.jpg', 'thisN': 66, 'thisTrialN': 66, 'thisRepN': 0}>
254.2428 	EXP 	text_8: autoDraw = False
254.2428 	EXP 	text_8: autoDraw = False
254.2428 	EXP 	image_integrated: image = 'stimuli/integrated/jungle_a_undersea_object_17.jpg'
254.2428 	EXP 	image_integrated: autoDraw = True
256.2244 	INFO 	Keyboard events cleared
256.2242 	EXP 	image_integrated: autoDraw = False
256.2242 	EXP 	text_congruency: autoDraw = True
257.2179 	EXP 	text_congruency: autoDraw = False
257.2179 	EXP 	text_congruency: autoDraw = False
257.2179 	EXP 	text_8: autoDraw = True
258.2024 	EXP 	New trial (rep=0, index=67): <Trial 67 (67 in rep 0) data={'scene_stimulus': 'stimuli/TESTscenes/UA_1.jpg', 'scene_cat': 'Undersea', 'scene_label': 'Somar', 'item_stimulus': 'stimuli/items/undersea_object_35.png', 'item_cat': 'Undersea', 'item_type': 'object', 'congruency': 'sc', 'integrated_stimulus': 'stimuli/integrated/undersea_b_undersea_object_35.jpg', 'thisN': 67, 'thisTrialN': 67, 'thisRepN': 0}>
258.2391 	EXP 	text_8: autoDraw = False
258.2391 	EXP 	text_8: autoDraw = False
258.2391 	EXP 	image_integrated: image = 'stimuli/integrated/undersea_b_undersea_object_35.jpg'
258.2391 	EXP 	image_integrated: autoDraw = True
260.2247 	INFO 	Keyboard events cleared
260.2245 	EXP 	image_integrated: autoDraw = False
260.2245 	EXP 	text_congruency: autoDraw = True
261.1700 	EXP 	Device response: <KeyPress from None: t=261.1666151670506, value=q, duration=None>
261.1771 	DATA 	Keypress: q
261.1822 	EXP 	text_congruency: autoDraw = False
261.1822 	EXP 	text_8: autoDraw = True
261.3194 	EXP 	Device response: <KeyPress from None: t=261.1666151670506, value=q, duration=0.1421303329989314>
262.1692 	EXP 	New trial (rep=0, index=68): <Trial 68 (68 in rep 0) data={'scene_stimulus': 'stimuli/TESTscenes/UB_1.jpg', 'scene_cat': 'Undersea', 'scene_label': 'Negvi', 'item_stimulus': 'stimuli/items/jungle_animal_21.png', 'item_cat': 'Jungle', 'item_type': 'animal', 'congruency': 'si', 'integrated_stimulus': 'stimuli/integrated/undersea_b_jungle_animal_21.jpg', 'thisN': 68, 'thisTrialN': 68, 'thisRepN': 0}>
262.2190 	EXP 	text_8: autoDraw = False
262.2190 	EXP 	text_8: autoDraw = False
262.2190 	EXP 	image_integrated: image = 'stimuli/integrated/undersea_b_jungle_animal_21.jpg'
262.2190 	EXP 	image_integrated: autoDraw = True
264.1849 	INFO 	Keyboard events cleared
264.1846 	EXP 	image_integrated: autoDraw = False
264.1846 	EXP 	text_congruency: autoDraw = True
264.7200 	EXP 	Device response: <KeyPress from None: t=264.71230545802973, value=q, duration=None>
264.7275 	DATA 	Keypress: q
264.7325 	EXP 	text_congruency: autoDraw = False
264.7325 	EXP 	text_8: autoDraw = True
264.8695 	EXP 	Device response: <KeyPress from None: t=264.71230545802973, value=q, duration=0.1484232919756323>
265.7190 	EXP 	New trial (rep=0, index=69): <Trial 69 (69 in rep 0) data={'scene_stimulus': 'stimuli/TESTscenes/JA_1.jpg', 'scene_cat': 'Jungle', 'scene_label': 'Tulon', 'item_stimulus': 'stimuli/items/jungle_object_5.png', 'item_cat': 'Jungle', 'item_type': 'object', 'congruency': 'sc', 'integrated_stimulus': 'stimuli/integrated/jungle_a_jungle_object_5.jpg', 'thisN': 69, 'thisTrialN': 69, 'thisRepN': 0}>
265.7575 	EXP 	text_8: autoDraw = False
265.7575 	EXP 	text_8: autoDraw = False
265.7575 	EXP 	image_integrated: image = 'stimuli/integrated/jungle_a_jungle_object_5.jpg'
265.7575 	EXP 	image_integrated: autoDraw = True
267.7348 	INFO 	Keyboard events cleared
267.7345 	EXP 	image_integrated: autoDraw = False
267.7345 	EXP 	text_congruency: autoDraw = True
268.7240 	EXP 	text_congruency: autoDraw = False
268.7240 	EXP 	text_congruency: autoDraw = False
268.7240 	EXP 	text_8: autoDraw = True
269.7081 	EXP 	New trial (rep=0, index=70): <Trial 70 (70 in rep 0) data={'scene_stimulus': 'stimuli/TESTscenes/UB_1.jpg', 'scene_cat': 'Undersea', 'scene_label': 'Negvi', 'item_stimulus': 'stimuli/items/undersea_animal_27.png', 'item_cat': 'Undersea', 'item_type': 'animal', 'congruency': 'sc', 'integrated_stimulus': 'stimuli/integrated/undersea_a_undersea_animal_27.jpg', 'thisN': 70, 'thisTrialN': 70, 'thisRepN': 0}>
269.7453 	EXP 	text_8: autoDraw = False
269.7453 	EXP 	text_8: autoDraw = False
269.7453 	EXP 	image_integrated: image = 'stimuli/integrated/undersea_a_undersea_animal_27.jpg'
269.7453 	EXP 	image_integrated: autoDraw = True
271.7352 	INFO 	Keyboard events cleared
271.7350 	EXP 	image_integrated: autoDraw = False
271.7350 	EXP 	text_congruency: autoDraw = True
272.0697 	EXP 	Device response: <KeyPress from None: t=272.06521020794753, value=q, duration=None>
272.0765 	DATA 	Keypress: q
272.0815 	EXP 	text_congruency: autoDraw = False
272.0815 	EXP 	text_8: autoDraw = True
272.1925 	EXP 	Device response: <KeyPress from None: t=272.06521020794753, value=q, duration=0.125341875012964>
273.0687 	EXP 	New trial (rep=0, index=71): <Trial 71 (71 in rep 0) data={'scene_stimulus': 'stimuli/TESTscenes/JB_1.jpg', 'scene_cat': 'Jungle', 'scene_label': 'Malbow', 'item_stimulus': 'stimuli/items/jungle_animal_11.png', 'item_cat': 'Jungle', 'item_type': 'animal', 'congruency': 'sc', 'integrated_stimulus': 'stimuli/integrated/jungle_b_jungle_animal_11.jpg', 'thisN': 71, 'thisTrialN': 71, 'thisRepN': 0}>
273.1088 	EXP 	text_8: autoDraw = False
273.1088 	EXP 	text_8: autoDraw = False
273.1088 	EXP 	image_integrated: image = 'stimuli/integrated/jungle_b_jungle_animal_11.jpg'
273.1088 	EXP 	image_integrated: autoDraw = True
275.0851 	INFO 	Keyboard events cleared
275.0848 	EXP 	image_integrated: autoDraw = False
275.0848 	EXP 	text_congruency: autoDraw = True
276.0026 	EXP 	Device response: <KeyPress from None: t=275.99711250001565, value=q, duration=None>
276.0093 	DATA 	Keypress: q
276.0142 	EXP 	text_congruency: autoDraw = False
276.0142 	EXP 	text_8: autoDraw = True
276.1191 	EXP 	Device response: <KeyPress from None: t=275.99711250001565, value=q, duration=0.12042829196434468>
277.0018 	EXP 	New trial (rep=0, index=72): <Trial 72 (72 in rep 0) data={'scene_stimulus': 'stimuli/TESTscenes/UB_1.jpg', 'scene_cat': 'Undersea', 'scene_label': 'Negvi', 'item_stimulus': 'stimuli/items/jungle_object_4.png', 'item_cat': 'Jungle', 'item_type': 'object', 'congruency': 'si', 'integrated_stimulus': 'stimuli/integrated/undersea_b_jungle_object_4.jpg', 'thisN': 72, 'thisTrialN': 72, 'thisRepN': 0}>
277.0414 	EXP 	text_8: autoDraw = False
277.0414 	EXP 	text_8: autoDraw = False
277.0414 	EXP 	image_integrated: image = 'stimuli/integrated/undersea_b_jungle_object_4.jpg'
277.0414 	EXP 	image_integrated: autoDraw = True
279.0182 	INFO 	Keyboard events cleared
279.0179 	EXP 	image_integrated: autoDraw = False
279.0179 	EXP 	text_congruency: autoDraw = True
280.0080 	EXP 	text_congruency: autoDraw = False
280.0080 	EXP 	text_congruency: autoDraw = False
280.0080 	EXP 	text_8: autoDraw = True
281.0019 	EXP 	New trial (rep=0, index=73): <Trial 73 (73 in rep 0) data={'scene_stimulus': 'stimuli/TESTscenes/UA_1.jpg', 'scene_cat': 'Undersea', 'scene_label': 'Somar', 'item_stimulus': 'stimuli/items/undersea_animal_23.png', 'item_cat': 'Undersea', 'item_type': 'animal', 'congruency': 'sc', 'integrated_stimulus': 'stimuli/integrated/undersea_a_undersea_animal_23.jpg', 'thisN': 73, 'thisTrialN': 73, 'thisRepN': 0}>
281.0393 	EXP 	text_8: autoDraw = False
281.0393 	EXP 	text_8: autoDraw = False
281.0393 	EXP 	image_integrated: image = 'stimuli/integrated/undersea_a_undersea_animal_23.jpg'
281.0393 	EXP 	image_integrated: autoDraw = True
283.0180 	INFO 	Keyboard events cleared
283.0178 	EXP 	image_integrated: autoDraw = False
283.0178 	EXP 	text_congruency: autoDraw = True
284.0080 	EXP 	text_congruency: autoDraw = False
284.0080 	EXP 	text_congruency: autoDraw = False
284.0080 	EXP 	text_8: autoDraw = True
285.0018 	EXP 	New trial (rep=0, index=74): <Trial 74 (74 in rep 0) data={'scene_stimulus': 'stimuli/TESTscenes/JB_1.jpg', 'scene_cat': 'Jungle', 'scene_label': 'Malbow', 'item_stimulus': 'stimuli/items/undersea_animal_6.png', 'item_cat': 'Undersea', 'item_type': 'animal', 'congruency': 'si', 'integrated_stimulus': 'stimuli/integrated/jungle_b_undersea_animal_6.jpg', 'thisN': 74, 'thisTrialN': 74, 'thisRepN': 0}>
285.0380 	EXP 	text_8: autoDraw = False
285.0380 	EXP 	text_8: autoDraw = False
285.0380 	EXP 	image_integrated: image = 'stimuli/integrated/jungle_b_undersea_animal_6.jpg'
285.0380 	EXP 	image_integrated: autoDraw = True
287.0179 	INFO 	Keyboard events cleared
287.0177 	EXP 	image_integrated: autoDraw = False
287.0177 	EXP 	text_congruency: autoDraw = True
288.0080 	EXP 	text_congruency: autoDraw = False
288.0080 	EXP 	text_congruency: autoDraw = False
288.0080 	EXP 	text_8: autoDraw = True
289.0018 	EXP 	New trial (rep=0, index=75): <Trial 75 (75 in rep 0) data={'scene_stimulus': 'stimuli/TESTscenes/UB_1.jpg', 'scene_cat': 'Undersea', 'scene_label': 'Negvi', 'item_stimulus': 'stimuli/items/undersea_object_28.png', 'item_cat': 'Undersea', 'item_type': 'object', 'congruency': 'sc', 'integrated_stimulus': 'stimuli/integrated/undersea_a_undersea_object_28.jpg', 'thisN': 75, 'thisTrialN': 75, 'thisRepN': 0}>
289.0386 	EXP 	text_8: autoDraw = False
289.0386 	EXP 	text_8: autoDraw = False
289.0386 	EXP 	image_integrated: image = 'stimuli/integrated/undersea_a_undersea_object_28.jpg'
289.0386 	EXP 	image_integrated: autoDraw = True
291.0181 	INFO 	Keyboard events cleared
291.0178 	EXP 	image_integrated: autoDraw = False
291.0178 	EXP 	text_congruency: autoDraw = True
292.0071 	EXP 	text_congruency: autoDraw = False
292.0071 	EXP 	text_congruency: autoDraw = False
292.0071 	EXP 	text_8: autoDraw = True
292.9914 	EXP 	New trial (rep=0, index=76): <Trial 76 (76 in rep 0) data={'scene_stimulus': 'stimuli/TESTscenes/JB_1.jpg', 'scene_cat': 'Jungle', 'scene_label': 'Malbow', 'item_stimulus': 'stimuli/items/jungle_animal_14.png', 'item_cat': 'Jungle', 'item_type': 'animal', 'congruency': 'sc', 'integrated_stimulus': 'stimuli/integrated/jungle_b_jungle_animal_14.jpg', 'thisN': 76, 'thisTrialN': 76, 'thisRepN': 0}>
293.0278 	EXP 	text_8: autoDraw = False
293.0278 	EXP 	text_8: autoDraw = False
293.0278 	EXP 	image_integrated: image = 'stimuli/integrated/jungle_b_jungle_animal_14.jpg'
293.0278 	EXP 	image_integrated: autoDraw = True
295.0176 	INFO 	Keyboard events cleared
295.0175 	EXP 	image_integrated: autoDraw = False
295.0175 	EXP 	text_congruency: autoDraw = True
296.0070 	EXP 	text_congruency: autoDraw = False
296.0070 	EXP 	text_congruency: autoDraw = False
296.0070 	EXP 	text_8: autoDraw = True
296.9913 	EXP 	New trial (rep=0, index=77): <Trial 77 (77 in rep 0) data={'scene_stimulus': 'stimuli/TESTscenes/JA_1.jpg', 'scene_cat': 'Jungle', 'scene_label': 'Tulon', 'item_stimulus': 'stimuli/items/undersea_animal_25.png', 'item_cat': 'Undersea', 'item_type': 'animal', 'congruency': 'si', 'integrated_stimulus': 'stimuli/integrated/jungle_a_undersea_animal_25.jpg', 'thisN': 77, 'thisTrialN': 77, 'thisRepN': 0}>
297.0275 	EXP 	text_8: autoDraw = False
297.0275 	EXP 	text_8: autoDraw = False
297.0275 	EXP 	image_integrated: image = 'stimuli/integrated/jungle_a_undersea_animal_25.jpg'
297.0275 	EXP 	image_integrated: autoDraw = True
299.0180 	INFO 	Keyboard events cleared
299.0178 	EXP 	image_integrated: autoDraw = False
299.0178 	EXP 	text_congruency: autoDraw = True
300.0072 	EXP 	text_congruency: autoDraw = False
300.0072 	EXP 	text_congruency: autoDraw = False
300.0072 	EXP 	text_8: autoDraw = True
300.9912 	EXP 	New trial (rep=0, index=78): <Trial 78 (78 in rep 0) data={'scene_stimulus': 'stimuli/TESTscenes/UA_1.jpg', 'scene_cat': 'Undersea', 'scene_label': 'Somar', 'item_stimulus': 'stimuli/items/jungle_object_27.png', 'item_cat': 'Jungle', 'item_type': 'object', 'congruency': 'si', 'integrated_stimulus': 'stimuli/integrated/undersea_b_jungle_object_27.jpg', 'thisN': 78, 'thisTrialN': 78, 'thisRepN': 0}>
301.0273 	EXP 	text_8: autoDraw = False
301.0273 	EXP 	text_8: autoDraw = False
301.0273 	EXP 	image_integrated: image = 'stimuli/integrated/undersea_b_jungle_object_27.jpg'
301.0273 	EXP 	image_integrated: autoDraw = True
303.0192 	INFO 	Keyboard events cleared
303.0189 	EXP 	image_integrated: autoDraw = False
303.0189 	EXP 	text_congruency: autoDraw = True
304.0177 	EXP 	text_congruency: autoDraw = False
304.0177 	EXP 	text_8: autoDraw = True
305.0017 	EXP 	New trial (rep=0, index=79): <Trial 79 (79 in rep 0) data={'scene_stimulus': 'stimuli/TESTscenes/JA_1.jpg', 'scene_cat': 'Jungle', 'scene_label': 'Tulon', 'item_stimulus': 'stimuli/items/jungle_animal_44.png', 'item_cat': 'Jungle', 'item_type': 'animal', 'congruency': 'sc', 'integrated_stimulus': 'stimuli/integrated/jungle_b_jungle_animal_44.jpg', 'thisN': 79, 'thisTrialN': 79, 'thisRepN': 0}>
305.0432 	EXP 	text_8: autoDraw = False
305.0432 	EXP 	text_8: autoDraw = False
305.0432 	EXP 	image_integrated: image = 'stimuli/integrated/jungle_b_jungle_animal_44.jpg'
305.0432 	EXP 	image_integrated: autoDraw = True
307.0182 	INFO 	Keyboard events cleared
307.0179 	EXP 	image_integrated: autoDraw = False
307.0179 	EXP 	text_congruency: autoDraw = True
308.0076 	EXP 	text_congruency: autoDraw = False
308.0076 	EXP 	text_congruency: autoDraw = False
308.0076 	EXP 	text_8: autoDraw = True
309.0235 	EXP 	New trial (rep=0, index=0): <Trial 0 (0 in rep 0) data={'thisN': 0, 'thisTrialN': 0, 'thisRepN': 0}>
309.0475 	INFO 	Keyboard events cleared
309.0474 	EXP 	text_8: autoDraw = False
309.0474 	EXP 	text_8: autoDraw = False
309.0474 	EXP 	text_relatedness_pause: height = np.float64(0.05)
309.0474 	EXP 	text_relatedness_pause: height = np.float64(0.05)
309.0474 	EXP 	text_relatedness_pause: height = np.float64(0.05)
309.0474 	EXP 	text_relatedness_pause: text = 'Reminder:\n\nIf the scene and item are related, press P\nIf they are unrelated, press Q.\n\nPress ONLY AFTER the item and scene disappeared!\n\nPress SPACEBAR to resume.'
309.0474 	EXP 	text_run_pause: autoDraw = True
309.0474 	EXP 	text_relatedness_pause: autoDraw = True
331.3024 	EXP 	Device response: <KeyPress from None: t=331.2980073329527, value=space, duration=None>
331.3055 	EXP 	New trial (rep=0, index=1): <Trial 1 (1 in rep 0) data={'run': 2, 'thisN': 1, 'thisTrialN': 1, 'thisRepN': 0}>
331.3296 	EXP 	Imported stimuli/stim_lists/stimuli_list_sub_550_run_1.csv as conditions, 80 conditions, 8 params
331.3306 	EXP 	New trial (rep=0, index=0): <Trial 0 (0 in rep 0) data={'scene_stimulus': 'stimuli/TESTscenes/JA_1.jpg', 'scene_cat': 'Jungle', 'scene_label': 'Tulon', 'item_stimulus': 'stimuli/items/jungle_animal_4.png', 'item_cat': 'Jungle', 'item_type': 'animal', 'congruency': 'sc', 'integrated_stimulus': 'stimuli/integrated/jungle_b_jungle_animal_4.jpg', 'thisN': 0, 'thisTrialN': 0, 'thisRepN': 0}>
331.3570 	DATA 	Keypress: space
331.3625 	EXP 	text_run_pause: autoDraw = False
331.3625 	EXP 	text_relatedness_pause: autoDraw = False
331.3625 	EXP 	image_integrated: image = 'stimuli/integrated/jungle_b_jungle_animal_4.jpg'
331.3625 	EXP 	image_integrated: autoDraw = True
331.3856 	EXP 	Device response: <KeyPress from None: t=331.2980073329527, value=space, duration=0.07802229200024158>
333.3181 	INFO 	Keyboard events cleared
333.3179 	EXP 	image_integrated: autoDraw = False
333.3179 	EXP 	text_congruency: autoDraw = True
334.3081 	EXP 	text_congruency: autoDraw = False
334.3081 	EXP 	text_congruency: autoDraw = False
334.3081 	EXP 	text_8: autoDraw = True
334.8524 	EXP 	Device response: <KeyPress from None: t=334.84871516702697, value=escape, duration=None>
335.0390 	DATA 	Keypress: escape
335.0452 	EXP 	Device response: <KeyPress from None: t=334.84871516702697, value=escape, duration=0.10023020801600069>
335.0452 	EXP 	encodingtask: status = STOPPED
335.0498 	EXP 	text_8: autoDraw = False
335.0498 	EXP 	encodingtask: status = STOPPED
335.0779 	INFO 	saved data to '/Users/oliviayin/Desktop/sbl_realistic integration/encoding_task_behav/data/550_encodingtask_2026-03-31_00h19.34.467.csv'
335.0824 	INFO 	saved data to /Users/oliviayin/Desktop/sbl_realistic integration/encoding_task_behav/data/550_encodingtask_2026-03-31_00h19.34.467.psydat
335.6289 	WARNING 	Stopping key buffers but this could be dangerous ifother keyboards rely on the same.
