19.5191 	WARNING 	Font Manager failed to load file /System/Library/PrivateFrameworks/FontServices.framework/Resources/Reserved/PingFangUI.ttc
19.5879 	WARNING 	Font Manager failed to load file /System/Library/PrivateFrameworks/FontServices.framework/Resources/Reserved/PingFangUI.ttc
35.3507 	INFO 	Loaded monitor calibration from ['2026_01_13 14:36']
35.3620 	WARNING 	User requested fullscreen with size [1024  768], but screen is actually [1470, 956]. Using actual size
35.5917 	INFO 	Using renderer 'Apple M2' for graphics
35.5917 	INFO 	OpenGL version supported by driver is 2..
35.6319 	EXP 	Created window1 = Window(allowGUI=False, allowStencil=False, autoLog=True, backendConf=UNKNOWN, backgroundFit=<method-wrapper '__getattribute__' of attributeSetter object at 0x1727ecbe0>, backgroundImage=<method-wrapper '__getattribute__' of attributeSetter object at 0x1727ecb80>, bitsMode=UNKNOWN, blendMode='avg', bpc=(8, 8, 8), color=array([0, 0, 0]), colorSpace='rgb', depthBits=8, fullscr=True, gamma=None, gammaErrorPolicy='raise', infoMsg=UNKNOWN, lms=UNKNOWN, monitor=<psychopy.monitors.calibTools.Monitor object at 0x1727fe0e0>, multiSample=False, name='window1', numSamples=2, pos=[np.float64(0.0), np.float64(0.0)], screen=0, size=array([2940, 1912]), stencilBits=0, stereo=False, title='PsychoPy', units='height', useFBO=True, useRetina=True, viewOri=0.0, viewPos=None, viewScale=None, waitBlanking=True, winType='pyglet')
35.6319 	EXP 	window1: backgroundImage = ''
35.6320 	EXP 	window1: backgroundFit = 'none'
35.9573 	EXP 	window1: Attempting to measure frame rate of screen (0) ...
35.9574 	EXP 	window1: recordFrameIntervals = False
36.3039 	EXP 	window1: recordFrameIntervals = True
37.1387 	WARNING 	Couldn't measure a consistent frame rate!
  - Is your graphics card set to sync to vertical blank?
  - Are you running other processes on your computer?

38.3728 	INFO 	keyboard.Keyboard is using ptb backend.
38.3728 	EXP 	encodingtask: status = STARTED
39.7329 	EXP 	Created text_instructions = TextStim(__class__=<class 'psychopy.visual.text.TextStim'>, alignHoriz=method-wrapper(...), alignText='center', alignVert=method-wrapper(...), anchorHoriz='center', anchorVert='center', antialias=True, autoDraw=False, autoLog=True, bold=False, color=array([1., 1., 1.]), colorSpace='rgb', contrast=1.0, depth=0.0, draggable=False, flipHoriz=False, flipVert=False, font='Open Sans', fontFiles=[], height=np.float64(0.035), italic=False, languageStyle='LTR', name='text_instructions', opacity=1, ori=0.0, pos=array([0. , 0.2]), rgb=UNKNOWN, text=str(...), units='height', win=Window(...), wrapWidth=1)
39.7334 	EXP 	Created text_keys = TextStim(__class__=<class 'psychopy.visual.text.TextStim'>, alignHoriz=method-wrapper(...), alignText='center', alignVert=method-wrapper(...), anchorHoriz='center', anchorVert='center', antialias=True, autoDraw=False, autoLog=True, bold=False, color=array([1., 1., 1.]), colorSpace='rgb', contrast=1.0, depth=0.0, draggable=False, flipHoriz=False, flipVert=False, font='Open Sans', fontFiles=[], height=0.05, italic=False, languageStyle='LTR', name='text_keys', opacity=1, ori=0.0, pos=array([0., 0.]), rgb=UNKNOWN, text='', units='height', win=Window(...), wrapWidth=1)
39.7340 	EXP 	Created text_2 = TextStim(__class__=<class 'psychopy.visual.text.TextStim'>, alignHoriz=method-wrapper(...), alignText='center', alignVert=method-wrapper(...), anchorHoriz='center', anchorVert='center', antialias=True, autoDraw=False, autoLog=True, bold=False, color=array([1., 1., 1.]), colorSpace='rgb', contrast=1.0, depth=0.0, draggable=False, flipHoriz=False, flipVert=False, font='Open Sans', fontFiles=[], height=np.float64(0.05), italic=False, languageStyle='LTR', name='text_2', opacity=1, ori=0.0, pos=array([0., 0.]), rgb=UNKNOWN, text='', units='height', win=Window(...), wrapWidth=1)
39.7717 	EXP 	Created image_integrated = ImageStim(__class__=<class 'psychopy.visual.image.ImageStim'>, anchor=('center', 'center'), autoLog=True, color=array([1., 1., 1.]), colorSpace='rgb', contrast=1.0, depth=-1.0, draggable=False, flipHoriz=np.False_, flipVert=np.False_, image='default.png', interpolate=True, mask=None, maskParams=None, name='image_integrated', opacity=1, ori=0.0, pos=array([ 0.  , -0.05]), size=array([1.2  , 0.675]), texRes=128.0, units='height', win=Window(...))
39.7755 	EXP 	Created text_congruency = TextStim(__class__=<class 'psychopy.visual.text.TextStim'>, alignHoriz=method-wrapper(...), alignText='center', alignVert=method-wrapper(...), anchorHoriz='center', anchorVert='center', antialias=True, autoDraw=False, autoLog=True, bold=False, color=array([1., 1., 1.]), colorSpace='rgb', contrast=1.0, depth=0.0, draggable=False, flipHoriz=False, flipVert=False, font='Open Sans', fontFiles=[], height=np.float64(0.05), italic=False, languageStyle='LTR', name='text_congruency', opacity=1, ori=0.0, pos=array([0., 0.]), rgb=UNKNOWN, text='Related \nor Unrelated?', units='height', win=Window(...), wrapWidth=1)
39.7769 	EXP 	Created text_8 = TextStim(__class__=<class 'psychopy.visual.text.TextStim'>, alignHoriz=method-wrapper(...), alignText='center', alignVert=method-wrapper(...), anchorHoriz='center', anchorVert='center', antialias=True, autoDraw=False, autoLog=True, bold=False, color=array([1., 1., 1.]), colorSpace='rgb', contrast=1.0, depth=0.0, draggable=False, flipHoriz=False, flipVert=False, font='Open Sans', fontFiles=[], height=np.float64(0.05), italic=False, languageStyle='LTR', name='text_8', opacity=1, ori=0.0, pos=array([0., 0.]), rgb=UNKNOWN, text='+', units='height', win=Window(...), wrapWidth=1)
39.7807 	EXP 	Created text_run_pause = TextStim(__class__=<class 'psychopy.visual.text.TextStim'>, alignHoriz=method-wrapper(...), alignText='center', alignVert=method-wrapper(...), anchorHoriz='center', anchorVert='center', antialias=True, autoDraw=False, autoLog=True, bold=False, color=array([1., 1., 1.]), colorSpace='rgb', contrast=1.0, depth=-1.0, draggable=False, flipHoriz=False, flipVert=False, font='Open Sans', fontFiles=[], height=np.float64(0.05), italic=False, languageStyle='LTR', name='text_run_pause', opacity=1, ori=0.0, pos=array([0. , 0.3]), rgb=UNKNOWN, text=str(...), units='height', win=Window(...), wrapWidth=1)
39.7811 	EXP 	Created text_relatedness_pause = TextStim(__class__=<class 'psychopy.visual.text.TextStim'>, alignHoriz=method-wrapper(...), alignText='center', alignVert=method-wrapper(...), anchorHoriz='center', anchorVert='center', antialias=True, autoDraw=False, autoLog=True, bold=False, color=array([1., 1., 1.]), colorSpace='rgb', contrast=1.0, depth=-2.0, draggable=False, flipHoriz=False, flipVert=False, font='Open Sans', fontFiles=[], height=0.05, italic=False, languageStyle='LTR', name='text_relatedness_pause', opacity=1, ori=0.0, pos=array([ 0. , -0.1]), rgb=UNKNOWN, text='', units='height', win=Window(...), wrapWidth=1)
39.7815 	EXP 	Created text_end = TextStim(__class__=<class 'psychopy.visual.text.TextStim'>, alignHoriz=method-wrapper(...), alignText='center', alignVert=method-wrapper(...), anchorHoriz='center', anchorVert='center', antialias=True, autoDraw=False, autoLog=True, bold=False, color=array([1., 1., 1.]), colorSpace='rgb', contrast=1.0, depth=-1.0, draggable=False, flipHoriz=False, flipVert=False, font='Open Sans', fontFiles=[], height=0.05, italic=False, languageStyle='LTR', name='text_end', opacity=1, ori=0.0, pos=array([0., 0.]), rgb=UNKNOWN, text='', units='height', win=Window(...), wrapWidth=1)
0.0109 	EXP 	text_instructions: autoDraw = True
0.9968 	INFO 	Keyboard events cleared
2.9329 	EXP 	Device response: <KeyPress from None: t=2.768431165954098, value=space, duration=None>
2.9330 	EXP 	Device response: <KeyPress from None: t=2.768431165954098, value=space, duration=0.0980367090087384>
2.9439 	DATA 	Keypress: space
2.9483 	INFO 	Keyboard events cleared
2.9483 	WARNING 	t of last frame was 173.83ms (=1/5)
2.9483 	EXP 	text_instructions: autoDraw = False
2.9483 	EXP 	text_keys: height = np.float64(0.05)
2.9483 	EXP 	text_keys: height = np.float64(0.05)
2.9483 	EXP 	text_keys: height = np.float64(0.05)
2.9483 	EXP 	text_keys: text = 'If they are related, press Q\nIf they are unrelated, press P\n\nIMPORTANT: you should press P or Q only when you see the question, AFTER the scene and item disappeared from the screen!\n\nPress SPACEBAR to continue.'
2.9483 	EXP 	text_keys: autoDraw = True
6.6482 	EXP 	Device response: <KeyPress from None: t=6.643074208055623, value=space, duration=None>
6.6545 	DATA 	Keypress: space
6.6594 	EXP 	text_keys: autoDraw = False
6.6594 	EXP 	text_2: autoDraw = True
6.7473 	EXP 	Device response: <KeyPress from None: t=6.643074208055623, value=space, duration=0.10034124995581806>
8.6608 	EXP 	Imported runs_params.xlsx as conditions, 3 conditions, 1 params
8.6624 	EXP 	New trial (rep=0, index=0): <Trial 0 (0 in rep 0) data={'run': 1, 'thisN': 0, 'thisTrialN': 0, 'thisRepN': 0}>
8.6769 	EXP 	Imported stimuli/stim_lists/stimuli_list_sub_555_run_1.csv as conditions, 80 conditions, 8 params
8.6778 	EXP 	New trial (rep=0, index=0): <Trial 0 (0 in rep 0) data={'scene_stimulus': 'stimuli/TESTscenes/JA_1.jpg', 'scene_cat': 'Jungle', 'scene_label': 'Tulon', 'item_stimulus': 'stimuli/items/jungle_animal_41.png', 'item_cat': 'Jungle', 'item_type': 'animal', 'congruency': 'sc', 'integrated_stimulus': 'stimuli/integrated/jungle_b_jungle_animal_41.jpg', 'thisN': 0, 'thisTrialN': 0, 'thisRepN': 0}>
8.7290 	WARNING 	t of last frame was 82.61ms (=1/12)
8.7290 	EXP 	text_2: autoDraw = False
8.7290 	EXP 	text_2: autoDraw = False
8.7290 	EXP 	image_integrated: image = 'stimuli/integrated/jungle_b_jungle_animal_41.jpg'
8.7290 	EXP 	image_integrated: autoDraw = True
10.6733 	INFO 	Keyboard events cleared
10.6731 	EXP 	image_integrated: autoDraw = False
10.6731 	EXP 	text_congruency: autoDraw = True
11.6688 	EXP 	text_congruency: autoDraw = False
11.6688 	EXP 	text_congruency: autoDraw = False
11.6688 	EXP 	text_8: autoDraw = True
11.6901 	WARNING 	t of last frame was 21.30ms (=1/46)
11.9140 	EXP 	Device response: <KeyPress from None: t=11.910310333012603, value=p, duration=None>
11.9197 	DATA 	Keypress: p
11.9917 	EXP 	Device response: <KeyPress from None: t=11.910310333012603, value=p, duration=0.07796224998310208>
12.6581 	EXP 	New trial (rep=0, index=1): <Trial 1 (1 in rep 0) data={'scene_stimulus': 'stimuli/TESTscenes/UA_1.jpg', 'scene_cat': 'Undersea', 'scene_label': 'Negvi', 'item_stimulus': 'stimuli/items/jungle_animal_27.png', 'item_cat': 'Jungle', 'item_type': 'animal', 'congruency': 'si', 'integrated_stimulus': 'stimuli/integrated/undersea_b_jungle_animal_27.jpg', 'thisN': 1, 'thisTrialN': 1, 'thisRepN': 0}>
12.7050 	WARNING 	t of last frame was 47.80ms (=1/20)
12.7050 	EXP 	text_8: autoDraw = False
12.7050 	EXP 	text_8: autoDraw = False
12.7050 	EXP 	image_integrated: image = 'stimuli/integrated/undersea_b_jungle_animal_27.jpg'
12.7050 	EXP 	image_integrated: autoDraw = True
14.6742 	INFO 	Keyboard events cleared
14.6740 	EXP 	image_integrated: autoDraw = False
14.6740 	EXP 	text_congruency: autoDraw = True
15.2646 	EXP 	Device response: <KeyPress from None: t=15.261939708027057, value=p, duration=None>
15.2705 	DATA 	Keypress: p
15.2763 	EXP 	text_congruency: autoDraw = False
15.2763 	EXP 	text_8: autoDraw = True
15.3470 	EXP 	Device response: <KeyPress from None: t=15.261939708027057, value=p, duration=0.08030949998646975>
16.2635 	EXP 	New trial (rep=0, index=2): <Trial 2 (2 in rep 0) data={'scene_stimulus': 'stimuli/TESTscenes/JB_1.jpg', 'scene_cat': 'Jungle', 'scene_label': 'Somar', 'item_stimulus': 'stimuli/items/jungle_object_4.png', 'item_cat': 'Jungle', 'item_type': 'object', 'congruency': 'sc', 'integrated_stimulus': 'stimuli/integrated/jungle_b_jungle_object_4.jpg', 'thisN': 2, 'thisTrialN': 2, 'thisRepN': 0}>
17.5758 	WARNING 	Multiple dropped frames have occurred - I'll stop bothering you about them!
17.5758 	EXP 	text_8: autoDraw = False
17.5758 	EXP 	text_8: autoDraw = False
17.5758 	EXP 	image_integrated: image = 'stimuli/integrated/jungle_b_jungle_object_4.jpg'
17.5758 	EXP 	image_integrated: autoDraw = True
18.0282 	EXP 	Device response: <KeyPress from None: t=18.025785624980927, value=q, duration=None>
18.0307 	DATA 	Keypress: q
18.1413 	EXP 	Device response: <KeyPress from None: t=18.025785624980927, value=q, duration=0.10431154107209295>
18.2807 	INFO 	Keyboard events cleared
18.2805 	EXP 	image_integrated: autoDraw = False
18.2805 	EXP 	text_congruency: autoDraw = True
18.6919 	EXP 	Device response: <KeyPress from None: t=18.688780833035707, value=q, duration=None>
18.6988 	DATA 	Keypress: q
18.7040 	EXP 	text_congruency: autoDraw = False
18.7040 	EXP 	text_8: autoDraw = True
18.7917 	EXP 	Device response: <KeyPress from None: t=18.688780833035707, value=q, duration=0.09631154197268188>
19.6915 	EXP 	New trial (rep=0, index=3): <Trial 3 (3 in rep 0) data={'scene_stimulus': 'stimuli/TESTscenes/UA_1.jpg', 'scene_cat': 'Undersea', 'scene_label': 'Negvi', 'item_stimulus': 'stimuli/items/undersea_animal_2.png', 'item_cat': 'Undersea', 'item_type': 'animal', 'congruency': 'sc', 'integrated_stimulus': 'stimuli/integrated/undersea_a_undersea_animal_2.jpg', 'thisN': 3, 'thisTrialN': 3, 'thisRepN': 0}>
20.7400 	EXP 	text_8: autoDraw = False
20.7400 	EXP 	text_8: autoDraw = False
20.7400 	EXP 	image_integrated: image = 'stimuli/integrated/undersea_a_undersea_animal_2.jpg'
20.7400 	EXP 	image_integrated: autoDraw = True
21.7074 	INFO 	Keyboard events cleared
21.7071 	EXP 	image_integrated: autoDraw = False
21.7071 	EXP 	text_congruency: autoDraw = True
22.1922 	EXP 	Device response: <KeyPress from None: t=22.186741875018924, value=q, duration=None>
22.1987 	DATA 	Keypress: q
22.2040 	EXP 	text_congruency: autoDraw = False
22.2040 	EXP 	text_8: autoDraw = True
22.2971 	EXP 	Device response: <KeyPress from None: t=22.186741875018924, value=q, duration=0.10833037493284792>
23.1916 	EXP 	New trial (rep=0, index=4): <Trial 4 (4 in rep 0) data={'scene_stimulus': 'stimuli/TESTscenes/UB_1.jpg', 'scene_cat': 'Undersea', 'scene_label': 'Malbow', 'item_stimulus': 'stimuli/items/jungle_object_5.png', 'item_cat': 'Jungle', 'item_type': 'object', 'congruency': 'si', 'integrated_stimulus': 'stimuli/integrated/undersea_a_jungle_object_5.jpg', 'thisN': 4, 'thisTrialN': 4, 'thisRepN': 0}>
24.1975 	EXP 	text_8: autoDraw = False
24.1975 	EXP 	text_8: autoDraw = False
24.1975 	EXP 	image_integrated: image = 'stimuli/integrated/undersea_a_jungle_object_5.jpg'
24.1975 	EXP 	image_integrated: autoDraw = True
25.2072 	INFO 	Keyboard events cleared
25.2070 	EXP 	image_integrated: autoDraw = False
25.2070 	EXP 	text_congruency: autoDraw = True
25.5310 	EXP 	Device response: <KeyPress from None: t=25.527633790974505, value=q, duration=None>
25.5370 	DATA 	Keypress: q
25.5429 	EXP 	text_congruency: autoDraw = False
25.5429 	EXP 	text_8: autoDraw = True
25.6413 	EXP 	Device response: <KeyPress from None: t=25.527633790974505, value=q, duration=0.10836137505248189>
26.5305 	EXP 	New trial (rep=0, index=5): <Trial 5 (5 in rep 0) data={'scene_stimulus': 'stimuli/TESTscenes/JA_1.jpg', 'scene_cat': 'Jungle', 'scene_label': 'Tulon', 'item_stimulus': 'stimuli/items/undersea_animal_19.png', 'item_cat': 'Undersea', 'item_type': 'animal', 'congruency': 'si', 'integrated_stimulus': 'stimuli/integrated/jungle_a_undersea_animal_19.jpg', 'thisN': 5, 'thisTrialN': 5, 'thisRepN': 0}>
26.5685 	EXP 	text_8: autoDraw = False
26.5685 	EXP 	text_8: autoDraw = False
26.5685 	EXP 	image_integrated: image = 'stimuli/integrated/jungle_a_undersea_animal_19.jpg'
26.5685 	EXP 	image_integrated: autoDraw = True
28.5469 	INFO 	Keyboard events cleared
28.5467 	EXP 	image_integrated: autoDraw = False
28.5467 	EXP 	text_congruency: autoDraw = True
28.8972 	EXP 	Device response: <KeyPress from None: t=28.89152499998454, value=q, duration=None>
28.9031 	DATA 	Keypress: q
28.9092 	EXP 	text_congruency: autoDraw = False
28.9092 	EXP 	text_8: autoDraw = True
28.9748 	EXP 	Device response: <KeyPress from None: t=28.89152499998454, value=q, duration=0.08037879096809775>
29.8969 	EXP 	New trial (rep=0, index=6): <Trial 6 (6 in rep 0) data={'scene_stimulus': 'stimuli/TESTscenes/UA_1.jpg', 'scene_cat': 'Undersea', 'scene_label': 'Negvi', 'item_stimulus': 'stimuli/items/undersea_animal_7.png', 'item_cat': 'Undersea', 'item_type': 'animal', 'congruency': 'sc', 'integrated_stimulus': 'stimuli/integrated/undersea_b_undersea_animal_7.jpg', 'thisN': 6, 'thisTrialN': 6, 'thisRepN': 0}>
29.9344 	EXP 	text_8: autoDraw = False
29.9344 	EXP 	text_8: autoDraw = False
29.9344 	EXP 	image_integrated: image = 'stimuli/integrated/undersea_b_undersea_animal_7.jpg'
29.9344 	EXP 	image_integrated: autoDraw = True
31.9134 	INFO 	Keyboard events cleared
31.9132 	EXP 	image_integrated: autoDraw = False
31.9132 	EXP 	text_congruency: autoDraw = True
32.7412 	EXP 	Device response: <KeyPress from None: t=32.73346775001846, value=q, duration=None>
32.7473 	DATA 	Keypress: q
32.7522 	EXP 	text_congruency: autoDraw = False
32.7522 	EXP 	text_8: autoDraw = True
32.8083 	EXP 	Device response: <KeyPress from None: t=32.73346775001846, value=q, duration=0.07223950000479817>
33.7410 	EXP 	New trial (rep=0, index=7): <Trial 7 (7 in rep 0) data={'scene_stimulus': 'stimuli/TESTscenes/UB_1.jpg', 'scene_cat': 'Undersea', 'scene_label': 'Malbow', 'item_stimulus': 'stimuli/items/jungle_animal_45.png', 'item_cat': 'Jungle', 'item_type': 'animal', 'congruency': 'si', 'integrated_stimulus': 'stimuli/integrated/undersea_b_jungle_animal_45.jpg', 'thisN': 7, 'thisTrialN': 7, 'thisRepN': 0}>
33.7432 	ERROR 	Couldn't find image stimuli/integrated/undersea_b_jungle_animal_45.jpg; check path? (tried: /Users/oliviayin/Desktop/sbl_realistic integration/encoding_task_behav/stimuli/integrated/undersea_b_jungle_animal_45.jpg)
33.7827 	INFO 	saved data to /Users/oliviayin/Desktop/sbl_realistic integration/encoding_task_behav/data/555_encodingtask_2026-03-30_19h23.05.015.psydat
33.7843 	INFO 	saved data to '/Users/oliviayin/Desktop/sbl_realistic integration/encoding_task_behav/data/555_encodingtask_2026-03-30_19h23.05.015.csv'
33.7905 	WARNING 	Stopping key buffers but this could be dangerous ifother keyboards rely on the same.
